<?xml version="1.0" encoding="UTF-8"?>
<!-- Generated by org.testng.reporters.JUnitXMLReporter -->
<testsuite ignored="4" hostname="sukeerthsahana" failures="0" tests="2" name="Regression Tests" time="15.541" errors="0" timestamp="2025-02-17T21:38:58 CST">
  <testcase classname="dsAlgoTests.DataStructureTest" name="navigateToDataStructureIntroductionPagePracticeQuestions" time="1.125"/>
  <testcase classname="dsAlgoTests.DataStructureTest" name="navigatetoTimeComplexitytryeditor" time="2.174"/>
  <testcase classname="dsAlgoTests.DataStructureTest" name="seeListOfPracticeQuestionsonDataStructureIntroductionPage" time="0.0">
    <ignored/>
  </testcase> <!-- seeListOfPracticeQuestionsonDataStructureIntroductionPage -->
  <testcase classname="dsAlgoTests.DataStructureTest" name="checkErrorMessageWhenExecutingWithoutCodeInDataStructureIntroductionPage" time="0.0">
    <ignored/>
  </testcase> <!-- checkErrorMessageWhenExecutingWithoutCodeInDataStructureIntroductionPage -->
  <testcase classname="dsAlgoTests.DataStructureTest" name="verifyCodeExecutionforDataStructureIntroductionPage" time="0.0">
    <ignored/>
  </testcase> <!-- verifyCodeExecutionforDataStructureIntroductionPage -->
  <testcase classname="dsAlgoTests.DataStructureTest" name="navigatetoTimeComplexityModule" time="0.0">
    <ignored/>
  </testcase> <!-- navigatetoTimeComplexityModule -->
</testsuite> <!-- Regression Tests -->
