# JRE version: OpenJDK Runtime Environment Temurin-23.0.1+11 (23.0.1+11) (build 23.0.1+11)
# Java VM: OpenJDK 64-Bit Server VM Temurin-23.0.1+11 (23.0.1+11, mixed mode, sharing, tiered, compressed oops, compressed class ptrs, g1 gc, windows-amd64)
GC Precious Log:
 CardTable entry size: 512
 Card Set container configuration: InlinePtr #cards 5 size 8 Array Of Cards #cards 10 size 36 Howl #buckets 4 coarsen threshold 1843 Howl Bitmap #cards 512 size 80 coarsen threshold 460 Card regions per heap region 1 cards per card region 2048
 CPUs: 8 total, 8 available
 Memory: 7926M
 Large Page Support: Disabled
 NUMA Support: Disabled
 Compressed Oops: Enabled (32-bit)
 Heap Region Size: 1M
 Heap Min Capacity: 8M
 Heap Initial Capacity: 124M
 Heap Max Capacity: 1982M
 Pre-touch: Disabled
 Parallel Workers: 8
 Concurrent Workers: 2
 Concurrent Refinement Workers: 8
 Periodic GC: Disabled
Heap:
 garbage-first heap   total reserved 2029568K, committed 55296K, used 37975K [0x0000000084200000, 0x0000000100000000)
  region size 1024K, 20 young (20480K), 2 survivors (2048K)
 Metaspace       used 31729K, committed 32384K, reserved 1114112K
  class space    used 4141K, committed 4416K, reserved 1048576K
GC Heap History (20 events):
Event: 2.716 GC heap before
{Heap before GC invocations=2 (full 0):
 garbage-first heap   total reserved 2029568K, committed 126976K, used 66192K [0x0000000084200000, 0x0000000100000000)
  region size 1024K, 57 young (58368K), 2 survivors (2048K)
 Metaspace       used 18764K, committed 19008K, reserved 1114112K
  class space    used 2305K, committed 2432K, reserved 1048576K
}
Event: 2.724 GC heap after
{Heap after GC invocations=3 (full 0):
 garbage-first heap   total reserved 2029568K, committed 126976K, used 13940K [0x0000000084200000, 0x0000000100000000)
  region size 1024K, 5 young (5120K), 5 survivors (5120K)
 Metaspace       used 18764K, committed 19008K, reserved 1114112K
  class space    used 2305K, committed 2432K, reserved 1048576K
}
Event: 3.102 GC heap before
{Heap before GC invocations=3 (full 0):
 garbage-first heap   total reserved 2029568K, committed 126976K, used 44660K [0x0000000084200000, 0x0000000100000000)
  region size 1024K, 36 young (36864K), 5 survivors (5120K)
 Metaspace       used 21195K, committed 21504K, reserved 1114112K
  class space    used 2616K, committed 2752K, reserved 1048576K
}
Event: 3.108 GC heap after
{Heap after GC invocations=4 (full 0):
 garbage-first heap   total reserved 2029568K, committed 126976K, used 15688K [0x0000000084200000, 0x0000000100000000)
  region size 1024K, 5 young (5120K), 5 survivors (5120K)
 Metaspace       used 21195K, committed 21504K, reserved 1114112K
  class space    used 2616K, committed 2752K, reserved 1048576K
}
Event: 4.380 GC heap before
{Heap before GC invocations=5 (full 0):
 garbage-first heap   total reserved 2029568K, committed 55296K, used 42312K [0x0000000084200000, 0x0000000100000000)
  region size 1024K, 32 young (32768K), 5 survivors (5120K)
 Metaspace       used 27211K, committed 27648K, reserved 1114112K
  class space    used 3458K, committed 3648K, reserved 1048576K
}
Event: 4.386 GC heap after
{Heap after GC invocations=6 (full 0):
 garbage-first heap   total reserved 2029568K, committed 55296K, used 17412K [0x0000000084200000, 0x0000000100000000)
  region size 1024K, 4 young (4096K), 4 survivors (4096K)
 Metaspace       used 27211K, committed 27648K, reserved 1114112K
  class space    used 3458K, committed 3648K, reserved 1048576K
}
Event: 22.271 GC heap before
{Heap before GC invocations=6 (full 0):
 garbage-first heap   total reserved 2029568K, committed 55296K, used 40964K [0x0000000084200000, 0x0000000100000000)
  region size 1024K, 27 young (27648K), 4 survivors (4096K)
 Metaspace       used 30767K, committed 31360K, reserved 1114112K
  class space    used 4091K, committed 4352K, reserved 1048576K
}
Event: 22.279 GC heap after
{Heap after GC invocations=7 (full 0):
 garbage-first heap   total reserved 2029568K, committed 55296K, used 19527K [0x0000000084200000, 0x0000000100000000)
  region size 1024K, 3 young (3072K), 3 survivors (3072K)
 Metaspace       used 30767K, committed 31360K, reserved 1114112K
  class space    used 4091K, committed 4352K, reserved 1048576K
}
Event: 29.496 GC heap before
{Heap before GC invocations=7 (full 0):
 garbage-first heap   total reserved 2029568K, committed 55296K, used 41031K [0x0000000084200000, 0x0000000100000000)
  region size 1024K, 25 young (25600K), 3 survivors (3072K)
 Metaspace       used 31305K, committed 31872K, reserved 1114112K
  class space    used 4111K, committed 4352K, reserved 1048576K
}
Event: 29.500 GC heap after
{Heap after GC invocations=8 (full 0):
 garbage-first heap   total reserved 2029568K, committed 55296K, used 20969K [0x0000000084200000, 0x0000000100000000)
  region size 1024K, 4 young (4096K), 4 survivors (4096K)
 Metaspace       used 31305K, committed 31872K, reserved 1114112K
  class space    used 4111K, committed 4352K, reserved 1048576K
}
Event: 29.969 GC heap before
{Heap before GC invocations=8 (full 0):
 garbage-first heap   total reserved 2029568K, committed 55296K, used 43497K [0x0000000084200000, 0x0000000100000000)
  region size 1024K, 27 young (27648K), 4 survivors (4096K)
 Metaspace       used 31478K, committed 32064K, reserved 1114112K
  class space    used 4112K, committed 4352K, reserved 1048576K
}
Event: 29.972 GC heap after
{Heap after GC invocations=9 (full 0):
 garbage-first heap   total reserved 2029568K, committed 55296K, used 20286K [0x0000000084200000, 0x0000000100000000)
  region size 1024K, 2 young (2048K), 2 survivors (2048K)
 Metaspace       used 31478K, committed 32064K, reserved 1114112K
  class space    used 4112K, committed 4352K, reserved 1048576K
}
Event: 30.231 GC heap before
{Heap before GC invocations=9 (full 0):
 garbage-first heap   total reserved 2029568K, committed 55296K, used 44862K [0x0000000084200000, 0x0000000100000000)
  region size 1024K, 26 young (26624K), 2 survivors (2048K)
 Metaspace       used 31536K, committed 32128K, reserved 1114112K
  class space    used 4112K, committed 4352K, reserved 1048576K
}
Event: 30.233 GC heap after
{Heap after GC invocations=10 (full 0):
 garbage-first heap   total reserved 2029568K, committed 55296K, used 20135K [0x0000000084200000, 0x0000000100000000)
  region size 1024K, 2 young (2048K), 2 survivors (2048K)
 Metaspace       used 31536K, committed 32128K, reserved 1114112K
  class space    used 4112K, committed 4352K, reserved 1048576K
}
Event: 30.571 GC heap before
{Heap before GC invocations=10 (full 0):
 garbage-first heap   total reserved 2029568K, committed 55296K, used 45735K [0x0000000084200000, 0x0000000100000000)
  region size 1024K, 27 young (27648K), 2 survivors (2048K)
 Metaspace       used 31573K, committed 32128K, reserved 1114112K
  class space    used 4112K, committed 4352K, reserved 1048576K
}
Event: 30.573 GC heap after
{Heap after GC invocations=11 (full 0):
 garbage-first heap   total reserved 2029568K, committed 55296K, used 20250K [0x0000000084200000, 0x0000000100000000)
  region size 1024K, 2 young (2048K), 2 survivors (2048K)
 Metaspace       used 31573K, committed 32128K, reserved 1114112K
  class space    used 4112K, committed 4352K, reserved 1048576K
}
Event: 32.033 GC heap before
{Heap before GC invocations=11 (full 0):
 garbage-first heap   total reserved 2029568K, committed 55296K, used 46874K [0x0000000084200000, 0x0000000100000000)
  region size 1024K, 28 young (28672K), 2 survivors (2048K)
 Metaspace       used 31713K, committed 32320K, reserved 1114112K
  class space    used 4141K, committed 4416K, reserved 1048576K
}
Event: 32.035 GC heap after
{Heap after GC invocations=12 (full 0):
 garbage-first heap   total reserved 2029568K, committed 55296K, used 20456K [0x0000000084200000, 0x0000000100000000)
  region size 1024K, 2 young (2048K), 2 survivors (2048K)
 Metaspace       used 31713K, committed 32320K, reserved 1114112K
  class space    used 4141K, committed 4416K, reserved 1048576K
}
Event: 32.613 GC heap before
{Heap before GC invocations=12 (full 0):
 garbage-first heap   total reserved 2029568K, committed 55296K, used 47080K [0x0000000084200000, 0x0000000100000000)
  region size 1024K, 28 young (28672K), 2 survivors (2048K)
 Metaspace       used 31724K, committed 32384K, reserved 1114112K
  class space    used 4141K, committed 4416K, reserved 1048576K
}
Event: 32.616 GC heap after
{Heap after GC invocations=13 (full 0):
 garbage-first heap   total reserved 2029568K, committed 55296K, used 20567K [0x0000000084200000, 0x0000000100000000)
  region size 1024K, 2 young (2048K), 2 survivors (2048K)
 Metaspace       used 31724K, committed 32384K, reserved 1114112K
  class space    used 4141K, committed 4416K, reserved 1048576K
}

