<?xml version="1.0" encoding="UTF-8"?>
<!-- Generated by org.testng.reporters.JUnitXMLReporter -->
<testsuite ignored="0" hostname="Vaibhav" failures="0" tests="7" name="Default test" time="49.268" errors="0" timestamp="2025-02-05T03:46:09 IST">
  <testcase classname="dsAlgoTests.RegisterTest" name="enterCredentials" time="1.935"/>
  <testcase classname="dsAlgoTests.RegisterTest" name="enterCredentials" time="1.449"/>
  <testcase classname="dsAlgoTests.RegisterTest" name="enterCredentials" time="1.247"/>
  <testcase classname="dsAlgoTests.RegisterTest" name="enterCredentials" time="1.381"/>
  <testcase classname="dsAlgoTests.RegisterTest" name="enterCredentials" time="1.603"/>
  <testcase classname="dsAlgoTests.RegisterTest" name="enterCredentials" time="1.552"/>
  <testcase classname="dsAlgoTests.RegisterTest" name="enterCredentials" time="1.486"/>
</testsuite> <!-- Default test -->
