<?xml version="1.0" encoding="UTF-8"?>
<!-- Generated by org.testng.reporters.JUnitXMLReporter -->
<testsuite ignored="11" hostname="sukeerthsahana" failures="1" tests="999" name="Default test" time="30.624" errors="0" timestamp="2025-02-05T14:32:00 CST">
  <testcase classname="dsAlgoHooks.Hooks" name="@AfterMethod tearDownTest" time="0.01">
    <failure type="org.openqa.selenium.NoSuchWindowException" message="no such window: target window already closed
from unknown error: web view not found
  (Session info: chrome=133.0.6943.53)
Build info: version: &amp;apos;4.17.0&amp;apos;, revision: &amp;apos;e52b1be057*&amp;apos;
System info: os.name: &amp;apos;Windows 11&amp;apos;, os.arch: &amp;apos;amd64&amp;apos;, os.version: &amp;apos;10.0&amp;apos;, java.version: &amp;apos;21.0.3&amp;apos;
Driver info: org.openqa.selenium.chrome.ChromeDriver
Command: [5328afe13828ac13ba6f2427913899c3, screenshot {}]
Capabilities {acceptInsecureCerts: false, browserName: chrome, browserVersion: 133.0.6943.53, chrome: {chromedriverVersion: 133.0.6943.53 (9a80935019b0..., userDataDir: C:\Users\sahan\AppData\Loca...}, fedcm:accounts: true, goog:chromeOptions: {debuggerAddress: localhost:64820}, networkConnectionEnabled: false, pageLoadStrategy: normal, platformName: windows, proxy: Proxy(), se:cdp: ws://localhost:64820/devtoo..., se:cdpVersion: 133.0.6943.53, setWindowRect: true, strictFileInteractability: false, timeouts: {implicit: 0, pageLoad: 300000, script: 30000}, unhandledPromptBehavior: dismiss and notify, webauthn:extension:credBlob: true, webauthn:extension:largeBlob: true, webauthn:extension:minPinLength: true, webauthn:extension:prf: true, webauthn:virtualAuthenticators: true}
Session ID: 5328afe13828ac13ba6f2427913899c3">
      <![CDATA[org.openqa.selenium.NoSuchWindowException: no such window: target window already closed
from unknown error: web view not found
  (Session info: chrome=133.0.6943.53)
Build info: version: '4.17.0', revision: 'e52b1be057*'
System info: os.name: 'Windows 11', os.arch: 'amd64', os.version: '10.0', java.version: '21.0.3'
Driver info: org.openqa.selenium.chrome.ChromeDriver
Command: [5328afe13828ac13ba6f2427913899c3, screenshot {}]
Capabilities {acceptInsecureCerts: false, browserName: chrome, browserVersion: 133.0.6943.53, chrome: {chromedriverVersion: 133.0.6943.53 (9a80935019b0..., userDataDir: C:\Users\sahan\AppData\Loca...}, fedcm:accounts: true, goog:chromeOptions: {debuggerAddress: localhost:64820}, networkConnectionEnabled: false, pageLoadStrategy: normal, platformName: windows, proxy: Proxy(), se:cdp: ws://localhost:64820/devtoo..., se:cdpVersion: 133.0.6943.53, setWindowRect: true, strictFileInteractability: false, timeouts: {implicit: 0, pageLoad: 300000, script: 30000}, unhandledPromptBehavior: dismiss and notify, webauthn:extension:credBlob: true, webauthn:extension:largeBlob: true, webauthn:extension:minPinLength: true, webauthn:extension:prf: true, webauthn:virtualAuthenticators: true}
Session ID: 5328afe13828ac13ba6f2427913899c3
at java.base/jdk.internal.reflect.DirectConstructorHandleAccessor.newInstance(DirectConstructorHandleAccessor.java:62)
at java.base/java.lang.reflect.Constructor.newInstanceWithCaller(Constructor.java:502)
at java.base/java.lang.reflect.Constructor.newInstance(Constructor.java:486)
at org.openqa.selenium.remote.codec.w3c.W3CHttpResponseCodec.createException(W3CHttpResponseCodec.java:185)
at org.openqa.selenium.remote.codec.w3c.W3CHttpResponseCodec.decode(W3CHttpResponseCodec.java:134)
at org.openqa.selenium.remote.codec.w3c.W3CHttpResponseCodec.decode(W3CHttpResponseCodec.java:51)
at org.openqa.selenium.remote.HttpCommandExecutor.execute(HttpCommandExecutor.java:190)
at org.openqa.selenium.remote.service.DriverCommandExecutor.invokeExecute(DriverCommandExecutor.java:216)
at org.openqa.selenium.remote.service.DriverCommandExecutor.execute(DriverCommandExecutor.java:174)
at org.openqa.selenium.remote.RemoteWebDriver.execute(RemoteWebDriver.java:519)
at org.openqa.selenium.remote.RemoteWebDriver.execute(RemoteWebDriver.java:592)
at org.openqa.selenium.remote.RemoteWebDriver.execute(RemoteWebDriver.java:596)
at org.openqa.selenium.remote.RemoteWebDriver.getScreenshotAs(RemoteWebDriver.java:322)
at dsAlgoHooks.Hooks.tearDownTest(Hooks.java:46)
at java.base/jdk.internal.reflect.DirectMethodHandleAccessor.invoke(DirectMethodHandleAccessor.java:103)
at java.base/java.lang.reflect.Method.invoke(Method.java:580)
at org.testng.internal.MethodInvocationHelper.invokeMethod(MethodInvocationHelper.java:133)
at org.testng.internal.MethodInvocationHelper.invokeMethodConsideringTimeout(MethodInvocationHelper.java:62)
at org.testng.internal.ConfigInvoker.invokeConfigurationMethod(ConfigInvoker.java:385)
at org.testng.internal.ConfigInvoker.invokeConfigurations(ConfigInvoker.java:321)
at org.testng.internal.TestInvoker.runConfigMethods(TestInvoker.java:700)
at org.testng.internal.TestInvoker.runAfterGroupsConfigurations(TestInvoker.java:676)
at org.testng.internal.TestInvoker.invokeMethod(TestInvoker.java:660)
at org.testng.internal.TestInvoker.invokeTestMethod(TestInvoker.java:173)
at org.testng.internal.MethodRunner.runInSequence(MethodRunner.java:46)
at org.testng.internal.TestInvoker$MethodInvocationAgent.invoke(TestInvoker.java:824)
at org.testng.internal.TestInvoker.invokeTestMethods(TestInvoker.java:146)
at org.testng.internal.TestMethodWorker.invokeTestMethods(TestMethodWorker.java:146)
at org.testng.internal.TestMethodWorker.run(TestMethodWorker.java:128)
at java.base/java.util.ArrayList.forEach(ArrayList.java:1596)
at org.testng.TestRunner.privateRun(TestRunner.java:794)
at org.testng.TestRunner.run(TestRunner.java:596)
at org.testng.SuiteRunner.runTest(SuiteRunner.java:377)
at org.testng.SuiteRunner.runSequentially(SuiteRunner.java:371)
at org.testng.SuiteRunner.privateRun(SuiteRunner.java:332)
at org.testng.SuiteRunner.run(SuiteRunner.java:276)
at org.testng.SuiteRunnerWorker.runSuite(SuiteRunnerWorker.java:53)
at org.testng.SuiteRunnerWorker.run(SuiteRunnerWorker.java:96)
at org.testng.TestNG.runSuitesSequentially(TestNG.java:1212)
at org.testng.TestNG.runSuitesLocally(TestNG.java:1134)
at org.testng.TestNG.runSuites(TestNG.java:1063)
at org.testng.TestNG.run(TestNG.java:1031)
at org.testng.remote.AbstractRemoteTestNG.run(AbstractRemoteTestNG.java:115)
at org.testng.remote.RemoteTestNG.initAndRun(RemoteTestNG.java:293)
at org.testng.remote.RemoteTestNG.main(RemoteTestNG.java:91)
]]>
    </failure>
  </testcase> <!-- @AfterMethod tearDownTest -->
  <testcase classname="dsAlgoHooks.Hooks" name="@BeforeMethod setup" time="-1.738787518041E9">
    <skipped/>
  </testcase> <!-- @BeforeMethod setup -->
  <testcase classname="dsAlgoTests.GraphTest" name="@BeforeMethod navigateGraphPage" time="-1.738787518043E9">
    <skipped/>
  </testcase> <!-- @BeforeMethod navigateGraphPage -->
  <testcase classname="dsAlgoHooks.Hooks" name="@AfterMethod tearDownTest" time="-1.738787518053E9">
    <skipped/>
  </testcase> <!-- @AfterMethod tearDownTest -->
  <testcase classname="dsAlgoHooks.Hooks" name="@BeforeMethod setup" time="-1.738787518056E9">
    <skipped/>
  </testcase> <!-- @BeforeMethod setup -->
  <testcase classname="dsAlgoTests.GraphTest" name="@BeforeMethod navigateGraphPage" time="-1.738787518056E9">
    <skipped/>
  </testcase> <!-- @BeforeMethod navigateGraphPage -->
  <testcase classname="dsAlgoHooks.Hooks" name="@AfterMethod tearDownTest" time="-1.738787518066E9">
    <skipped/>
  </testcase> <!-- @AfterMethod tearDownTest -->
  <testcase classname="dsAlgoHooks.Hooks" name="@BeforeMethod setup" time="-1.738787518068E9">
    <skipped/>
  </testcase> <!-- @BeforeMethod setup -->
  <testcase classname="dsAlgoTests.GraphTest" name="@BeforeMethod navigateGraphPage" time="-1.73878751807E9">
    <skipped/>
  </testcase> <!-- @BeforeMethod navigateGraphPage -->
  <testcase classname="dsAlgoHooks.Hooks" name="@AfterMethod tearDownTest" time="-1.738787518084E9">
    <skipped/>
  </testcase> <!-- @AfterMethod tearDownTest -->
  <testcase classname="dsAlgoHooks.Hooks" name="@BeforeMethod setup" time="-1.738787518087E9">
    <skipped/>
  </testcase> <!-- @BeforeMethod setup -->
  <testcase classname="dsAlgoTests.GraphTest" name="@BeforeMethod navigateGraphPage" time="-1.738787518088E9">
    <skipped/>
  </testcase> <!-- @BeforeMethod navigateGraphPage -->
  <testcase classname="dsAlgoHooks.Hooks" name="@AfterMethod tearDownTest" time="-1.738787518097E9">
    <skipped/>
  </testcase> <!-- @AfterMethod tearDownTest -->
  <testcase classname="dsAlgoHooks.Hooks" name="@BeforeMethod setup" time="-1.738787518098E9">
    <skipped/>
  </testcase> <!-- @BeforeMethod setup -->
  <testcase classname="dsAlgoTests.GraphTest" name="@BeforeMethod navigateGraphPage" time="-1.738787518099E9">
    <skipped/>
  </testcase> <!-- @BeforeMethod navigateGraphPage -->
  <testcase classname="dsAlgoHooks.Hooks" name="@AfterMethod tearDownTest" time="-1.738787518104E9">
    <skipped/>
  </testcase> <!-- @AfterMethod tearDownTest -->
  <testcase classname="dsAlgoHooks.Hooks" name="@BeforeMethod setup" time="-1.738787518105E9">
    <skipped/>
  </testcase> <!-- @BeforeMethod setup -->
  <testcase classname="dsAlgoTests.GraphTest" name="@BeforeMethod navigateGraphPage" time="-1.738787518106E9">
    <skipped/>
  </testcase> <!-- @BeforeMethod navigateGraphPage -->
  <testcase classname="dsAlgoHooks.Hooks" name="@AfterMethod tearDownTest" time="-1.738787518109E9">
    <skipped/>
  </testcase> <!-- @AfterMethod tearDownTest -->
  <testcase classname="dsAlgoHooks.Hooks" name="@BeforeMethod setup" time="-1.73878751811E9">
    <skipped/>
  </testcase> <!-- @BeforeMethod setup -->
  <testcase classname="dsAlgoTests.GraphTest" name="@BeforeMethod navigateGraphPage" time="-1.738787518111E9">
    <skipped/>
  </testcase> <!-- @BeforeMethod navigateGraphPage -->
  <testcase classname="dsAlgoHooks.Hooks" name="@AfterMethod tearDownTest" time="-1.738787518114E9">
    <skipped/>
  </testcase> <!-- @AfterMethod tearDownTest -->
  <testcase classname="dsAlgoHooks.Hooks" name="@BeforeMethod setup" time="-1.738787518115E9">
    <skipped/>
  </testcase> <!-- @BeforeMethod setup -->
  <testcase classname="dsAlgoTests.GraphTest" name="@BeforeMethod navigateGraphPage" time="-1.738787518116E9">
    <skipped/>
  </testcase> <!-- @BeforeMethod navigateGraphPage -->
  <testcase classname="dsAlgoHooks.Hooks" name="@AfterMethod tearDownTest" time="-1.73878751812E9">
    <skipped/>
  </testcase> <!-- @AfterMethod tearDownTest -->
  <testcase classname="dsAlgoHooks.Hooks" name="@BeforeMethod setup" time="-1.738787518121E9">
    <skipped/>
  </testcase> <!-- @BeforeMethod setup -->
  <testcase classname="dsAlgoTests.GraphTest" name="@BeforeMethod navigateGraphPage" time="-1.738787518122E9">
    <skipped/>
  </testcase> <!-- @BeforeMethod navigateGraphPage -->
  <testcase classname="dsAlgoHooks.Hooks" name="@AfterMethod tearDownTest" time="-1.738787518125E9">
    <skipped/>
  </testcase> <!-- @AfterMethod tearDownTest -->
  <testcase classname="dsAlgoHooks.Hooks" name="@BeforeMethod setup" time="-1.738787518125E9">
    <skipped/>
  </testcase> <!-- @BeforeMethod setup -->
  <testcase classname="dsAlgoTests.GraphTest" name="@BeforeMethod navigateGraphPage" time="-1.738787518126E9">
    <skipped/>
  </testcase> <!-- @BeforeMethod navigateGraphPage -->
  <testcase classname="dsAlgoHooks.Hooks" name="@AfterMethod tearDownTest" time="-1.738787518128E9">
    <skipped/>
  </testcase> <!-- @AfterMethod tearDownTest -->
  <testcase classname="dsAlgoHooks.Hooks" name="@BeforeMethod setup" time="-1.738787518128E9">
    <skipped/>
  </testcase> <!-- @BeforeMethod setup -->
  <testcase classname="dsAlgoTests.GraphTest" name="@BeforeMethod navigateGraphPage" time="-1.738787518129E9">
    <skipped/>
  </testcase> <!-- @BeforeMethod navigateGraphPage -->
  <testcase classname="dsAlgoHooks.Hooks" name="@AfterMethod tearDownTest" time="-1.738787518133E9">
    <skipped/>
  </testcase> <!-- @AfterMethod tearDownTest -->
  <testcase classname="dsAlgoHooks.Hooks" name="@BeforeMethod setup" time="-1.738787518134E9">
    <skipped/>
  </testcase> <!-- @BeforeMethod setup -->
  <testcase classname="dsAlgoTests.GraphTest" name="@BeforeMethod navigateGraphPage" time="-1.738787518134E9">
    <skipped/>
  </testcase> <!-- @BeforeMethod navigateGraphPage -->
  <testcase classname="dsAlgoHooks.Hooks" name="@AfterMethod tearDownTest" time="-1.738787518138E9">
    <skipped/>
  </testcase> <!-- @AfterMethod tearDownTest -->
  <testcase classname="dsAlgoHooks.Hooks" name="@BeforeMethod setup" time="-1.73878751814E9">
    <skipped/>
  </testcase> <!-- @BeforeMethod setup -->
  <testcase classname="dsAlgoTests.GraphTest" name="@BeforeMethod navigateGraphPage" time="-1.738787518141E9">
    <skipped/>
  </testcase> <!-- @BeforeMethod navigateGraphPage -->
  <testcase classname="dsAlgoHooks.Hooks" name="@AfterMethod tearDownTest" time="-1.738787518144E9">
    <skipped/>
  </testcase> <!-- @AfterMethod tearDownTest -->
  <testcase classname="dsAlgoHooks.Hooks" name="@BeforeMethod setup" time="-1.738787518146E9">
    <skipped/>
  </testcase> <!-- @BeforeMethod setup -->
  <testcase classname="dsAlgoTests.GraphTest" name="@BeforeMethod navigateGraphPage" time="-1.738787518146E9">
    <skipped/>
  </testcase> <!-- @BeforeMethod navigateGraphPage -->
  <testcase classname="dsAlgoHooks.Hooks" name="@AfterMethod tearDownTest" time="-1.738787518149E9">
    <skipped/>
  </testcase> <!-- @AfterMethod tearDownTest -->
  <testcase classname="dsAlgoHooks.Hooks" name="@BeforeMethod setup" time="-1.73878751815E9">
    <skipped/>
  </testcase> <!-- @BeforeMethod setup -->
  <testcase classname="dsAlgoTests.GraphTest" name="@BeforeMethod navigateGraphPage" time="-1.73878751815E9">
    <skipped/>
  </testcase> <!-- @BeforeMethod navigateGraphPage -->
  <testcase classname="dsAlgoHooks.Hooks" name="@AfterMethod tearDownTest" time="-1.738787518154E9">
    <skipped/>
  </testcase> <!-- @AfterMethod tearDownTest -->
  <testcase classname="dsAlgoHooks.Hooks" name="@BeforeMethod setup" time="-1.738787518155E9">
    <skipped/>
  </testcase> <!-- @BeforeMethod setup -->
  <testcase classname="dsAlgoTests.GraphTest" name="@BeforeMethod navigateGraphPage" time="-1.738787518155E9">
    <skipped/>
  </testcase> <!-- @BeforeMethod navigateGraphPage -->
  <testcase classname="dsAlgoHooks.Hooks" name="@AfterMethod tearDownTest" time="-1.738787518157E9">
    <skipped/>
  </testcase> <!-- @AfterMethod tearDownTest -->
  <testcase classname="dsAlgoHooks.Hooks" name="@BeforeMethod setup" time="-1.738787518158E9">
    <skipped/>
  </testcase> <!-- @BeforeMethod setup -->
  <testcase classname="dsAlgoTests.GraphTest" name="@BeforeMethod navigateGraphPage" time="-1.738787518159E9">
    <skipped/>
  </testcase> <!-- @BeforeMethod navigateGraphPage -->
  <testcase classname="dsAlgoHooks.Hooks" name="@AfterMethod tearDownTest" time="-1.738787518163E9">
    <skipped/>
  </testcase> <!-- @AfterMethod tearDownTest -->
  <testcase classname="dsAlgoHooks.Hooks" name="@BeforeMethod setup" time="-1.738787518164E9">
    <skipped/>
  </testcase> <!-- @BeforeMethod setup -->
  <testcase classname="dsAlgoTests.GraphTest" name="@BeforeMethod navigateGraphPage" time="-1.738787518164E9">
    <skipped/>
  </testcase> <!-- @BeforeMethod navigateGraphPage -->
  <testcase classname="dsAlgoHooks.Hooks" name="@AfterMethod tearDownTest" time="-1.738787518167E9">
    <skipped/>
  </testcase> <!-- @AfterMethod tearDownTest -->
  <testcase classname="dsAlgoHooks.Hooks" name="@BeforeMethod setup" time="-1.738787518168E9">
    <skipped/>
  </testcase> <!-- @BeforeMethod setup -->
  <testcase classname="dsAlgoTests.GraphTest" name="@BeforeMethod navigateGraphPage" time="-1.738787518168E9">
    <skipped/>
  </testcase> <!-- @BeforeMethod navigateGraphPage -->
  <testcase classname="dsAlgoHooks.Hooks" name="@AfterMethod tearDownTest" time="-1.738787518171E9">
    <skipped/>
  </testcase> <!-- @AfterMethod tearDownTest -->
  <testcase classname="dsAlgoHooks.Hooks" name="@BeforeMethod setup" time="-1.738787518172E9">
    <skipped/>
  </testcase> <!-- @BeforeMethod setup -->
  <testcase classname="dsAlgoTests.GraphTest" name="@BeforeMethod navigateGraphPage" time="-1.738787518172E9">
    <skipped/>
  </testcase> <!-- @BeforeMethod navigateGraphPage -->
  <testcase classname="dsAlgoHooks.Hooks" name="@AfterMethod tearDownTest" time="-1.738787518175E9">
    <skipped/>
  </testcase> <!-- @AfterMethod tearDownTest -->
  <testcase classname="dsAlgoHooks.Hooks" name="@BeforeMethod setup" time="-1.738787518176E9">
    <skipped/>
  </testcase> <!-- @BeforeMethod setup -->
  <testcase classname="dsAlgoTests.GraphTest" name="@BeforeMethod navigateGraphPage" time="-1.738787518177E9">
    <skipped/>
  </testcase> <!-- @BeforeMethod navigateGraphPage -->
  <testcase classname="dsAlgoHooks.Hooks" name="@AfterMethod tearDownTest" time="-1.738787518179E9">
    <skipped/>
  </testcase> <!-- @AfterMethod tearDownTest -->
  <testcase classname="dsAlgoHooks.Hooks" name="@BeforeMethod setup" time="-1.73878751818E9">
    <skipped/>
  </testcase> <!-- @BeforeMethod setup -->
  <testcase classname="dsAlgoTests.GraphTest" name="@BeforeMethod navigateGraphPage" time="-1.73878751818E9">
    <skipped/>
  </testcase> <!-- @BeforeMethod navigateGraphPage -->
  <testcase classname="dsAlgoHooks.Hooks" name="@AfterMethod tearDownTest" time="-1.738787518183E9">
    <skipped/>
  </testcase> <!-- @AfterMethod tearDownTest -->
  <testcase classname="dsAlgoHooks.Hooks" name="@BeforeMethod setup" time="-1.738787518184E9">
    <skipped/>
  </testcase> <!-- @BeforeMethod setup -->
  <testcase classname="dsAlgoTests.GraphTest" name="@BeforeMethod navigateGraphPage" time="-1.738787518185E9">
    <skipped/>
  </testcase> <!-- @BeforeMethod navigateGraphPage -->
  <testcase classname="dsAlgoHooks.Hooks" name="@AfterMethod tearDownTest" time="-1.738787518189E9">
    <skipped/>
  </testcase> <!-- @AfterMethod tearDownTest -->
  <testcase classname="dsAlgoHooks.Hooks" name="@BeforeMethod setup" time="-1.738787518189E9">
    <skipped/>
  </testcase> <!-- @BeforeMethod setup -->
  <testcase classname="dsAlgoTests.GraphTest" name="@BeforeMethod navigateGraphPage" time="-1.73878751819E9">
    <skipped/>
  </testcase> <!-- @BeforeMethod navigateGraphPage -->
  <testcase classname="dsAlgoHooks.Hooks" name="@AfterMethod tearDownTest" time="-1.738787518197E9">
    <skipped/>
  </testcase> <!-- @AfterMethod tearDownTest -->
  <testcase classname="dsAlgoHooks.Hooks" name="@BeforeMethod setup" time="-1.738787518198E9">
    <skipped/>
  </testcase> <!-- @BeforeMethod setup -->
  <testcase classname="dsAlgoTests.GraphTest" name="@BeforeMethod navigateGraphPage" time="-1.738787518199E9">
    <skipped/>
  </testcase> <!-- @BeforeMethod navigateGraphPage -->
  <testcase classname="dsAlgoHooks.Hooks" name="@AfterMethod tearDownTest" time="-1.738787518202E9">
    <skipped/>
  </testcase> <!-- @AfterMethod tearDownTest -->
  <testcase classname="dsAlgoHooks.Hooks" name="@BeforeMethod setup" time="-1.738787518203E9">
    <skipped/>
  </testcase> <!-- @BeforeMethod setup -->
  <testcase classname="dsAlgoTests.GraphTest" name="@BeforeMethod navigateGraphPage" time="-1.738787518203E9">
    <skipped/>
  </testcase> <!-- @BeforeMethod navigateGraphPage -->
  <testcase classname="dsAlgoHooks.Hooks" name="@AfterMethod tearDownTest" time="-1.738787518211E9">
    <skipped/>
  </testcase> <!-- @AfterMethod tearDownTest -->
  <testcase classname="dsAlgoHooks.Hooks" name="@BeforeMethod setup" time="-1.738787518212E9">
    <skipped/>
  </testcase> <!-- @BeforeMethod setup -->
  <testcase classname="dsAlgoTests.GraphTest" name="@BeforeMethod navigateGraphPage" time="-1.738787518213E9">
    <skipped/>
  </testcase> <!-- @BeforeMethod navigateGraphPage -->
  <testcase classname="dsAlgoHooks.Hooks" name="@AfterMethod tearDownTest" time="-1.738787518215E9">
    <skipped/>
  </testcase> <!-- @AfterMethod tearDownTest -->
  <testcase classname="dsAlgoHooks.Hooks" name="@BeforeMethod setup" time="-1.738787518216E9">
    <skipped/>
  </testcase> <!-- @BeforeMethod setup -->
  <testcase classname="dsAlgoTests.GraphTest" name="@BeforeMethod navigateGraphPage" time="-1.738787518217E9">
    <skipped/>
  </testcase> <!-- @BeforeMethod navigateGraphPage -->
  <testcase classname="dsAlgoHooks.Hooks" name="@AfterMethod tearDownTest" time="-1.738787518219E9">
    <skipped/>
  </testcase> <!-- @AfterMethod tearDownTest -->
  <testcase classname="dsAlgoHooks.Hooks" name="@BeforeMethod setup" time="-1.73878751822E9">
    <skipped/>
  </testcase> <!-- @BeforeMethod setup -->
  <testcase classname="dsAlgoTests.GraphTest" name="@BeforeMethod navigateGraphPage" time="-1.738787518221E9">
    <skipped/>
  </testcase> <!-- @BeforeMethod navigateGraphPage -->
  <testcase classname="dsAlgoHooks.Hooks" name="@AfterMethod tearDownTest" time="-1.738787518225E9">
    <skipped/>
  </testcase> <!-- @AfterMethod tearDownTest -->
  <testcase classname="dsAlgoHooks.Hooks" name="@BeforeMethod setup" time="-1.738787518226E9">
    <skipped/>
  </testcase> <!-- @BeforeMethod setup -->
  <testcase classname="dsAlgoTests.GraphTest" name="@BeforeMethod navigateGraphPage" time="-1.738787518227E9">
    <skipped/>
  </testcase> <!-- @BeforeMethod navigateGraphPage -->
  <testcase classname="dsAlgoHooks.Hooks" name="@AfterMethod tearDownTest" time="-1.738787518229E9">
    <skipped/>
  </testcase> <!-- @AfterMethod tearDownTest -->
  <testcase classname="dsAlgoHooks.Hooks" name="@BeforeMethod setup" time="-1.738787518229E9">
    <skipped/>
  </testcase> <!-- @BeforeMethod setup -->
  <testcase classname="dsAlgoTests.GraphTest" name="@BeforeMethod navigateGraphPage" time="-1.73878751823E9">
    <skipped/>
  </testcase> <!-- @BeforeMethod navigateGraphPage -->
  <testcase classname="dsAlgoHooks.Hooks" name="@AfterMethod tearDownTest" time="-1.738787518233E9">
    <skipped/>
  </testcase> <!-- @AfterMethod tearDownTest -->
  <testcase classname="dsAlgoHooks.Hooks" name="@BeforeMethod setup" time="-1.738787518234E9">
    <skipped/>
  </testcase> <!-- @BeforeMethod setup -->
  <testcase classname="dsAlgoTests.GraphTest" name="@BeforeMethod navigateGraphPage" time="-1.738787518234E9">
    <skipped/>
  </testcase> <!-- @BeforeMethod navigateGraphPage -->
  <testcase classname="dsAlgoHooks.Hooks" name="@AfterMethod tearDownTest" time="-1.738787518237E9">
    <skipped/>
  </testcase> <!-- @AfterMethod tearDownTest -->
  <testcase classname="dsAlgoHooks.Hooks" name="@BeforeMethod setup" time="-1.738787518238E9">
    <skipped/>
  </testcase> <!-- @BeforeMethod setup -->
  <testcase classname="dsAlgoTests.GraphTest" name="@BeforeMethod navigateGraphPage" time="-1.738787518239E9">
    <skipped/>
  </testcase> <!-- @BeforeMethod navigateGraphPage -->
  <testcase classname="dsAlgoHooks.Hooks" name="@AfterMethod tearDownTest" time="-1.738787518242E9">
    <skipped/>
  </testcase> <!-- @AfterMethod tearDownTest -->
  <testcase classname="dsAlgoHooks.Hooks" name="@BeforeMethod setup" time="-1.738787518242E9">
    <skipped/>
  </testcase> <!-- @BeforeMethod setup -->
  <testcase classname="dsAlgoTests.GraphTest" name="@BeforeMethod navigateGraphPage" time="-1.738787518243E9">
    <skipped/>
  </testcase> <!-- @BeforeMethod navigateGraphPage -->
  <testcase classname="dsAlgoHooks.Hooks" name="@AfterMethod tearDownTest" time="-1.738787518246E9">
    <skipped/>
  </testcase> <!-- @AfterMethod tearDownTest -->
  <testcase classname="dsAlgoHooks.Hooks" name="@BeforeMethod setup" time="-1.738787518246E9">
    <skipped/>
  </testcase> <!-- @BeforeMethod setup -->
  <testcase classname="dsAlgoTests.GraphTest" name="@BeforeMethod navigateGraphPage" time="-1.738787518247E9">
    <skipped/>
  </testcase> <!-- @BeforeMethod navigateGraphPage -->
  <testcase classname="dsAlgoHooks.Hooks" name="@AfterMethod tearDownTest" time="-1.738787518249E9">
    <skipped/>
  </testcase> <!-- @AfterMethod tearDownTest -->
  <testcase classname="dsAlgoHooks.Hooks" name="@BeforeMethod setup" time="-1.738787518249E9">
    <skipped/>
  </testcase> <!-- @BeforeMethod setup -->
  <testcase classname="dsAlgoTests.GraphTest" name="@BeforeMethod navigateGraphPage" time="-1.73878751825E9">
    <skipped/>
  </testcase> <!-- @BeforeMethod navigateGraphPage -->
  <testcase classname="dsAlgoHooks.Hooks" name="@AfterMethod tearDownTest" time="-1.738787518252E9">
    <skipped/>
  </testcase> <!-- @AfterMethod tearDownTest -->
  <testcase classname="dsAlgoHooks.Hooks" name="@BeforeMethod setup" time="-1.738787518252E9">
    <skipped/>
  </testcase> <!-- @BeforeMethod setup -->
  <testcase classname="dsAlgoTests.GraphTest" name="@BeforeMethod navigateGraphPage" time="-1.738787518253E9">
    <skipped/>
  </testcase> <!-- @BeforeMethod navigateGraphPage -->
  <testcase classname="dsAlgoHooks.Hooks" name="@AfterMethod tearDownTest" time="-1.738787518255E9">
    <skipped/>
  </testcase> <!-- @AfterMethod tearDownTest -->
  <testcase classname="dsAlgoHooks.Hooks" name="@BeforeMethod setup" time="-1.738787518256E9">
    <skipped/>
  </testcase> <!-- @BeforeMethod setup -->
  <testcase classname="dsAlgoTests.GraphTest" name="@BeforeMethod navigateGraphPage" time="-1.738787518257E9">
    <skipped/>
  </testcase> <!-- @BeforeMethod navigateGraphPage -->
  <testcase classname="dsAlgoHooks.Hooks" name="@AfterMethod tearDownTest" time="-1.738787518259E9">
    <skipped/>
  </testcase> <!-- @AfterMethod tearDownTest -->
  <testcase classname="dsAlgoHooks.Hooks" name="@BeforeMethod setup" time="-1.73878751826E9">
    <skipped/>
  </testcase> <!-- @BeforeMethod setup -->
  <testcase classname="dsAlgoTests.GraphTest" name="@BeforeMethod navigateGraphPage" time="-1.73878751826E9">
    <skipped/>
  </testcase> <!-- @BeforeMethod navigateGraphPage -->
  <testcase classname="dsAlgoHooks.Hooks" name="@AfterMethod tearDownTest" time="-1.738787518264E9">
    <skipped/>
  </testcase> <!-- @AfterMethod tearDownTest -->
  <testcase classname="dsAlgoHooks.Hooks" name="@BeforeMethod setup" time="-1.738787518265E9">
    <skipped/>
  </testcase> <!-- @BeforeMethod setup -->
  <testcase classname="dsAlgoTests.GraphTest" name="@BeforeMethod navigateGraphPage" time="-1.738787518266E9">
    <skipped/>
  </testcase> <!-- @BeforeMethod navigateGraphPage -->
  <testcase classname="dsAlgoHooks.Hooks" name="@AfterMethod tearDownTest" time="-1.738787518268E9">
    <skipped/>
  </testcase> <!-- @AfterMethod tearDownTest -->
  <testcase classname="dsAlgoHooks.Hooks" name="@BeforeMethod setup" time="-1.738787518268E9">
    <skipped/>
  </testcase> <!-- @BeforeMethod setup -->
  <testcase classname="dsAlgoTests.GraphTest" name="@BeforeMethod navigateGraphPage" time="-1.738787518269E9">
    <skipped/>
  </testcase> <!-- @BeforeMethod navigateGraphPage -->
  <testcase classname="dsAlgoHooks.Hooks" name="@AfterMethod tearDownTest" time="-1.73878751827E9">
    <skipped/>
  </testcase> <!-- @AfterMethod tearDownTest -->
  <testcase classname="dsAlgoHooks.Hooks" name="@BeforeMethod setup" time="-1.738787518272E9">
    <skipped/>
  </testcase> <!-- @BeforeMethod setup -->
  <testcase classname="dsAlgoTests.GraphTest" name="@BeforeMethod navigateGraphPage" time="-1.738787518272E9">
    <skipped/>
  </testcase> <!-- @BeforeMethod navigateGraphPage -->
  <testcase classname="dsAlgoHooks.Hooks" name="@AfterMethod tearDownTest" time="-1.738787518275E9">
    <skipped/>
  </testcase> <!-- @AfterMethod tearDownTest -->
  <testcase classname="dsAlgoHooks.Hooks" name="@BeforeMethod setup" time="-1.738787518275E9">
    <skipped/>
  </testcase> <!-- @BeforeMethod setup -->
  <testcase classname="dsAlgoTests.GraphTest" name="@BeforeMethod navigateGraphPage" time="-1.738787518276E9">
    <skipped/>
  </testcase> <!-- @BeforeMethod navigateGraphPage -->
  <testcase classname="dsAlgoHooks.Hooks" name="@AfterMethod tearDownTest" time="-1.738787518278E9">
    <skipped/>
  </testcase> <!-- @AfterMethod tearDownTest -->
  <testcase classname="dsAlgoHooks.Hooks" name="@BeforeMethod setup" time="-1.738787518279E9">
    <skipped/>
  </testcase> <!-- @BeforeMethod setup -->
  <testcase classname="dsAlgoTests.GraphTest" name="@BeforeMethod navigateGraphPage" time="-1.73878751828E9">
    <skipped/>
  </testcase> <!-- @BeforeMethod navigateGraphPage -->
  <testcase classname="dsAlgoHooks.Hooks" name="@AfterMethod tearDownTest" time="-1.738787518282E9">
    <skipped/>
  </testcase> <!-- @AfterMethod tearDownTest -->
  <testcase classname="dsAlgoHooks.Hooks" name="@BeforeMethod setup" time="-1.738787518283E9">
    <skipped/>
  </testcase> <!-- @BeforeMethod setup -->
  <testcase classname="dsAlgoTests.GraphTest" name="@BeforeMethod navigateGraphPage" time="-1.738787518284E9">
    <skipped/>
  </testcase> <!-- @BeforeMethod navigateGraphPage -->
  <testcase classname="dsAlgoHooks.Hooks" name="@AfterMethod tearDownTest" time="-1.738787518286E9">
    <skipped/>
  </testcase> <!-- @AfterMethod tearDownTest -->
  <testcase classname="dsAlgoHooks.Hooks" name="@BeforeMethod setup" time="-1.738787518287E9">
    <skipped/>
  </testcase> <!-- @BeforeMethod setup -->
  <testcase classname="dsAlgoTests.GraphTest" name="@BeforeMethod navigateGraphPage" time="-1.738787518287E9">
    <skipped/>
  </testcase> <!-- @BeforeMethod navigateGraphPage -->
  <testcase classname="dsAlgoHooks.Hooks" name="@AfterMethod tearDownTest" time="-1.738787518289E9">
    <skipped/>
  </testcase> <!-- @AfterMethod tearDownTest -->
  <testcase classname="dsAlgoHooks.Hooks" name="@BeforeMethod setup" time="-1.73878751829E9">
    <skipped/>
  </testcase> <!-- @BeforeMethod setup -->
  <testcase classname="dsAlgoTests.GraphTest" name="@BeforeMethod navigateGraphPage" time="-1.73878751829E9">
    <skipped/>
  </testcase> <!-- @BeforeMethod navigateGraphPage -->
  <testcase classname="dsAlgoHooks.Hooks" name="@AfterMethod tearDownTest" time="-1.738787518293E9">
    <skipped/>
  </testcase> <!-- @AfterMethod tearDownTest -->
  <testcase classname="dsAlgoHooks.Hooks" name="@BeforeMethod setup" time="-1.738787518294E9">
    <skipped/>
  </testcase> <!-- @BeforeMethod setup -->
  <testcase classname="dsAlgoTests.GraphTest" name="@BeforeMethod navigateGraphPage" time="-1.738787518294E9">
    <skipped/>
  </testcase> <!-- @BeforeMethod navigateGraphPage -->
  <testcase classname="dsAlgoHooks.Hooks" name="@AfterMethod tearDownTest" time="-1.738787518296E9">
    <skipped/>
  </testcase> <!-- @AfterMethod tearDownTest -->
  <testcase classname="dsAlgoHooks.Hooks" name="@BeforeMethod setup" time="-1.738787518297E9">
    <skipped/>
  </testcase> <!-- @BeforeMethod setup -->
  <testcase classname="dsAlgoTests.GraphTest" name="@BeforeMethod navigateGraphPage" time="-1.738787518297E9">
    <skipped/>
  </testcase> <!-- @BeforeMethod navigateGraphPage -->
  <testcase classname="dsAlgoHooks.Hooks" name="@AfterMethod tearDownTest" time="-1.7387875183E9">
    <skipped/>
  </testcase> <!-- @AfterMethod tearDownTest -->
  <testcase classname="dsAlgoHooks.Hooks" name="@BeforeMethod setup" time="-1.7387875183E9">
    <skipped/>
  </testcase> <!-- @BeforeMethod setup -->
  <testcase classname="dsAlgoTests.GraphTest" name="@BeforeMethod navigateGraphPage" time="-1.7387875183E9">
    <skipped/>
  </testcase> <!-- @BeforeMethod navigateGraphPage -->
  <testcase classname="dsAlgoHooks.Hooks" name="@AfterMethod tearDownTest" time="-1.738787518303E9">
    <skipped/>
  </testcase> <!-- @AfterMethod tearDownTest -->
  <testcase classname="dsAlgoHooks.Hooks" name="@BeforeMethod setup" time="-1.738787518304E9">
    <skipped/>
  </testcase> <!-- @BeforeMethod setup -->
  <testcase classname="dsAlgoTests.GraphTest" name="@BeforeMethod navigateGraphPage" time="-1.738787518304E9">
    <skipped/>
  </testcase> <!-- @BeforeMethod navigateGraphPage -->
  <testcase classname="dsAlgoHooks.Hooks" name="@AfterMethod tearDownTest" time="-1.738787518306E9">
    <skipped/>
  </testcase> <!-- @AfterMethod tearDownTest -->
  <testcase classname="dsAlgoHooks.Hooks" name="@BeforeMethod setup" time="-1.738787518307E9">
    <skipped/>
  </testcase> <!-- @BeforeMethod setup -->
  <testcase classname="dsAlgoTests.GraphTest" name="@BeforeMethod navigateGraphPage" time="-1.738787518307E9">
    <skipped/>
  </testcase> <!-- @BeforeMethod navigateGraphPage -->
  <testcase classname="dsAlgoHooks.Hooks" name="@AfterMethod tearDownTest" time="-1.738787518309E9">
    <skipped/>
  </testcase> <!-- @AfterMethod tearDownTest -->
  <testcase classname="dsAlgoHooks.Hooks" name="@BeforeMethod setup" time="-1.73878751831E9">
    <skipped/>
  </testcase> <!-- @BeforeMethod setup -->
  <testcase classname="dsAlgoTests.GraphTest" name="@BeforeMethod navigateGraphPage" time="-1.73878751831E9">
    <skipped/>
  </testcase> <!-- @BeforeMethod navigateGraphPage -->
  <testcase classname="dsAlgoHooks.Hooks" name="@AfterMethod tearDownTest" time="-1.738787518312E9">
    <skipped/>
  </testcase> <!-- @AfterMethod tearDownTest -->
  <testcase classname="dsAlgoHooks.Hooks" name="@BeforeMethod setup" time="-1.738787518312E9">
    <skipped/>
  </testcase> <!-- @BeforeMethod setup -->
  <testcase classname="dsAlgoTests.GraphTest" name="@BeforeMethod navigateGraphPage" time="-1.738787518313E9">
    <skipped/>
  </testcase> <!-- @BeforeMethod navigateGraphPage -->
  <testcase classname="dsAlgoHooks.Hooks" name="@AfterMethod tearDownTest" time="-1.738787518315E9">
    <skipped/>
  </testcase> <!-- @AfterMethod tearDownTest -->
  <testcase classname="dsAlgoHooks.Hooks" name="@BeforeMethod setup" time="-1.738787518315E9">
    <skipped/>
  </testcase> <!-- @BeforeMethod setup -->
  <testcase classname="dsAlgoTests.GraphTest" name="@BeforeMethod navigateGraphPage" time="-1.738787518316E9">
    <skipped/>
  </testcase> <!-- @BeforeMethod navigateGraphPage -->
  <testcase classname="dsAlgoHooks.Hooks" name="@AfterMethod tearDownTest" time="-1.738787518318E9">
    <skipped/>
  </testcase> <!-- @AfterMethod tearDownTest -->
  <testcase classname="dsAlgoHooks.Hooks" name="@BeforeMethod setup" time="-1.738787518318E9">
    <skipped/>
  </testcase> <!-- @BeforeMethod setup -->
  <testcase classname="dsAlgoTests.GraphTest" name="@BeforeMethod navigateGraphPage" time="-1.73878751832E9">
    <skipped/>
  </testcase> <!-- @BeforeMethod navigateGraphPage -->
  <testcase classname="dsAlgoHooks.Hooks" name="@AfterMethod tearDownTest" time="-1.738787518322E9">
    <skipped/>
  </testcase> <!-- @AfterMethod tearDownTest -->
  <testcase classname="dsAlgoHooks.Hooks" name="@BeforeMethod setup" time="-1.738787518323E9">
    <skipped/>
  </testcase> <!-- @BeforeMethod setup -->
  <testcase classname="dsAlgoTests.GraphTest" name="@BeforeMethod navigateGraphPage" time="-1.738787518323E9">
    <skipped/>
  </testcase> <!-- @BeforeMethod navigateGraphPage -->
  <testcase classname="dsAlgoHooks.Hooks" name="@AfterMethod tearDownTest" time="-1.738787518325E9">
    <skipped/>
  </testcase> <!-- @AfterMethod tearDownTest -->
  <testcase classname="dsAlgoHooks.Hooks" name="@BeforeMethod setup" time="-1.738787518326E9">
    <skipped/>
  </testcase> <!-- @BeforeMethod setup -->
  <testcase classname="dsAlgoTests.GraphTest" name="@BeforeMethod navigateGraphPage" time="-1.738787518326E9">
    <skipped/>
  </testcase> <!-- @BeforeMethod navigateGraphPage -->
  <testcase classname="dsAlgoHooks.Hooks" name="@AfterMethod tearDownTest" time="-1.738787518328E9">
    <skipped/>
  </testcase> <!-- @AfterMethod tearDownTest -->
  <testcase classname="dsAlgoHooks.Hooks" name="@BeforeMethod setup" time="-1.738787518328E9">
    <skipped/>
  </testcase> <!-- @BeforeMethod setup -->
  <testcase classname="dsAlgoTests.GraphTest" name="@BeforeMethod navigateGraphPage" time="-1.738787518329E9">
    <skipped/>
  </testcase> <!-- @BeforeMethod navigateGraphPage -->
  <testcase classname="dsAlgoHooks.Hooks" name="@AfterMethod tearDownTest" time="-1.73878751833E9">
    <skipped/>
  </testcase> <!-- @AfterMethod tearDownTest -->
  <testcase classname="dsAlgoHooks.Hooks" name="@BeforeMethod setup" time="-1.73878751833E9">
    <skipped/>
  </testcase> <!-- @BeforeMethod setup -->
  <testcase classname="dsAlgoTests.GraphTest" name="@BeforeMethod navigateGraphPage" time="-1.738787518332E9">
    <skipped/>
  </testcase> <!-- @BeforeMethod navigateGraphPage -->
  <testcase classname="dsAlgoHooks.Hooks" name="@AfterMethod tearDownTest" time="-1.738787518333E9">
    <skipped/>
  </testcase> <!-- @AfterMethod tearDownTest -->
  <testcase classname="dsAlgoHooks.Hooks" name="@BeforeMethod setup" time="-1.738787518334E9">
    <skipped/>
  </testcase> <!-- @BeforeMethod setup -->
  <testcase classname="dsAlgoTests.GraphTest" name="@BeforeMethod navigateGraphPage" time="-1.738787518334E9">
    <skipped/>
  </testcase> <!-- @BeforeMethod navigateGraphPage -->
  <testcase classname="dsAlgoHooks.Hooks" name="@AfterMethod tearDownTest" time="-1.738787518337E9">
    <skipped/>
  </testcase> <!-- @AfterMethod tearDownTest -->
  <testcase classname="dsAlgoHooks.Hooks" name="@BeforeMethod setup" time="-1.738787518337E9">
    <skipped/>
  </testcase> <!-- @BeforeMethod setup -->
  <testcase classname="dsAlgoTests.GraphTest" name="@BeforeMethod navigateGraphPage" time="-1.738787518338E9">
    <skipped/>
  </testcase> <!-- @BeforeMethod navigateGraphPage -->
  <testcase classname="dsAlgoHooks.Hooks" name="@AfterMethod tearDownTest" time="-1.73878751834E9">
    <skipped/>
  </testcase> <!-- @AfterMethod tearDownTest -->
  <testcase classname="dsAlgoHooks.Hooks" name="@BeforeMethod setup" time="-1.73878751834E9">
    <skipped/>
  </testcase> <!-- @BeforeMethod setup -->
  <testcase classname="dsAlgoTests.GraphTest" name="@BeforeMethod navigateGraphPage" time="-1.738787518341E9">
    <skipped/>
  </testcase> <!-- @BeforeMethod navigateGraphPage -->
  <testcase classname="dsAlgoHooks.Hooks" name="@AfterMethod tearDownTest" time="-1.738787518344E9">
    <skipped/>
  </testcase> <!-- @AfterMethod tearDownTest -->
  <testcase classname="dsAlgoHooks.Hooks" name="@BeforeMethod setup" time="-1.738787518344E9">
    <skipped/>
  </testcase> <!-- @BeforeMethod setup -->
  <testcase classname="dsAlgoTests.GraphTest" name="@BeforeMethod navigateGraphPage" time="-1.738787518344E9">
    <skipped/>
  </testcase> <!-- @BeforeMethod navigateGraphPage -->
  <testcase classname="dsAlgoHooks.Hooks" name="@AfterMethod tearDownTest" time="-1.738787518346E9">
    <skipped/>
  </testcase> <!-- @AfterMethod tearDownTest -->
  <testcase classname="dsAlgoHooks.Hooks" name="@BeforeMethod setup" time="-1.738787518347E9">
    <skipped/>
  </testcase> <!-- @BeforeMethod setup -->
  <testcase classname="dsAlgoTests.GraphTest" name="@BeforeMethod navigateGraphPage" time="-1.738787518347E9">
    <skipped/>
  </testcase> <!-- @BeforeMethod navigateGraphPage -->
  <testcase classname="dsAlgoHooks.Hooks" name="@AfterMethod tearDownTest" time="-1.738787518349E9">
    <skipped/>
  </testcase> <!-- @AfterMethod tearDownTest -->
  <testcase classname="dsAlgoHooks.Hooks" name="@BeforeMethod setup" time="-1.738787518349E9">
    <skipped/>
  </testcase> <!-- @BeforeMethod setup -->
  <testcase classname="dsAlgoTests.GraphTest" name="@BeforeMethod navigateGraphPage" time="-1.73878751835E9">
    <skipped/>
  </testcase> <!-- @BeforeMethod navigateGraphPage -->
  <testcase classname="dsAlgoHooks.Hooks" name="@AfterMethod tearDownTest" time="-1.738787518352E9">
    <skipped/>
  </testcase> <!-- @AfterMethod tearDownTest -->
  <testcase classname="dsAlgoHooks.Hooks" name="@BeforeMethod setup" time="-1.738787518352E9">
    <skipped/>
  </testcase> <!-- @BeforeMethod setup -->
  <testcase classname="dsAlgoTests.GraphTest" name="@BeforeMethod navigateGraphPage" time="-1.738787518353E9">
    <skipped/>
  </testcase> <!-- @BeforeMethod navigateGraphPage -->
  <testcase classname="dsAlgoHooks.Hooks" name="@AfterMethod tearDownTest" time="-1.738787518355E9">
    <skipped/>
  </testcase> <!-- @AfterMethod tearDownTest -->
  <testcase classname="dsAlgoHooks.Hooks" name="@BeforeMethod setup" time="-1.738787518355E9">
    <skipped/>
  </testcase> <!-- @BeforeMethod setup -->
  <testcase classname="dsAlgoTests.GraphTest" name="@BeforeMethod navigateGraphPage" time="-1.738787518356E9">
    <skipped/>
  </testcase> <!-- @BeforeMethod navigateGraphPage -->
  <testcase classname="dsAlgoHooks.Hooks" name="@AfterMethod tearDownTest" time="-1.738787518357E9">
    <skipped/>
  </testcase> <!-- @AfterMethod tearDownTest -->
  <testcase classname="dsAlgoHooks.Hooks" name="@BeforeMethod setup" time="-1.738787518358E9">
    <skipped/>
  </testcase> <!-- @BeforeMethod setup -->
  <testcase classname="dsAlgoTests.GraphTest" name="@BeforeMethod navigateGraphPage" time="-1.738787518358E9">
    <skipped/>
  </testcase> <!-- @BeforeMethod navigateGraphPage -->
  <testcase classname="dsAlgoHooks.Hooks" name="@AfterMethod tearDownTest" time="-1.73878751836E9">
    <skipped/>
  </testcase> <!-- @AfterMethod tearDownTest -->
  <testcase classname="dsAlgoHooks.Hooks" name="@BeforeMethod setup" time="-1.73878751836E9">
    <skipped/>
  </testcase> <!-- @BeforeMethod setup -->
  <testcase classname="dsAlgoTests.GraphTest" name="@BeforeMethod navigateGraphPage" time="-1.73878751836E9">
    <skipped/>
  </testcase> <!-- @BeforeMethod navigateGraphPage -->
  <testcase classname="dsAlgoHooks.Hooks" name="@AfterMethod tearDownTest" time="-1.738787518363E9">
    <skipped/>
  </testcase> <!-- @AfterMethod tearDownTest -->
  <testcase classname="dsAlgoHooks.Hooks" name="@BeforeMethod setup" time="-1.738787518363E9">
    <skipped/>
  </testcase> <!-- @BeforeMethod setup -->
  <testcase classname="dsAlgoTests.GraphTest" name="@BeforeMethod navigateGraphPage" time="-1.738787518364E9">
    <skipped/>
  </testcase> <!-- @BeforeMethod navigateGraphPage -->
  <testcase classname="dsAlgoHooks.Hooks" name="@AfterMethod tearDownTest" time="-1.738787518366E9">
    <skipped/>
  </testcase> <!-- @AfterMethod tearDownTest -->
  <testcase classname="dsAlgoHooks.Hooks" name="@BeforeMethod setup" time="-1.738787518366E9">
    <skipped/>
  </testcase> <!-- @BeforeMethod setup -->
  <testcase classname="dsAlgoTests.GraphTest" name="@BeforeMethod navigateGraphPage" time="-1.738787518367E9">
    <skipped/>
  </testcase> <!-- @BeforeMethod navigateGraphPage -->
  <testcase classname="dsAlgoHooks.Hooks" name="@AfterMethod tearDownTest" time="-1.738787518368E9">
    <skipped/>
  </testcase> <!-- @AfterMethod tearDownTest -->
  <testcase classname="dsAlgoHooks.Hooks" name="@BeforeMethod setup" time="-1.738787518368E9">
    <skipped/>
  </testcase> <!-- @BeforeMethod setup -->
  <testcase classname="dsAlgoTests.GraphTest" name="@BeforeMethod navigateGraphPage" time="-1.738787518369E9">
    <skipped/>
  </testcase> <!-- @BeforeMethod navigateGraphPage -->
  <testcase classname="dsAlgoHooks.Hooks" name="@AfterMethod tearDownTest" time="-1.73878751837E9">
    <skipped/>
  </testcase> <!-- @AfterMethod tearDownTest -->
  <testcase classname="dsAlgoHooks.Hooks" name="@BeforeMethod setup" time="-1.738787518372E9">
    <skipped/>
  </testcase> <!-- @BeforeMethod setup -->
  <testcase classname="dsAlgoTests.GraphTest" name="@BeforeMethod navigateGraphPage" time="-1.738787518373E9">
    <skipped/>
  </testcase> <!-- @BeforeMethod navigateGraphPage -->
  <testcase classname="dsAlgoHooks.Hooks" name="@AfterMethod tearDownTest" time="-1.738787518375E9">
    <skipped/>
  </testcase> <!-- @AfterMethod tearDownTest -->
  <testcase classname="dsAlgoHooks.Hooks" name="@BeforeMethod setup" time="-1.738787518376E9">
    <skipped/>
  </testcase> <!-- @BeforeMethod setup -->
  <testcase classname="dsAlgoTests.GraphTest" name="@BeforeMethod navigateGraphPage" time="-1.738787518377E9">
    <skipped/>
  </testcase> <!-- @BeforeMethod navigateGraphPage -->
  <testcase classname="dsAlgoHooks.Hooks" name="@AfterMethod tearDownTest" time="-1.738787518378E9">
    <skipped/>
  </testcase> <!-- @AfterMethod tearDownTest -->
  <testcase classname="dsAlgoHooks.Hooks" name="@BeforeMethod setup" time="-1.738787518379E9">
    <skipped/>
  </testcase> <!-- @BeforeMethod setup -->
  <testcase classname="dsAlgoTests.GraphTest" name="@BeforeMethod navigateGraphPage" time="-1.738787518379E9">
    <skipped/>
  </testcase> <!-- @BeforeMethod navigateGraphPage -->
  <testcase classname="dsAlgoHooks.Hooks" name="@AfterMethod tearDownTest" time="-1.73878751838E9">
    <skipped/>
  </testcase> <!-- @AfterMethod tearDownTest -->
  <testcase classname="dsAlgoHooks.Hooks" name="@BeforeMethod setup" time="-1.738787518382E9">
    <skipped/>
  </testcase> <!-- @BeforeMethod setup -->
  <testcase classname="dsAlgoTests.GraphTest" name="@BeforeMethod navigateGraphPage" time="-1.738787518382E9">
    <skipped/>
  </testcase> <!-- @BeforeMethod navigateGraphPage -->
  <testcase classname="dsAlgoHooks.Hooks" name="@AfterMethod tearDownTest" time="-1.738787518384E9">
    <skipped/>
  </testcase> <!-- @AfterMethod tearDownTest -->
  <testcase classname="dsAlgoHooks.Hooks" name="@BeforeMethod setup" time="-1.738787518385E9">
    <skipped/>
  </testcase> <!-- @BeforeMethod setup -->
  <testcase classname="dsAlgoTests.GraphTest" name="@BeforeMethod navigateGraphPage" time="-1.738787518385E9">
    <skipped/>
  </testcase> <!-- @BeforeMethod navigateGraphPage -->
  <testcase classname="dsAlgoHooks.Hooks" name="@AfterMethod tearDownTest" time="-1.738787518387E9">
    <skipped/>
  </testcase> <!-- @AfterMethod tearDownTest -->
  <testcase classname="dsAlgoHooks.Hooks" name="@BeforeMethod setup" time="-1.738787518387E9">
    <skipped/>
  </testcase> <!-- @BeforeMethod setup -->
  <testcase classname="dsAlgoTests.GraphTest" name="@BeforeMethod navigateGraphPage" time="-1.738787518387E9">
    <skipped/>
  </testcase> <!-- @BeforeMethod navigateGraphPage -->
  <testcase classname="dsAlgoHooks.Hooks" name="@AfterMethod tearDownTest" time="-1.738787518389E9">
    <skipped/>
  </testcase> <!-- @AfterMethod tearDownTest -->
  <testcase classname="dsAlgoHooks.Hooks" name="@BeforeMethod setup" time="-1.738787518389E9">
    <skipped/>
  </testcase> <!-- @BeforeMethod setup -->
  <testcase classname="dsAlgoTests.GraphTest" name="@BeforeMethod navigateGraphPage" time="-1.73878751839E9">
    <skipped/>
  </testcase> <!-- @BeforeMethod navigateGraphPage -->
  <testcase classname="dsAlgoHooks.Hooks" name="@AfterMethod tearDownTest" time="-1.738787518393E9">
    <skipped/>
  </testcase> <!-- @AfterMethod tearDownTest -->
  <testcase classname="dsAlgoHooks.Hooks" name="@BeforeMethod setup" time="-1.738787518394E9">
    <skipped/>
  </testcase> <!-- @BeforeMethod setup -->
  <testcase classname="dsAlgoTests.GraphTest" name="@BeforeMethod navigateGraphPage" time="-1.738787518394E9">
    <skipped/>
  </testcase> <!-- @BeforeMethod navigateGraphPage -->
  <testcase classname="dsAlgoHooks.Hooks" name="@AfterMethod tearDownTest" time="-1.738787518396E9">
    <skipped/>
  </testcase> <!-- @AfterMethod tearDownTest -->
  <testcase classname="dsAlgoHooks.Hooks" name="@BeforeMethod setup" time="-1.738787518397E9">
    <skipped/>
  </testcase> <!-- @BeforeMethod setup -->
  <testcase classname="dsAlgoTests.GraphTest" name="@BeforeMethod navigateGraphPage" time="-1.738787518397E9">
    <skipped/>
  </testcase> <!-- @BeforeMethod navigateGraphPage -->
  <testcase classname="dsAlgoHooks.Hooks" name="@AfterMethod tearDownTest" time="-1.738787518398E9">
    <skipped/>
  </testcase> <!-- @AfterMethod tearDownTest -->
  <testcase classname="dsAlgoHooks.Hooks" name="@BeforeMethod setup" time="-1.738787518399E9">
    <skipped/>
  </testcase> <!-- @BeforeMethod setup -->
  <testcase classname="dsAlgoTests.GraphTest" name="@BeforeMethod navigateGraphPage" time="-1.738787518399E9">
    <skipped/>
  </testcase> <!-- @BeforeMethod navigateGraphPage -->
  <testcase classname="dsAlgoHooks.Hooks" name="@AfterMethod tearDownTest" time="-1.7387875184E9">
    <skipped/>
  </testcase> <!-- @AfterMethod tearDownTest -->
  <testcase classname="dsAlgoHooks.Hooks" name="@BeforeMethod setup" time="-1.738787518402E9">
    <skipped/>
  </testcase> <!-- @BeforeMethod setup -->
  <testcase classname="dsAlgoTests.GraphTest" name="@BeforeMethod navigateGraphPage" time="-1.738787518402E9">
    <skipped/>
  </testcase> <!-- @BeforeMethod navigateGraphPage -->
  <testcase classname="dsAlgoHooks.Hooks" name="@AfterMethod tearDownTest" time="-1.738787518404E9">
    <skipped/>
  </testcase> <!-- @AfterMethod tearDownTest -->
  <testcase classname="dsAlgoHooks.Hooks" name="@BeforeMethod setup" time="-1.738787518405E9">
    <skipped/>
  </testcase> <!-- @BeforeMethod setup -->
  <testcase classname="dsAlgoTests.GraphTest" name="@BeforeMethod navigateGraphPage" time="-1.738787518405E9">
    <skipped/>
  </testcase> <!-- @BeforeMethod navigateGraphPage -->
  <testcase classname="dsAlgoHooks.Hooks" name="@AfterMethod tearDownTest" time="-1.738787518407E9">
    <skipped/>
  </testcase> <!-- @AfterMethod tearDownTest -->
  <testcase classname="dsAlgoHooks.Hooks" name="@BeforeMethod setup" time="-1.738787518407E9">
    <skipped/>
  </testcase> <!-- @BeforeMethod setup -->
  <testcase classname="dsAlgoTests.GraphTest" name="@BeforeMethod navigateGraphPage" time="-1.738787518408E9">
    <skipped/>
  </testcase> <!-- @BeforeMethod navigateGraphPage -->
  <testcase classname="dsAlgoHooks.Hooks" name="@AfterMethod tearDownTest" time="-1.73878751841E9">
    <skipped/>
  </testcase> <!-- @AfterMethod tearDownTest -->
  <testcase classname="dsAlgoHooks.Hooks" name="@BeforeMethod setup" time="-1.738787518411E9">
    <skipped/>
  </testcase> <!-- @BeforeMethod setup -->
  <testcase classname="dsAlgoTests.GraphTest" name="@BeforeMethod navigateGraphPage" time="-1.738787518411E9">
    <skipped/>
  </testcase> <!-- @BeforeMethod navigateGraphPage -->
  <testcase classname="dsAlgoHooks.Hooks" name="@AfterMethod tearDownTest" time="-1.738787518412E9">
    <skipped/>
  </testcase> <!-- @AfterMethod tearDownTest -->
  <testcase classname="dsAlgoHooks.Hooks" name="@BeforeMethod setup" time="-1.738787518413E9">
    <skipped/>
  </testcase> <!-- @BeforeMethod setup -->
  <testcase classname="dsAlgoTests.GraphTest" name="@BeforeMethod navigateGraphPage" time="-1.738787518413E9">
    <skipped/>
  </testcase> <!-- @BeforeMethod navigateGraphPage -->
  <testcase classname="dsAlgoHooks.Hooks" name="@AfterMethod tearDownTest" time="-1.738787518414E9">
    <skipped/>
  </testcase> <!-- @AfterMethod tearDownTest -->
  <testcase classname="dsAlgoHooks.Hooks" name="@BeforeMethod setup" time="-1.738787518415E9">
    <skipped/>
  </testcase> <!-- @BeforeMethod setup -->
  <testcase classname="dsAlgoTests.GraphTest" name="@BeforeMethod navigateGraphPage" time="-1.738787518415E9">
    <skipped/>
  </testcase> <!-- @BeforeMethod navigateGraphPage -->
  <testcase classname="dsAlgoHooks.Hooks" name="@AfterMethod tearDownTest" time="-1.738787518417E9">
    <skipped/>
  </testcase> <!-- @AfterMethod tearDownTest -->
  <testcase classname="dsAlgoHooks.Hooks" name="@BeforeMethod setup" time="-1.738787518417E9">
    <skipped/>
  </testcase> <!-- @BeforeMethod setup -->
  <testcase classname="dsAlgoTests.GraphTest" name="@BeforeMethod navigateGraphPage" time="-1.738787518418E9">
    <skipped/>
  </testcase> <!-- @BeforeMethod navigateGraphPage -->
  <testcase classname="dsAlgoHooks.Hooks" name="@AfterMethod tearDownTest" time="-1.738787518419E9">
    <skipped/>
  </testcase> <!-- @AfterMethod tearDownTest -->
  <testcase classname="dsAlgoHooks.Hooks" name="@BeforeMethod setup" time="-1.73878751842E9">
    <skipped/>
  </testcase> <!-- @BeforeMethod setup -->
  <testcase classname="dsAlgoTests.GraphTest" name="@BeforeMethod navigateGraphPage" time="-1.73878751842E9">
    <skipped/>
  </testcase> <!-- @BeforeMethod navigateGraphPage -->
  <testcase classname="dsAlgoHooks.Hooks" name="@AfterMethod tearDownTest" time="-1.738787518421E9">
    <skipped/>
  </testcase> <!-- @AfterMethod tearDownTest -->
  <testcase classname="dsAlgoHooks.Hooks" name="@BeforeMethod setup" time="-1.738787518422E9">
    <skipped/>
  </testcase> <!-- @BeforeMethod setup -->
  <testcase classname="dsAlgoTests.GraphTest" name="@BeforeMethod navigateGraphPage" time="-1.738787518422E9">
    <skipped/>
  </testcase> <!-- @BeforeMethod navigateGraphPage -->
  <testcase classname="dsAlgoHooks.Hooks" name="@AfterMethod tearDownTest" time="-1.738787518423E9">
    <skipped/>
  </testcase> <!-- @AfterMethod tearDownTest -->
  <testcase classname="dsAlgoHooks.Hooks" name="@BeforeMethod setup" time="-1.738787518424E9">
    <skipped/>
  </testcase> <!-- @BeforeMethod setup -->
  <testcase classname="dsAlgoTests.GraphTest" name="@BeforeMethod navigateGraphPage" time="-1.738787518424E9">
    <skipped/>
  </testcase> <!-- @BeforeMethod navigateGraphPage -->
  <testcase classname="dsAlgoHooks.Hooks" name="@AfterMethod tearDownTest" time="-1.738787518425E9">
    <skipped/>
  </testcase> <!-- @AfterMethod tearDownTest -->
  <testcase classname="dsAlgoHooks.Hooks" name="@BeforeMethod setup" time="-1.738787518426E9">
    <skipped/>
  </testcase> <!-- @BeforeMethod setup -->
  <testcase classname="dsAlgoTests.GraphTest" name="@BeforeMethod navigateGraphPage" time="-1.738787518426E9">
    <skipped/>
  </testcase> <!-- @BeforeMethod navigateGraphPage -->
  <testcase classname="dsAlgoHooks.Hooks" name="@AfterMethod tearDownTest" time="-1.738787518427E9">
    <skipped/>
  </testcase> <!-- @AfterMethod tearDownTest -->
  <testcase classname="dsAlgoHooks.Hooks" name="@BeforeMethod setup" time="-1.738787518428E9">
    <skipped/>
  </testcase> <!-- @BeforeMethod setup -->
  <testcase classname="dsAlgoTests.GraphTest" name="@BeforeMethod navigateGraphPage" time="-1.738787518429E9">
    <skipped/>
  </testcase> <!-- @BeforeMethod navigateGraphPage -->
  <testcase classname="dsAlgoHooks.Hooks" name="@AfterMethod tearDownTest" time="-1.73878751843E9">
    <skipped/>
  </testcase> <!-- @AfterMethod tearDownTest -->
  <testcase classname="dsAlgoHooks.Hooks" name="@BeforeMethod setup" time="-1.73878751843E9">
    <skipped/>
  </testcase> <!-- @BeforeMethod setup -->
  <testcase classname="dsAlgoTests.GraphTest" name="@BeforeMethod navigateGraphPage" time="-1.73878751843E9">
    <skipped/>
  </testcase> <!-- @BeforeMethod navigateGraphPage -->
  <testcase classname="dsAlgoHooks.Hooks" name="@AfterMethod tearDownTest" time="-1.738787518431E9">
    <skipped/>
  </testcase> <!-- @AfterMethod tearDownTest -->
  <testcase classname="dsAlgoHooks.Hooks" name="@BeforeMethod setup" time="-1.738787518433E9">
    <skipped/>
  </testcase> <!-- @BeforeMethod setup -->
  <testcase classname="dsAlgoTests.GraphTest" name="@BeforeMethod navigateGraphPage" time="-1.738787518433E9">
    <skipped/>
  </testcase> <!-- @BeforeMethod navigateGraphPage -->
  <testcase classname="dsAlgoHooks.Hooks" name="@AfterMethod tearDownTest" time="-1.738787518435E9">
    <skipped/>
  </testcase> <!-- @AfterMethod tearDownTest -->
  <testcase classname="dsAlgoHooks.Hooks" name="@BeforeMethod setup" time="-1.738787518435E9">
    <skipped/>
  </testcase> <!-- @BeforeMethod setup -->
  <testcase classname="dsAlgoTests.GraphTest" name="@BeforeMethod navigateGraphPage" time="-1.738787518436E9">
    <skipped/>
  </testcase> <!-- @BeforeMethod navigateGraphPage -->
  <testcase classname="dsAlgoHooks.Hooks" name="@AfterMethod tearDownTest" time="-1.738787518437E9">
    <skipped/>
  </testcase> <!-- @AfterMethod tearDownTest -->
  <testcase classname="dsAlgoHooks.Hooks" name="@BeforeMethod setup" time="-1.738787518437E9">
    <skipped/>
  </testcase> <!-- @BeforeMethod setup -->
  <testcase classname="dsAlgoTests.GraphTest" name="@BeforeMethod navigateGraphPage" time="-1.738787518437E9">
    <skipped/>
  </testcase> <!-- @BeforeMethod navigateGraphPage -->
  <testcase classname="dsAlgoHooks.Hooks" name="@AfterMethod tearDownTest" time="-1.738787518439E9">
    <skipped/>
  </testcase> <!-- @AfterMethod tearDownTest -->
  <testcase classname="dsAlgoHooks.Hooks" name="@BeforeMethod setup" time="-1.738787518439E9">
    <skipped/>
  </testcase> <!-- @BeforeMethod setup -->
  <testcase classname="dsAlgoTests.GraphTest" name="@BeforeMethod navigateGraphPage" time="-1.738787518439E9">
    <skipped/>
  </testcase> <!-- @BeforeMethod navigateGraphPage -->
  <testcase classname="dsAlgoHooks.Hooks" name="@AfterMethod tearDownTest" time="-1.738787518442E9">
    <skipped/>
  </testcase> <!-- @AfterMethod tearDownTest -->
  <testcase classname="dsAlgoHooks.Hooks" name="@BeforeMethod setup" time="-1.738787518442E9">
    <skipped/>
  </testcase> <!-- @BeforeMethod setup -->
  <testcase classname="dsAlgoTests.GraphTest" name="@BeforeMethod navigateGraphPage" time="-1.738787518442E9">
    <skipped/>
  </testcase> <!-- @BeforeMethod navigateGraphPage -->
  <testcase classname="dsAlgoHooks.Hooks" name="@AfterMethod tearDownTest" time="-1.738787518444E9">
    <skipped/>
  </testcase> <!-- @AfterMethod tearDownTest -->
  <testcase classname="dsAlgoHooks.Hooks" name="@BeforeMethod setup" time="-1.738787518444E9">
    <skipped/>
  </testcase> <!-- @BeforeMethod setup -->
  <testcase classname="dsAlgoTests.GraphTest" name="@BeforeMethod navigateGraphPage" time="-1.738787518444E9">
    <skipped/>
  </testcase> <!-- @BeforeMethod navigateGraphPage -->
  <testcase classname="dsAlgoHooks.Hooks" name="@AfterMethod tearDownTest" time="-1.738787518446E9">
    <skipped/>
  </testcase> <!-- @AfterMethod tearDownTest -->
  <testcase classname="dsAlgoHooks.Hooks" name="@BeforeMethod setup" time="-1.738787518446E9">
    <skipped/>
  </testcase> <!-- @BeforeMethod setup -->
  <testcase classname="dsAlgoTests.GraphTest" name="@BeforeMethod navigateGraphPage" time="-1.738787518447E9">
    <skipped/>
  </testcase> <!-- @BeforeMethod navigateGraphPage -->
  <testcase classname="dsAlgoHooks.Hooks" name="@AfterMethod tearDownTest" time="-1.738787518447E9">
    <skipped/>
  </testcase> <!-- @AfterMethod tearDownTest -->
  <testcase classname="dsAlgoHooks.Hooks" name="@BeforeMethod setup" time="-1.738787518448E9">
    <skipped/>
  </testcase> <!-- @BeforeMethod setup -->
  <testcase classname="dsAlgoTests.GraphTest" name="@BeforeMethod navigateGraphPage" time="-1.738787518448E9">
    <skipped/>
  </testcase> <!-- @BeforeMethod navigateGraphPage -->
  <testcase classname="dsAlgoHooks.Hooks" name="@AfterMethod tearDownTest" time="-1.73878751845E9">
    <skipped/>
  </testcase> <!-- @AfterMethod tearDownTest -->
  <testcase classname="dsAlgoHooks.Hooks" name="@BeforeMethod setup" time="-1.73878751845E9">
    <skipped/>
  </testcase> <!-- @BeforeMethod setup -->
  <testcase classname="dsAlgoTests.GraphTest" name="@BeforeMethod navigateGraphPage" time="-1.738787518452E9">
    <skipped/>
  </testcase> <!-- @BeforeMethod navigateGraphPage -->
  <testcase classname="dsAlgoHooks.Hooks" name="@AfterMethod tearDownTest" time="-1.738787518453E9">
    <skipped/>
  </testcase> <!-- @AfterMethod tearDownTest -->
  <testcase classname="dsAlgoHooks.Hooks" name="@BeforeMethod setup" time="-1.738787518454E9">
    <skipped/>
  </testcase> <!-- @BeforeMethod setup -->
  <testcase classname="dsAlgoTests.GraphTest" name="@BeforeMethod navigateGraphPage" time="-1.738787518454E9">
    <skipped/>
  </testcase> <!-- @BeforeMethod navigateGraphPage -->
  <testcase classname="dsAlgoHooks.Hooks" name="@AfterMethod tearDownTest" time="-1.738787518455E9">
    <skipped/>
  </testcase> <!-- @AfterMethod tearDownTest -->
  <testcase classname="dsAlgoHooks.Hooks" name="@BeforeMethod setup" time="-1.738787518455E9">
    <skipped/>
  </testcase> <!-- @BeforeMethod setup -->
  <testcase classname="dsAlgoTests.GraphTest" name="@BeforeMethod navigateGraphPage" time="-1.738787518456E9">
    <skipped/>
  </testcase> <!-- @BeforeMethod navigateGraphPage -->
  <testcase classname="dsAlgoHooks.Hooks" name="@AfterMethod tearDownTest" time="-1.738787518457E9">
    <skipped/>
  </testcase> <!-- @AfterMethod tearDownTest -->
  <testcase classname="dsAlgoHooks.Hooks" name="@BeforeMethod setup" time="-1.738787518457E9">
    <skipped/>
  </testcase> <!-- @BeforeMethod setup -->
  <testcase classname="dsAlgoTests.GraphTest" name="@BeforeMethod navigateGraphPage" time="-1.738787518457E9">
    <skipped/>
  </testcase> <!-- @BeforeMethod navigateGraphPage -->
  <testcase classname="dsAlgoHooks.Hooks" name="@AfterMethod tearDownTest" time="-1.738787518459E9">
    <skipped/>
  </testcase> <!-- @AfterMethod tearDownTest -->
  <testcase classname="dsAlgoHooks.Hooks" name="@BeforeMethod setup" time="-1.738787518459E9">
    <skipped/>
  </testcase> <!-- @BeforeMethod setup -->
  <testcase classname="dsAlgoTests.GraphTest" name="@BeforeMethod navigateGraphPage" time="-1.738787518459E9">
    <skipped/>
  </testcase> <!-- @BeforeMethod navigateGraphPage -->
  <testcase classname="dsAlgoHooks.Hooks" name="@AfterMethod tearDownTest" time="-1.73878751846E9">
    <skipped/>
  </testcase> <!-- @AfterMethod tearDownTest -->
  <testcase classname="dsAlgoHooks.Hooks" name="@BeforeMethod setup" time="-1.73878751846E9">
    <skipped/>
  </testcase> <!-- @BeforeMethod setup -->
  <testcase classname="dsAlgoTests.GraphTest" name="@BeforeMethod navigateGraphPage" time="-1.738787518462E9">
    <skipped/>
  </testcase> <!-- @BeforeMethod navigateGraphPage -->
  <testcase classname="dsAlgoHooks.Hooks" name="@AfterMethod tearDownTest" time="-1.738787518463E9">
    <skipped/>
  </testcase> <!-- @AfterMethod tearDownTest -->
  <testcase classname="dsAlgoHooks.Hooks" name="@BeforeMethod setup" time="-1.738787518463E9">
    <skipped/>
  </testcase> <!-- @BeforeMethod setup -->
  <testcase classname="dsAlgoTests.GraphTest" name="@BeforeMethod navigateGraphPage" time="-1.738787518463E9">
    <skipped/>
  </testcase> <!-- @BeforeMethod navigateGraphPage -->
  <testcase classname="dsAlgoHooks.Hooks" name="@AfterMethod tearDownTest" time="-1.738787518465E9">
    <skipped/>
  </testcase> <!-- @AfterMethod tearDownTest -->
  <testcase classname="dsAlgoHooks.Hooks" name="@BeforeMethod setup" time="-1.738787518465E9">
    <skipped/>
  </testcase> <!-- @BeforeMethod setup -->
  <testcase classname="dsAlgoTests.GraphTest" name="@BeforeMethod navigateGraphPage" time="-1.738787518465E9">
    <skipped/>
  </testcase> <!-- @BeforeMethod navigateGraphPage -->
  <testcase classname="dsAlgoHooks.Hooks" name="@AfterMethod tearDownTest" time="-1.738787518467E9">
    <skipped/>
  </testcase> <!-- @AfterMethod tearDownTest -->
  <testcase classname="dsAlgoHooks.Hooks" name="@BeforeMethod setup" time="-1.738787518467E9">
    <skipped/>
  </testcase> <!-- @BeforeMethod setup -->
  <testcase classname="dsAlgoTests.GraphTest" name="@BeforeMethod navigateGraphPage" time="-1.738787518468E9">
    <skipped/>
  </testcase> <!-- @BeforeMethod navigateGraphPage -->
  <testcase classname="dsAlgoHooks.Hooks" name="@AfterMethod tearDownTest" time="-1.738787518469E9">
    <skipped/>
  </testcase> <!-- @AfterMethod tearDownTest -->
  <testcase classname="dsAlgoHooks.Hooks" name="@BeforeMethod setup" time="-1.738787518469E9">
    <skipped/>
  </testcase> <!-- @BeforeMethod setup -->
  <testcase classname="dsAlgoTests.GraphTest" name="@BeforeMethod navigateGraphPage" time="-1.73878751847E9">
    <skipped/>
  </testcase> <!-- @BeforeMethod navigateGraphPage -->
  <testcase classname="dsAlgoHooks.Hooks" name="@AfterMethod tearDownTest" time="-1.738787518472E9">
    <skipped/>
  </testcase> <!-- @AfterMethod tearDownTest -->
  <testcase classname="dsAlgoHooks.Hooks" name="@BeforeMethod setup" time="-1.738787518472E9">
    <skipped/>
  </testcase> <!-- @BeforeMethod setup -->
  <testcase classname="dsAlgoTests.GraphTest" name="@BeforeMethod navigateGraphPage" time="-1.738787518472E9">
    <skipped/>
  </testcase> <!-- @BeforeMethod navigateGraphPage -->
  <testcase classname="dsAlgoHooks.Hooks" name="@AfterMethod tearDownTest" time="-1.738787518474E9">
    <skipped/>
  </testcase> <!-- @AfterMethod tearDownTest -->
  <testcase classname="dsAlgoHooks.Hooks" name="@BeforeMethod setup" time="-1.738787518474E9">
    <skipped/>
  </testcase> <!-- @BeforeMethod setup -->
  <testcase classname="dsAlgoTests.GraphTest" name="@BeforeMethod navigateGraphPage" time="-1.738787518474E9">
    <skipped/>
  </testcase> <!-- @BeforeMethod navigateGraphPage -->
  <testcase classname="dsAlgoHooks.Hooks" name="@AfterMethod tearDownTest" time="-1.738787518476E9">
    <skipped/>
  </testcase> <!-- @AfterMethod tearDownTest -->
  <testcase classname="dsAlgoHooks.Hooks" name="@BeforeMethod setup" time="-1.738787518476E9">
    <skipped/>
  </testcase> <!-- @BeforeMethod setup -->
  <testcase classname="dsAlgoTests.GraphTest" name="@BeforeMethod navigateGraphPage" time="-1.738787518476E9">
    <skipped/>
  </testcase> <!-- @BeforeMethod navigateGraphPage -->
  <testcase classname="dsAlgoHooks.Hooks" name="@AfterMethod tearDownTest" time="-1.738787518477E9">
    <skipped/>
  </testcase> <!-- @AfterMethod tearDownTest -->
  <testcase classname="dsAlgoHooks.Hooks" name="@BeforeMethod setup" time="-1.738787518478E9">
    <skipped/>
  </testcase> <!-- @BeforeMethod setup -->
  <testcase classname="dsAlgoTests.GraphTest" name="@BeforeMethod navigateGraphPage" time="-1.738787518478E9">
    <skipped/>
  </testcase> <!-- @BeforeMethod navigateGraphPage -->
  <testcase classname="dsAlgoHooks.Hooks" name="@AfterMethod tearDownTest" time="-1.738787518479E9">
    <skipped/>
  </testcase> <!-- @AfterMethod tearDownTest -->
  <testcase classname="dsAlgoHooks.Hooks" name="@BeforeMethod setup" time="-1.73878751848E9">
    <skipped/>
  </testcase> <!-- @BeforeMethod setup -->
  <testcase classname="dsAlgoTests.GraphTest" name="@BeforeMethod navigateGraphPage" time="-1.73878751848E9">
    <skipped/>
  </testcase> <!-- @BeforeMethod navigateGraphPage -->
  <testcase classname="dsAlgoHooks.Hooks" name="@AfterMethod tearDownTest" time="-1.738787518482E9">
    <skipped/>
  </testcase> <!-- @AfterMethod tearDownTest -->
  <testcase classname="dsAlgoHooks.Hooks" name="@BeforeMethod setup" time="-1.738787518483E9">
    <skipped/>
  </testcase> <!-- @BeforeMethod setup -->
  <testcase classname="dsAlgoTests.GraphTest" name="@BeforeMethod navigateGraphPage" time="-1.738787518483E9">
    <skipped/>
  </testcase> <!-- @BeforeMethod navigateGraphPage -->
  <testcase classname="dsAlgoHooks.Hooks" name="@AfterMethod tearDownTest" time="-1.738787518484E9">
    <skipped/>
  </testcase> <!-- @AfterMethod tearDownTest -->
  <testcase classname="dsAlgoHooks.Hooks" name="@BeforeMethod setup" time="-1.738787518485E9">
    <skipped/>
  </testcase> <!-- @BeforeMethod setup -->
  <testcase classname="dsAlgoTests.GraphTest" name="@BeforeMethod navigateGraphPage" time="-1.738787518485E9">
    <skipped/>
  </testcase> <!-- @BeforeMethod navigateGraphPage -->
  <testcase classname="dsAlgoHooks.Hooks" name="@AfterMethod tearDownTest" time="-1.738787518486E9">
    <skipped/>
  </testcase> <!-- @AfterMethod tearDownTest -->
  <testcase classname="dsAlgoHooks.Hooks" name="@BeforeMethod setup" time="-1.738787518487E9">
    <skipped/>
  </testcase> <!-- @BeforeMethod setup -->
  <testcase classname="dsAlgoTests.GraphTest" name="@BeforeMethod navigateGraphPage" time="-1.738787518487E9">
    <skipped/>
  </testcase> <!-- @BeforeMethod navigateGraphPage -->
  <testcase classname="dsAlgoHooks.Hooks" name="@AfterMethod tearDownTest" time="-1.738787518487E9">
    <skipped/>
  </testcase> <!-- @AfterMethod tearDownTest -->
  <testcase classname="dsAlgoHooks.Hooks" name="@BeforeMethod setup" time="-1.738787518488E9">
    <skipped/>
  </testcase> <!-- @BeforeMethod setup -->
  <testcase classname="dsAlgoTests.GraphTest" name="@BeforeMethod navigateGraphPage" time="-1.738787518488E9">
    <skipped/>
  </testcase> <!-- @BeforeMethod navigateGraphPage -->
  <testcase classname="dsAlgoHooks.Hooks" name="@AfterMethod tearDownTest" time="-1.73878751849E9">
    <skipped/>
  </testcase> <!-- @AfterMethod tearDownTest -->
  <testcase classname="dsAlgoHooks.Hooks" name="@BeforeMethod setup" time="-1.73878751849E9">
    <skipped/>
  </testcase> <!-- @BeforeMethod setup -->
  <testcase classname="dsAlgoTests.GraphTest" name="@BeforeMethod navigateGraphPage" time="-1.73878751849E9">
    <skipped/>
  </testcase> <!-- @BeforeMethod navigateGraphPage -->
  <testcase classname="dsAlgoHooks.Hooks" name="@AfterMethod tearDownTest" time="-1.738787518492E9">
    <skipped/>
  </testcase> <!-- @AfterMethod tearDownTest -->
  <testcase classname="dsAlgoHooks.Hooks" name="@BeforeMethod setup" time="-1.738787518493E9">
    <skipped/>
  </testcase> <!-- @BeforeMethod setup -->
  <testcase classname="dsAlgoTests.GraphTest" name="@BeforeMethod navigateGraphPage" time="-1.738787518493E9">
    <skipped/>
  </testcase> <!-- @BeforeMethod navigateGraphPage -->
  <testcase classname="dsAlgoHooks.Hooks" name="@AfterMethod tearDownTest" time="-1.738787518494E9">
    <skipped/>
  </testcase> <!-- @AfterMethod tearDownTest -->
  <testcase classname="dsAlgoHooks.Hooks" name="@BeforeMethod setup" time="-1.738787518495E9">
    <skipped/>
  </testcase> <!-- @BeforeMethod setup -->
  <testcase classname="dsAlgoTests.GraphTest" name="@BeforeMethod navigateGraphPage" time="-1.738787518495E9">
    <skipped/>
  </testcase> <!-- @BeforeMethod navigateGraphPage -->
  <testcase classname="dsAlgoHooks.Hooks" name="@AfterMethod tearDownTest" time="-1.738787518496E9">
    <skipped/>
  </testcase> <!-- @AfterMethod tearDownTest -->
  <testcase classname="dsAlgoHooks.Hooks" name="@BeforeMethod setup" time="-1.738787518497E9">
    <skipped/>
  </testcase> <!-- @BeforeMethod setup -->
  <testcase classname="dsAlgoTests.GraphTest" name="@BeforeMethod navigateGraphPage" time="-1.738787518497E9">
    <skipped/>
  </testcase> <!-- @BeforeMethod navigateGraphPage -->
  <testcase classname="dsAlgoHooks.Hooks" name="@AfterMethod tearDownTest" time="-1.738787518499E9">
    <skipped/>
  </testcase> <!-- @AfterMethod tearDownTest -->
  <testcase classname="dsAlgoHooks.Hooks" name="@BeforeMethod setup" time="-1.7387875185E9">
    <skipped/>
  </testcase> <!-- @BeforeMethod setup -->
  <testcase classname="dsAlgoTests.GraphTest" name="@BeforeMethod navigateGraphPage" time="-1.7387875185E9">
    <skipped/>
  </testcase> <!-- @BeforeMethod navigateGraphPage -->
  <testcase classname="dsAlgoHooks.Hooks" name="@AfterMethod tearDownTest" time="-1.738787518503E9">
    <skipped/>
  </testcase> <!-- @AfterMethod tearDownTest -->
  <testcase classname="dsAlgoHooks.Hooks" name="@BeforeMethod setup" time="-1.738787518503E9">
    <skipped/>
  </testcase> <!-- @BeforeMethod setup -->
  <testcase classname="dsAlgoTests.GraphTest" name="@BeforeMethod navigateGraphPage" time="-1.738787518503E9">
    <skipped/>
  </testcase> <!-- @BeforeMethod navigateGraphPage -->
  <testcase classname="dsAlgoHooks.Hooks" name="@AfterMethod tearDownTest" time="-1.738787518505E9">
    <skipped/>
  </testcase> <!-- @AfterMethod tearDownTest -->
  <testcase classname="dsAlgoHooks.Hooks" name="@BeforeMethod setup" time="-1.738787518506E9">
    <skipped/>
  </testcase> <!-- @BeforeMethod setup -->
  <testcase classname="dsAlgoTests.GraphTest" name="@BeforeMethod navigateGraphPage" time="-1.738787518506E9">
    <skipped/>
  </testcase> <!-- @BeforeMethod navigateGraphPage -->
  <testcase classname="dsAlgoHooks.Hooks" name="@AfterMethod tearDownTest" time="-1.738787518507E9">
    <skipped/>
  </testcase> <!-- @AfterMethod tearDownTest -->
  <testcase classname="dsAlgoHooks.Hooks" name="@BeforeMethod setup" time="-1.738787518508E9">
    <skipped/>
  </testcase> <!-- @BeforeMethod setup -->
  <testcase classname="dsAlgoTests.GraphTest" name="@BeforeMethod navigateGraphPage" time="-1.738787518508E9">
    <skipped/>
  </testcase> <!-- @BeforeMethod navigateGraphPage -->
  <testcase classname="dsAlgoHooks.Hooks" name="@AfterMethod tearDownTest" time="-1.73878751851E9">
    <skipped/>
  </testcase> <!-- @AfterMethod tearDownTest -->
  <testcase classname="dsAlgoHooks.Hooks" name="@BeforeMethod setup" time="-1.73878751851E9">
    <skipped/>
  </testcase> <!-- @BeforeMethod setup -->
  <testcase classname="dsAlgoTests.GraphTest" name="@BeforeMethod navigateGraphPage" time="-1.73878751851E9">
    <skipped/>
  </testcase> <!-- @BeforeMethod navigateGraphPage -->
  <testcase classname="dsAlgoHooks.Hooks" name="@AfterMethod tearDownTest" time="-1.738787518512E9">
    <skipped/>
  </testcase> <!-- @AfterMethod tearDownTest -->
  <testcase classname="dsAlgoHooks.Hooks" name="@BeforeMethod setup" time="-1.738787518513E9">
    <skipped/>
  </testcase> <!-- @BeforeMethod setup -->
  <testcase classname="dsAlgoTests.GraphTest" name="@BeforeMethod navigateGraphPage" time="-1.738787518513E9">
    <skipped/>
  </testcase> <!-- @BeforeMethod navigateGraphPage -->
  <testcase classname="dsAlgoHooks.Hooks" name="@AfterMethod tearDownTest" time="-1.738787518515E9">
    <skipped/>
  </testcase> <!-- @AfterMethod tearDownTest -->
  <testcase classname="dsAlgoHooks.Hooks" name="@BeforeMethod setup" time="-1.738787518515E9">
    <skipped/>
  </testcase> <!-- @BeforeMethod setup -->
  <testcase classname="dsAlgoTests.GraphTest" name="@BeforeMethod navigateGraphPage" time="-1.738787518515E9">
    <skipped/>
  </testcase> <!-- @BeforeMethod navigateGraphPage -->
  <testcase classname="dsAlgoHooks.Hooks" name="@AfterMethod tearDownTest" time="-1.738787518517E9">
    <skipped/>
  </testcase> <!-- @AfterMethod tearDownTest -->
  <testcase classname="dsAlgoHooks.Hooks" name="@BeforeMethod setup" time="-1.738787518517E9">
    <skipped/>
  </testcase> <!-- @BeforeMethod setup -->
  <testcase classname="dsAlgoTests.GraphTest" name="@BeforeMethod navigateGraphPage" time="-1.738787518517E9">
    <skipped/>
  </testcase> <!-- @BeforeMethod navigateGraphPage -->
  <testcase classname="dsAlgoHooks.Hooks" name="@AfterMethod tearDownTest" time="-1.738787518519E9">
    <skipped/>
  </testcase> <!-- @AfterMethod tearDownTest -->
  <testcase classname="dsAlgoHooks.Hooks" name="@BeforeMethod setup" time="-1.738787518519E9">
    <skipped/>
  </testcase> <!-- @BeforeMethod setup -->
  <testcase classname="dsAlgoTests.GraphTest" name="@BeforeMethod navigateGraphPage" time="-1.738787518519E9">
    <skipped/>
  </testcase> <!-- @BeforeMethod navigateGraphPage -->
  <testcase classname="dsAlgoHooks.Hooks" name="@AfterMethod tearDownTest" time="-1.73878751852E9">
    <skipped/>
  </testcase> <!-- @AfterMethod tearDownTest -->
  <testcase classname="dsAlgoHooks.Hooks" name="@BeforeMethod setup" time="-1.73878751852E9">
    <skipped/>
  </testcase> <!-- @BeforeMethod setup -->
  <testcase classname="dsAlgoTests.GraphTest" name="@BeforeMethod navigateGraphPage" time="-1.738787518524E9">
    <skipped/>
  </testcase> <!-- @BeforeMethod navigateGraphPage -->
  <testcase classname="dsAlgoHooks.Hooks" name="@AfterMethod tearDownTest" time="-1.738787518526E9">
    <skipped/>
  </testcase> <!-- @AfterMethod tearDownTest -->
  <testcase classname="dsAlgoHooks.Hooks" name="@BeforeMethod setup" time="-1.738787518526E9">
    <skipped/>
  </testcase> <!-- @BeforeMethod setup -->
  <testcase classname="dsAlgoTests.GraphTest" name="@BeforeMethod navigateGraphPage" time="-1.738787518527E9">
    <skipped/>
  </testcase> <!-- @BeforeMethod navigateGraphPage -->
  <testcase classname="dsAlgoHooks.Hooks" name="@AfterMethod tearDownTest" time="-1.738787518529E9">
    <skipped/>
  </testcase> <!-- @AfterMethod tearDownTest -->
  <testcase classname="dsAlgoHooks.Hooks" name="@BeforeMethod setup" time="-1.738787518529E9">
    <skipped/>
  </testcase> <!-- @BeforeMethod setup -->
  <testcase classname="dsAlgoTests.GraphTest" name="@BeforeMethod navigateGraphPage" time="-1.738787518529E9">
    <skipped/>
  </testcase> <!-- @BeforeMethod navigateGraphPage -->
  <testcase classname="dsAlgoHooks.Hooks" name="@AfterMethod tearDownTest" time="-1.738787518531E9">
    <skipped/>
  </testcase> <!-- @AfterMethod tearDownTest -->
  <testcase classname="dsAlgoHooks.Hooks" name="@BeforeMethod setup" time="-1.738787518531E9">
    <skipped/>
  </testcase> <!-- @BeforeMethod setup -->
  <testcase classname="dsAlgoTests.GraphTest" name="@BeforeMethod navigateGraphPage" time="-1.738787518531E9">
    <skipped/>
  </testcase> <!-- @BeforeMethod navigateGraphPage -->
  <testcase classname="dsAlgoHooks.Hooks" name="@AfterMethod tearDownTest" time="-1.738787518533E9">
    <skipped/>
  </testcase> <!-- @AfterMethod tearDownTest -->
  <testcase classname="dsAlgoHooks.Hooks" name="@BeforeMethod setup" time="-1.738787518533E9">
    <skipped/>
  </testcase> <!-- @BeforeMethod setup -->
  <testcase classname="dsAlgoTests.GraphTest" name="@BeforeMethod navigateGraphPage" time="-1.738787518534E9">
    <skipped/>
  </testcase> <!-- @BeforeMethod navigateGraphPage -->
  <testcase classname="dsAlgoHooks.Hooks" name="@AfterMethod tearDownTest" time="-1.738787518535E9">
    <skipped/>
  </testcase> <!-- @AfterMethod tearDownTest -->
  <testcase classname="dsAlgoHooks.Hooks" name="@BeforeMethod setup" time="-1.738787518535E9">
    <skipped/>
  </testcase> <!-- @BeforeMethod setup -->
  <testcase classname="dsAlgoTests.GraphTest" name="@BeforeMethod navigateGraphPage" time="-1.738787518535E9">
    <skipped/>
  </testcase> <!-- @BeforeMethod navigateGraphPage -->
  <testcase classname="dsAlgoHooks.Hooks" name="@AfterMethod tearDownTest" time="-1.738787518537E9">
    <skipped/>
  </testcase> <!-- @AfterMethod tearDownTest -->
  <testcase classname="dsAlgoHooks.Hooks" name="@BeforeMethod setup" time="-1.738787518538E9">
    <skipped/>
  </testcase> <!-- @BeforeMethod setup -->
  <testcase classname="dsAlgoTests.GraphTest" name="@BeforeMethod navigateGraphPage" time="-1.738787518538E9">
    <skipped/>
  </testcase> <!-- @BeforeMethod navigateGraphPage -->
  <testcase classname="dsAlgoHooks.Hooks" name="@AfterMethod tearDownTest" time="-1.73878751854E9">
    <skipped/>
  </testcase> <!-- @AfterMethod tearDownTest -->
  <testcase classname="dsAlgoHooks.Hooks" name="@BeforeMethod setup" time="-1.73878751854E9">
    <skipped/>
  </testcase> <!-- @BeforeMethod setup -->
  <testcase classname="dsAlgoTests.GraphTest" name="@BeforeMethod navigateGraphPage" time="-1.73878751854E9">
    <skipped/>
  </testcase> <!-- @BeforeMethod navigateGraphPage -->
  <testcase classname="dsAlgoHooks.Hooks" name="@AfterMethod tearDownTest" time="-1.738787518541E9">
    <skipped/>
  </testcase> <!-- @AfterMethod tearDownTest -->
  <testcase classname="dsAlgoHooks.Hooks" name="@BeforeMethod setup" time="-1.738787518542E9">
    <skipped/>
  </testcase> <!-- @BeforeMethod setup -->
  <testcase classname="dsAlgoTests.GraphTest" name="@BeforeMethod navigateGraphPage" time="-1.738787518542E9">
    <skipped/>
  </testcase> <!-- @BeforeMethod navigateGraphPage -->
  <testcase classname="dsAlgoHooks.Hooks" name="@AfterMethod tearDownTest" time="-1.738787518546E9">
    <skipped/>
  </testcase> <!-- @AfterMethod tearDownTest -->
  <testcase classname="dsAlgoHooks.Hooks" name="@BeforeMethod setup" time="-1.738787518547E9">
    <skipped/>
  </testcase> <!-- @BeforeMethod setup -->
  <testcase classname="dsAlgoTests.GraphTest" name="@BeforeMethod navigateGraphPage" time="-1.738787518547E9">
    <skipped/>
  </testcase> <!-- @BeforeMethod navigateGraphPage -->
  <testcase classname="dsAlgoHooks.Hooks" name="@AfterMethod tearDownTest" time="-1.73878751855E9">
    <skipped/>
  </testcase> <!-- @AfterMethod tearDownTest -->
  <testcase classname="dsAlgoHooks.Hooks" name="@BeforeMethod setup" time="-1.738787518551E9">
    <skipped/>
  </testcase> <!-- @BeforeMethod setup -->
  <testcase classname="dsAlgoTests.GraphTest" name="@BeforeMethod navigateGraphPage" time="-1.738787518552E9">
    <skipped/>
  </testcase> <!-- @BeforeMethod navigateGraphPage -->
  <testcase classname="dsAlgoHooks.Hooks" name="@AfterMethod tearDownTest" time="-1.738787518555E9">
    <skipped/>
  </testcase> <!-- @AfterMethod tearDownTest -->
  <testcase classname="dsAlgoHooks.Hooks" name="@BeforeMethod setup" time="-1.738787518556E9">
    <skipped/>
  </testcase> <!-- @BeforeMethod setup -->
[...]
  <testcase classname="dsAlgoTests.GraphTest" name="verifyCodeExecutionforGraphRepresentationPage" time="0.0">
    <skipped/>
  </testcase> <!-- verifyCodeExecutionforGraphRepresentationPage -->
  <testcase classname="dsAlgoTests.GraphTest" name="verifyCodeExecutionforGraphRepresentationPage" time="0.0">
    <skipped/>
  </testcase> <!-- verifyCodeExecutionforGraphRepresentationPage -->
  <testcase classname="dsAlgoTests.GraphTest" name="verifyCodeExecutionforGraphRepresentationPage" time="0.0">
    <skipped/>
  </testcase> <!-- verifyCodeExecutionforGraphRepresentationPage -->
  <testcase classname="dsAlgoTests.GraphTest" name="verifyCodeExecutionforGraphRepresentationPage" time="0.0">
    <skipped/>
  </testcase> <!-- verifyCodeExecutionforGraphRepresentationPage -->
  <testcase classname="dsAlgoTests.GraphTest" name="verifyCodeExecutionforGraphRepresentationPage" time="0.0">
    <skipped/>
  </testcase> <!-- verifyCodeExecutionforGraphRepresentationPage -->
  <testcase classname="dsAlgoTests.GraphTest" name="verifyCodeExecutionforGraphRepresentationPage" time="0.0">
    <skipped/>
  </testcase> <!-- verifyCodeExecutionforGraphRepresentationPage -->
  <testcase classname="dsAlgoTests.GraphTest" name="verifyCodeExecutionforGraphRepresentationPage" time="0.0">
    <skipped/>
  </testcase> <!-- verifyCodeExecutionforGraphRepresentationPage -->
  <testcase classname="dsAlgoTests.GraphTest" name="verifyCodeExecutionforGraphRepresentationPage" time="0.0">
    <skipped/>
  </testcase> <!-- verifyCodeExecutionforGraphRepresentationPage -->
  <testcase classname="dsAlgoTests.GraphTest" name="verifyCodeExecutionforGraphRepresentationPage" time="0.0">
    <skipped/>
  </testcase> <!-- verifyCodeExecutionforGraphRepresentationPage -->
  <testcase classname="dsAlgoTests.GraphTest" name="verifyCodeExecutionforGraphRepresentationPage" time="0.0">
    <skipped/>
  </testcase> <!-- verifyCodeExecutionforGraphRepresentationPage -->
  <testcase classname="dsAlgoTests.GraphTest" name="verifyCodeExecutionforGraphRepresentationPage" time="0.0">
    <skipped/>
  </testcase> <!-- verifyCodeExecutionforGraphRepresentationPage -->
  <testcase classname="dsAlgoTests.GraphTest" name="verifyCodeExecutionforGraphRepresentationPage" time="0.0">
    <skipped/>
  </testcase> <!-- verifyCodeExecutionforGraphRepresentationPage -->
  <testcase classname="dsAlgoTests.GraphTest" name="verifyCodeExecutionforGraphRepresentationPage" time="0.0">
    <skipped/>
  </testcase> <!-- verifyCodeExecutionforGraphRepresentationPage -->
  <testcase classname="dsAlgoTests.GraphTest" name="verifyCodeExecutionforGraphRepresentationPage" time="0.0">
    <skipped/>
  </testcase> <!-- verifyCodeExecutionforGraphRepresentationPage -->
  <testcase classname="dsAlgoTests.GraphTest" name="verifyCodeExecutionforGraphRepresentationPage" time="0.0">
    <skipped/>
  </testcase> <!-- verifyCodeExecutionforGraphRepresentationPage -->
  <testcase classname="dsAlgoTests.GraphTest" name="verifyCodeExecutionforGraphRepresentationPage" time="0.0">
    <skipped/>
  </testcase> <!-- verifyCodeExecutionforGraphRepresentationPage -->
  <testcase classname="dsAlgoTests.GraphTest" name="verifyCodeExecutionforGraphRepresentationPage" time="0.0">
    <skipped/>
  </testcase> <!-- verifyCodeExecutionforGraphRepresentationPage -->
  <testcase classname="dsAlgoTests.GraphTest" name="verifyCodeExecutionforGraphRepresentationPage" time="0.0">
    <skipped/>
  </testcase> <!-- verifyCodeExecutionforGraphRepresentationPage -->
  <testcase classname="dsAlgoTests.GraphTest" name="verifyCodeExecutionforGraphRepresentationPage" time="0.0">
    <skipped/>
  </testcase> <!-- verifyCodeExecutionforGraphRepresentationPage -->
  <testcase classname="dsAlgoTests.GraphTest" name="verifyCodeExecutionforGraphRepresentationPage" time="0.0">
    <skipped/>
  </testcase> <!-- verifyCodeExecutionforGraphRepresentationPage -->
  <testcase classname="dsAlgoTests.GraphTest" name="verifyCodeExecutionforGraphRepresentationPage" time="0.0">
    <skipped/>
  </testcase> <!-- verifyCodeExecutionforGraphRepresentationPage -->
  <testcase classname="dsAlgoTests.GraphTest" name="verifyCodeExecutionforGraphRepresentationPage" time="0.0">
    <skipped/>
  </testcase> <!-- verifyCodeExecutionforGraphRepresentationPage -->
  <testcase classname="dsAlgoTests.GraphTest" name="verifyCodeExecutionforGraphRepresentationPage" time="0.0">
    <skipped/>
  </testcase> <!-- verifyCodeExecutionforGraphRepresentationPage -->
  <testcase classname="dsAlgoTests.GraphTest" name="verifyCodeExecutionforGraphRepresentationPage" time="0.0">
    <skipped/>
  </testcase> <!-- verifyCodeExecutionforGraphRepresentationPage -->
  <testcase classname="dsAlgoTests.GraphTest" name="verifyCodeExecutionforGraphRepresentationPage" time="0.0">
    <skipped/>
  </testcase> <!-- verifyCodeExecutionforGraphRepresentationPage -->
  <testcase classname="dsAlgoTests.GraphTest" name="verifyCodeExecutionforGraphRepresentationPage" time="0.0">
    <skipped/>
  </testcase> <!-- verifyCodeExecutionforGraphRepresentationPage -->
  <testcase classname="dsAlgoTests.GraphTest" name="verifyCodeExecutionforGraphRepresentationPage" time="0.0">
    <skipped/>
  </testcase> <!-- verifyCodeExecutionforGraphRepresentationPage -->
  <testcase classname="dsAlgoTests.GraphTest" name="verifyCodeExecutionforGraphRepresentationPage" time="0.0">
    <skipped/>
  </testcase> <!-- verifyCodeExecutionforGraphRepresentationPage -->
  <testcase classname="dsAlgoTests.GraphTest" name="verifyCodeExecutionforGraphRepresentationPage" time="0.0">
    <skipped/>
  </testcase> <!-- verifyCodeExecutionforGraphRepresentationPage -->
  <testcase classname="dsAlgoTests.GraphTest" name="verifyCodeExecutionforGraphRepresentationPage" time="0.0">
    <skipped/>
  </testcase> <!-- verifyCodeExecutionforGraphRepresentationPage -->
  <testcase classname="dsAlgoTests.GraphTest" name="verifyCodeExecutionforGraphRepresentationPage" time="0.0">
    <skipped/>
  </testcase> <!-- verifyCodeExecutionforGraphRepresentationPage -->
  <testcase classname="dsAlgoTests.GraphTest" name="verifyCodeExecutionforGraphRepresentationPage" time="0.0">
    <skipped/>
  </testcase> <!-- verifyCodeExecutionforGraphRepresentationPage -->
  <testcase classname="dsAlgoTests.GraphTest" name="verifyCodeExecutionforGraphRepresentationPage" time="0.0">
    <skipped/>
  </testcase> <!-- verifyCodeExecutionforGraphRepresentationPage -->
  <testcase classname="dsAlgoTests.GraphTest" name="verifyCodeExecutionforGraphRepresentationPage" time="0.0">
    <skipped/>
  </testcase> <!-- verifyCodeExecutionforGraphRepresentationPage -->
  <testcase classname="dsAlgoTests.GraphTest" name="verifyCodeExecutionforGraphRepresentationPage" time="0.0">
    <skipped/>
  </testcase> <!-- verifyCodeExecutionforGraphRepresentationPage -->
  <testcase classname="dsAlgoTests.GraphTest" name="verifyCodeExecutionforGraphRepresentationPage" time="0.0">
    <skipped/>
  </testcase> <!-- verifyCodeExecutionforGraphRepresentationPage -->
  <testcase classname="dsAlgoTests.GraphTest" name="verifyCodeExecutionforGraphRepresentationPage" time="0.0">
    <skipped/>
  </testcase> <!-- verifyCodeExecutionforGraphRepresentationPage -->
  <testcase classname="dsAlgoTests.GraphTest" name="verifyCodeExecutionforGraphRepresentationPage" time="0.0">
    <skipped/>
  </testcase> <!-- verifyCodeExecutionforGraphRepresentationPage -->
  <testcase classname="dsAlgoTests.GraphTest" name="verifyCodeExecutionforGraphRepresentationPage" time="0.0">
    <skipped/>
  </testcase> <!-- verifyCodeExecutionforGraphRepresentationPage -->
  <testcase classname="dsAlgoTests.GraphTest" name="verifyCodeExecutionforGraphRepresentationPage" time="0.0">
    <skipped/>
  </testcase> <!-- verifyCodeExecutionforGraphRepresentationPage -->
  <testcase classname="dsAlgoTests.GraphTest" name="verifyCodeExecutionforGraphRepresentationPage" time="0.0">
    <skipped/>
  </testcase> <!-- verifyCodeExecutionforGraphRepresentationPage -->
  <testcase classname="dsAlgoTests.GraphTest" name="verifyCodeExecutionforGraphRepresentationPage" time="0.0">
    <skipped/>
  </testcase> <!-- verifyCodeExecutionforGraphRepresentationPage -->
  <testcase classname="dsAlgoTests.GraphTest" name="verifyCodeExecutionforGraphRepresentationPage" time="0.0">
    <skipped/>
  </testcase> <!-- verifyCodeExecutionforGraphRepresentationPage -->
  <testcase classname="dsAlgoTests.GraphTest" name="verifyCodeExecutionforGraphRepresentationPage" time="0.0">
    <skipped/>
  </testcase> <!-- verifyCodeExecutionforGraphRepresentationPage -->
  <testcase classname="dsAlgoTests.GraphTest" name="verifyCodeExecutionforGraphRepresentationPage" time="0.0">
    <skipped/>
  </testcase> <!-- verifyCodeExecutionforGraphRepresentationPage -->
  <testcase classname="dsAlgoTests.GraphTest" name="verifyCodeExecutionforGraphRepresentationPage" time="0.0">
    <skipped/>
  </testcase> <!-- verifyCodeExecutionforGraphRepresentationPage -->
  <testcase classname="dsAlgoTests.GraphTest" name="verifyCodeExecutionforGraphRepresentationPage" time="0.0">
    <skipped/>
  </testcase> <!-- verifyCodeExecutionforGraphRepresentationPage -->
  <testcase classname="dsAlgoTests.GraphTest" name="verifyCodeExecutionforGraphRepresentationPage" time="0.0">
    <skipped/>
  </testcase> <!-- verifyCodeExecutionforGraphRepresentationPage -->
  <testcase classname="dsAlgoTests.GraphTest" name="verifyCodeExecutionforGraphRepresentationPage" time="0.0">
    <skipped/>
  </testcase> <!-- verifyCodeExecutionforGraphRepresentationPage -->
  <testcase classname="dsAlgoTests.GraphTest" name="verifyCodeExecutionforGraphRepresentationPage" time="0.0">
    <skipped/>
  </testcase> <!-- verifyCodeExecutionforGraphRepresentationPage -->
  <testcase classname="dsAlgoTests.GraphTest" name="verifyCodeExecutionforGraphRepresentationPage" time="0.0">
    <skipped/>
  </testcase> <!-- verifyCodeExecutionforGraphRepresentationPage -->
  <testcase classname="dsAlgoTests.GraphTest" name="verifyCodeExecutionforGraphRepresentationPage" time="0.0">
    <skipped/>
  </testcase> <!-- verifyCodeExecutionforGraphRepresentationPage -->
  <testcase classname="dsAlgoTests.GraphTest" name="verifyCodeExecutionforGraphRepresentationPage" time="0.0">
    <skipped/>
  </testcase> <!-- verifyCodeExecutionforGraphRepresentationPage -->
  <testcase classname="dsAlgoTests.GraphTest" name="verifyCodeExecutionforGraphRepresentationPage" time="0.0">
    <skipped/>
  </testcase> <!-- verifyCodeExecutionforGraphRepresentationPage -->
  <testcase classname="dsAlgoTests.GraphTest" name="verifyCodeExecutionforGraphRepresentationPage" time="0.0">
    <skipped/>
  </testcase> <!-- verifyCodeExecutionforGraphRepresentationPage -->
  <testcase classname="dsAlgoTests.GraphTest" name="verifyCodeExecutionforGraphRepresentationPage" time="0.0">
    <skipped/>
  </testcase> <!-- verifyCodeExecutionforGraphRepresentationPage -->
  <testcase classname="dsAlgoTests.GraphTest" name="verifyCodeExecutionforGraphRepresentationPage" time="0.0">
    <skipped/>
  </testcase> <!-- verifyCodeExecutionforGraphRepresentationPage -->
  <testcase classname="dsAlgoTests.GraphTest" name="verifyCodeExecutionforGraphRepresentationPage" time="0.0">
    <skipped/>
  </testcase> <!-- verifyCodeExecutionforGraphRepresentationPage -->
  <testcase classname="dsAlgoTests.GraphTest" name="verifyCodeExecutionforGraphRepresentationPage" time="0.0">
    <skipped/>
  </testcase> <!-- verifyCodeExecutionforGraphRepresentationPage -->
  <testcase classname="dsAlgoTests.GraphTest" name="verifyCodeExecutionforGraphRepresentationPage" time="0.0">
    <skipped/>
  </testcase> <!-- verifyCodeExecutionforGraphRepresentationPage -->
  <testcase classname="dsAlgoTests.GraphTest" name="verifyCodeExecutionforGraphRepresentationPage" time="0.0">
    <skipped/>
  </testcase> <!-- verifyCodeExecutionforGraphRepresentationPage -->
  <testcase classname="dsAlgoTests.GraphTest" name="verifyCodeExecutionforGraphRepresentationPage" time="0.0">
    <skipped/>
  </testcase> <!-- verifyCodeExecutionforGraphRepresentationPage -->
  <testcase classname="dsAlgoTests.GraphTest" name="verifyCodeExecutionforGraphRepresentationPage" time="0.0">
    <skipped/>
  </testcase> <!-- verifyCodeExecutionforGraphRepresentationPage -->
  <testcase classname="dsAlgoTests.GraphTest" name="verifyCodeExecutionforGraphRepresentationPage" time="0.0">
    <skipped/>
  </testcase> <!-- verifyCodeExecutionforGraphRepresentationPage -->
  <testcase classname="dsAlgoTests.GraphTest" name="verifyCodeExecutionforGraphRepresentationPage" time="0.0">
    <skipped/>
  </testcase> <!-- verifyCodeExecutionforGraphRepresentationPage -->
  <testcase classname="dsAlgoTests.GraphTest" name="verifyCodeExecutionforGraphRepresentationPage" time="0.0">
    <skipped/>
  </testcase> <!-- verifyCodeExecutionforGraphRepresentationPage -->
  <testcase classname="dsAlgoTests.GraphTest" name="verifyCodeExecutionforGraphRepresentationPage" time="0.0">
    <skipped/>
  </testcase> <!-- verifyCodeExecutionforGraphRepresentationPage -->
  <testcase classname="dsAlgoTests.GraphTest" name="verifyCodeExecutionforGraphRepresentationPage" time="0.0">
    <skipped/>
  </testcase> <!-- verifyCodeExecutionforGraphRepresentationPage -->
  <testcase classname="dsAlgoTests.GraphTest" name="verifyCodeExecutionforGraphRepresentationPage" time="0.0">
    <skipped/>
  </testcase> <!-- verifyCodeExecutionforGraphRepresentationPage -->
  <testcase classname="dsAlgoTests.GraphTest" name="verifyCodeExecutionforGraphRepresentationPage" time="0.0">
    <skipped/>
  </testcase> <!-- verifyCodeExecutionforGraphRepresentationPage -->
  <testcase classname="dsAlgoTests.GraphTest" name="verifyCodeExecutionforGraphRepresentationPage" time="0.0">
    <skipped/>
  </testcase> <!-- verifyCodeExecutionforGraphRepresentationPage -->
  <testcase classname="dsAlgoTests.GraphTest" name="verifyCodeExecutionforGraphRepresentationPage" time="0.0">
    <skipped/>
  </testcase> <!-- verifyCodeExecutionforGraphRepresentationPage -->
  <testcase classname="dsAlgoTests.GraphTest" name="verifyCodeExecutionforGraphRepresentationPage" time="0.0">
    <skipped/>
  </testcase> <!-- verifyCodeExecutionforGraphRepresentationPage -->
  <testcase classname="dsAlgoTests.GraphTest" name="verifyCodeExecutionforGraphRepresentationPage" time="0.0">
    <skipped/>
  </testcase> <!-- verifyCodeExecutionforGraphRepresentationPage -->
  <testcase classname="dsAlgoTests.GraphTest" name="verifyCodeExecutionforGraphRepresentationPage" time="0.0">
    <skipped/>
  </testcase> <!-- verifyCodeExecutionforGraphRepresentationPage -->
  <testcase classname="dsAlgoTests.GraphTest" name="verifyCodeExecutionforGraphRepresentationPage" time="0.0">
    <skipped/>
  </testcase> <!-- verifyCodeExecutionforGraphRepresentationPage -->
  <testcase classname="dsAlgoTests.GraphTest" name="verifyCodeExecutionforGraphRepresentationPage" time="0.0">
    <skipped/>
  </testcase> <!-- verifyCodeExecutionforGraphRepresentationPage -->
  <testcase classname="dsAlgoTests.GraphTest" name="verifyCodeExecutionforGraphRepresentationPage" time="0.0">
    <skipped/>
  </testcase> <!-- verifyCodeExecutionforGraphRepresentationPage -->
  <testcase classname="dsAlgoTests.GraphTest" name="verifyCodeExecutionforGraphRepresentationPage" time="0.0">
    <skipped/>
  </testcase> <!-- verifyCodeExecutionforGraphRepresentationPage -->
  <testcase classname="dsAlgoTests.GraphTest" name="verifyCodeExecutionforGraphRepresentationPage" time="0.0">
    <skipped/>
  </testcase> <!-- verifyCodeExecutionforGraphRepresentationPage -->
  <testcase classname="dsAlgoTests.GraphTest" name="verifyCodeExecutionforGraphRepresentationPage" time="0.0">
    <skipped/>
  </testcase> <!-- verifyCodeExecutionforGraphRepresentationPage -->
  <testcase classname="dsAlgoTests.GraphTest" name="verifyCodeExecutionforGraphRepresentationPage" time="0.0">
    <skipped/>
  </testcase> <!-- verifyCodeExecutionforGraphRepresentationPage -->
  <testcase classname="dsAlgoTests.GraphTest" name="verifyCodeExecutionforGraphRepresentationPage" time="0.0">
    <skipped/>
  </testcase> <!-- verifyCodeExecutionforGraphRepresentationPage -->
  <testcase classname="dsAlgoTests.GraphTest" name="verifyCodeExecutionforGraphRepresentationPage" time="0.0">
    <skipped/>
  </testcase> <!-- verifyCodeExecutionforGraphRepresentationPage -->
  <testcase classname="dsAlgoTests.GraphTest" name="verifyCodeExecutionforGraphRepresentationPage" time="0.0">
    <skipped/>
  </testcase> <!-- verifyCodeExecutionforGraphRepresentationPage -->
  <testcase classname="dsAlgoTests.GraphTest" name="verifyCodeExecutionforGraphRepresentationPage" time="0.0">
    <skipped/>
  </testcase> <!-- verifyCodeExecutionforGraphRepresentationPage -->
  <testcase classname="dsAlgoTests.GraphTest" name="verifyCodeExecutionforGraphRepresentationPage" time="0.0">
    <skipped/>
  </testcase> <!-- verifyCodeExecutionforGraphRepresentationPage -->
  <testcase classname="dsAlgoTests.GraphTest" name="verifyCodeExecutionforGraphRepresentationPage" time="0.0">
    <skipped/>
  </testcase> <!-- verifyCodeExecutionforGraphRepresentationPage -->
  <testcase classname="dsAlgoTests.GraphTest" name="verifyCodeExecutionforGraphRepresentationPage" time="0.0">
    <skipped/>
  </testcase> <!-- verifyCodeExecutionforGraphRepresentationPage -->
  <testcase classname="dsAlgoTests.GraphTest" name="verifyCodeExecutionforGraphRepresentationPage" time="0.0">
    <skipped/>
  </testcase> <!-- verifyCodeExecutionforGraphRepresentationPage -->
  <testcase classname="dsAlgoTests.GraphTest" name="verifyCodeExecutionforGraphRepresentationPage" time="0.0">
    <skipped/>
  </testcase> <!-- verifyCodeExecutionforGraphRepresentationPage -->
  <testcase classname="dsAlgoTests.GraphTest" name="verifyCodeExecutionforGraphRepresentationPage" time="0.0">
    <skipped/>
  </testcase> <!-- verifyCodeExecutionforGraphRepresentationPage -->
  <testcase classname="dsAlgoTests.GraphTest" name="checkErrorMessageWhenExecutingWithoutCodeInGraphPage" time="0.0">
    <ignored/>
  </testcase> <!-- checkErrorMessageWhenExecutingWithoutCodeInGraphPage -->
  <testcase classname="dsAlgoTests.GraphTest" name="navigateToGraphPracticeQuestions" time="0.0">
    <ignored/>
  </testcase> <!-- navigateToGraphPracticeQuestions -->
  <testcase classname="dsAlgoTests.GraphTest" name="navigatetoGraphRepresentation" time="0.0">
    <ignored/>
  </testcase> <!-- navigatetoGraphRepresentation -->
  <testcase classname="dsAlgoTests.GraphTest" name="navigateToGraphRepresentationPracticeQuestions" time="0.0">
    <ignored/>
  </testcase> <!-- navigateToGraphRepresentationPracticeQuestions -->
  <testcase classname="dsAlgoTests.GraphTest" name="checkErrorMessageWhenExecutingWithoutCodeInGraphReprePage" time="0.0">
    <ignored/>
  </testcase> <!-- checkErrorMessageWhenExecutingWithoutCodeInGraphReprePage -->
  <testcase classname="dsAlgoTests.GraphTest" name="verifyCodeExecutionforGraphPage" time="0.0">
    <ignored/>
  </testcase> <!-- verifyCodeExecutionforGraphPage -->
  <testcase classname="dsAlgoTests.GraphTest" name="navigatetoGraphModule" time="0.0">
    <ignored/>
  </testcase> <!-- navigatetoGraphModule -->
  <testcase classname="dsAlgoTests.GraphTest" name="seeListOfPracticeQuestionsonGraphReprePage" time="0.0">
    <ignored/>
  </testcase> <!-- seeListOfPracticeQuestionsonGraphReprePage -->
  <testcase classname="dsAlgoTests.GraphTest" name="navigatetoGraphRepresentationtryeditor" time="0.0">
    <ignored/>
  </testcase> <!-- navigatetoGraphRepresentationtryeditor -->
  <testcase classname="dsAlgoTests.GraphTest" name="navigatetoGraphModuletryeditor" time="0.0">
    <ignored/>
  </testcase> <!-- navigatetoGraphModuletryeditor -->
  <testcase classname="dsAlgoTests.GraphTest" name="seeListOfPracticeQuestionsonGraphPage" time="0.0">
    <ignored/>
  </testcase> <!-- seeListOfPracticeQuestionsonGraphPage -->
</testsuite> <!-- Default test -->
