<?xml version="1.0" encoding="UTF-8"?>
<testng-results ignored="11" total="13" passed="2" failed="0" skipped="0">
  <reporter-output>
  </reporter-output>
  <suite started-at="2025-02-18T08:34:30 CST" name="Default suite" finished-at="2025-02-18T08:34:40 CST" duration-ms="10129">
    <groups>
    </groups>
    <test started-at="2025-02-18T08:34:30 CST" name="Default test" finished-at="2025-02-18T08:34:40 CST" duration-ms="10129">
      <class name="dsAlgoTests.GraphTest">
        <test-method is-config="true" signature="setupSuite()[pri:0, instance:dsAlgoTests.GraphTest@5c86dbc5]" started-at="2025-02-18T08:34:30 CST" name="setupSuite" finished-at="2025-02-18T08:34:30 CST" duration-ms="11" status="PASS">
          <reporter-output>
          </reporter-output>
        </test-method> <!-- setupSuite -->
        <test-method is-config="true" signature="setup(java.lang.String)[pri:0, instance:dsAlgoTests.GraphTest@5c86dbc5]" started-at="2025-02-18T08:34:31 CST" name="setup" finished-at="2025-02-18T08:34:32 CST" duration-ms="1624" status="PASS">
          <params>
            <param index="0">
              <value>
                <![CDATA[]]>
              </value>
            </param>
          </params>
          <reporter-output>
          </reporter-output>
        </test-method> <!-- setup -->
        <test-method is-config="true" signature="navigateGraphPage()[pri:0, instance:dsAlgoTests.GraphTest@5c86dbc5]" started-at="2025-02-18T08:34:32 CST" name="navigateGraphPage" finished-at="2025-02-18T08:34:34 CST" duration-ms="1523" status="PASS">
          <reporter-output>
          </reporter-output>
        </test-method> <!-- navigateGraphPage -->
        <test-method signature="verifyCodeExecutionforGraphRepresentationPage(java.lang.String,java.lang.String)[pri:12, instance:dsAlgoTests.GraphTest@5c86dbc5]" started-at="2025-02-18T08:34:34 CST" name="verifyCodeExecutionforGraphRepresentationPage" data-provider="codeExecutionData" finished-at="2025-02-18T08:34:35 CST" duration-ms="1482" status="PASS">
          <params>
            <param index="0">
              <value>
                <![CDATA[print  "hello"]]>
              </value>
            </param>
            <param index="1">
              <value>
                <![CDATA[hello]]>
              </value>
            </param>
          </params>
          <reporter-output>
          </reporter-output>
        </test-method> <!-- verifyCodeExecutionforGraphRepresentationPage -->
        <test-method is-config="true" signature="tearDownTest(org.testng.ITestResult)[pri:0, instance:dsAlgoTests.GraphTest@5c86dbc5]" started-at="2025-02-18T08:34:35 CST" name="tearDownTest" finished-at="2025-02-18T08:34:36 CST" duration-ms="180" status="PASS">
          <params>
            <param index="0">
              <value>
                <![CDATA[[TestResult name=verifyCodeExecutionforGraphRepresentationPage status=SUCCESS method=GraphTest.verifyCodeExecutionforGraphRepresentationPage(java.lang.String,java.lang.String)[pri:12, instance:dsAlgoTests.GraphTest@5c86dbc5] output={null}]]]>
              </value>
            </param>
          </params>
          <reporter-output>
          </reporter-output>
        </test-method> <!-- tearDownTest -->
        <test-method is-config="true" signature="setup(java.lang.String)[pri:0, instance:dsAlgoTests.GraphTest@5c86dbc5]" started-at="2025-02-18T08:34:36 CST" name="setup" finished-at="2025-02-18T08:34:37 CST" duration-ms="1419" status="PASS">
          <params>
            <param index="0">
              <value>
                <![CDATA[]]>
              </value>
            </param>
          </params>
          <reporter-output>
          </reporter-output>
        </test-method> <!-- setup -->
        <test-method is-config="true" signature="navigateGraphPage()[pri:0, instance:dsAlgoTests.GraphTest@5c86dbc5]" started-at="2025-02-18T08:34:37 CST" name="navigateGraphPage" finished-at="2025-02-18T08:34:39 CST" duration-ms="1614" status="PASS">
          <reporter-output>
          </reporter-output>
        </test-method> <!-- navigateGraphPage -->
        <test-method signature="verifyCodeExecutionforGraphRepresentationPage(java.lang.String,java.lang.String)[pri:12, instance:dsAlgoTests.GraphTest@5c86dbc5]" started-at="2025-02-18T08:34:39 CST" name="verifyCodeExecutionforGraphRepresentationPage" data-provider="codeExecutionData" finished-at="2025-02-18T08:34:40 CST" duration-ms="1370" status="PASS">
          <params>
            <param index="0">
              <value>
                <![CDATA[invalid]]>
              </value>
            </param>
            <param index="1">
              <value>
                <![CDATA[NameError: name 'invalid' is not defined on line 1]]>
              </value>
            </param>
          </params>
          <reporter-output>
          </reporter-output>
        </test-method> <!-- verifyCodeExecutionforGraphRepresentationPage -->
        <test-method is-config="true" signature="tearDownTest(org.testng.ITestResult)[pri:0, instance:dsAlgoTests.GraphTest@5c86dbc5]" started-at="2025-02-18T08:34:40 CST" name="tearDownTest" finished-at="2025-02-18T08:34:40 CST" duration-ms="155" status="PASS">
          <params>
            <param index="0">
              <value>
                <![CDATA[[TestResult name=verifyCodeExecutionforGraphRepresentationPage status=SUCCESS method=GraphTest.verifyCodeExecutionforGraphRepresentationPage(java.lang.String,java.lang.String)[pri:12, instance:dsAlgoTests.GraphTest@5c86dbc5] output={null}]]]>
              </value>
            </param>
          </params>
          <reporter-output>
          </reporter-output>
        </test-method> <!-- tearDownTest -->
      </class> <!-- dsAlgoTests.GraphTest -->
    </test> <!-- Default test -->
  </suite> <!-- Default suite -->
</testng-results>
