<?xml version="1.0" encoding="UTF-8"?>
<testng-results retried="6" ignored="0" total="13" passed="5" failed="2" skipped="0">
  <reporter-output>
  </reporter-output>
  <suite started-at="2025-02-14T01:17:04 IST" name="CrossBrowserSuite" finished-at="2025-02-14T01:18:57 IST" duration-ms="112431">
    <groups>
    </groups>
    <test started-at="2025-02-14T01:17:04 IST" name="ChromeTest" finished-at="2025-02-14T01:18:57 IST" duration-ms="112431">
      <class name="dsAlgoTests.DataStructureTest">
        <test-method is-config="true" signature="setupSuite()[pri:0, instance:dsAlgoTests.DataStructureTest@fd07cbb]" started-at="2025-02-14T01:17:04 IST" name="setupSuite" finished-at="2025-02-14T01:17:04 IST" duration-ms="18" status="PASS">
          <reporter-output>
          </reporter-output>
        </test-method> <!-- setupSuite -->
        <test-method is-config="true" signature="setup(java.lang.String)[pri:0, instance:dsAlgoTests.DataStructureTest@fd07cbb]" started-at="2025-02-14T01:17:04 IST" name="setup" finished-at="2025-02-14T01:17:14 IST" duration-ms="9888" status="PASS">
          <params>
            <param index="0">
              <value>
                <![CDATA[chrome]]>
              </value>
            </param>
          </params>
          <reporter-output>
          </reporter-output>
        </test-method> <!-- setup -->
        <test-method is-config="true" signature="DataStructureIntroductionPage()[pri:0, instance:dsAlgoTests.DataStructureTest@fd07cbb]" started-at="2025-02-14T01:17:14 IST" name="DataStructureIntroductionPage" finished-at="2025-02-14T01:17:17 IST" duration-ms="3349" status="PASS">
          <reporter-output>
          </reporter-output>
        </test-method> <!-- DataStructureIntroductionPage -->
        <test-method retried="true" signature="checkErrorMessageWhenExecutingWithoutCodeInDataStructureIntroductionPage()[pri:0, instance:dsAlgoTests.DataStructureTest@fd07cbb]" started-at="2025-02-14T01:17:17 IST" name="checkErrorMessageWhenExecutingWithoutCodeInDataStructureIntroductionPage" finished-at="2025-02-14T01:17:19 IST" duration-ms="1627" status="SKIP">
          <exception class="java.lang.AssertionError">
            <message>
              <![CDATA[Test failed: Expected an error message when clicking the 'Run' button without entering code, but no message was displayed.]]>
            </message>
            <full-stacktrace>
              <![CDATA[java.lang.AssertionError: Test failed: Expected an error message when clicking the 'Run' button without entering code, but no message was displayed.
at org.testng.Assert.fail(Assert.java:99)
at dsAlgoTests.DataStructureTest.checkErrorMessageWhenExecutingWithoutCodeInDataStructureIntroductionPage(DataStructureTest.java:85)
at java.base/jdk.internal.reflect.DirectMethodHandleAccessor.invoke(DirectMethodHandleAccessor.java:103)
at java.base/java.lang.reflect.Method.invoke(Method.java:580)
at org.testng.internal.MethodInvocationHelper.invokeMethod(MethodInvocationHelper.java:133)
at org.testng.internal.TestInvoker.invokeMethod(TestInvoker.java:598)
at org.testng.internal.TestInvoker.invokeTestMethod(TestInvoker.java:173)
at org.testng.internal.MethodRunner.runInSequence(MethodRunner.java:46)
at org.testng.internal.TestInvoker$MethodInvocationAgent.invoke(TestInvoker.java:824)
at org.testng.internal.TestInvoker.invokeTestMethods(TestInvoker.java:146)
at org.testng.internal.TestMethodWorker.invokeTestMethods(TestMethodWorker.java:146)
at org.testng.internal.TestMethodWorker.run(TestMethodWorker.java:128)
at java.base/java.util.ArrayList.forEach(ArrayList.java:1597)
at org.testng.TestRunner.privateRun(TestRunner.java:794)
at org.testng.TestRunner.run(TestRunner.java:596)
at org.testng.SuiteRunner.runTest(SuiteRunner.java:377)
at org.testng.SuiteRunner.access$000(SuiteRunner.java:28)
at org.testng.SuiteRunner$SuiteWorker.run(SuiteRunner.java:418)
at org.testng.internal.thread.ThreadUtil.lambda$execute$0(ThreadUtil.java:64)
at java.base/java.util.concurrent.FutureTask.run(FutureTask.java:317)
at java.base/java.util.concurrent.ThreadPoolExecutor.runWorker(ThreadPoolExecutor.java:1144)
at java.base/java.util.concurrent.ThreadPoolExecutor$Worker.run(ThreadPoolExecutor.java:642)
at java.base/java.lang.Thread.run(Thread.java:1575)
]]>
            </full-stacktrace>
          </exception> <!-- java.lang.AssertionError -->
          <reporter-output>
          </reporter-output>
        </test-method> <!-- checkErrorMessageWhenExecutingWithoutCodeInDataStructureIntroductionPage -->
        <test-method is-config="true" signature="tearDownTest(org.testng.ITestResult)[pri:0, instance:dsAlgoTests.DataStructureTest@fd07cbb]" started-at="2025-02-14T01:17:19 IST" name="tearDownTest" finished-at="2025-02-14T01:17:21 IST" duration-ms="1453" status="PASS">
          <params>
            <param index="0">
              <value>
                <![CDATA[[TestResult name=checkErrorMessageWhenExecutingWithoutCodeInDataStructureIntroductionPage status=SKIP method=DataStructureTest.checkErrorMessageWhenExecutingWithoutCodeInDataStructureIntroductionPage()[pri:0, instance:dsAlgoTests.DataStructureTest@fd07cbb] output={null}]]]>
              </value>
            </param>
          </params>
          <reporter-output>
          </reporter-output>
        </test-method> <!-- tearDownTest -->
        <test-method is-config="true" signature="setup(java.lang.String)[pri:0, instance:dsAlgoTests.DataStructureTest@fd07cbb]" started-at="2025-02-14T01:17:21 IST" name="setup" finished-at="2025-02-14T01:17:24 IST" duration-ms="3568" status="PASS">
          <params>
            <param index="0">
              <value>
                <![CDATA[chrome]]>
              </value>
            </param>
          </params>
          <reporter-output>
          </reporter-output>
        </test-method> <!-- setup -->
        <test-method is-config="true" signature="DataStructureIntroductionPage()[pri:0, instance:dsAlgoTests.DataStructureTest@fd07cbb]" started-at="2025-02-14T01:17:24 IST" name="DataStructureIntroductionPage" finished-at="2025-02-14T01:17:27 IST" duration-ms="2722" status="PASS">
          <reporter-output>
          </reporter-output>
        </test-method> <!-- DataStructureIntroductionPage -->
        <test-method retried="true" signature="checkErrorMessageWhenExecutingWithoutCodeInDataStructureIntroductionPage()[pri:0, instance:dsAlgoTests.DataStructureTest@fd07cbb]" started-at="2025-02-14T01:17:27 IST" name="checkErrorMessageWhenExecutingWithoutCodeInDataStructureIntroductionPage" finished-at="2025-02-14T01:17:28 IST" duration-ms="1558" status="SKIP">
          <exception class="java.lang.AssertionError">
            <message>
              <![CDATA[Test failed: Expected an error message when clicking the 'Run' button without entering code, but no message was displayed.]]>
            </message>
            <full-stacktrace>
              <![CDATA[java.lang.AssertionError: Test failed: Expected an error message when clicking the 'Run' button without entering code, but no message was displayed.
at org.testng.Assert.fail(Assert.java:99)
at dsAlgoTests.DataStructureTest.checkErrorMessageWhenExecutingWithoutCodeInDataStructureIntroductionPage(DataStructureTest.java:85)
at java.base/jdk.internal.reflect.DirectMethodHandleAccessor.invoke(DirectMethodHandleAccessor.java:103)
at java.base/java.lang.reflect.Method.invoke(Method.java:580)
at org.testng.internal.MethodInvocationHelper.invokeMethod(MethodInvocationHelper.java:133)
at org.testng.internal.TestInvoker.invokeMethod(TestInvoker.java:598)
at org.testng.internal.TestInvoker.retryFailed(TestInvoker.java:213)
at org.testng.internal.MethodRunner.runInSequence(MethodRunner.java:58)
at org.testng.internal.TestInvoker$MethodInvocationAgent.invoke(TestInvoker.java:824)
at org.testng.internal.TestInvoker.invokeTestMethods(TestInvoker.java:146)
at org.testng.internal.TestMethodWorker.invokeTestMethods(TestMethodWorker.java:146)
at org.testng.internal.TestMethodWorker.run(TestMethodWorker.java:128)
at java.base/java.util.ArrayList.forEach(ArrayList.java:1597)
at org.testng.TestRunner.privateRun(TestRunner.java:794)
at org.testng.TestRunner.run(TestRunner.java:596)
at org.testng.SuiteRunner.runTest(SuiteRunner.java:377)
at org.testng.SuiteRunner.access$000(SuiteRunner.java:28)
at org.testng.SuiteRunner$SuiteWorker.run(SuiteRunner.java:418)
at org.testng.internal.thread.ThreadUtil.lambda$execute$0(ThreadUtil.java:64)
at java.base/java.util.concurrent.FutureTask.run(FutureTask.java:317)
at java.base/java.util.concurrent.ThreadPoolExecutor.runWorker(ThreadPoolExecutor.java:1144)
at java.base/java.util.concurrent.ThreadPoolExecutor$Worker.run(ThreadPoolExecutor.java:642)
at java.base/java.lang.Thread.run(Thread.java:1575)
]]>
            </full-stacktrace>
          </exception> <!-- java.lang.AssertionError -->
          <reporter-output>
          </reporter-output>
        </test-method> <!-- checkErrorMessageWhenExecutingWithoutCodeInDataStructureIntroductionPage -->
        <test-method is-config="true" signature="tearDownTest(org.testng.ITestResult)[pri:0, instance:dsAlgoTests.DataStructureTest@fd07cbb]" started-at="2025-02-14T01:17:28 IST" name="tearDownTest" finished-at="2025-02-14T01:17:29 IST" duration-ms="573" status="PASS">
          <params>
            <param index="0">
              <value>
                <![CDATA[[TestResult name=checkErrorMessageWhenExecutingWithoutCodeInDataStructureIntroductionPage status=SKIP method=DataStructureTest.checkErrorMessageWhenExecutingWithoutCodeInDataStructureIntroductionPage()[pri:0, instance:dsAlgoTests.DataStructureTest@fd07cbb] output={null}]]]>
              </value>
            </param>
          </params>
          <reporter-output>
          </reporter-output>
        </test-method> <!-- tearDownTest -->
        <test-method is-config="true" signature="setup(java.lang.String)[pri:0, instance:dsAlgoTests.DataStructureTest@fd07cbb]" started-at="2025-02-14T01:17:29 IST" name="setup" finished-at="2025-02-14T01:17:32 IST" duration-ms="2570" status="PASS">
          <params>
            <param index="0">
              <value>
                <![CDATA[chrome]]>
              </value>
            </param>
          </params>
          <reporter-output>
          </reporter-output>
        </test-method> <!-- setup -->
        <test-method is-config="true" signature="DataStructureIntroductionPage()[pri:0, instance:dsAlgoTests.DataStructureTest@fd07cbb]" started-at="2025-02-14T01:17:32 IST" name="DataStructureIntroductionPage" finished-at="2025-02-14T01:17:34 IST" duration-ms="2625" status="PASS">
          <reporter-output>
          </reporter-output>
        </test-method> <!-- DataStructureIntroductionPage -->
        <test-method retried="true" signature="checkErrorMessageWhenExecutingWithoutCodeInDataStructureIntroductionPage()[pri:0, instance:dsAlgoTests.DataStructureTest@fd07cbb]" started-at="2025-02-14T01:17:34 IST" name="checkErrorMessageWhenExecutingWithoutCodeInDataStructureIntroductionPage" finished-at="2025-02-14T01:17:36 IST" duration-ms="1666" status="SKIP">
          <exception class="java.lang.AssertionError">
            <message>
              <![CDATA[Test failed: Expected an error message when clicking the 'Run' button without entering code, but no message was displayed.]]>
            </message>
            <full-stacktrace>
              <![CDATA[java.lang.AssertionError: Test failed: Expected an error message when clicking the 'Run' button without entering code, but no message was displayed.
at org.testng.Assert.fail(Assert.java:99)
at dsAlgoTests.DataStructureTest.checkErrorMessageWhenExecutingWithoutCodeInDataStructureIntroductionPage(DataStructureTest.java:85)
at java.base/jdk.internal.reflect.DirectMethodHandleAccessor.invoke(DirectMethodHandleAccessor.java:103)
at java.base/java.lang.reflect.Method.invoke(Method.java:580)
at org.testng.internal.MethodInvocationHelper.invokeMethod(MethodInvocationHelper.java:133)
at org.testng.internal.TestInvoker.invokeMethod(TestInvoker.java:598)
at org.testng.internal.TestInvoker.retryFailed(TestInvoker.java:213)
at org.testng.internal.MethodRunner.runInSequence(MethodRunner.java:58)
at org.testng.internal.TestInvoker$MethodInvocationAgent.invoke(TestInvoker.java:824)
at org.testng.internal.TestInvoker.invokeTestMethods(TestInvoker.java:146)
at org.testng.internal.TestMethodWorker.invokeTestMethods(TestMethodWorker.java:146)
at org.testng.internal.TestMethodWorker.run(TestMethodWorker.java:128)
at java.base/java.util.ArrayList.forEach(ArrayList.java:1597)
at org.testng.TestRunner.privateRun(TestRunner.java:794)
at org.testng.TestRunner.run(TestRunner.java:596)
at org.testng.SuiteRunner.runTest(SuiteRunner.java:377)
at org.testng.SuiteRunner.access$000(SuiteRunner.java:28)
at org.testng.SuiteRunner$SuiteWorker.run(SuiteRunner.java:418)
at org.testng.internal.thread.ThreadUtil.lambda$execute$0(ThreadUtil.java:64)
at java.base/java.util.concurrent.FutureTask.run(FutureTask.java:317)
at java.base/java.util.concurrent.ThreadPoolExecutor.runWorker(ThreadPoolExecutor.java:1144)
at java.base/java.util.concurrent.ThreadPoolExecutor$Worker.run(ThreadPoolExecutor.java:642)
at java.base/java.lang.Thread.run(Thread.java:1575)
]]>
            </full-stacktrace>
          </exception> <!-- java.lang.AssertionError -->
          <reporter-output>
          </reporter-output>
        </test-method> <!-- checkErrorMessageWhenExecutingWithoutCodeInDataStructureIntroductionPage -->
        <test-method is-config="true" signature="tearDownTest(org.testng.ITestResult)[pri:0, instance:dsAlgoTests.DataStructureTest@fd07cbb]" started-at="2025-02-14T01:17:36 IST" name="tearDownTest" finished-at="2025-02-14T01:17:36 IST" duration-ms="488" status="PASS">
          <params>
            <param index="0">
              <value>
                <![CDATA[[TestResult name=checkErrorMessageWhenExecutingWithoutCodeInDataStructureIntroductionPage status=SKIP method=DataStructureTest.checkErrorMessageWhenExecutingWithoutCodeInDataStructureIntroductionPage()[pri:0, instance:dsAlgoTests.DataStructureTest@fd07cbb] output={null}]]]>
              </value>
            </param>
          </params>
          <reporter-output>
          </reporter-output>
        </test-method> <!-- tearDownTest -->
        <test-method is-config="true" signature="setup(java.lang.String)[pri:0, instance:dsAlgoTests.DataStructureTest@fd07cbb]" started-at="2025-02-14T01:17:36 IST" name="setup" finished-at="2025-02-14T01:17:39 IST" duration-ms="2826" status="PASS">
          <params>
            <param index="0">
              <value>
                <![CDATA[chrome]]>
              </value>
            </param>
          </params>
          <reporter-output>
          </reporter-output>
        </test-method> <!-- setup -->
        <test-method is-config="true" signature="DataStructureIntroductionPage()[pri:0, instance:dsAlgoTests.DataStructureTest@fd07cbb]" started-at="2025-02-14T01:17:39 IST" name="DataStructureIntroductionPage" finished-at="2025-02-14T01:17:42 IST" duration-ms="2979" status="PASS">
          <reporter-output>
          </reporter-output>
        </test-method> <!-- DataStructureIntroductionPage -->
        <test-method signature="checkErrorMessageWhenExecutingWithoutCodeInDataStructureIntroductionPage()[pri:0, instance:dsAlgoTests.DataStructureTest@fd07cbb]" started-at="2025-02-14T01:17:42 IST" name="checkErrorMessageWhenExecutingWithoutCodeInDataStructureIntroductionPage" finished-at="2025-02-14T01:17:44 IST" duration-ms="1736" status="FAIL">
          <exception class="java.lang.AssertionError">
            <message>
              <![CDATA[Test failed: Expected an error message when clicking the 'Run' button without entering code, but no message was displayed.]]>
            </message>
            <full-stacktrace>
              <![CDATA[java.lang.AssertionError: Test failed: Expected an error message when clicking the 'Run' button without entering code, but no message was displayed.
at org.testng.Assert.fail(Assert.java:99)
at dsAlgoTests.DataStructureTest.checkErrorMessageWhenExecutingWithoutCodeInDataStructureIntroductionPage(DataStructureTest.java:85)
at java.base/jdk.internal.reflect.DirectMethodHandleAccessor.invoke(DirectMethodHandleAccessor.java:103)
at java.base/java.lang.reflect.Method.invoke(Method.java:580)
at org.testng.internal.MethodInvocationHelper.invokeMethod(MethodInvocationHelper.java:133)
at org.testng.internal.TestInvoker.invokeMethod(TestInvoker.java:598)
at org.testng.internal.TestInvoker.retryFailed(TestInvoker.java:213)
at org.testng.internal.MethodRunner.runInSequence(MethodRunner.java:58)
at org.testng.internal.TestInvoker$MethodInvocationAgent.invoke(TestInvoker.java:824)
at org.testng.internal.TestInvoker.invokeTestMethods(TestInvoker.java:146)
at org.testng.internal.TestMethodWorker.invokeTestMethods(TestMethodWorker.java:146)
at org.testng.internal.TestMethodWorker.run(TestMethodWorker.java:128)
at java.base/java.util.ArrayList.forEach(ArrayList.java:1597)
at org.testng.TestRunner.privateRun(TestRunner.java:794)
at org.testng.TestRunner.run(TestRunner.java:596)
at org.testng.SuiteRunner.runTest(SuiteRunner.java:377)
at org.testng.SuiteRunner.access$000(SuiteRunner.java:28)
at org.testng.SuiteRunner$SuiteWorker.run(SuiteRunner.java:418)
at org.testng.internal.thread.ThreadUtil.lambda$execute$0(ThreadUtil.java:64)
at java.base/java.util.concurrent.FutureTask.run(FutureTask.java:317)
at java.base/java.util.concurrent.ThreadPoolExecutor.runWorker(ThreadPoolExecutor.java:1144)
at java.base/java.util.concurrent.ThreadPoolExecutor$Worker.run(ThreadPoolExecutor.java:642)
at java.base/java.lang.Thread.run(Thread.java:1575)
]]>
            </full-stacktrace>
          </exception> <!-- java.lang.AssertionError -->
          <reporter-output>
          </reporter-output>
        </test-method> <!-- checkErrorMessageWhenExecutingWithoutCodeInDataStructureIntroductionPage -->
        <test-method is-config="true" signature="tearDownTest(org.testng.ITestResult)[pri:0, instance:dsAlgoTests.DataStructureTest@fd07cbb]" started-at="2025-02-14T01:17:44 IST" name="tearDownTest" finished-at="2025-02-14T01:17:45 IST" duration-ms="587" status="PASS">
          <params>
            <param index="0">
              <value>
                <![CDATA[[TestResult name=checkErrorMessageWhenExecutingWithoutCodeInDataStructureIntroductionPage status=FAILURE method=DataStructureTest.checkErrorMessageWhenExecutingWithoutCodeInDataStructureIntroductionPage()[pri:0, instance:dsAlgoTests.DataStructureTest@fd07cbb] output={null}]]]>
              </value>
            </param>
          </params>
          <reporter-output>
          </reporter-output>
        </test-method> <!-- tearDownTest -->
        <test-method is-config="true" signature="setup(java.lang.String)[pri:0, instance:dsAlgoTests.DataStructureTest@fd07cbb]" started-at="2025-02-14T01:17:45 IST" name="setup" finished-at="2025-02-14T01:17:48 IST" duration-ms="3512" status="PASS">
          <params>
            <param index="0">
              <value>
                <![CDATA[chrome]]>
              </value>
            </param>
          </params>
          <reporter-output>
          </reporter-output>
        </test-method> <!-- setup -->
        <test-method is-config="true" signature="DataStructureIntroductionPage()[pri:0, instance:dsAlgoTests.DataStructureTest@fd07cbb]" started-at="2025-02-14T01:17:48 IST" name="DataStructureIntroductionPage" finished-at="2025-02-14T01:17:51 IST" duration-ms="3045" status="PASS">
          <reporter-output>
          </reporter-output>
        </test-method> <!-- DataStructureIntroductionPage -->
        <test-method signature="navigateToDataStructureIntroductionPagePracticeQuestions()[pri:0, instance:dsAlgoTests.DataStructureTest@fd07cbb]" started-at="2025-02-14T01:17:51 IST" name="navigateToDataStructureIntroductionPagePracticeQuestions" finished-at="2025-02-14T01:17:52 IST" duration-ms="1002" status="PASS">
          <reporter-output>
          </reporter-output>
        </test-method> <!-- navigateToDataStructureIntroductionPagePracticeQuestions -->
        <test-method is-config="true" signature="tearDownTest(org.testng.ITestResult)[pri:0, instance:dsAlgoTests.DataStructureTest@fd07cbb]" started-at="2025-02-14T01:17:52 IST" name="tearDownTest" finished-at="2025-02-14T01:17:53 IST" duration-ms="685" status="PASS">
          <params>
            <param index="0">
              <value>
                <![CDATA[[TestResult name=navigateToDataStructureIntroductionPagePracticeQuestions status=SUCCESS method=DataStructureTest.navigateToDataStructureIntroductionPagePracticeQuestions()[pri:0, instance:dsAlgoTests.DataStructureTest@fd07cbb] output={null}]]]>
              </value>
            </param>
          </params>
          <reporter-output>
          </reporter-output>
        </test-method> <!-- tearDownTest -->
        <test-method is-config="true" signature="setup(java.lang.String)[pri:0, instance:dsAlgoTests.DataStructureTest@fd07cbb]" started-at="2025-02-14T01:17:53 IST" name="setup" finished-at="2025-02-14T01:17:55 IST" duration-ms="2396" status="PASS">
          <params>
            <param index="0">
              <value>
                <![CDATA[chrome]]>
              </value>
            </param>
          </params>
          <reporter-output>
          </reporter-output>
        </test-method> <!-- setup -->
        <test-method is-config="true" signature="DataStructureIntroductionPage()[pri:0, instance:dsAlgoTests.DataStructureTest@fd07cbb]" started-at="2025-02-14T01:17:55 IST" name="DataStructureIntroductionPage" finished-at="2025-02-14T01:17:58 IST" duration-ms="2682" status="PASS">
          <reporter-output>
          </reporter-output>
        </test-method> <!-- DataStructureIntroductionPage -->
        <test-method signature="navigatetoTimeComplexityModule()[pri:0, instance:dsAlgoTests.DataStructureTest@fd07cbb]" started-at="2025-02-14T01:17:58 IST" name="navigatetoTimeComplexityModule" finished-at="2025-02-14T01:17:58 IST" duration-ms="511" status="PASS">
          <reporter-output>
          </reporter-output>
        </test-method> <!-- navigatetoTimeComplexityModule -->
        <test-method is-config="true" signature="tearDownTest(org.testng.ITestResult)[pri:0, instance:dsAlgoTests.DataStructureTest@fd07cbb]" started-at="2025-02-14T01:17:58 IST" name="tearDownTest" finished-at="2025-02-14T01:17:59 IST" duration-ms="647" status="PASS">
          <params>
            <param index="0">
              <value>
                <![CDATA[[TestResult name=navigatetoTimeComplexityModule status=SUCCESS method=DataStructureTest.navigatetoTimeComplexityModule()[pri:0, instance:dsAlgoTests.DataStructureTest@fd07cbb] output={null}]]]>
              </value>
            </param>
          </params>
          <reporter-output>
          </reporter-output>
        </test-method> <!-- tearDownTest -->
        <test-method is-config="true" signature="setup(java.lang.String)[pri:0, instance:dsAlgoTests.DataStructureTest@fd07cbb]" started-at="2025-02-14T01:17:59 IST" name="setup" finished-at="2025-02-14T01:18:03 IST" duration-ms="3772" status="PASS">
          <params>
            <param index="0">
              <value>
                <![CDATA[chrome]]>
              </value>
            </param>
          </params>
          <reporter-output>
          </reporter-output>
        </test-method> <!-- setup -->
        <test-method is-config="true" signature="DataStructureIntroductionPage()[pri:0, instance:dsAlgoTests.DataStructureTest@fd07cbb]" started-at="2025-02-14T01:18:03 IST" name="DataStructureIntroductionPage" finished-at="2025-02-14T01:18:06 IST" duration-ms="2653" status="PASS">
          <reporter-output>
          </reporter-output>
        </test-method> <!-- DataStructureIntroductionPage -->
        <test-method signature="navigatetoTimeComplexitytryeditor()[pri:0, instance:dsAlgoTests.DataStructureTest@fd07cbb]" started-at="2025-02-14T01:18:06 IST" name="navigatetoTimeComplexitytryeditor" finished-at="2025-02-14T01:18:07 IST" duration-ms="1342" status="PASS">
          <reporter-output>
          </reporter-output>
        </test-method> <!-- navigatetoTimeComplexitytryeditor -->
        <test-method is-config="true" signature="tearDownTest(org.testng.ITestResult)[pri:0, instance:dsAlgoTests.DataStructureTest@fd07cbb]" started-at="2025-02-14T01:18:07 IST" name="tearDownTest" finished-at="2025-02-14T01:18:08 IST" duration-ms="920" status="PASS">
          <params>
            <param index="0">
              <value>
                <![CDATA[[TestResult name=navigatetoTimeComplexitytryeditor status=SUCCESS method=DataStructureTest.navigatetoTimeComplexitytryeditor()[pri:0, instance:dsAlgoTests.DataStructureTest@fd07cbb] output={null}]]]>
              </value>
            </param>
          </params>
          <reporter-output>
          </reporter-output>
        </test-method> <!-- tearDownTest -->
        <test-method is-config="true" signature="setup(java.lang.String)[pri:0, instance:dsAlgoTests.DataStructureTest@fd07cbb]" started-at="2025-02-14T01:18:08 IST" name="setup" finished-at="2025-02-14T01:18:11 IST" duration-ms="3000" status="PASS">
          <params>
            <param index="0">
              <value>
                <![CDATA[chrome]]>
              </value>
            </param>
          </params>
          <reporter-output>
          </reporter-output>
        </test-method> <!-- setup -->
        <test-method is-config="true" signature="DataStructureIntroductionPage()[pri:0, instance:dsAlgoTests.DataStructureTest@fd07cbb]" started-at="2025-02-14T01:18:11 IST" name="DataStructureIntroductionPage" finished-at="2025-02-14T01:18:14 IST" duration-ms="2701" status="PASS">
          <reporter-output>
          </reporter-output>
        </test-method> <!-- DataStructureIntroductionPage -->
        <test-method retried="true" signature="seeListOfPracticeQuestionsonDataStructureIntroductionPage()[pri:0, instance:dsAlgoTests.DataStructureTest@fd07cbb]" started-at="2025-02-14T01:18:14 IST" name="seeListOfPracticeQuestionsonDataStructureIntroductionPage" finished-at="2025-02-14T01:18:14 IST" duration-ms="867" status="SKIP">
          <exception class="java.lang.AssertionError">
            <message>
              <![CDATA[No practice questions found on the Practice Questions Page!]]>
            </message>
            <full-stacktrace>
              <![CDATA[java.lang.AssertionError: No practice questions found on the Practice Questions Page!
at org.testng.Assert.fail(Assert.java:99)
at dsAlgoTests.DataStructureTest.seeListOfPracticeQuestionsonDataStructureIntroductionPage(DataStructureTest.java:75)
at java.base/jdk.internal.reflect.DirectMethodHandleAccessor.invoke(DirectMethodHandleAccessor.java:103)
at java.base/java.lang.reflect.Method.invoke(Method.java:580)
at org.testng.internal.MethodInvocationHelper.invokeMethod(MethodInvocationHelper.java:133)
at org.testng.internal.TestInvoker.invokeMethod(TestInvoker.java:598)
at org.testng.internal.TestInvoker.invokeTestMethod(TestInvoker.java:173)
at org.testng.internal.MethodRunner.runInSequence(MethodRunner.java:46)
at org.testng.internal.TestInvoker$MethodInvocationAgent.invoke(TestInvoker.java:824)
at org.testng.internal.TestInvoker.invokeTestMethods(TestInvoker.java:146)
at org.testng.internal.TestMethodWorker.invokeTestMethods(TestMethodWorker.java:146)
at org.testng.internal.TestMethodWorker.run(TestMethodWorker.java:128)
at java.base/java.util.ArrayList.forEach(ArrayList.java:1597)
at org.testng.TestRunner.privateRun(TestRunner.java:794)
at org.testng.TestRunner.run(TestRunner.java:596)
at org.testng.SuiteRunner.runTest(SuiteRunner.java:377)
at org.testng.SuiteRunner.access$000(SuiteRunner.java:28)
at org.testng.SuiteRunner$SuiteWorker.run(SuiteRunner.java:418)
at org.testng.internal.thread.ThreadUtil.lambda$execute$0(ThreadUtil.java:64)
at java.base/java.util.concurrent.FutureTask.run(FutureTask.java:317)
at java.base/java.util.concurrent.ThreadPoolExecutor.runWorker(ThreadPoolExecutor.java:1144)
at java.base/java.util.concurrent.ThreadPoolExecutor$Worker.run(ThreadPoolExecutor.java:642)
at java.base/java.lang.Thread.run(Thread.java:1575)
]]>
            </full-stacktrace>
          </exception> <!-- java.lang.AssertionError -->
          <reporter-output>
          </reporter-output>
        </test-method> <!-- seeListOfPracticeQuestionsonDataStructureIntroductionPage -->
        <test-method is-config="true" signature="tearDownTest(org.testng.ITestResult)[pri:0, instance:dsAlgoTests.DataStructureTest@fd07cbb]" started-at="2025-02-14T01:18:14 IST" name="tearDownTest" finished-at="2025-02-14T01:18:15 IST" duration-ms="708" status="PASS">
          <params>
            <param index="0">
              <value>
                <![CDATA[[TestResult name=seeListOfPracticeQuestionsonDataStructureIntroductionPage status=SKIP method=DataStructureTest.seeListOfPracticeQuestionsonDataStructureIntroductionPage()[pri:0, instance:dsAlgoTests.DataStructureTest@fd07cbb] output={null}]]]>
              </value>
            </param>
          </params>
          <reporter-output>
          </reporter-output>
        </test-method> <!-- tearDownTest -->
        <test-method is-config="true" signature="setup(java.lang.String)[pri:0, instance:dsAlgoTests.DataStructureTest@fd07cbb]" started-at="2025-02-14T01:18:15 IST" name="setup" finished-at="2025-02-14T01:18:18 IST" duration-ms="3072" status="PASS">
          <params>
            <param index="0">
              <value>
                <![CDATA[chrome]]>
              </value>
            </param>
          </params>
          <reporter-output>
          </reporter-output>
        </test-method> <!-- setup -->
        <test-method is-config="true" signature="DataStructureIntroductionPage()[pri:0, instance:dsAlgoTests.DataStructureTest@fd07cbb]" started-at="2025-02-14T01:18:18 IST" name="DataStructureIntroductionPage" finished-at="2025-02-14T01:18:21 IST" duration-ms="2616" status="PASS">
          <reporter-output>
          </reporter-output>
        </test-method> <!-- DataStructureIntroductionPage -->
        <test-method retried="true" signature="seeListOfPracticeQuestionsonDataStructureIntroductionPage()[pri:0, instance:dsAlgoTests.DataStructureTest@fd07cbb]" started-at="2025-02-14T01:18:21 IST" name="seeListOfPracticeQuestionsonDataStructureIntroductionPage" finished-at="2025-02-14T01:18:22 IST" duration-ms="885" status="SKIP">
          <exception class="java.lang.AssertionError">
            <message>
              <![CDATA[No practice questions found on the Practice Questions Page!]]>
            </message>
            <full-stacktrace>
              <![CDATA[java.lang.AssertionError: No practice questions found on the Practice Questions Page!
at org.testng.Assert.fail(Assert.java:99)
at dsAlgoTests.DataStructureTest.seeListOfPracticeQuestionsonDataStructureIntroductionPage(DataStructureTest.java:75)
at java.base/jdk.internal.reflect.DirectMethodHandleAccessor.invoke(DirectMethodHandleAccessor.java:103)
at java.base/java.lang.reflect.Method.invoke(Method.java:580)
at org.testng.internal.MethodInvocationHelper.invokeMethod(MethodInvocationHelper.java:133)
at org.testng.internal.TestInvoker.invokeMethod(TestInvoker.java:598)
at org.testng.internal.TestInvoker.retryFailed(TestInvoker.java:213)
at org.testng.internal.MethodRunner.runInSequence(MethodRunner.java:58)
at org.testng.internal.TestInvoker$MethodInvocationAgent.invoke(TestInvoker.java:824)
at org.testng.internal.TestInvoker.invokeTestMethods(TestInvoker.java:146)
at org.testng.internal.TestMethodWorker.invokeTestMethods(TestMethodWorker.java:146)
at org.testng.internal.TestMethodWorker.run(TestMethodWorker.java:128)
at java.base/java.util.ArrayList.forEach(ArrayList.java:1597)
at org.testng.TestRunner.privateRun(TestRunner.java:794)
at org.testng.TestRunner.run(TestRunner.java:596)
at org.testng.SuiteRunner.runTest(SuiteRunner.java:377)
at org.testng.SuiteRunner.access$000(SuiteRunner.java:28)
at org.testng.SuiteRunner$SuiteWorker.run(SuiteRunner.java:418)
at org.testng.internal.thread.ThreadUtil.lambda$execute$0(ThreadUtil.java:64)
at java.base/java.util.concurrent.FutureTask.run(FutureTask.java:317)
at java.base/java.util.concurrent.ThreadPoolExecutor.runWorker(ThreadPoolExecutor.java:1144)
at java.base/java.util.concurrent.ThreadPoolExecutor$Worker.run(ThreadPoolExecutor.java:642)
at java.base/java.lang.Thread.run(Thread.java:1575)
]]>
            </full-stacktrace>
          </exception> <!-- java.lang.AssertionError -->
          <reporter-output>
          </reporter-output>
        </test-method> <!-- seeListOfPracticeQuestionsonDataStructureIntroductionPage -->
        <test-method is-config="true" signature="tearDownTest(org.testng.ITestResult)[pri:0, instance:dsAlgoTests.DataStructureTest@fd07cbb]" started-at="2025-02-14T01:18:22 IST" name="tearDownTest" finished-at="2025-02-14T01:18:22 IST" duration-ms="539" status="PASS">
          <params>
            <param index="0">
              <value>
                <![CDATA[[TestResult name=seeListOfPracticeQuestionsonDataStructureIntroductionPage status=SKIP method=DataStructureTest.seeListOfPracticeQuestionsonDataStructureIntroductionPage()[pri:0, instance:dsAlgoTests.DataStructureTest@fd07cbb] output={null}]]]>
              </value>
            </param>
          </params>
          <reporter-output>
          </reporter-output>
        </test-method> <!-- tearDownTest -->
        <test-method is-config="true" signature="setup(java.lang.String)[pri:0, instance:dsAlgoTests.DataStructureTest@fd07cbb]" started-at="2025-02-14T01:18:22 IST" name="setup" finished-at="2025-02-14T01:18:25 IST" duration-ms="3084" status="PASS">
          <params>
            <param index="0">
              <value>
                <![CDATA[chrome]]>
              </value>
            </param>
          </params>
          <reporter-output>
          </reporter-output>
        </test-method> <!-- setup -->
        <test-method is-config="true" signature="DataStructureIntroductionPage()[pri:0, instance:dsAlgoTests.DataStructureTest@fd07cbb]" started-at="2025-02-14T01:18:25 IST" name="DataStructureIntroductionPage" finished-at="2025-02-14T01:18:28 IST" duration-ms="2822" status="PASS">
          <reporter-output>
          </reporter-output>
        </test-method> <!-- DataStructureIntroductionPage -->
        <test-method retried="true" signature="seeListOfPracticeQuestionsonDataStructureIntroductionPage()[pri:0, instance:dsAlgoTests.DataStructureTest@fd07cbb]" started-at="2025-02-14T01:18:28 IST" name="seeListOfPracticeQuestionsonDataStructureIntroductionPage" finished-at="2025-02-14T01:18:29 IST" duration-ms="1066" status="SKIP">
          <exception class="java.lang.AssertionError">
            <message>
              <![CDATA[No practice questions found on the Practice Questions Page!]]>
            </message>
            <full-stacktrace>
              <![CDATA[java.lang.AssertionError: No practice questions found on the Practice Questions Page!
at org.testng.Assert.fail(Assert.java:99)
at dsAlgoTests.DataStructureTest.seeListOfPracticeQuestionsonDataStructureIntroductionPage(DataStructureTest.java:75)
at java.base/jdk.internal.reflect.DirectMethodHandleAccessor.invoke(DirectMethodHandleAccessor.java:103)
at java.base/java.lang.reflect.Method.invoke(Method.java:580)
at org.testng.internal.MethodInvocationHelper.invokeMethod(MethodInvocationHelper.java:133)
at org.testng.internal.TestInvoker.invokeMethod(TestInvoker.java:598)
at org.testng.internal.TestInvoker.retryFailed(TestInvoker.java:213)
at org.testng.internal.MethodRunner.runInSequence(MethodRunner.java:58)
at org.testng.internal.TestInvoker$MethodInvocationAgent.invoke(TestInvoker.java:824)
at org.testng.internal.TestInvoker.invokeTestMethods(TestInvoker.java:146)
at org.testng.internal.TestMethodWorker.invokeTestMethods(TestMethodWorker.java:146)
at org.testng.internal.TestMethodWorker.run(TestMethodWorker.java:128)
at java.base/java.util.ArrayList.forEach(ArrayList.java:1597)
at org.testng.TestRunner.privateRun(TestRunner.java:794)
at org.testng.TestRunner.run(TestRunner.java:596)
at org.testng.SuiteRunner.runTest(SuiteRunner.java:377)
at org.testng.SuiteRunner.access$000(SuiteRunner.java:28)
at org.testng.SuiteRunner$SuiteWorker.run(SuiteRunner.java:418)
at org.testng.internal.thread.ThreadUtil.lambda$execute$0(ThreadUtil.java:64)
at java.base/java.util.concurrent.FutureTask.run(FutureTask.java:317)
at java.base/java.util.concurrent.ThreadPoolExecutor.runWorker(ThreadPoolExecutor.java:1144)
at java.base/java.util.concurrent.ThreadPoolExecutor$Worker.run(ThreadPoolExecutor.java:642)
at java.base/java.lang.Thread.run(Thread.java:1575)
]]>
            </full-stacktrace>
          </exception> <!-- java.lang.AssertionError -->
          <reporter-output>
          </reporter-output>
        </test-method> <!-- seeListOfPracticeQuestionsonDataStructureIntroductionPage -->
        <test-method is-config="true" signature="tearDownTest(org.testng.ITestResult)[pri:0, instance:dsAlgoTests.DataStructureTest@fd07cbb]" started-at="2025-02-14T01:18:29 IST" name="tearDownTest" finished-at="2025-02-14T01:18:30 IST" duration-ms="800" status="PASS">
          <params>
            <param index="0">
              <value>
                <![CDATA[[TestResult name=seeListOfPracticeQuestionsonDataStructureIntroductionPage status=SKIP method=DataStructureTest.seeListOfPracticeQuestionsonDataStructureIntroductionPage()[pri:0, instance:dsAlgoTests.DataStructureTest@fd07cbb] output={null}]]]>
              </value>
            </param>
          </params>
          <reporter-output>
          </reporter-output>
        </test-method> <!-- tearDownTest -->
        <test-method is-config="true" signature="setup(java.lang.String)[pri:0, instance:dsAlgoTests.DataStructureTest@fd07cbb]" started-at="2025-02-14T01:18:30 IST" name="setup" finished-at="2025-02-14T01:18:33 IST" duration-ms="2896" status="PASS">
          <params>
            <param index="0">
              <value>
                <![CDATA[chrome]]>
              </value>
            </param>
          </params>
          <reporter-output>
          </reporter-output>
        </test-method> <!-- setup -->
        <test-method is-config="true" signature="DataStructureIntroductionPage()[pri:0, instance:dsAlgoTests.DataStructureTest@fd07cbb]" started-at="2025-02-14T01:18:33 IST" name="DataStructureIntroductionPage" finished-at="2025-02-14T01:18:36 IST" duration-ms="2759" status="PASS">
          <reporter-output>
          </reporter-output>
        </test-method> <!-- DataStructureIntroductionPage -->
        <test-method signature="seeListOfPracticeQuestionsonDataStructureIntroductionPage()[pri:0, instance:dsAlgoTests.DataStructureTest@fd07cbb]" started-at="2025-02-14T01:18:36 IST" name="seeListOfPracticeQuestionsonDataStructureIntroductionPage" finished-at="2025-02-14T01:18:36 IST" duration-ms="798" status="FAIL">
          <exception class="java.lang.AssertionError">
            <message>
              <![CDATA[No practice questions found on the Practice Questions Page!]]>
            </message>
            <full-stacktrace>
              <![CDATA[java.lang.AssertionError: No practice questions found on the Practice Questions Page!
at org.testng.Assert.fail(Assert.java:99)
at dsAlgoTests.DataStructureTest.seeListOfPracticeQuestionsonDataStructureIntroductionPage(DataStructureTest.java:75)
at java.base/jdk.internal.reflect.DirectMethodHandleAccessor.invoke(DirectMethodHandleAccessor.java:103)
at java.base/java.lang.reflect.Method.invoke(Method.java:580)
at org.testng.internal.MethodInvocationHelper.invokeMethod(MethodInvocationHelper.java:133)
at org.testng.internal.TestInvoker.invokeMethod(TestInvoker.java:598)
at org.testng.internal.TestInvoker.retryFailed(TestInvoker.java:213)
at org.testng.internal.MethodRunner.runInSequence(MethodRunner.java:58)
at org.testng.internal.TestInvoker$MethodInvocationAgent.invoke(TestInvoker.java:824)
at org.testng.internal.TestInvoker.invokeTestMethods(TestInvoker.java:146)
at org.testng.internal.TestMethodWorker.invokeTestMethods(TestMethodWorker.java:146)
at org.testng.internal.TestMethodWorker.run(TestMethodWorker.java:128)
at java.base/java.util.ArrayList.forEach(ArrayList.java:1597)
at org.testng.TestRunner.privateRun(TestRunner.java:794)
at org.testng.TestRunner.run(TestRunner.java:596)
at org.testng.SuiteRunner.runTest(SuiteRunner.java:377)
at org.testng.SuiteRunner.access$000(SuiteRunner.java:28)
at org.testng.SuiteRunner$SuiteWorker.run(SuiteRunner.java:418)
at org.testng.internal.thread.ThreadUtil.lambda$execute$0(ThreadUtil.java:64)
at java.base/java.util.concurrent.FutureTask.run(FutureTask.java:317)
at java.base/java.util.concurrent.ThreadPoolExecutor.runWorker(ThreadPoolExecutor.java:1144)
at java.base/java.util.concurrent.ThreadPoolExecutor$Worker.run(ThreadPoolExecutor.java:642)
at java.base/java.lang.Thread.run(Thread.java:1575)
]]>
            </full-stacktrace>
          </exception> <!-- java.lang.AssertionError -->
          <reporter-output>
          </reporter-output>
        </test-method> <!-- seeListOfPracticeQuestionsonDataStructureIntroductionPage -->
        <test-method is-config="true" signature="tearDownTest(org.testng.ITestResult)[pri:0, instance:dsAlgoTests.DataStructureTest@fd07cbb]" started-at="2025-02-14T01:18:37 IST" name="tearDownTest" finished-at="2025-02-14T01:18:37 IST" duration-ms="844" status="PASS">
          <params>
            <param index="0">
              <value>
                <![CDATA[[TestResult name=seeListOfPracticeQuestionsonDataStructureIntroductionPage status=FAILURE method=DataStructureTest.seeListOfPracticeQuestionsonDataStructureIntroductionPage()[pri:0, instance:dsAlgoTests.DataStructureTest@fd07cbb] output={null}]]]>
              </value>
            </param>
          </params>
          <reporter-output>
          </reporter-output>
        </test-method> <!-- tearDownTest -->
        <test-method is-config="true" signature="setup(java.lang.String)[pri:0, instance:dsAlgoTests.DataStructureTest@fd07cbb]" started-at="2025-02-14T01:18:40 IST" name="setup" finished-at="2025-02-14T01:18:43 IST" duration-ms="3120" status="PASS">
          <params>
            <param index="0">
              <value>
                <![CDATA[chrome]]>
              </value>
            </param>
          </params>
          <reporter-output>
          </reporter-output>
        </test-method> <!-- setup -->
        <test-method is-config="true" signature="DataStructureIntroductionPage()[pri:0, instance:dsAlgoTests.DataStructureTest@fd07cbb]" started-at="2025-02-14T01:18:43 IST" name="DataStructureIntroductionPage" finished-at="2025-02-14T01:18:46 IST" duration-ms="2562" status="PASS">
          <reporter-output>
          </reporter-output>
        </test-method> <!-- DataStructureIntroductionPage -->
        <test-method signature="verifyCodeExecutionforDataStructureIntroductionPage(java.lang.String,java.lang.String)[pri:0, instance:dsAlgoTests.DataStructureTest@fd07cbb]" started-at="2025-02-14T01:18:46 IST" name="verifyCodeExecutionforDataStructureIntroductionPage" data-provider="codeExecutionData" finished-at="2025-02-14T01:18:48 IST" duration-ms="1791" status="PASS">
          <params>
            <param index="0">
              <value>
                <![CDATA[print  "hello"]]>
              </value>
            </param>
            <param index="1">
              <value>
                <![CDATA[hello]]>
              </value>
            </param>
          </params>
          <reporter-output>
          </reporter-output>
        </test-method> <!-- verifyCodeExecutionforDataStructureIntroductionPage -->
        <test-method is-config="true" signature="tearDownTest(org.testng.ITestResult)[pri:0, instance:dsAlgoTests.DataStructureTest@fd07cbb]" started-at="2025-02-14T01:18:48 IST" name="tearDownTest" finished-at="2025-02-14T01:18:48 IST" duration-ms="831" status="PASS">
          <params>
            <param index="0">
              <value>
                <![CDATA[[TestResult name=verifyCodeExecutionforDataStructureIntroductionPage status=SUCCESS method=DataStructureTest.verifyCodeExecutionforDataStructureIntroductionPage(java.lang.String,java.lang.String)[pri:0, instance:dsAlgoTests.DataStructureTest@fd07cbb] output={null}]]]>
              </value>
            </param>
          </params>
          <reporter-output>
          </reporter-output>
        </test-method> <!-- tearDownTest -->
        <test-method is-config="true" signature="setup(java.lang.String)[pri:0, instance:dsAlgoTests.DataStructureTest@fd07cbb]" started-at="2025-02-14T01:18:48 IST" name="setup" finished-at="2025-02-14T01:18:51 IST" duration-ms="2937" status="PASS">
          <params>
            <param index="0">
              <value>
                <![CDATA[chrome]]>
              </value>
            </param>
          </params>
          <reporter-output>
          </reporter-output>
        </test-method> <!-- setup -->
        <test-method is-config="true" signature="DataStructureIntroductionPage()[pri:0, instance:dsAlgoTests.DataStructureTest@fd07cbb]" started-at="2025-02-14T01:18:51 IST" name="DataStructureIntroductionPage" finished-at="2025-02-14T01:18:54 IST" duration-ms="2765" status="PASS">
          <reporter-output>
          </reporter-output>
        </test-method> <!-- DataStructureIntroductionPage -->
        <test-method signature="verifyCodeExecutionforDataStructureIntroductionPage(java.lang.String,java.lang.String)[pri:0, instance:dsAlgoTests.DataStructureTest@fd07cbb]" started-at="2025-02-14T01:18:54 IST" name="verifyCodeExecutionforDataStructureIntroductionPage" data-provider="codeExecutionData" finished-at="2025-02-14T01:18:56 IST" duration-ms="1690" status="PASS">
          <params>
            <param index="0">
              <value>
                <![CDATA[invalid]]>
              </value>
            </param>
            <param index="1">
              <value>
                <![CDATA[NameError: name 'invalid' is not defined on line 1]]>
              </value>
            </param>
          </params>
          <reporter-output>
          </reporter-output>
        </test-method> <!-- verifyCodeExecutionforDataStructureIntroductionPage -->
        <test-method is-config="true" signature="tearDownTest(org.testng.ITestResult)[pri:0, instance:dsAlgoTests.DataStructureTest@fd07cbb]" started-at="2025-02-14T01:18:56 IST" name="tearDownTest" finished-at="2025-02-14T01:18:57 IST" duration-ms="796" status="PASS">
          <params>
            <param index="0">
              <value>
                <![CDATA[[TestResult name=verifyCodeExecutionforDataStructureIntroductionPage status=SUCCESS method=DataStructureTest.verifyCodeExecutionforDataStructureIntroductionPage(java.lang.String,java.lang.String)[pri:0, instance:dsAlgoTests.DataStructureTest@fd07cbb] output={null}]]]>
              </value>
            </param>
          </params>
          <reporter-output>
          </reporter-output>
        </test-method> <!-- tearDownTest -->
      </class> <!-- dsAlgoTests.DataStructureTest -->
    </test> <!-- ChromeTest -->
  </suite> <!-- CrossBrowserSuite -->
</testng-results>
