<?xml version="1.0" encoding="UTF-8"?>
<testng-results retried="6" ignored="0" total="65" passed="53" failed="6" skipped="0">
  <reporter-output>
  </reporter-output>
  <suite started-at="2025-02-16T15:07:12 CST" name="CrossBrowserSuite" finished-at="2025-02-16T15:11:55 CST" duration-ms="283268">
    <groups>
    </groups>
    <test started-at="2025-02-16T15:07:12 CST" name="ChromeTest" finished-at="2025-02-16T15:11:55 CST" duration-ms="283268">
      <class name="dsAlgoTests.TreeTest">
        <test-method is-config="true" signature="setupSuite()[pri:0, instance:dsAlgoTests.TreeTest@5bda8e08]" started-at="2025-02-16T15:07:12 CST" name="setupSuite" finished-at="2025-02-16T15:07:12 CST" duration-ms="6" status="PASS">
          <reporter-output>
          </reporter-output>
        </test-method> <!-- setupSuite -->
        <test-method is-config="true" signature="setup(java.lang.String)[pri:0, instance:dsAlgoTests.TreeTest@5bda8e08]" started-at="2025-02-16T15:07:12 CST" name="setup" finished-at="2025-02-16T15:07:14 CST" duration-ms="1657" status="PASS">
          <params>
            <param index="0">
              <value>
                <![CDATA[chrome]]>
              </value>
            </param>
          </params>
          <reporter-output>
          </reporter-output>
        </test-method> <!-- setup -->
        <test-method is-config="true" signature="navigateToTreePage()[pri:0, instance:dsAlgoTests.TreeTest@5bda8e08]" started-at="2025-02-16T15:07:14 CST" name="navigateToTreePage" finished-at="2025-02-16T15:07:15 CST" duration-ms="1523" status="PASS">
          <reporter-output>
          </reporter-output>
        </test-method> <!-- navigateToTreePage -->
        <test-method signature="navigateToOverviewOfTrees()[pri:1, instance:dsAlgoTests.TreeTest@5bda8e08]" started-at="2025-02-16T15:07:15 CST" name="navigateToOverviewOfTrees" finished-at="2025-02-16T15:07:16 CST" duration-ms="395" status="PASS">
          <reporter-output>
          </reporter-output>
        </test-method> <!-- navigateToOverviewOfTrees -->
        <test-method is-config="true" signature="tearDownTest(org.testng.ITestResult)[pri:0, instance:dsAlgoTests.TreeTest@5bda8e08]" started-at="2025-02-16T15:07:16 CST" name="tearDownTest" finished-at="2025-02-16T15:07:16 CST" duration-ms="133" status="PASS">
          <params>
            <param index="0">
              <value>
                <![CDATA[[TestResult name=navigateToOverviewOfTrees status=SUCCESS method=TreeTest.navigateToOverviewOfTrees()[pri:1, instance:dsAlgoTests.TreeTest@5bda8e08] output={null}]]]>
              </value>
            </param>
          </params>
          <reporter-output>
          </reporter-output>
        </test-method> <!-- tearDownTest -->
        <test-method is-config="true" signature="setup(java.lang.String)[pri:0, instance:dsAlgoTests.TreeTest@5bda8e08]" started-at="2025-02-16T15:07:16 CST" name="setup" finished-at="2025-02-16T15:07:17 CST" duration-ms="1353" status="PASS">
          <params>
            <param index="0">
              <value>
                <![CDATA[chrome]]>
              </value>
            </param>
          </params>
          <reporter-output>
          </reporter-output>
        </test-method> <!-- setup -->
        <test-method is-config="true" signature="navigateToTreePage()[pri:0, instance:dsAlgoTests.TreeTest@5bda8e08]" started-at="2025-02-16T15:07:17 CST" name="navigateToTreePage" finished-at="2025-02-16T15:07:19 CST" duration-ms="1519" status="PASS">
          <reporter-output>
          </reporter-output>
        </test-method> <!-- navigateToTreePage -->
        <test-method signature="navigateToOverviewOfTreesTryEditor()[pri:2, instance:dsAlgoTests.TreeTest@5bda8e08]" started-at="2025-02-16T15:07:19 CST" name="navigateToOverviewOfTreesTryEditor" finished-at="2025-02-16T15:07:20 CST" duration-ms="1382" status="PASS">
          <reporter-output>
          </reporter-output>
        </test-method> <!-- navigateToOverviewOfTreesTryEditor -->
        <test-method is-config="true" signature="tearDownTest(org.testng.ITestResult)[pri:0, instance:dsAlgoTests.TreeTest@5bda8e08]" started-at="2025-02-16T15:07:20 CST" name="tearDownTest" finished-at="2025-02-16T15:07:20 CST" duration-ms="193" status="PASS">
          <params>
            <param index="0">
              <value>
                <![CDATA[[TestResult name=navigateToOverviewOfTreesTryEditor status=SUCCESS method=TreeTest.navigateToOverviewOfTreesTryEditor()[pri:2, instance:dsAlgoTests.TreeTest@5bda8e08] output={null}]]]>
              </value>
            </param>
          </params>
          <reporter-output>
          </reporter-output>
        </test-method> <!-- tearDownTest -->
        <test-method is-config="true" signature="setup(java.lang.String)[pri:0, instance:dsAlgoTests.TreeTest@5bda8e08]" started-at="2025-02-16T15:07:20 CST" name="setup" finished-at="2025-02-16T15:07:22 CST" duration-ms="1382" status="PASS">
          <params>
            <param index="0">
              <value>
                <![CDATA[chrome]]>
              </value>
            </param>
          </params>
          <reporter-output>
          </reporter-output>
        </test-method> <!-- setup -->
        <test-method is-config="true" signature="navigateToTreePage()[pri:0, instance:dsAlgoTests.TreeTest@5bda8e08]" started-at="2025-02-16T15:07:22 CST" name="navigateToTreePage" finished-at="2025-02-16T15:07:24 CST" duration-ms="1792" status="PASS">
          <reporter-output>
          </reporter-output>
        </test-method> <!-- navigateToTreePage -->
        <test-method signature="navigateToTerminologies()[pri:3, instance:dsAlgoTests.TreeTest@5bda8e08]" started-at="2025-02-16T15:07:24 CST" name="navigateToTerminologies" finished-at="2025-02-16T15:07:24 CST" duration-ms="510" status="PASS">
          <reporter-output>
          </reporter-output>
        </test-method> <!-- navigateToTerminologies -->
        <test-method is-config="true" signature="tearDownTest(org.testng.ITestResult)[pri:0, instance:dsAlgoTests.TreeTest@5bda8e08]" started-at="2025-02-16T15:07:24 CST" name="tearDownTest" finished-at="2025-02-16T15:07:24 CST" duration-ms="152" status="PASS">
          <params>
            <param index="0">
              <value>
                <![CDATA[[TestResult name=navigateToTerminologies status=SUCCESS method=TreeTest.navigateToTerminologies()[pri:3, instance:dsAlgoTests.TreeTest@5bda8e08] output={null}]]]>
              </value>
            </param>
          </params>
          <reporter-output>
          </reporter-output>
        </test-method> <!-- tearDownTest -->
        <test-method is-config="true" signature="setup(java.lang.String)[pri:0, instance:dsAlgoTests.TreeTest@5bda8e08]" started-at="2025-02-16T15:07:24 CST" name="setup" finished-at="2025-02-16T15:07:26 CST" duration-ms="1351" status="PASS">
          <params>
            <param index="0">
              <value>
                <![CDATA[chrome]]>
              </value>
            </param>
          </params>
          <reporter-output>
          </reporter-output>
        </test-method> <!-- setup -->
        <test-method is-config="true" signature="navigateToTreePage()[pri:0, instance:dsAlgoTests.TreeTest@5bda8e08]" started-at="2025-02-16T15:07:26 CST" name="navigateToTreePage" finished-at="2025-02-16T15:07:28 CST" duration-ms="1993" status="PASS">
          <reporter-output>
          </reporter-output>
        </test-method> <!-- navigateToTreePage -->
        <test-method signature="navigateToTerminologiesTryEditor()[pri:4, instance:dsAlgoTests.TreeTest@5bda8e08]" started-at="2025-02-16T15:07:28 CST" name="navigateToTerminologiesTryEditor" finished-at="2025-02-16T15:07:29 CST" duration-ms="1676" status="PASS">
          <reporter-output>
          </reporter-output>
        </test-method> <!-- navigateToTerminologiesTryEditor -->
        <test-method is-config="true" signature="tearDownTest(org.testng.ITestResult)[pri:0, instance:dsAlgoTests.TreeTest@5bda8e08]" started-at="2025-02-16T15:07:29 CST" name="tearDownTest" finished-at="2025-02-16T15:07:29 CST" duration-ms="158" status="PASS">
          <params>
            <param index="0">
              <value>
                <![CDATA[[TestResult name=navigateToTerminologiesTryEditor status=SUCCESS method=TreeTest.navigateToTerminologiesTryEditor()[pri:4, instance:dsAlgoTests.TreeTest@5bda8e08] output={null}]]]>
              </value>
            </param>
          </params>
          <reporter-output>
          </reporter-output>
        </test-method> <!-- tearDownTest -->
        <test-method is-config="true" signature="setup(java.lang.String)[pri:0, instance:dsAlgoTests.TreeTest@5bda8e08]" started-at="2025-02-16T15:07:29 CST" name="setup" finished-at="2025-02-16T15:07:31 CST" duration-ms="1292" status="PASS">
          <params>
            <param index="0">
              <value>
                <![CDATA[chrome]]>
              </value>
            </param>
          </params>
          <reporter-output>
          </reporter-output>
        </test-method> <!-- setup -->
        <test-method is-config="true" signature="navigateToTreePage()[pri:0, instance:dsAlgoTests.TreeTest@5bda8e08]" started-at="2025-02-16T15:07:31 CST" name="navigateToTreePage" finished-at="2025-02-16T15:07:32 CST" duration-ms="1634" status="PASS">
          <reporter-output>
          </reporter-output>
        </test-method> <!-- navigateToTreePage -->
        <test-method signature="navigateToTypesOfTrees()[pri:5, instance:dsAlgoTests.TreeTest@5bda8e08]" started-at="2025-02-16T15:07:32 CST" name="navigateToTypesOfTrees" finished-at="2025-02-16T15:07:33 CST" duration-ms="342" status="PASS">
          <reporter-output>
          </reporter-output>
        </test-method> <!-- navigateToTypesOfTrees -->
        <test-method is-config="true" signature="tearDownTest(org.testng.ITestResult)[pri:0, instance:dsAlgoTests.TreeTest@5bda8e08]" started-at="2025-02-16T15:07:33 CST" name="tearDownTest" finished-at="2025-02-16T15:07:33 CST" duration-ms="158" status="PASS">
          <params>
            <param index="0">
              <value>
                <![CDATA[[TestResult name=navigateToTypesOfTrees status=SUCCESS method=TreeTest.navigateToTypesOfTrees()[pri:5, instance:dsAlgoTests.TreeTest@5bda8e08] output={null}]]]>
              </value>
            </param>
          </params>
          <reporter-output>
          </reporter-output>
        </test-method> <!-- tearDownTest -->
        <test-method is-config="true" signature="setup(java.lang.String)[pri:0, instance:dsAlgoTests.TreeTest@5bda8e08]" started-at="2025-02-16T15:07:33 CST" name="setup" finished-at="2025-02-16T15:07:34 CST" duration-ms="1234" status="PASS">
          <params>
            <param index="0">
              <value>
                <![CDATA[chrome]]>
              </value>
            </param>
          </params>
          <reporter-output>
          </reporter-output>
        </test-method> <!-- setup -->
        <test-method is-config="true" signature="navigateToTreePage()[pri:0, instance:dsAlgoTests.TreeTest@5bda8e08]" started-at="2025-02-16T15:07:34 CST" name="navigateToTreePage" finished-at="2025-02-16T15:07:36 CST" duration-ms="1562" status="PASS">
          <reporter-output>
          </reporter-output>
        </test-method> <!-- navigateToTreePage -->
        <test-method signature="navigateToTypesOfTreesTryEditor()[pri:6, instance:dsAlgoTests.TreeTest@5bda8e08]" started-at="2025-02-16T15:07:36 CST" name="navigateToTypesOfTreesTryEditor" finished-at="2025-02-16T15:07:37 CST" duration-ms="916" status="PASS">
          <reporter-output>
          </reporter-output>
        </test-method> <!-- navigateToTypesOfTreesTryEditor -->
        <test-method is-config="true" signature="tearDownTest(org.testng.ITestResult)[pri:0, instance:dsAlgoTests.TreeTest@5bda8e08]" started-at="2025-02-16T15:07:37 CST" name="tearDownTest" finished-at="2025-02-16T15:07:37 CST" duration-ms="176" status="PASS">
          <params>
            <param index="0">
              <value>
                <![CDATA[[TestResult name=navigateToTypesOfTreesTryEditor status=SUCCESS method=TreeTest.navigateToTypesOfTreesTryEditor()[pri:6, instance:dsAlgoTests.TreeTest@5bda8e08] output={null}]]]>
              </value>
            </param>
          </params>
          <reporter-output>
          </reporter-output>
        </test-method> <!-- tearDownTest -->
        <test-method is-config="true" signature="setup(java.lang.String)[pri:0, instance:dsAlgoTests.TreeTest@5bda8e08]" started-at="2025-02-16T15:07:37 CST" name="setup" finished-at="2025-02-16T15:07:38 CST" duration-ms="1310" status="PASS">
          <params>
            <param index="0">
              <value>
                <![CDATA[chrome]]>
              </value>
            </param>
          </params>
          <reporter-output>
          </reporter-output>
        </test-method> <!-- setup -->
        <test-method is-config="true" signature="navigateToTreePage()[pri:0, instance:dsAlgoTests.TreeTest@5bda8e08]" started-at="2025-02-16T15:07:38 CST" name="navigateToTreePage" finished-at="2025-02-16T15:07:40 CST" duration-ms="1661" status="PASS">
          <reporter-output>
          </reporter-output>
        </test-method> <!-- navigateToTreePage -->
        <test-method signature="navigateToTreeTraversals()[pri:7, instance:dsAlgoTests.TreeTest@5bda8e08]" started-at="2025-02-16T15:07:40 CST" name="navigateToTreeTraversals" finished-at="2025-02-16T15:07:40 CST" duration-ms="329" status="PASS">
          <reporter-output>
          </reporter-output>
        </test-method> <!-- navigateToTreeTraversals -->
        <test-method is-config="true" signature="tearDownTest(org.testng.ITestResult)[pri:0, instance:dsAlgoTests.TreeTest@5bda8e08]" started-at="2025-02-16T15:07:40 CST" name="tearDownTest" finished-at="2025-02-16T15:07:40 CST" duration-ms="147" status="PASS">
          <params>
            <param index="0">
              <value>
                <![CDATA[[TestResult name=navigateToTreeTraversals status=SUCCESS method=TreeTest.navigateToTreeTraversals()[pri:7, instance:dsAlgoTests.TreeTest@5bda8e08] output={null}]]]>
              </value>
            </param>
          </params>
          <reporter-output>
          </reporter-output>
        </test-method> <!-- tearDownTest -->
        <test-method is-config="true" signature="setup(java.lang.String)[pri:0, instance:dsAlgoTests.TreeTest@5bda8e08]" started-at="2025-02-16T15:07:40 CST" name="setup" finished-at="2025-02-16T15:07:42 CST" duration-ms="1342" status="PASS">
          <params>
            <param index="0">
              <value>
                <![CDATA[chrome]]>
              </value>
            </param>
          </params>
          <reporter-output>
          </reporter-output>
        </test-method> <!-- setup -->
        <test-method is-config="true" signature="navigateToTreePage()[pri:0, instance:dsAlgoTests.TreeTest@5bda8e08]" started-at="2025-02-16T15:07:42 CST" name="navigateToTreePage" finished-at="2025-02-16T15:07:43 CST" duration-ms="1750" status="PASS">
          <reporter-output>
          </reporter-output>
        </test-method> <!-- navigateToTreePage -->
        <test-method signature="navigateToTreeTraversalsTryEditor()[pri:8, instance:dsAlgoTests.TreeTest@5bda8e08]" started-at="2025-02-16T15:07:43 CST" name="navigateToTreeTraversalsTryEditor" finished-at="2025-02-16T15:07:44 CST" duration-ms="997" status="PASS">
          <reporter-output>
          </reporter-output>
        </test-method> <!-- navigateToTreeTraversalsTryEditor -->
        <test-method is-config="true" signature="tearDownTest(org.testng.ITestResult)[pri:0, instance:dsAlgoTests.TreeTest@5bda8e08]" started-at="2025-02-16T15:07:44 CST" name="tearDownTest" finished-at="2025-02-16T15:07:44 CST" duration-ms="159" status="PASS">
          <params>
            <param index="0">
              <value>
                <![CDATA[[TestResult name=navigateToTreeTraversalsTryEditor status=SUCCESS method=TreeTest.navigateToTreeTraversalsTryEditor()[pri:8, instance:dsAlgoTests.TreeTest@5bda8e08] output={null}]]]>
              </value>
            </param>
          </params>
          <reporter-output>
          </reporter-output>
        </test-method> <!-- tearDownTest -->
        <test-method is-config="true" signature="setup(java.lang.String)[pri:0, instance:dsAlgoTests.TreeTest@5bda8e08]" started-at="2025-02-16T15:07:44 CST" name="setup" finished-at="2025-02-16T15:07:46 CST" duration-ms="1275" status="PASS">
          <params>
            <param index="0">
              <value>
                <![CDATA[chrome]]>
              </value>
            </param>
          </params>
          <reporter-output>
          </reporter-output>
        </test-method> <!-- setup -->
        <test-method is-config="true" signature="navigateToTreePage()[pri:0, instance:dsAlgoTests.TreeTest@5bda8e08]" started-at="2025-02-16T15:07:46 CST" name="navigateToTreePage" finished-at="2025-02-16T15:07:47 CST" duration-ms="1665" status="PASS">
          <reporter-output>
          </reporter-output>
        </test-method> <!-- navigateToTreePage -->
        <test-method signature="navigateToTraversalsIllustration()[pri:9, instance:dsAlgoTests.TreeTest@5bda8e08]" started-at="2025-02-16T15:07:47 CST" name="navigateToTraversalsIllustration" finished-at="2025-02-16T15:07:48 CST" duration-ms="394" status="PASS">
          <reporter-output>
          </reporter-output>
        </test-method> <!-- navigateToTraversalsIllustration -->
        <test-method is-config="true" signature="tearDownTest(org.testng.ITestResult)[pri:0, instance:dsAlgoTests.TreeTest@5bda8e08]" started-at="2025-02-16T15:07:48 CST" name="tearDownTest" finished-at="2025-02-16T15:07:48 CST" duration-ms="152" status="PASS">
          <params>
            <param index="0">
              <value>
                <![CDATA[[TestResult name=navigateToTraversalsIllustration status=SUCCESS method=TreeTest.navigateToTraversalsIllustration()[pri:9, instance:dsAlgoTests.TreeTest@5bda8e08] output={null}]]]>
              </value>
            </param>
          </params>
          <reporter-output>
          </reporter-output>
        </test-method> <!-- tearDownTest -->
        <test-method is-config="true" signature="setup(java.lang.String)[pri:0, instance:dsAlgoTests.TreeTest@5bda8e08]" started-at="2025-02-16T15:07:48 CST" name="setup" finished-at="2025-02-16T15:07:50 CST" duration-ms="1897" status="PASS">
          <params>
            <param index="0">
              <value>
                <![CDATA[chrome]]>
              </value>
            </param>
          </params>
          <reporter-output>
          </reporter-output>
        </test-method> <!-- setup -->
        <test-method is-config="true" signature="navigateToTreePage()[pri:0, instance:dsAlgoTests.TreeTest@5bda8e08]" started-at="2025-02-16T15:07:50 CST" name="navigateToTreePage" finished-at="2025-02-16T15:07:52 CST" duration-ms="1862" status="PASS">
          <reporter-output>
          </reporter-output>
        </test-method> <!-- navigateToTreePage -->
        <test-method signature="navigateToTraversalsIllustrationTryEditor()[pri:10, instance:dsAlgoTests.TreeTest@5bda8e08]" started-at="2025-02-16T15:07:52 CST" name="navigateToTraversalsIllustrationTryEditor" finished-at="2025-02-16T15:07:53 CST" duration-ms="1067" status="PASS">
          <reporter-output>
          </reporter-output>
        </test-method> <!-- navigateToTraversalsIllustrationTryEditor -->
        <test-method is-config="true" signature="tearDownTest(org.testng.ITestResult)[pri:0, instance:dsAlgoTests.TreeTest@5bda8e08]" started-at="2025-02-16T15:07:53 CST" name="tearDownTest" finished-at="2025-02-16T15:07:53 CST" duration-ms="179" status="PASS">
          <params>
            <param index="0">
              <value>
                <![CDATA[[TestResult name=navigateToTraversalsIllustrationTryEditor status=SUCCESS method=TreeTest.navigateToTraversalsIllustrationTryEditor()[pri:10, instance:dsAlgoTests.TreeTest@5bda8e08] output={null}]]]>
              </value>
            </param>
          </params>
          <reporter-output>
          </reporter-output>
        </test-method> <!-- tearDownTest -->
        <test-method is-config="true" signature="setup(java.lang.String)[pri:0, instance:dsAlgoTests.TreeTest@5bda8e08]" started-at="2025-02-16T15:07:53 CST" name="setup" finished-at="2025-02-16T15:07:54 CST" duration-ms="1336" status="PASS">
          <params>
            <param index="0">
              <value>
                <![CDATA[chrome]]>
              </value>
            </param>
          </params>
          <reporter-output>
          </reporter-output>
        </test-method> <!-- setup -->
        <test-method is-config="true" signature="navigateToTreePage()[pri:0, instance:dsAlgoTests.TreeTest@5bda8e08]" started-at="2025-02-16T15:07:54 CST" name="navigateToTreePage" finished-at="2025-02-16T15:07:56 CST" duration-ms="2074" status="PASS">
          <reporter-output>
          </reporter-output>
        </test-method> <!-- navigateToTreePage -->
        <test-method signature="navigateToBinaryTrees()[pri:11, instance:dsAlgoTests.TreeTest@5bda8e08]" started-at="2025-02-16T15:07:56 CST" name="navigateToBinaryTrees" finished-at="2025-02-16T15:07:57 CST" duration-ms="466" status="PASS">
          <reporter-output>
          </reporter-output>
        </test-method> <!-- navigateToBinaryTrees -->
        <test-method is-config="true" signature="tearDownTest(org.testng.ITestResult)[pri:0, instance:dsAlgoTests.TreeTest@5bda8e08]" started-at="2025-02-16T15:07:57 CST" name="tearDownTest" finished-at="2025-02-16T15:07:57 CST" duration-ms="176" status="PASS">
          <params>
            <param index="0">
              <value>
                <![CDATA[[TestResult name=navigateToBinaryTrees status=SUCCESS method=TreeTest.navigateToBinaryTrees()[pri:11, instance:dsAlgoTests.TreeTest@5bda8e08] output={null}]]]>
              </value>
            </param>
          </params>
          <reporter-output>
          </reporter-output>
        </test-method> <!-- tearDownTest -->
        <test-method is-config="true" signature="setup(java.lang.String)[pri:0, instance:dsAlgoTests.TreeTest@5bda8e08]" started-at="2025-02-16T15:07:57 CST" name="setup" finished-at="2025-02-16T15:07:58 CST" duration-ms="1374" status="PASS">
          <params>
            <param index="0">
              <value>
                <![CDATA[chrome]]>
              </value>
            </param>
          </params>
          <reporter-output>
          </reporter-output>
        </test-method> <!-- setup -->
        <test-method is-config="true" signature="navigateToTreePage()[pri:0, instance:dsAlgoTests.TreeTest@5bda8e08]" started-at="2025-02-16T15:07:58 CST" name="navigateToTreePage" finished-at="2025-02-16T15:08:00 CST" duration-ms="1817" status="PASS">
          <reporter-output>
          </reporter-output>
        </test-method> <!-- navigateToTreePage -->
        <test-method signature="navigateToBinaryTreesTryEditor()[pri:12, instance:dsAlgoTests.TreeTest@5bda8e08]" started-at="2025-02-16T15:08:00 CST" name="navigateToBinaryTreesTryEditor" finished-at="2025-02-16T15:08:01 CST" duration-ms="1158" status="PASS">
          <reporter-output>
          </reporter-output>
        </test-method> <!-- navigateToBinaryTreesTryEditor -->
        <test-method is-config="true" signature="tearDownTest(org.testng.ITestResult)[pri:0, instance:dsAlgoTests.TreeTest@5bda8e08]" started-at="2025-02-16T15:08:01 CST" name="tearDownTest" finished-at="2025-02-16T15:08:01 CST" duration-ms="156" status="PASS">
          <params>
            <param index="0">
              <value>
                <![CDATA[[TestResult name=navigateToBinaryTreesTryEditor status=SUCCESS method=TreeTest.navigateToBinaryTreesTryEditor()[pri:12, instance:dsAlgoTests.TreeTest@5bda8e08] output={null}]]]>
              </value>
            </param>
          </params>
          <reporter-output>
          </reporter-output>
        </test-method> <!-- tearDownTest -->
        <test-method is-config="true" signature="setup(java.lang.String)[pri:0, instance:dsAlgoTests.TreeTest@5bda8e08]" started-at="2025-02-16T15:08:01 CST" name="setup" finished-at="2025-02-16T15:08:03 CST" duration-ms="1508" status="PASS">
          <params>
            <param index="0">
              <value>
                <![CDATA[chrome]]>
              </value>
            </param>
          </params>
          <reporter-output>
          </reporter-output>
        </test-method> <!-- setup -->
        <test-method is-config="true" signature="navigateToTreePage()[pri:0, instance:dsAlgoTests.TreeTest@5bda8e08]" started-at="2025-02-16T15:08:03 CST" name="navigateToTreePage" finished-at="2025-02-16T15:08:05 CST" duration-ms="1797" status="PASS">
          <reporter-output>
          </reporter-output>
        </test-method> <!-- navigateToTreePage -->
        <test-method signature="navigateToTypesOfBinaryTrees()[pri:13, instance:dsAlgoTests.TreeTest@5bda8e08]" started-at="2025-02-16T15:08:05 CST" name="navigateToTypesOfBinaryTrees" finished-at="2025-02-16T15:08:05 CST" duration-ms="501" status="PASS">
          <reporter-output>
          </reporter-output>
        </test-method> <!-- navigateToTypesOfBinaryTrees -->
        <test-method is-config="true" signature="tearDownTest(org.testng.ITestResult)[pri:0, instance:dsAlgoTests.TreeTest@5bda8e08]" started-at="2025-02-16T15:08:05 CST" name="tearDownTest" finished-at="2025-02-16T15:08:05 CST" duration-ms="155" status="PASS">
          <params>
            <param index="0">
              <value>
                <![CDATA[[TestResult name=navigateToTypesOfBinaryTrees status=SUCCESS method=TreeTest.navigateToTypesOfBinaryTrees()[pri:13, instance:dsAlgoTests.TreeTest@5bda8e08] output={null}]]]>
              </value>
            </param>
          </params>
          <reporter-output>
          </reporter-output>
        </test-method> <!-- tearDownTest -->
        <test-method is-config="true" signature="setup(java.lang.String)[pri:0, instance:dsAlgoTests.TreeTest@5bda8e08]" started-at="2025-02-16T15:08:05 CST" name="setup" finished-at="2025-02-16T15:08:07 CST" duration-ms="1335" status="PASS">
          <params>
            <param index="0">
              <value>
                <![CDATA[chrome]]>
              </value>
            </param>
          </params>
          <reporter-output>
          </reporter-output>
        </test-method> <!-- setup -->
        <test-method is-config="true" signature="navigateToTreePage()[pri:0, instance:dsAlgoTests.TreeTest@5bda8e08]" started-at="2025-02-16T15:08:07 CST" name="navigateToTreePage" finished-at="2025-02-16T15:08:09 CST" duration-ms="1913" status="PASS">
          <reporter-output>
          </reporter-output>
        </test-method> <!-- navigateToTreePage -->
        <test-method signature="navigateToTypesOfBinaryTreesTryEditor()[pri:14, instance:dsAlgoTests.TreeTest@5bda8e08]" started-at="2025-02-16T15:08:09 CST" name="navigateToTypesOfBinaryTreesTryEditor" finished-at="2025-02-16T15:08:10 CST" duration-ms="1140" status="PASS">
          <reporter-output>
          </reporter-output>
        </test-method> <!-- navigateToTypesOfBinaryTreesTryEditor -->
        <test-method is-config="true" signature="tearDownTest(org.testng.ITestResult)[pri:0, instance:dsAlgoTests.TreeTest@5bda8e08]" started-at="2025-02-16T15:08:10 CST" name="tearDownTest" finished-at="2025-02-16T15:08:10 CST" duration-ms="136" status="PASS">
          <params>
            <param index="0">
              <value>
                <![CDATA[[TestResult name=navigateToTypesOfBinaryTreesTryEditor status=SUCCESS method=TreeTest.navigateToTypesOfBinaryTreesTryEditor()[pri:14, instance:dsAlgoTests.TreeTest@5bda8e08] output={null}]]]>
              </value>
            </param>
          </params>
          <reporter-output>
          </reporter-output>
        </test-method> <!-- tearDownTest -->
        <test-method is-config="true" signature="setup(java.lang.String)[pri:0, instance:dsAlgoTests.TreeTest@5bda8e08]" started-at="2025-02-16T15:08:10 CST" name="setup" finished-at="2025-02-16T15:08:12 CST" duration-ms="1888" status="PASS">
          <params>
            <param index="0">
              <value>
                <![CDATA[chrome]]>
              </value>
            </param>
          </params>
          <reporter-output>
          </reporter-output>
        </test-method> <!-- setup -->
        <test-method is-config="true" signature="navigateToTreePage()[pri:0, instance:dsAlgoTests.TreeTest@5bda8e08]" started-at="2025-02-16T15:08:12 CST" name="navigateToTreePage" finished-at="2025-02-16T15:08:14 CST" duration-ms="1851" status="PASS">
          <reporter-output>
          </reporter-output>
        </test-method> <!-- navigateToTreePage -->
        <test-method signature="navigateToImplementationInPython()[pri:15, instance:dsAlgoTests.TreeTest@5bda8e08]" started-at="2025-02-16T15:08:14 CST" name="navigateToImplementationInPython" finished-at="2025-02-16T15:08:14 CST" duration-ms="416" status="PASS">
          <reporter-output>
          </reporter-output>
        </test-method> <!-- navigateToImplementationInPython -->
        <test-method is-config="true" signature="tearDownTest(org.testng.ITestResult)[pri:0, instance:dsAlgoTests.TreeTest@5bda8e08]" started-at="2025-02-16T15:08:14 CST" name="tearDownTest" finished-at="2025-02-16T15:08:14 CST" duration-ms="210" status="PASS">
          <params>
            <param index="0">
              <value>
                <![CDATA[[TestResult name=navigateToImplementationInPython status=SUCCESS method=TreeTest.navigateToImplementationInPython()[pri:15, instance:dsAlgoTests.TreeTest@5bda8e08] output={null}]]]>
              </value>
            </param>
          </params>
          <reporter-output>
          </reporter-output>
        </test-method> <!-- tearDownTest -->
        <test-method is-config="true" signature="setup(java.lang.String)[pri:0, instance:dsAlgoTests.TreeTest@5bda8e08]" started-at="2025-02-16T15:08:14 CST" name="setup" finished-at="2025-02-16T15:08:16 CST" duration-ms="1301" status="PASS">
          <params>
            <param index="0">
              <value>
                <![CDATA[chrome]]>
              </value>
            </param>
          </params>
          <reporter-output>
          </reporter-output>
        </test-method> <!-- setup -->
        <test-method is-config="true" signature="navigateToTreePage()[pri:0, instance:dsAlgoTests.TreeTest@5bda8e08]" started-at="2025-02-16T15:08:16 CST" name="navigateToTreePage" finished-at="2025-02-16T15:08:17 CST" duration-ms="1640" status="PASS">
          <reporter-output>
          </reporter-output>
        </test-method> <!-- navigateToTreePage -->
        <test-method signature="navigateToImplementationInPythonTryEditor()[pri:16, instance:dsAlgoTests.TreeTest@5bda8e08]" started-at="2025-02-16T15:08:17 CST" name="navigateToImplementationInPythonTryEditor" finished-at="2025-02-16T15:08:18 CST" duration-ms="986" status="PASS">
          <reporter-output>
          </reporter-output>
        </test-method> <!-- navigateToImplementationInPythonTryEditor -->
        <test-method is-config="true" signature="tearDownTest(org.testng.ITestResult)[pri:0, instance:dsAlgoTests.TreeTest@5bda8e08]" started-at="2025-02-16T15:08:18 CST" name="tearDownTest" finished-at="2025-02-16T15:08:18 CST" duration-ms="154" status="PASS">
          <params>
            <param index="0">
              <value>
                <![CDATA[[TestResult name=navigateToImplementationInPythonTryEditor status=SUCCESS method=TreeTest.navigateToImplementationInPythonTryEditor()[pri:16, instance:dsAlgoTests.TreeTest@5bda8e08] output={null}]]]>
              </value>
            </param>
          </params>
          <reporter-output>
          </reporter-output>
        </test-method> <!-- tearDownTest -->
        <test-method is-config="true" signature="setup(java.lang.String)[pri:0, instance:dsAlgoTests.TreeTest@5bda8e08]" started-at="2025-02-16T15:08:18 CST" name="setup" finished-at="2025-02-16T15:08:20 CST" duration-ms="1253" status="PASS">
          <params>
            <param index="0">
              <value>
                <![CDATA[chrome]]>
              </value>
            </param>
          </params>
          <reporter-output>
          </reporter-output>
        </test-method> <!-- setup -->
        <test-method is-config="true" signature="navigateToTreePage()[pri:0, instance:dsAlgoTests.TreeTest@5bda8e08]" started-at="2025-02-16T15:08:20 CST" name="navigateToTreePage" finished-at="2025-02-16T15:08:21 CST" duration-ms="1768" status="PASS">
          <reporter-output>
          </reporter-output>
        </test-method> <!-- navigateToTreePage -->
        <test-method signature="navigateToBinaryTreeTraversals()[pri:17, instance:dsAlgoTests.TreeTest@5bda8e08]" started-at="2025-02-16T15:08:21 CST" name="navigateToBinaryTreeTraversals" finished-at="2025-02-16T15:08:22 CST" duration-ms="381" status="PASS">
          <reporter-output>
          </reporter-output>
        </test-method> <!-- navigateToBinaryTreeTraversals -->
        <test-method is-config="true" signature="tearDownTest(org.testng.ITestResult)[pri:0, instance:dsAlgoTests.TreeTest@5bda8e08]" started-at="2025-02-16T15:08:22 CST" name="tearDownTest" finished-at="2025-02-16T15:08:22 CST" duration-ms="156" status="PASS">
          <params>
            <param index="0">
              <value>
                <![CDATA[[TestResult name=navigateToBinaryTreeTraversals status=SUCCESS method=TreeTest.navigateToBinaryTreeTraversals()[pri:17, instance:dsAlgoTests.TreeTest@5bda8e08] output={null}]]]>
              </value>
            </param>
          </params>
          <reporter-output>
          </reporter-output>
        </test-method> <!-- tearDownTest -->
        <test-method is-config="true" signature="setup(java.lang.String)[pri:0, instance:dsAlgoTests.TreeTest@5bda8e08]" started-at="2025-02-16T15:08:22 CST" name="setup" finished-at="2025-02-16T15:08:23 CST" duration-ms="1366" status="PASS">
          <params>
            <param index="0">
              <value>
                <![CDATA[chrome]]>
              </value>
            </param>
          </params>
          <reporter-output>
          </reporter-output>
        </test-method> <!-- setup -->
        <test-method is-config="true" signature="navigateToTreePage()[pri:0, instance:dsAlgoTests.TreeTest@5bda8e08]" started-at="2025-02-16T15:08:23 CST" name="navigateToTreePage" finished-at="2025-02-16T15:08:25 CST" duration-ms="1665" status="PASS">
          <reporter-output>
          </reporter-output>
        </test-method> <!-- navigateToTreePage -->
        <test-method signature="navigateToBinaryTreeTraversalsTryEditor()[pri:18, instance:dsAlgoTests.TreeTest@5bda8e08]" started-at="2025-02-16T15:08:25 CST" name="navigateToBinaryTreeTraversalsTryEditor" finished-at="2025-02-16T15:08:26 CST" duration-ms="944" status="PASS">
          <reporter-output>
          </reporter-output>
        </test-method> <!-- navigateToBinaryTreeTraversalsTryEditor -->
        <test-method is-config="true" signature="tearDownTest(org.testng.ITestResult)[pri:0, instance:dsAlgoTests.TreeTest@5bda8e08]" started-at="2025-02-16T15:08:26 CST" name="tearDownTest" finished-at="2025-02-16T15:08:26 CST" duration-ms="145" status="PASS">
          <params>
            <param index="0">
              <value>
                <![CDATA[[TestResult name=navigateToBinaryTreeTraversalsTryEditor status=SUCCESS method=TreeTest.navigateToBinaryTreeTraversalsTryEditor()[pri:18, instance:dsAlgoTests.TreeTest@5bda8e08] output={null}]]]>
              </value>
            </param>
          </params>
          <reporter-output>
          </reporter-output>
        </test-method> <!-- tearDownTest -->
        <test-method is-config="true" signature="setup(java.lang.String)[pri:0, instance:dsAlgoTests.TreeTest@5bda8e08]" started-at="2025-02-16T15:08:26 CST" name="setup" finished-at="2025-02-16T15:08:27 CST" duration-ms="1364" status="PASS">
          <params>
            <param index="0">
              <value>
                <![CDATA[chrome]]>
              </value>
            </param>
          </params>
          <reporter-output>
          </reporter-output>
        </test-method> <!-- setup -->
        <test-method is-config="true" signature="navigateToTreePage()[pri:0, instance:dsAlgoTests.TreeTest@5bda8e08]" started-at="2025-02-16T15:08:27 CST" name="navigateToTreePage" finished-at="2025-02-16T15:08:29 CST" duration-ms="1709" status="PASS">
          <reporter-output>
          </reporter-output>
        </test-method> <!-- navigateToTreePage -->
        <test-method signature="navigateToImplementationOfBinaryTrees()[pri:19, instance:dsAlgoTests.TreeTest@5bda8e08]" started-at="2025-02-16T15:08:29 CST" name="navigateToImplementationOfBinaryTrees" finished-at="2025-02-16T15:08:29 CST" duration-ms="285" status="PASS">
          <reporter-output>
          </reporter-output>
        </test-method> <!-- navigateToImplementationOfBinaryTrees -->
        <test-method is-config="true" signature="tearDownTest(org.testng.ITestResult)[pri:0, instance:dsAlgoTests.TreeTest@5bda8e08]" started-at="2025-02-16T15:08:29 CST" name="tearDownTest" finished-at="2025-02-16T15:08:30 CST" duration-ms="159" status="PASS">
          <params>
            <param index="0">
              <value>
                <![CDATA[[TestResult name=navigateToImplementationOfBinaryTrees status=SUCCESS method=TreeTest.navigateToImplementationOfBinaryTrees()[pri:19, instance:dsAlgoTests.TreeTest@5bda8e08] output={null}]]]>
              </value>
            </param>
          </params>
          <reporter-output>
          </reporter-output>
        </test-method> <!-- tearDownTest -->
        <test-method is-config="true" signature="setup(java.lang.String)[pri:0, instance:dsAlgoTests.TreeTest@5bda8e08]" started-at="2025-02-16T15:08:30 CST" name="setup" finished-at="2025-02-16T15:08:31 CST" duration-ms="1378" status="PASS">
          <params>
            <param index="0">
              <value>
                <![CDATA[chrome]]>
              </value>
            </param>
          </params>
          <reporter-output>
          </reporter-output>
        </test-method> <!-- setup -->
        <test-method is-config="true" signature="navigateToTreePage()[pri:0, instance:dsAlgoTests.TreeTest@5bda8e08]" started-at="2025-02-16T15:08:31 CST" name="navigateToTreePage" finished-at="2025-02-16T15:08:33 CST" duration-ms="1960" status="PASS">
          <reporter-output>
          </reporter-output>
        </test-method> <!-- navigateToTreePage -->
        <test-method signature="navigateToImplementationOfBinaryTreesTryEditor()[pri:20, instance:dsAlgoTests.TreeTest@5bda8e08]" started-at="2025-02-16T15:08:33 CST" name="navigateToImplementationOfBinaryTreesTryEditor" finished-at="2025-02-16T15:08:34 CST" duration-ms="1025" status="PASS">
          <reporter-output>
          </reporter-output>
        </test-method> <!-- navigateToImplementationOfBinaryTreesTryEditor -->
        <test-method is-config="true" signature="tearDownTest(org.testng.ITestResult)[pri:0, instance:dsAlgoTests.TreeTest@5bda8e08]" started-at="2025-02-16T15:08:34 CST" name="tearDownTest" finished-at="2025-02-16T15:08:34 CST" duration-ms="128" status="PASS">
          <params>
            <param index="0">
              <value>
                <![CDATA[[TestResult name=navigateToImplementationOfBinaryTreesTryEditor status=SUCCESS method=TreeTest.navigateToImplementationOfBinaryTreesTryEditor()[pri:20, instance:dsAlgoTests.TreeTest@5bda8e08] output={null}]]]>
              </value>
            </param>
          </params>
          <reporter-output>
          </reporter-output>
        </test-method> <!-- tearDownTest -->
        <test-method is-config="true" signature="setup(java.lang.String)[pri:0, instance:dsAlgoTests.TreeTest@5bda8e08]" started-at="2025-02-16T15:08:34 CST" name="setup" finished-at="2025-02-16T15:08:35 CST" duration-ms="1363" status="PASS">
          <params>
            <param index="0">
              <value>
                <![CDATA[chrome]]>
              </value>
            </param>
          </params>
          <reporter-output>
          </reporter-output>
        </test-method> <!-- setup -->
        <test-method is-config="true" signature="navigateToTreePage()[pri:0, instance:dsAlgoTests.TreeTest@5bda8e08]" started-at="2025-02-16T15:08:35 CST" name="navigateToTreePage" finished-at="2025-02-16T15:08:37 CST" duration-ms="1801" status="PASS">
          <reporter-output>
          </reporter-output>
        </test-method> <!-- navigateToTreePage -->
        <test-method signature="navigateToApplicationsOfBinaryTrees()[pri:21, instance:dsAlgoTests.TreeTest@5bda8e08]" started-at="2025-02-16T15:08:37 CST" name="navigateToApplicationsOfBinaryTrees" finished-at="2025-02-16T15:08:38 CST" duration-ms="262" status="PASS">
          <reporter-output>
          </reporter-output>
        </test-method> <!-- navigateToApplicationsOfBinaryTrees -->
        <test-method is-config="true" signature="tearDownTest(org.testng.ITestResult)[pri:0, instance:dsAlgoTests.TreeTest@5bda8e08]" started-at="2025-02-16T15:08:38 CST" name="tearDownTest" finished-at="2025-02-16T15:08:38 CST" duration-ms="158" status="PASS">
          <params>
            <param index="0">
              <value>
                <![CDATA[[TestResult name=navigateToApplicationsOfBinaryTrees status=SUCCESS method=TreeTest.navigateToApplicationsOfBinaryTrees()[pri:21, instance:dsAlgoTests.TreeTest@5bda8e08] output={null}]]]>
              </value>
            </param>
          </params>
          <reporter-output>
          </reporter-output>
        </test-method> <!-- tearDownTest -->
        <test-method is-config="true" signature="setup(java.lang.String)[pri:0, instance:dsAlgoTests.TreeTest@5bda8e08]" started-at="2025-02-16T15:08:38 CST" name="setup" finished-at="2025-02-16T15:08:39 CST" duration-ms="1394" status="PASS">
          <params>
            <param index="0">
              <value>
                <![CDATA[chrome]]>
              </value>
            </param>
          </params>
          <reporter-output>
          </reporter-output>
        </test-method> <!-- setup -->
        <test-method is-config="true" signature="navigateToTreePage()[pri:0, instance:dsAlgoTests.TreeTest@5bda8e08]" started-at="2025-02-16T15:08:39 CST" name="navigateToTreePage" finished-at="2025-02-16T15:08:41 CST" duration-ms="1593" status="PASS">
          <reporter-output>
          </reporter-output>
        </test-method> <!-- navigateToTreePage -->
        <test-method signature="navigateToApplicationsOfBinaryTreesTryEditor()[pri:22, instance:dsAlgoTests.TreeTest@5bda8e08]" started-at="2025-02-16T15:08:41 CST" name="navigateToApplicationsOfBinaryTreesTryEditor" finished-at="2025-02-16T15:08:42 CST" duration-ms="1014" status="PASS">
          <reporter-output>
          </reporter-output>
        </test-method> <!-- navigateToApplicationsOfBinaryTreesTryEditor -->
        <test-method is-config="true" signature="tearDownTest(org.testng.ITestResult)[pri:0, instance:dsAlgoTests.TreeTest@5bda8e08]" started-at="2025-02-16T15:08:42 CST" name="tearDownTest" finished-at="2025-02-16T15:08:42 CST" duration-ms="166" status="PASS">
          <params>
            <param index="0">
              <value>
                <![CDATA[[TestResult name=navigateToApplicationsOfBinaryTreesTryEditor status=SUCCESS method=TreeTest.navigateToApplicationsOfBinaryTreesTryEditor()[pri:22, instance:dsAlgoTests.TreeTest@5bda8e08] output={null}]]]>
              </value>
            </param>
          </params>
          <reporter-output>
          </reporter-output>
        </test-method> <!-- tearDownTest -->
        <test-method is-config="true" signature="setup(java.lang.String)[pri:0, instance:dsAlgoTests.TreeTest@5bda8e08]" started-at="2025-02-16T15:08:42 CST" name="setup" finished-at="2025-02-16T15:08:43 CST" duration-ms="1304" status="PASS">
          <params>
            <param index="0">
              <value>
                <![CDATA[chrome]]>
              </value>
            </param>
          </params>
          <reporter-output>
          </reporter-output>
        </test-method> <!-- setup -->
        <test-method is-config="true" signature="navigateToTreePage()[pri:0, instance:dsAlgoTests.TreeTest@5bda8e08]" started-at="2025-02-16T15:08:43 CST" name="navigateToTreePage" finished-at="2025-02-16T15:08:45 CST" duration-ms="1854" status="PASS">
          <reporter-output>
          </reporter-output>
        </test-method> <!-- navigateToTreePage -->
        <test-method signature="navigateToBinarySearchTrees()[pri:23, instance:dsAlgoTests.TreeTest@5bda8e08]" started-at="2025-02-16T15:08:45 CST" name="navigateToBinarySearchTrees" finished-at="2025-02-16T15:08:46 CST" duration-ms="545" status="PASS">
          <reporter-output>
          </reporter-output>
        </test-method> <!-- navigateToBinarySearchTrees -->
        <test-method is-config="true" signature="tearDownTest(org.testng.ITestResult)[pri:0, instance:dsAlgoTests.TreeTest@5bda8e08]" started-at="2025-02-16T15:08:46 CST" name="tearDownTest" finished-at="2025-02-16T15:08:46 CST" duration-ms="140" status="PASS">
          <params>
            <param index="0">
              <value>
                <![CDATA[[TestResult name=navigateToBinarySearchTrees status=SUCCESS method=TreeTest.navigateToBinarySearchTrees()[pri:23, instance:dsAlgoTests.TreeTest@5bda8e08] output={null}]]]>
              </value>
            </param>
          </params>
          <reporter-output>
          </reporter-output>
        </test-method> <!-- tearDownTest -->
        <test-method is-config="true" signature="setup(java.lang.String)[pri:0, instance:dsAlgoTests.TreeTest@5bda8e08]" started-at="2025-02-16T15:08:46 CST" name="setup" finished-at="2025-02-16T15:08:47 CST" duration-ms="1383" status="PASS">
          <params>
            <param index="0">
              <value>
                <![CDATA[chrome]]>
              </value>
            </param>
          </params>
          <reporter-output>
          </reporter-output>
        </test-method> <!-- setup -->
        <test-method is-config="true" signature="navigateToTreePage()[pri:0, instance:dsAlgoTests.TreeTest@5bda8e08]" started-at="2025-02-16T15:08:47 CST" name="navigateToTreePage" finished-at="2025-02-16T15:08:49 CST" duration-ms="1725" status="PASS">
          <reporter-output>
          </reporter-output>
        </test-method> <!-- navigateToTreePage -->
        <test-method signature="navigateToBinarySearchTreesTryEditor()[pri:24, instance:dsAlgoTests.TreeTest@5bda8e08]" started-at="2025-02-16T15:08:49 CST" name="navigateToBinarySearchTreesTryEditor" finished-at="2025-02-16T15:08:50 CST" duration-ms="1340" status="PASS">
          <reporter-output>
          </reporter-output>
        </test-method> <!-- navigateToBinarySearchTreesTryEditor -->
        <test-method is-config="true" signature="tearDownTest(org.testng.ITestResult)[pri:0, instance:dsAlgoTests.TreeTest@5bda8e08]" started-at="2025-02-16T15:08:50 CST" name="tearDownTest" finished-at="2025-02-16T15:08:50 CST" duration-ms="171" status="PASS">
          <params>
            <param index="0">
              <value>
                <![CDATA[[TestResult name=navigateToBinarySearchTreesTryEditor status=SUCCESS method=TreeTest.navigateToBinarySearchTreesTryEditor()[pri:24, instance:dsAlgoTests.TreeTest@5bda8e08] output={null}]]]>
              </value>
            </param>
          </params>
          <reporter-output>
          </reporter-output>
        </test-method> <!-- tearDownTest -->
        <test-method is-config="true" signature="setup(java.lang.String)[pri:0, instance:dsAlgoTests.TreeTest@5bda8e08]" started-at="2025-02-16T15:08:50 CST" name="setup" finished-at="2025-02-16T15:08:52 CST" duration-ms="1325" status="PASS">
          <params>
            <param index="0">
              <value>
                <![CDATA[chrome]]>
              </value>
            </param>
          </params>
          <reporter-output>
          </reporter-output>
        </test-method> <!-- setup -->
        <test-method is-config="true" signature="navigateToTreePage()[pri:0, instance:dsAlgoTests.TreeTest@5bda8e08]" started-at="2025-02-16T15:08:52 CST" name="navigateToTreePage" finished-at="2025-02-16T15:08:53 CST" duration-ms="1639" status="PASS">
          <reporter-output>
          </reporter-output>
        </test-method> <!-- navigateToTreePage -->
        <test-method signature="navigateToImplementationOfBST()[pri:25, instance:dsAlgoTests.TreeTest@5bda8e08]" started-at="2025-02-16T15:08:53 CST" name="navigateToImplementationOfBST" finished-at="2025-02-16T15:08:54 CST" duration-ms="329" status="PASS">
          <reporter-output>
          </reporter-output>
        </test-method> <!-- navigateToImplementationOfBST -->
        <test-method is-config="true" signature="tearDownTest(org.testng.ITestResult)[pri:0, instance:dsAlgoTests.TreeTest@5bda8e08]" started-at="2025-02-16T15:08:54 CST" name="tearDownTest" finished-at="2025-02-16T15:08:54 CST" duration-ms="166" status="PASS">
          <params>
            <param index="0">
              <value>
                <![CDATA[[TestResult name=navigateToImplementationOfBST status=SUCCESS method=TreeTest.navigateToImplementationOfBST()[pri:25, instance:dsAlgoTests.TreeTest@5bda8e08] output={null}]]]>
              </value>
            </param>
          </params>
          <reporter-output>
          </reporter-output>
        </test-method> <!-- tearDownTest -->
        <test-method is-config="true" signature="setup(java.lang.String)[pri:0, instance:dsAlgoTests.TreeTest@5bda8e08]" started-at="2025-02-16T15:08:54 CST" name="setup" finished-at="2025-02-16T15:08:55 CST" duration-ms="1303" status="PASS">
          <params>
            <param index="0">
              <value>
                <![CDATA[chrome]]>
              </value>
            </param>
          </params>
          <reporter-output>
          </reporter-output>
        </test-method> <!-- setup -->
        <test-method is-config="true" signature="navigateToTreePage()[pri:0, instance:dsAlgoTests.TreeTest@5bda8e08]" started-at="2025-02-16T15:08:55 CST" name="navigateToTreePage" finished-at="2025-02-16T15:08:57 CST" duration-ms="1809" status="PASS">
          <reporter-output>
          </reporter-output>
        </test-method> <!-- navigateToTreePage -->
        <test-method signature="navigateToImplementationOfBSTTryEditor()[pri:26, instance:dsAlgoTests.TreeTest@5bda8e08]" started-at="2025-02-16T15:08:57 CST" name="navigateToImplementationOfBSTTryEditor" finished-at="2025-02-16T15:08:58 CST" duration-ms="1071" status="PASS">
          <reporter-output>
          </reporter-output>
        </test-method> <!-- navigateToImplementationOfBSTTryEditor -->
        <test-method is-config="true" signature="tearDownTest(org.testng.ITestResult)[pri:0, instance:dsAlgoTests.TreeTest@5bda8e08]" started-at="2025-02-16T15:08:58 CST" name="tearDownTest" finished-at="2025-02-16T15:08:58 CST" duration-ms="135" status="PASS">
          <params>
            <param index="0">
              <value>
                <![CDATA[[TestResult name=navigateToImplementationOfBSTTryEditor status=SUCCESS method=TreeTest.navigateToImplementationOfBSTTryEditor()[pri:26, instance:dsAlgoTests.TreeTest@5bda8e08] output={null}]]]>
              </value>
            </param>
          </params>
          <reporter-output>
          </reporter-output>
        </test-method> <!-- tearDownTest -->
        <test-method is-config="true" signature="setup(java.lang.String)[pri:0, instance:dsAlgoTests.TreeTest@5bda8e08]" started-at="2025-02-16T15:08:59 CST" name="setup" finished-at="2025-02-16T15:09:00 CST" duration-ms="1452" status="PASS">
          <params>
            <param index="0">
              <value>
                <![CDATA[chrome]]>
              </value>
            </param>
          </params>
          <reporter-output>
          </reporter-output>
        </test-method> <!-- setup -->
        <test-method is-config="true" signature="navigateToTreePage()[pri:0, instance:dsAlgoTests.TreeTest@5bda8e08]" started-at="2025-02-16T15:09:00 CST" name="navigateToTreePage" finished-at="2025-02-16T15:09:02 CST" duration-ms="1828" status="PASS">
          <reporter-output>
          </reporter-output>
        </test-method> <!-- navigateToTreePage -->
        <test-method signature="verifyCodeExecutionForTreeTryEditor(java.lang.String,java.lang.String,java.lang.String)[pri:27, instance:dsAlgoTests.TreeTest@5bda8e08]" started-at="2025-02-16T15:09:02 CST" name="verifyCodeExecutionForTreeTryEditor" data-provider="TreeTryEditorData" finished-at="2025-02-16T15:09:03 CST" duration-ms="1325" status="PASS">
          <params>
            <param index="0">
              <value>
                <![CDATA[Overview of Trees]]>
              </value>
            </param>
            <param index="1">
              <value>
                <![CDATA[print "hello"]]>
              </value>
            </param>
            <param index="2">
              <value>
                <![CDATA[hello]]>
              </value>
            </param>
          </params>
          <reporter-output>
          </reporter-output>
        </test-method> <!-- verifyCodeExecutionForTreeTryEditor -->
        <test-method is-config="true" signature="tearDownTest(org.testng.ITestResult)[pri:0, instance:dsAlgoTests.TreeTest@5bda8e08]" started-at="2025-02-16T15:09:03 CST" name="tearDownTest" finished-at="2025-02-16T15:09:04 CST" duration-ms="131" status="PASS">
          <params>
            <param index="0">
              <value>
                <![CDATA[[TestResult name=verifyCodeExecutionForTreeTryEditor status=SUCCESS method=TreeTest.verifyCodeExecutionForTreeTryEditor(java.lang.String,java.lang.String,java.lang.String)[pri:27, instance:dsAlgoTests.TreeTest@5bda8e08] output={null}]]]>
              </value>
            </param>
          </params>
          <reporter-output>
          </reporter-output>
        </test-method> <!-- tearDownTest -->
        <test-method is-config="true" signature="setup(java.lang.String)[pri:0, instance:dsAlgoTests.TreeTest@5bda8e08]" started-at="2025-02-16T15:09:04 CST" name="setup" finished-at="2025-02-16T15:09:05 CST" duration-ms="1304" status="PASS">
          <params>
            <param index="0">
              <value>
                <![CDATA[chrome]]>
              </value>
            </param>
          </params>
          <reporter-output>
          </reporter-output>
        </test-method> <!-- setup -->
        <test-method is-config="true" signature="navigateToTreePage()[pri:0, instance:dsAlgoTests.TreeTest@5bda8e08]" started-at="2025-02-16T15:09:05 CST" name="navigateToTreePage" finished-at="2025-02-16T15:09:07 CST" duration-ms="1772" status="PASS">
          <reporter-output>
          </reporter-output>
        </test-method> <!-- navigateToTreePage -->
        <test-method signature="verifyCodeExecutionForTreeTryEditor(java.lang.String,java.lang.String,java.lang.String)[pri:27, instance:dsAlgoTests.TreeTest@5bda8e08]" started-at="2025-02-16T15:09:07 CST" name="verifyCodeExecutionForTreeTryEditor" data-provider="TreeTryEditorData" finished-at="2025-02-16T15:09:08 CST" duration-ms="1411" status="PASS">
          <params>
            <param index="0">
              <value>
                <![CDATA[Overview of Trees]]>
              </value>
            </param>
            <param index="1">
              <value>
                <![CDATA[invalid]]>
              </value>
            </param>
            <param index="2">
              <value>
                <![CDATA[NameError: name 'invalid' is not defined on line 1]]>
              </value>
            </param>
          </params>
          <reporter-output>
          </reporter-output>
        </test-method> <!-- verifyCodeExecutionForTreeTryEditor -->
        <test-method is-config="true" signature="tearDownTest(org.testng.ITestResult)[pri:0, instance:dsAlgoTests.TreeTest@5bda8e08]" started-at="2025-02-16T15:09:08 CST" name="tearDownTest" finished-at="2025-02-16T15:09:08 CST" duration-ms="145" status="PASS">
          <params>
            <param index="0">
              <value>
                <![CDATA[[TestResult name=verifyCodeExecutionForTreeTryEditor status=SUCCESS method=TreeTest.verifyCodeExecutionForTreeTryEditor(java.lang.String,java.lang.String,java.lang.String)[pri:27, instance:dsAlgoTests.TreeTest@5bda8e08] output={null}]]]>
              </value>
            </param>
          </params>
          <reporter-output>
          </reporter-output>
        </test-method> <!-- tearDownTest -->
        <test-method is-config="true" signature="setup(java.lang.String)[pri:0, instance:dsAlgoTests.TreeTest@5bda8e08]" started-at="2025-02-16T15:09:08 CST" name="setup" finished-at="2025-02-16T15:09:10 CST" duration-ms="1548" status="PASS">
          <params>
            <param index="0">
              <value>
                <![CDATA[chrome]]>
              </value>
            </param>
          </params>
          <reporter-output>
          </reporter-output>
        </test-method> <!-- setup -->
        <test-method is-config="true" signature="navigateToTreePage()[pri:0, instance:dsAlgoTests.TreeTest@5bda8e08]" started-at="2025-02-16T15:09:10 CST" name="navigateToTreePage" finished-at="2025-02-16T15:09:11 CST" duration-ms="1600" status="PASS">
          <reporter-output>
          </reporter-output>
        </test-method> <!-- navigateToTreePage -->
        <test-method signature="verifyCodeExecutionForTreeTryEditor(java.lang.String,java.lang.String,java.lang.String)[pri:27, instance:dsAlgoTests.TreeTest@5bda8e08]" started-at="2025-02-16T15:09:11 CST" name="verifyCodeExecutionForTreeTryEditor" data-provider="TreeTryEditorData" finished-at="2025-02-16T15:09:13 CST" duration-ms="1189" status="PASS">
          <params>
            <param index="0">
              <value>
                <![CDATA[Terminologies]]>
              </value>
            </param>
            <param index="1">
              <value>
                <![CDATA[print "hello"]]>
              </value>
            </param>
            <param index="2">
              <value>
                <![CDATA[hello]]>
              </value>
            </param>
          </params>
          <reporter-output>
          </reporter-output>
        </test-method> <!-- verifyCodeExecutionForTreeTryEditor -->
        <test-method is-config="true" signature="tearDownTest(org.testng.ITestResult)[pri:0, instance:dsAlgoTests.TreeTest@5bda8e08]" started-at="2025-02-16T15:09:13 CST" name="tearDownTest" finished-at="2025-02-16T15:09:13 CST" duration-ms="171" status="PASS">
          <params>
            <param index="0">
              <value>
                <![CDATA[[TestResult name=verifyCodeExecutionForTreeTryEditor status=SUCCESS method=TreeTest.verifyCodeExecutionForTreeTryEditor(java.lang.String,java.lang.String,java.lang.String)[pri:27, instance:dsAlgoTests.TreeTest@5bda8e08] output={null}]]]>
              </value>
            </param>
          </params>
          <reporter-output>
          </reporter-output>
        </test-method> <!-- tearDownTest -->
        <test-method is-config="true" signature="setup(java.lang.String)[pri:0, instance:dsAlgoTests.TreeTest@5bda8e08]" started-at="2025-02-16T15:09:13 CST" name="setup" finished-at="2025-02-16T15:09:14 CST" duration-ms="1308" status="PASS">
          <params>
            <param index="0">
              <value>
                <![CDATA[chrome]]>
              </value>
            </param>
          </params>
          <reporter-output>
          </reporter-output>
        </test-method> <!-- setup -->
        <test-method is-config="true" signature="navigateToTreePage()[pri:0, instance:dsAlgoTests.TreeTest@5bda8e08]" started-at="2025-02-16T15:09:14 CST" name="navigateToTreePage" finished-at="2025-02-16T15:09:16 CST" duration-ms="1830" status="PASS">
          <reporter-output>
          </reporter-output>
        </test-method> <!-- navigateToTreePage -->
        <test-method signature="verifyCodeExecutionForTreeTryEditor(java.lang.String,java.lang.String,java.lang.String)[pri:27, instance:dsAlgoTests.TreeTest@5bda8e08]" started-at="2025-02-16T15:09:16 CST" name="verifyCodeExecutionForTreeTryEditor" data-provider="TreeTryEditorData" finished-at="2025-02-16T15:09:17 CST" duration-ms="1167" status="PASS">
          <params>
            <param index="0">
              <value>
                <![CDATA[Terminologies]]>
              </value>
            </param>
            <param index="1">
              <value>
                <![CDATA[invalid]]>
              </value>
            </param>
            <param index="2">
              <value>
                <![CDATA[NameError: name 'invalid' is not defined on line 1]]>
              </value>
            </param>
          </params>
          <reporter-output>
          </reporter-output>
        </test-method> <!-- verifyCodeExecutionForTreeTryEditor -->
        <test-method is-config="true" signature="tearDownTest(org.testng.ITestResult)[pri:0, instance:dsAlgoTests.TreeTest@5bda8e08]" started-at="2025-02-16T15:09:17 CST" name="tearDownTest" finished-at="2025-02-16T15:09:17 CST" duration-ms="169" status="PASS">
          <params>
            <param index="0">
              <value>
                <![CDATA[[TestResult name=verifyCodeExecutionForTreeTryEditor status=SUCCESS method=TreeTest.verifyCodeExecutionForTreeTryEditor(java.lang.String,java.lang.String,java.lang.String)[pri:27, instance:dsAlgoTests.TreeTest@5bda8e08] output={null}]]]>
              </value>
            </param>
          </params>
          <reporter-output>
          </reporter-output>
        </test-method> <!-- tearDownTest -->
        <test-method is-config="true" signature="setup(java.lang.String)[pri:0, instance:dsAlgoTests.TreeTest@5bda8e08]" started-at="2025-02-16T15:09:17 CST" name="setup" finished-at="2025-02-16T15:09:19 CST" duration-ms="1300" status="PASS">
          <params>
            <param index="0">
              <value>
                <![CDATA[chrome]]>
              </value>
            </param>
          </params>
          <reporter-output>
          </reporter-output>
        </test-method> <!-- setup -->
        <test-method is-config="true" signature="navigateToTreePage()[pri:0, instance:dsAlgoTests.TreeTest@5bda8e08]" started-at="2025-02-16T15:09:19 CST" name="navigateToTreePage" finished-at="2025-02-16T15:09:20 CST" duration-ms="1708" status="PASS">
          <reporter-output>
          </reporter-output>
        </test-method> <!-- navigateToTreePage -->
        <test-method signature="verifyCodeExecutionForTreeTryEditor(java.lang.String,java.lang.String,java.lang.String)[pri:27, instance:dsAlgoTests.TreeTest@5bda8e08]" started-at="2025-02-16T15:09:20 CST" name="verifyCodeExecutionForTreeTryEditor" data-provider="TreeTryEditorData" finished-at="2025-02-16T15:09:22 CST" duration-ms="1248" status="PASS">
          <params>
            <param index="0">
              <value>
                <![CDATA[Types of Trees]]>
              </value>
            </param>
            <param index="1">
              <value>
                <![CDATA[print "hello"]]>
              </value>
            </param>
            <param index="2">
              <value>
                <![CDATA[hello]]>
              </value>
            </param>
          </params>
          <reporter-output>
          </reporter-output>
        </test-method> <!-- verifyCodeExecutionForTreeTryEditor -->
        <test-method is-config="true" signature="tearDownTest(org.testng.ITestResult)[pri:0, instance:dsAlgoTests.TreeTest@5bda8e08]" started-at="2025-02-16T15:09:22 CST" name="tearDownTest" finished-at="2025-02-16T15:09:22 CST" duration-ms="203" status="PASS">
          <params>
            <param index="0">
              <value>
                <![CDATA[[TestResult name=verifyCodeExecutionForTreeTryEditor status=SUCCESS method=TreeTest.verifyCodeExecutionForTreeTryEditor(java.lang.String,java.lang.String,java.lang.String)[pri:27, instance:dsAlgoTests.TreeTest@5bda8e08] output={null}]]]>
              </value>
            </param>
          </params>
          <reporter-output>
          </reporter-output>
        </test-method> <!-- tearDownTest -->
        <test-method is-config="true" signature="setup(java.lang.String)[pri:0, instance:dsAlgoTests.TreeTest@5bda8e08]" started-at="2025-02-16T15:09:22 CST" name="setup" finished-at="2025-02-16T15:09:23 CST" duration-ms="1486" status="PASS">
          <params>
            <param index="0">
              <value>
                <![CDATA[chrome]]>
              </value>
            </param>
          </params>
          <reporter-output>
          </reporter-output>
        </test-method> <!-- setup -->
        <test-method is-config="true" signature="navigateToTreePage()[pri:0, instance:dsAlgoTests.TreeTest@5bda8e08]" started-at="2025-02-16T15:09:23 CST" name="navigateToTreePage" finished-at="2025-02-16T15:09:25 CST" duration-ms="1725" status="PASS">
          <reporter-output>
          </reporter-output>
        </test-method> <!-- navigateToTreePage -->
        <test-method signature="verifyCodeExecutionForTreeTryEditor(java.lang.String,java.lang.String,java.lang.String)[pri:27, instance:dsAlgoTests.TreeTest@5bda8e08]" started-at="2025-02-16T15:09:25 CST" name="verifyCodeExecutionForTreeTryEditor" data-provider="TreeTryEditorData" finished-at="2025-02-16T15:09:26 CST" duration-ms="1214" status="PASS">
          <params>
            <param index="0">
              <value>
                <![CDATA[Types of Trees]]>
              </value>
            </param>
            <param index="1">
              <value>
                <![CDATA[invalid]]>
              </value>
            </param>
            <param index="2">
              <value>
                <![CDATA[NameError: name 'invalid' is not defined on line 1]]>
              </value>
            </param>
          </params>
          <reporter-output>
          </reporter-output>
        </test-method> <!-- verifyCodeExecutionForTreeTryEditor -->
        <test-method is-config="true" signature="tearDownTest(org.testng.ITestResult)[pri:0, instance:dsAlgoTests.TreeTest@5bda8e08]" started-at="2025-02-16T15:09:26 CST" name="tearDownTest" finished-at="2025-02-16T15:09:26 CST" duration-ms="151" status="PASS">
          <params>
            <param index="0">
              <value>
                <![CDATA[[TestResult name=verifyCodeExecutionForTreeTryEditor status=SUCCESS method=TreeTest.verifyCodeExecutionForTreeTryEditor(java.lang.String,java.lang.String,java.lang.String)[pri:27, instance:dsAlgoTests.TreeTest@5bda8e08] output={null}]]]>
              </value>
            </param>
          </params>
          <reporter-output>
          </reporter-output>
        </test-method> <!-- tearDownTest -->
        <test-method is-config="true" signature="setup(java.lang.String)[pri:0, instance:dsAlgoTests.TreeTest@5bda8e08]" started-at="2025-02-16T15:09:26 CST" name="setup" finished-at="2025-02-16T15:09:28 CST" duration-ms="1269" status="PASS">
          <params>
            <param index="0">
              <value>
                <![CDATA[chrome]]>
              </value>
            </param>
          </params>
          <reporter-output>
          </reporter-output>
        </test-method> <!-- setup -->
        <test-method is-config="true" signature="navigateToTreePage()[pri:0, instance:dsAlgoTests.TreeTest@5bda8e08]" started-at="2025-02-16T15:09:28 CST" name="navigateToTreePage" finished-at="2025-02-16T15:09:29 CST" duration-ms="1819" status="PASS">
          <reporter-output>
          </reporter-output>
        </test-method> <!-- navigateToTreePage -->
        <test-method signature="verifyCodeExecutionForTreeTryEditor(java.lang.String,java.lang.String,java.lang.String)[pri:27, instance:dsAlgoTests.TreeTest@5bda8e08]" started-at="2025-02-16T15:09:29 CST" name="verifyCodeExecutionForTreeTryEditor" data-provider="TreeTryEditorData" finished-at="2025-02-16T15:09:31 CST" duration-ms="1327" status="PASS">
          <params>
            <param index="0">
              <value>
                <![CDATA[Tree Traversals]]>
              </value>
            </param>
            <param index="1">
              <value>
                <![CDATA[print "hello"]]>
              </value>
            </param>
            <param index="2">
              <value>
                <![CDATA[hello]]>
              </value>
            </param>
          </params>
          <reporter-output>
          </reporter-output>
        </test-method> <!-- verifyCodeExecutionForTreeTryEditor -->
        <test-method is-config="true" signature="tearDownTest(org.testng.ITestResult)[pri:0, instance:dsAlgoTests.TreeTest@5bda8e08]" started-at="2025-02-16T15:09:31 CST" name="tearDownTest" finished-at="2025-02-16T15:09:31 CST" duration-ms="153" status="PASS">
          <params>
            <param index="0">
              <value>
                <![CDATA[[TestResult name=verifyCodeExecutionForTreeTryEditor status=SUCCESS method=TreeTest.verifyCodeExecutionForTreeTryEditor(java.lang.String,java.lang.String,java.lang.String)[pri:27, instance:dsAlgoTests.TreeTest@5bda8e08] output={null}]]]>
              </value>
            </param>
          </params>
          <reporter-output>
          </reporter-output>
        </test-method> <!-- tearDownTest -->
        <test-method is-config="true" signature="setup(java.lang.String)[pri:0, instance:dsAlgoTests.TreeTest@5bda8e08]" started-at="2025-02-16T15:09:31 CST" name="setup" finished-at="2025-02-16T15:09:32 CST" duration-ms="1386" status="PASS">
          <params>
            <param index="0">
              <value>
                <![CDATA[chrome]]>
              </value>
            </param>
          </params>
          <reporter-output>
          </reporter-output>
        </test-method> <!-- setup -->
        <test-method is-config="true" signature="navigateToTreePage()[pri:0, instance:dsAlgoTests.TreeTest@5bda8e08]" started-at="2025-02-16T15:09:32 CST" name="navigateToTreePage" finished-at="2025-02-16T15:09:34 CST" duration-ms="1750" status="PASS">
          <reporter-output>
          </reporter-output>
        </test-method> <!-- navigateToTreePage -->
        <test-method signature="verifyCodeExecutionForTreeTryEditor(java.lang.String,java.lang.String,java.lang.String)[pri:27, instance:dsAlgoTests.TreeTest@5bda8e08]" started-at="2025-02-16T15:09:34 CST" name="verifyCodeExecutionForTreeTryEditor" data-provider="TreeTryEditorData" finished-at="2025-02-16T15:09:36 CST" duration-ms="1676" status="PASS">
          <params>
            <param index="0">
              <value>
                <![CDATA[Tree Traversals]]>
              </value>
            </param>
            <param index="1">
              <value>
                <![CDATA[invalid]]>
              </value>
            </param>
            <param index="2">
              <value>
                <![CDATA[NameError: name 'invalid' is not defined on line 1]]>
              </value>
            </param>
          </params>
          <reporter-output>
          </reporter-output>
        </test-method> <!-- verifyCodeExecutionForTreeTryEditor -->
        <test-method is-config="true" signature="tearDownTest(org.testng.ITestResult)[pri:0, instance:dsAlgoTests.TreeTest@5bda8e08]" started-at="2025-02-16T15:09:36 CST" name="tearDownTest" finished-at="2025-02-16T15:09:36 CST" duration-ms="155" status="PASS">
          <params>
            <param index="0">
              <value>
                <![CDATA[[TestResult name=verifyCodeExecutionForTreeTryEditor status=SUCCESS method=TreeTest.verifyCodeExecutionForTreeTryEditor(java.lang.String,java.lang.String,java.lang.String)[pri:27, instance:dsAlgoTests.TreeTest@5bda8e08] output={null}]]]>
              </value>
            </param>
          </params>
          <reporter-output>
          </reporter-output>
        </test-method> <!-- tearDownTest -->
        <test-method is-config="true" signature="setup(java.lang.String)[pri:0, instance:dsAlgoTests.TreeTest@5bda8e08]" started-at="2025-02-16T15:09:36 CST" name="setup" finished-at="2025-02-16T15:09:37 CST" duration-ms="1256" status="PASS">
          <params>
            <param index="0">
              <value>
                <![CDATA[chrome]]>
              </value>
            </param>
          </params>
          <reporter-output>
          </reporter-output>
        </test-method> <!-- setup -->
        <test-method is-config="true" signature="navigateToTreePage()[pri:0, instance:dsAlgoTests.TreeTest@5bda8e08]" started-at="2025-02-16T15:09:37 CST" name="navigateToTreePage" finished-at="2025-02-16T15:09:39 CST" duration-ms="1694" status="PASS">
          <reporter-output>
          </reporter-output>
        </test-method> <!-- navigateToTreePage -->
        <test-method signature="verifyCodeExecutionForTreeTryEditor(java.lang.String,java.lang.String,java.lang.String)[pri:27, instance:dsAlgoTests.TreeTest@5bda8e08]" started-at="2025-02-16T15:09:39 CST" name="verifyCodeExecutionForTreeTryEditor" data-provider="TreeTryEditorData" finished-at="2025-02-16T15:09:40 CST" duration-ms="1385" status="PASS">
          <params>
            <param index="0">
              <value>
                <![CDATA[Traversals-Illustration]]>
              </value>
            </param>
            <param index="1">
              <value>
                <![CDATA[print "hello"]]>
              </value>
            </param>
            <param index="2">
              <value>
                <![CDATA[hello]]>
              </value>
            </param>
          </params>
          <reporter-output>
          </reporter-output>
        </test-method> <!-- verifyCodeExecutionForTreeTryEditor -->
        <test-method is-config="true" signature="tearDownTest(org.testng.ITestResult)[pri:0, instance:dsAlgoTests.TreeTest@5bda8e08]" started-at="2025-02-16T15:09:40 CST" name="tearDownTest" finished-at="2025-02-16T15:09:40 CST" duration-ms="178" status="PASS">
          <params>
            <param index="0">
              <value>
                <![CDATA[[TestResult name=verifyCodeExecutionForTreeTryEditor status=SUCCESS method=TreeTest.verifyCodeExecutionForTreeTryEditor(java.lang.String,java.lang.String,java.lang.String)[pri:27, instance:dsAlgoTests.TreeTest@5bda8e08] output={null}]]]>
              </value>
            </param>
          </params>
          <reporter-output>
          </reporter-output>
        </test-method> <!-- tearDownTest -->
        <test-method is-config="true" signature="setup(java.lang.String)[pri:0, instance:dsAlgoTests.TreeTest@5bda8e08]" started-at="2025-02-16T15:09:40 CST" name="setup" finished-at="2025-02-16T15:09:42 CST" duration-ms="1222" status="PASS">
          <params>
            <param index="0">
              <value>
                <![CDATA[chrome]]>
              </value>
            </param>
          </params>
          <reporter-output>
          </reporter-output>
        </test-method> <!-- setup -->
        <test-method is-config="true" signature="navigateToTreePage()[pri:0, instance:dsAlgoTests.TreeTest@5bda8e08]" started-at="2025-02-16T15:09:42 CST" name="navigateToTreePage" finished-at="2025-02-16T15:09:43 CST" duration-ms="1729" status="PASS">
          <reporter-output>
          </reporter-output>
        </test-method> <!-- navigateToTreePage -->
        <test-method signature="verifyCodeExecutionForTreeTryEditor(java.lang.String,java.lang.String,java.lang.String)[pri:27, instance:dsAlgoTests.TreeTest@5bda8e08]" started-at="2025-02-16T15:09:43 CST" name="verifyCodeExecutionForTreeTryEditor" data-provider="TreeTryEditorData" finished-at="2025-02-16T15:09:44 CST" duration-ms="1186" status="PASS">
          <params>
            <param index="0">
              <value>
                <![CDATA[Traversals-Illustration]]>
              </value>
            </param>
            <param index="1">
              <value>
                <![CDATA[invalid]]>
              </value>
            </param>
            <param index="2">
              <value>
                <![CDATA[NameError: name 'invalid' is not defined on line 1]]>
              </value>
            </param>
          </params>
          <reporter-output>
          </reporter-output>
        </test-method> <!-- verifyCodeExecutionForTreeTryEditor -->
        <test-method is-config="true" signature="tearDownTest(org.testng.ITestResult)[pri:0, instance:dsAlgoTests.TreeTest@5bda8e08]" started-at="2025-02-16T15:09:44 CST" name="tearDownTest" finished-at="2025-02-16T15:09:45 CST" duration-ms="159" status="PASS">
          <params>
            <param index="0">
              <value>
                <![CDATA[[TestResult name=verifyCodeExecutionForTreeTryEditor status=SUCCESS method=TreeTest.verifyCodeExecutionForTreeTryEditor(java.lang.String,java.lang.String,java.lang.String)[pri:27, instance:dsAlgoTests.TreeTest@5bda8e08] output={null}]]]>
              </value>
            </param>
          </params>
          <reporter-output>
          </reporter-output>
        </test-method> <!-- tearDownTest -->
        <test-method is-config="true" signature="setup(java.lang.String)[pri:0, instance:dsAlgoTests.TreeTest@5bda8e08]" started-at="2025-02-16T15:09:45 CST" name="setup" finished-at="2025-02-16T15:09:46 CST" duration-ms="1385" status="PASS">
          <params>
            <param index="0">
              <value>
                <![CDATA[chrome]]>
              </value>
            </param>
          </params>
          <reporter-output>
          </reporter-output>
        </test-method> <!-- setup -->
        <test-method is-config="true" signature="navigateToTreePage()[pri:0, instance:dsAlgoTests.TreeTest@5bda8e08]" started-at="2025-02-16T15:09:46 CST" name="navigateToTreePage" finished-at="2025-02-16T15:09:48 CST" duration-ms="1763" status="PASS">
          <reporter-output>
          </reporter-output>
        </test-method> <!-- navigateToTreePage -->
        <test-method signature="verifyCodeExecutionForTreeTryEditor(java.lang.String,java.lang.String,java.lang.String)[pri:27, instance:dsAlgoTests.TreeTest@5bda8e08]" started-at="2025-02-16T15:09:48 CST" name="verifyCodeExecutionForTreeTryEditor" data-provider="TreeTryEditorData" finished-at="2025-02-16T15:09:49 CST" duration-ms="1272" status="PASS">
          <params>
            <param index="0">
              <value>
                <![CDATA[Binary Trees]]>
              </value>
            </param>
            <param index="1">
              <value>
                <![CDATA[print "hello"]]>
              </value>
            </param>
            <param index="2">
              <value>
                <![CDATA[hello]]>
              </value>
            </param>
          </params>
          <reporter-output>
          </reporter-output>
        </test-method> <!-- verifyCodeExecutionForTreeTryEditor -->
        <test-method is-config="true" signature="tearDownTest(org.testng.ITestResult)[pri:0, instance:dsAlgoTests.TreeTest@5bda8e08]" started-at="2025-02-16T15:09:49 CST" name="tearDownTest" finished-at="2025-02-16T15:09:49 CST" duration-ms="212" status="PASS">
          <params>
            <param index="0">
              <value>
[...]
at java.base/java.util.concurrent.ThreadPoolExecutor.runWorker(ThreadPoolExecutor.java:1144)
at java.base/java.util.concurrent.ThreadPoolExecutor$Worker.run(ThreadPoolExecutor.java:642)
at java.base/java.lang.Thread.run(Thread.java:1583)
]]>
            </full-stacktrace>
          </exception> <!-- java.lang.AssertionError -->
          <reporter-output>
          </reporter-output>
        </test-method> <!-- verifyTreeTryEditorWithoutCodeOfTreeTraversals -->
        <test-method is-config="true" signature="tearDownTest(org.testng.ITestResult)[pri:0, instance:dsAlgoTests.TreeTest@5bda8e08]" started-at="2025-02-16T15:11:35 CST" name="tearDownTest" finished-at="2025-02-16T15:11:35 CST" duration-ms="186" status="PASS">
          <params>
            <param index="0">
              <value>
                <![CDATA[[TestResult name=verifyTreeTryEditorWithoutCodeOfTreeTraversals status=FAILURE method=TreeTest.verifyTreeTryEditorWithoutCodeOfTreeTraversals()[pri:31, instance:dsAlgoTests.TreeTest@5bda8e08] output={null}]]]>
              </value>
            </param>
          </params>
          <reporter-output>
          </reporter-output>
        </test-method> <!-- tearDownTest -->
        <test-method is-config="true" signature="setup(java.lang.String)[pri:0, instance:dsAlgoTests.TreeTest@5bda8e08]" started-at="2025-02-16T15:11:35 CST" name="setup" finished-at="2025-02-16T15:11:36 CST" duration-ms="1335" status="PASS">
          <params>
            <param index="0">
              <value>
                <![CDATA[chrome]]>
              </value>
            </param>
          </params>
          <reporter-output>
          </reporter-output>
        </test-method> <!-- setup -->
        <test-method is-config="true" signature="navigateToTreePage()[pri:0, instance:dsAlgoTests.TreeTest@5bda8e08]" started-at="2025-02-16T15:11:36 CST" name="navigateToTreePage" finished-at="2025-02-16T15:11:38 CST" duration-ms="1652" status="PASS">
          <reporter-output>
          </reporter-output>
        </test-method> <!-- navigateToTreePage -->
        <test-method retried="true" signature="verifyTreeTryEditorWithoutCodeOfTraversalsIllustration()[pri:32, instance:dsAlgoTests.TreeTest@5bda8e08]" started-at="2025-02-16T15:11:38 CST" name="verifyTreeTryEditorWithoutCodeOfTraversalsIllustration" finished-at="2025-02-16T15:11:39 CST" duration-ms="1257" status="SKIP">
          <exception class="java.lang.AssertionError">
            <message>
              <![CDATA[Test failed: Expected an error message when clicking the 'Run' button without entering code, but no message was displayed]]>
            </message>
            <full-stacktrace>
              <![CDATA[java.lang.AssertionError: Test failed: Expected an error message when clicking the 'Run' button without entering code, but no message was displayed
at org.testng.Assert.fail(Assert.java:99)
at dsAlgoTests.TreeTest.verifyTreeTryEditorWithoutCodeOfTraversalsIllustration(TreeTest.java:382)
at java.base/jdk.internal.reflect.DirectMethodHandleAccessor.invoke(DirectMethodHandleAccessor.java:103)
at java.base/java.lang.reflect.Method.invoke(Method.java:580)
at org.testng.internal.MethodInvocationHelper.invokeMethod(MethodInvocationHelper.java:133)
at org.testng.internal.TestInvoker.invokeMethod(TestInvoker.java:598)
at org.testng.internal.TestInvoker.invokeTestMethod(TestInvoker.java:173)
at org.testng.internal.MethodRunner.runInSequence(MethodRunner.java:46)
at org.testng.internal.TestInvoker$MethodInvocationAgent.invoke(TestInvoker.java:824)
at org.testng.internal.TestInvoker.invokeTestMethods(TestInvoker.java:146)
at org.testng.internal.TestMethodWorker.invokeTestMethods(TestMethodWorker.java:146)
at org.testng.internal.TestMethodWorker.run(TestMethodWorker.java:128)
at java.base/java.util.ArrayList.forEach(ArrayList.java:1596)
at org.testng.TestRunner.privateRun(TestRunner.java:794)
at org.testng.TestRunner.run(TestRunner.java:596)
at org.testng.SuiteRunner.runTest(SuiteRunner.java:377)
at org.testng.SuiteRunner.access$000(SuiteRunner.java:28)
at org.testng.SuiteRunner$SuiteWorker.run(SuiteRunner.java:418)
at org.testng.internal.thread.ThreadUtil.lambda$execute$0(ThreadUtil.java:64)
at java.base/java.util.concurrent.FutureTask.run(FutureTask.java:317)
at java.base/java.util.concurrent.ThreadPoolExecutor.runWorker(ThreadPoolExecutor.java:1144)
at java.base/java.util.concurrent.ThreadPoolExecutor$Worker.run(ThreadPoolExecutor.java:642)
at java.base/java.lang.Thread.run(Thread.java:1583)
]]>
            </full-stacktrace>
          </exception> <!-- java.lang.AssertionError -->
          <reporter-output>
          </reporter-output>
        </test-method> <!-- verifyTreeTryEditorWithoutCodeOfTraversalsIllustration -->
        <test-method is-config="true" signature="tearDownTest(org.testng.ITestResult)[pri:0, instance:dsAlgoTests.TreeTest@5bda8e08]" started-at="2025-02-16T15:11:39 CST" name="tearDownTest" finished-at="2025-02-16T15:11:40 CST" duration-ms="209" status="PASS">
          <params>
            <param index="0">
              <value>
                <![CDATA[[TestResult name=verifyTreeTryEditorWithoutCodeOfTraversalsIllustration status=SKIP method=TreeTest.verifyTreeTryEditorWithoutCodeOfTraversalsIllustration()[pri:32, instance:dsAlgoTests.TreeTest@5bda8e08] output={null}]]]>
              </value>
            </param>
          </params>
          <reporter-output>
          </reporter-output>
        </test-method> <!-- tearDownTest -->
        <test-method is-config="true" signature="setup(java.lang.String)[pri:0, instance:dsAlgoTests.TreeTest@5bda8e08]" started-at="2025-02-16T15:11:40 CST" name="setup" finished-at="2025-02-16T15:11:41 CST" duration-ms="1187" status="PASS">
          <params>
            <param index="0">
              <value>
                <![CDATA[chrome]]>
              </value>
            </param>
          </params>
          <reporter-output>
          </reporter-output>
        </test-method> <!-- setup -->
        <test-method is-config="true" signature="navigateToTreePage()[pri:0, instance:dsAlgoTests.TreeTest@5bda8e08]" started-at="2025-02-16T15:11:41 CST" name="navigateToTreePage" finished-at="2025-02-16T15:11:43 CST" duration-ms="1742" status="PASS">
          <reporter-output>
          </reporter-output>
        </test-method> <!-- navigateToTreePage -->
        <test-method signature="verifyTreeTryEditorWithoutCodeOfTraversalsIllustration()[pri:32, instance:dsAlgoTests.TreeTest@5bda8e08]" started-at="2025-02-16T15:11:43 CST" name="verifyTreeTryEditorWithoutCodeOfTraversalsIllustration" finished-at="2025-02-16T15:11:44 CST" duration-ms="1093" status="FAIL">
          <exception class="java.lang.AssertionError">
            <message>
              <![CDATA[Test failed: Expected an error message when clicking the 'Run' button without entering code, but no message was displayed]]>
            </message>
            <full-stacktrace>
              <![CDATA[java.lang.AssertionError: Test failed: Expected an error message when clicking the 'Run' button without entering code, but no message was displayed
at org.testng.Assert.fail(Assert.java:99)
at dsAlgoTests.TreeTest.verifyTreeTryEditorWithoutCodeOfTraversalsIllustration(TreeTest.java:382)
at java.base/jdk.internal.reflect.DirectMethodHandleAccessor.invoke(DirectMethodHandleAccessor.java:103)
at java.base/java.lang.reflect.Method.invoke(Method.java:580)
at org.testng.internal.MethodInvocationHelper.invokeMethod(MethodInvocationHelper.java:133)
at org.testng.internal.TestInvoker.invokeMethod(TestInvoker.java:598)
at org.testng.internal.TestInvoker.retryFailed(TestInvoker.java:213)
at org.testng.internal.MethodRunner.runInSequence(MethodRunner.java:58)
at org.testng.internal.TestInvoker$MethodInvocationAgent.invoke(TestInvoker.java:824)
at org.testng.internal.TestInvoker.invokeTestMethods(TestInvoker.java:146)
at org.testng.internal.TestMethodWorker.invokeTestMethods(TestMethodWorker.java:146)
at org.testng.internal.TestMethodWorker.run(TestMethodWorker.java:128)
at java.base/java.util.ArrayList.forEach(ArrayList.java:1596)
at org.testng.TestRunner.privateRun(TestRunner.java:794)
at org.testng.TestRunner.run(TestRunner.java:596)
at org.testng.SuiteRunner.runTest(SuiteRunner.java:377)
at org.testng.SuiteRunner.access$000(SuiteRunner.java:28)
at org.testng.SuiteRunner$SuiteWorker.run(SuiteRunner.java:418)
at org.testng.internal.thread.ThreadUtil.lambda$execute$0(ThreadUtil.java:64)
at java.base/java.util.concurrent.FutureTask.run(FutureTask.java:317)
at java.base/java.util.concurrent.ThreadPoolExecutor.runWorker(ThreadPoolExecutor.java:1144)
at java.base/java.util.concurrent.ThreadPoolExecutor$Worker.run(ThreadPoolExecutor.java:642)
at java.base/java.lang.Thread.run(Thread.java:1583)
]]>
            </full-stacktrace>
          </exception> <!-- java.lang.AssertionError -->
          <reporter-output>
          </reporter-output>
        </test-method> <!-- verifyTreeTryEditorWithoutCodeOfTraversalsIllustration -->
        <test-method is-config="true" signature="tearDownTest(org.testng.ITestResult)[pri:0, instance:dsAlgoTests.TreeTest@5bda8e08]" started-at="2025-02-16T15:11:44 CST" name="tearDownTest" finished-at="2025-02-16T15:11:44 CST" duration-ms="183" status="PASS">
          <params>
            <param index="0">
              <value>
                <![CDATA[[TestResult name=verifyTreeTryEditorWithoutCodeOfTraversalsIllustration status=FAILURE method=TreeTest.verifyTreeTryEditorWithoutCodeOfTraversalsIllustration()[pri:32, instance:dsAlgoTests.TreeTest@5bda8e08] output={null}]]]>
              </value>
            </param>
          </params>
          <reporter-output>
          </reporter-output>
        </test-method> <!-- tearDownTest -->
        <test-method is-config="true" signature="setup(java.lang.String)[pri:0, instance:dsAlgoTests.TreeTest@5bda8e08]" started-at="2025-02-16T15:11:44 CST" name="setup" finished-at="2025-02-16T15:11:45 CST" duration-ms="1394" status="PASS">
          <params>
            <param index="0">
              <value>
                <![CDATA[chrome]]>
              </value>
            </param>
          </params>
          <reporter-output>
          </reporter-output>
        </test-method> <!-- setup -->
        <test-method is-config="true" signature="navigateToTreePage()[pri:0, instance:dsAlgoTests.TreeTest@5bda8e08]" started-at="2025-02-16T15:11:45 CST" name="navigateToTreePage" finished-at="2025-02-16T15:11:47 CST" duration-ms="1664" status="PASS">
          <reporter-output>
          </reporter-output>
        </test-method> <!-- navigateToTreePage -->
        <test-method signature="navigateToPracticeQuestionOfOverviewOfTrees()[pri:33, instance:dsAlgoTests.TreeTest@5bda8e08]" started-at="2025-02-16T15:11:47 CST" name="navigateToPracticeQuestionOfOverviewOfTrees" finished-at="2025-02-16T15:11:48 CST" duration-ms="549" status="PASS">
          <reporter-output>
          </reporter-output>
        </test-method> <!-- navigateToPracticeQuestionOfOverviewOfTrees -->
        <test-method is-config="true" signature="tearDownTest(org.testng.ITestResult)[pri:0, instance:dsAlgoTests.TreeTest@5bda8e08]" started-at="2025-02-16T15:11:48 CST" name="tearDownTest" finished-at="2025-02-16T15:11:48 CST" duration-ms="160" status="PASS">
          <params>
            <param index="0">
              <value>
                <![CDATA[[TestResult name=navigateToPracticeQuestionOfOverviewOfTrees status=SUCCESS method=TreeTest.navigateToPracticeQuestionOfOverviewOfTrees()[pri:33, instance:dsAlgoTests.TreeTest@5bda8e08] output={null}]]]>
              </value>
            </param>
          </params>
          <reporter-output>
          </reporter-output>
        </test-method> <!-- tearDownTest -->
        <test-method is-config="true" signature="setup(java.lang.String)[pri:0, instance:dsAlgoTests.TreeTest@5bda8e08]" started-at="2025-02-16T15:11:48 CST" name="setup" finished-at="2025-02-16T15:11:49 CST" duration-ms="1250" status="PASS">
          <params>
            <param index="0">
              <value>
                <![CDATA[chrome]]>
              </value>
            </param>
          </params>
          <reporter-output>
          </reporter-output>
        </test-method> <!-- setup -->
        <test-method is-config="true" signature="navigateToTreePage()[pri:0, instance:dsAlgoTests.TreeTest@5bda8e08]" started-at="2025-02-16T15:11:49 CST" name="navigateToTreePage" finished-at="2025-02-16T15:11:51 CST" duration-ms="1631" status="PASS">
          <reporter-output>
          </reporter-output>
        </test-method> <!-- navigateToTreePage -->
        <test-method retried="true" signature="listOfPracticeQuestionOfOverviewOfTrees()[pri:34, instance:dsAlgoTests.TreeTest@5bda8e08]" started-at="2025-02-16T15:11:51 CST" name="listOfPracticeQuestionOfOverviewOfTrees" finished-at="2025-02-16T15:11:51 CST" duration-ms="516" status="SKIP">
          <exception class="java.lang.AssertionError">
            <message>
              <![CDATA[No list of practice question found]]>
            </message>
            <full-stacktrace>
              <![CDATA[java.lang.AssertionError: No list of practice question found
at org.testng.Assert.fail(Assert.java:99)
at dsAlgoTests.TreeTest.listOfPracticeQuestionOfOverviewOfTrees(TreeTest.java:406)
at java.base/jdk.internal.reflect.DirectMethodHandleAccessor.invoke(DirectMethodHandleAccessor.java:103)
at java.base/java.lang.reflect.Method.invoke(Method.java:580)
at org.testng.internal.MethodInvocationHelper.invokeMethod(MethodInvocationHelper.java:133)
at org.testng.internal.TestInvoker.invokeMethod(TestInvoker.java:598)
at org.testng.internal.TestInvoker.invokeTestMethod(TestInvoker.java:173)
at org.testng.internal.MethodRunner.runInSequence(MethodRunner.java:46)
at org.testng.internal.TestInvoker$MethodInvocationAgent.invoke(TestInvoker.java:824)
at org.testng.internal.TestInvoker.invokeTestMethods(TestInvoker.java:146)
at org.testng.internal.TestMethodWorker.invokeTestMethods(TestMethodWorker.java:146)
at org.testng.internal.TestMethodWorker.run(TestMethodWorker.java:128)
at java.base/java.util.ArrayList.forEach(ArrayList.java:1596)
at org.testng.TestRunner.privateRun(TestRunner.java:794)
at org.testng.TestRunner.run(TestRunner.java:596)
at org.testng.SuiteRunner.runTest(SuiteRunner.java:377)
at org.testng.SuiteRunner.access$000(SuiteRunner.java:28)
at org.testng.SuiteRunner$SuiteWorker.run(SuiteRunner.java:418)
at org.testng.internal.thread.ThreadUtil.lambda$execute$0(ThreadUtil.java:64)
at java.base/java.util.concurrent.FutureTask.run(FutureTask.java:317)
at java.base/java.util.concurrent.ThreadPoolExecutor.runWorker(ThreadPoolExecutor.java:1144)
at java.base/java.util.concurrent.ThreadPoolExecutor$Worker.run(ThreadPoolExecutor.java:642)
at java.base/java.lang.Thread.run(Thread.java:1583)
]]>
            </full-stacktrace>
          </exception> <!-- java.lang.AssertionError -->
          <reporter-output>
          </reporter-output>
        </test-method> <!-- listOfPracticeQuestionOfOverviewOfTrees -->
        <test-method is-config="true" signature="tearDownTest(org.testng.ITestResult)[pri:0, instance:dsAlgoTests.TreeTest@5bda8e08]" started-at="2025-02-16T15:11:51 CST" name="tearDownTest" finished-at="2025-02-16T15:11:51 CST" duration-ms="144" status="PASS">
          <params>
            <param index="0">
              <value>
                <![CDATA[[TestResult name=listOfPracticeQuestionOfOverviewOfTrees status=SKIP method=TreeTest.listOfPracticeQuestionOfOverviewOfTrees()[pri:34, instance:dsAlgoTests.TreeTest@5bda8e08] output={null}]]]>
              </value>
            </param>
          </params>
          <reporter-output>
          </reporter-output>
        </test-method> <!-- tearDownTest -->
        <test-method is-config="true" signature="setup(java.lang.String)[pri:0, instance:dsAlgoTests.TreeTest@5bda8e08]" started-at="2025-02-16T15:11:51 CST" name="setup" finished-at="2025-02-16T15:11:53 CST" duration-ms="1384" status="PASS">
          <params>
            <param index="0">
              <value>
                <![CDATA[chrome]]>
              </value>
            </param>
          </params>
          <reporter-output>
          </reporter-output>
        </test-method> <!-- setup -->
        <test-method is-config="true" signature="navigateToTreePage()[pri:0, instance:dsAlgoTests.TreeTest@5bda8e08]" started-at="2025-02-16T15:11:53 CST" name="navigateToTreePage" finished-at="2025-02-16T15:11:55 CST" duration-ms="1918" status="PASS">
          <reporter-output>
          </reporter-output>
        </test-method> <!-- navigateToTreePage -->
        <test-method signature="listOfPracticeQuestionOfOverviewOfTrees()[pri:34, instance:dsAlgoTests.TreeTest@5bda8e08]" started-at="2025-02-16T15:11:55 CST" name="listOfPracticeQuestionOfOverviewOfTrees" finished-at="2025-02-16T15:11:55 CST" duration-ms="685" status="FAIL">
          <exception class="java.lang.AssertionError">
            <message>
              <![CDATA[No list of practice question found]]>
            </message>
            <full-stacktrace>
              <![CDATA[java.lang.AssertionError: No list of practice question found
at org.testng.Assert.fail(Assert.java:99)
at dsAlgoTests.TreeTest.listOfPracticeQuestionOfOverviewOfTrees(TreeTest.java:406)
at java.base/jdk.internal.reflect.DirectMethodHandleAccessor.invoke(DirectMethodHandleAccessor.java:103)
at java.base/java.lang.reflect.Method.invoke(Method.java:580)
at org.testng.internal.MethodInvocationHelper.invokeMethod(MethodInvocationHelper.java:133)
at org.testng.internal.TestInvoker.invokeMethod(TestInvoker.java:598)
at org.testng.internal.TestInvoker.retryFailed(TestInvoker.java:213)
at org.testng.internal.MethodRunner.runInSequence(MethodRunner.java:58)
at org.testng.internal.TestInvoker$MethodInvocationAgent.invoke(TestInvoker.java:824)
at org.testng.internal.TestInvoker.invokeTestMethods(TestInvoker.java:146)
at org.testng.internal.TestMethodWorker.invokeTestMethods(TestMethodWorker.java:146)
at org.testng.internal.TestMethodWorker.run(TestMethodWorker.java:128)
at java.base/java.util.ArrayList.forEach(ArrayList.java:1596)
at org.testng.TestRunner.privateRun(TestRunner.java:794)
at org.testng.TestRunner.run(TestRunner.java:596)
at org.testng.SuiteRunner.runTest(SuiteRunner.java:377)
at org.testng.SuiteRunner.access$000(SuiteRunner.java:28)
at org.testng.SuiteRunner$SuiteWorker.run(SuiteRunner.java:418)
at org.testng.internal.thread.ThreadUtil.lambda$execute$0(ThreadUtil.java:64)
at java.base/java.util.concurrent.FutureTask.run(FutureTask.java:317)
at java.base/java.util.concurrent.ThreadPoolExecutor.runWorker(ThreadPoolExecutor.java:1144)
at java.base/java.util.concurrent.ThreadPoolExecutor$Worker.run(ThreadPoolExecutor.java:642)
at java.base/java.lang.Thread.run(Thread.java:1583)
]]>
            </full-stacktrace>
          </exception> <!-- java.lang.AssertionError -->
          <reporter-output>
          </reporter-output>
        </test-method> <!-- listOfPracticeQuestionOfOverviewOfTrees -->
        <test-method is-config="true" signature="tearDownTest(org.testng.ITestResult)[pri:0, instance:dsAlgoTests.TreeTest@5bda8e08]" started-at="2025-02-16T15:11:55 CST" name="tearDownTest" finished-at="2025-02-16T15:11:55 CST" duration-ms="151" status="PASS">
          <params>
            <param index="0">
              <value>
                <![CDATA[[TestResult name=listOfPracticeQuestionOfOverviewOfTrees status=FAILURE method=TreeTest.listOfPracticeQuestionOfOverviewOfTrees()[pri:34, instance:dsAlgoTests.TreeTest@5bda8e08] output={null}]]]>
              </value>
            </param>
          </params>
          <reporter-output>
          </reporter-output>
        </test-method> <!-- tearDownTest -->
      </class> <!-- dsAlgoTests.TreeTest -->
    </test> <!-- ChromeTest -->
  </suite> <!-- CrossBrowserSuite -->
</testng-results>
