<?xml version="1.0" encoding="UTF-8"?>
<testng-results ignored="0" total="7" passed="7" failed="0" skipped="0">
  <reporter-output>
  </reporter-output>
  <suite started-at="2025-02-05T03:45:19 IST" name="Default suite" finished-at="2025-02-05T03:46:09 IST" duration-ms="49268">
    <groups>
    </groups>
    <test started-at="2025-02-05T03:45:19 IST" name="Default test" finished-at="2025-02-05T03:46:09 IST" duration-ms="49268">
      <class name="dsAlgoTests.RegisterTest">
        <test-method is-config="true" signature="setupSuite()[pri:0, instance:dsAlgoTests.RegisterTest@6743e411]" started-at="2025-02-05T03:45:19 IST" name="setupSuite" finished-at="2025-02-05T03:45:19 IST" duration-ms="43" status="PASS">
          <reporter-output>
          </reporter-output>
        </test-method> <!-- setupSuite -->
        <test-method is-config="true" signature="setup(java.lang.String)[pri:0, instance:dsAlgoTests.RegisterTest@6743e411]" started-at="2025-02-05T03:45:22 IST" name="setup" finished-at="2025-02-05T03:45:30 IST" duration-ms="7229" status="PASS">
          <params>
            <param index="0">
              <value>
                <![CDATA[]]>
              </value>
            </param>
          </params>
          <reporter-output>
          </reporter-output>
        </test-method> <!-- setup -->
        <test-method is-config="true" signature="navigateToDsAlgoApplication()[pri:0, instance:dsAlgoTests.RegisterTest@6743e411]" started-at="2025-02-05T03:45:30 IST" name="navigateToDsAlgoApplication" finished-at="2025-02-05T03:45:31 IST" duration-ms="1232" status="PASS">
          <reporter-output>
          </reporter-output>
        </test-method> <!-- navigateToDsAlgoApplication -->
        <test-method signature="enterCredentials(java.lang.String,java.lang.String,java.lang.String,java.lang.String)[pri:0, instance:dsAlgoTests.RegisterTest@6743e411]" started-at="2025-02-05T03:45:31 IST" name="enterCredentials" data-provider="RegisterPageData" finished-at="2025-02-05T03:45:33 IST" duration-ms="1935" status="PASS">
          <params>
            <param index="0">
              <value>
                <![CDATA[Questers]]>
              </value>
            </param>
            <param index="1">
              <value>
                <![CDATA[Aweso]]>
              </value>
            </param>
            <param index="2">
              <value>
                <![CDATA[Aweso]]>
              </value>
            </param>
            <param index="3">
              <value>
                <![CDATA[password_mismatch:The two password fields didn’t match.]]>
              </value>
            </param>
          </params>
          <reporter-output>
          </reporter-output>
        </test-method> <!-- enterCredentials -->
        <test-method is-config="true" signature="tearDownTest(org.testng.ITestResult)[pri:0, instance:dsAlgoTests.RegisterTest@6743e411]" started-at="2025-02-05T03:45:33 IST" name="tearDownTest" finished-at="2025-02-05T03:45:34 IST" duration-ms="838" status="PASS">
          <params>
            <param index="0">
              <value>
                <![CDATA[[TestResult name=enterCredentials status=SUCCESS method=RegisterTest.enterCredentials(java.lang.String,java.lang.String,java.lang.String,java.lang.String)[pri:0, instance:dsAlgoTests.RegisterTest@6743e411] output={null}]]]>
              </value>
            </param>
          </params>
          <reporter-output>
          </reporter-output>
        </test-method> <!-- tearDownTest -->
        <test-method is-config="true" signature="setup(java.lang.String)[pri:0, instance:dsAlgoTests.RegisterTest@6743e411]" started-at="2025-02-05T03:45:34 IST" name="setup" finished-at="2025-02-05T03:45:37 IST" duration-ms="3332" status="PASS">
          <params>
            <param index="0">
              <value>
                <![CDATA[]]>
              </value>
            </param>
          </params>
          <reporter-output>
          </reporter-output>
        </test-method> <!-- setup -->
        <test-method is-config="true" signature="navigateToDsAlgoApplication()[pri:0, instance:dsAlgoTests.RegisterTest@6743e411]" started-at="2025-02-05T03:45:37 IST" name="navigateToDsAlgoApplication" finished-at="2025-02-05T03:45:38 IST" duration-ms="694" status="PASS">
          <reporter-output>
          </reporter-output>
        </test-method> <!-- navigateToDsAlgoApplication -->
        <test-method signature="enterCredentials(java.lang.String,java.lang.String,java.lang.String,java.lang.String)[pri:0, instance:dsAlgoTests.RegisterTest@6743e411]" started-at="2025-02-05T03:45:38 IST" name="enterCredentials" data-provider="RegisterPageData" finished-at="2025-02-05T03:45:39 IST" duration-ms="1449" status="PASS">
          <params>
            <param index="0">
              <value>
                <![CDATA[Questers]]>
              </value>
            </param>
            <param index="1">
              <value>
                <![CDATA[]]>
              </value>
            </param>
            <param index="2">
              <value>
                <![CDATA[]]>
              </value>
            </param>
            <param index="3">
              <value>
                <![CDATA[Please fill out this field]]>
              </value>
            </param>
          </params>
          <reporter-output>
          </reporter-output>
        </test-method> <!-- enterCredentials -->
        <test-method is-config="true" signature="tearDownTest(org.testng.ITestResult)[pri:0, instance:dsAlgoTests.RegisterTest@6743e411]" started-at="2025-02-05T03:45:39 IST" name="tearDownTest" finished-at="2025-02-05T03:45:40 IST" duration-ms="1061" status="PASS">
          <params>
            <param index="0">
              <value>
                <![CDATA[[TestResult name=enterCredentials status=SUCCESS method=RegisterTest.enterCredentials(java.lang.String,java.lang.String,java.lang.String,java.lang.String)[pri:0, instance:dsAlgoTests.RegisterTest@6743e411] output={null}]]]>
              </value>
            </param>
          </params>
          <reporter-output>
          </reporter-output>
        </test-method> <!-- tearDownTest -->
        <test-method is-config="true" signature="setup(java.lang.String)[pri:0, instance:dsAlgoTests.RegisterTest@6743e411]" started-at="2025-02-05T03:45:40 IST" name="setup" finished-at="2025-02-05T03:45:43 IST" duration-ms="3007" status="PASS">
          <params>
            <param index="0">
              <value>
                <![CDATA[]]>
              </value>
            </param>
          </params>
          <reporter-output>
          </reporter-output>
        </test-method> <!-- setup -->
        <test-method is-config="true" signature="navigateToDsAlgoApplication()[pri:0, instance:dsAlgoTests.RegisterTest@6743e411]" started-at="2025-02-05T03:45:43 IST" name="navigateToDsAlgoApplication" finished-at="2025-02-05T03:45:44 IST" duration-ms="772" status="PASS">
          <reporter-output>
          </reporter-output>
        </test-method> <!-- navigateToDsAlgoApplication -->
        <test-method signature="enterCredentials(java.lang.String,java.lang.String,java.lang.String,java.lang.String)[pri:0, instance:dsAlgoTests.RegisterTest@6743e411]" started-at="2025-02-05T03:45:44 IST" name="enterCredentials" data-provider="RegisterPageData" finished-at="2025-02-05T03:45:45 IST" duration-ms="1247" status="PASS">
          <params>
            <param index="0">
              <value>
                <![CDATA[Questers]]>
              </value>
            </param>
            <param index="1">
              <value>
                <![CDATA[Awesome@2025]]>
              </value>
            </param>
            <param index="2">
              <value>
                <![CDATA[]]>
              </value>
            </param>
            <param index="3">
              <value>
                <![CDATA[Please fill out this field]]>
              </value>
            </param>
          </params>
          <reporter-output>
          </reporter-output>
        </test-method> <!-- enterCredentials -->
        <test-method is-config="true" signature="tearDownTest(org.testng.ITestResult)[pri:0, instance:dsAlgoTests.RegisterTest@6743e411]" started-at="2025-02-05T03:45:45 IST" name="tearDownTest" finished-at="2025-02-05T03:45:46 IST" duration-ms="462" status="PASS">
          <params>
            <param index="0">
              <value>
                <![CDATA[[TestResult name=enterCredentials status=SUCCESS method=RegisterTest.enterCredentials(java.lang.String,java.lang.String,java.lang.String,java.lang.String)[pri:0, instance:dsAlgoTests.RegisterTest@6743e411] output={null}]]]>
              </value>
            </param>
          </params>
          <reporter-output>
          </reporter-output>
        </test-method> <!-- tearDownTest -->
        <test-method is-config="true" signature="setup(java.lang.String)[pri:0, instance:dsAlgoTests.RegisterTest@6743e411]" started-at="2025-02-05T03:45:46 IST" name="setup" finished-at="2025-02-05T03:45:48 IST" duration-ms="2509" status="PASS">
          <params>
            <param index="0">
              <value>
                <![CDATA[]]>
              </value>
            </param>
          </params>
          <reporter-output>
          </reporter-output>
        </test-method> <!-- setup -->
        <test-method is-config="true" signature="navigateToDsAlgoApplication()[pri:0, instance:dsAlgoTests.RegisterTest@6743e411]" started-at="2025-02-05T03:45:48 IST" name="navigateToDsAlgoApplication" finished-at="2025-02-05T03:45:49 IST" duration-ms="720" status="PASS">
          <reporter-output>
          </reporter-output>
        </test-method> <!-- navigateToDsAlgoApplication -->
        <test-method signature="enterCredentials(java.lang.String,java.lang.String,java.lang.String,java.lang.String)[pri:0, instance:dsAlgoTests.RegisterTest@6743e411]" started-at="2025-02-05T03:45:49 IST" name="enterCredentials" data-provider="RegisterPageData" finished-at="2025-02-05T03:45:50 IST" duration-ms="1381" status="PASS">
          <params>
            <param index="0">
              <value>
                <![CDATA[]]>
              </value>
            </param>
            <param index="1">
              <value>
                <![CDATA[]]>
              </value>
            </param>
            <param index="2">
              <value>
                <![CDATA[]]>
              </value>
            </param>
            <param index="3">
              <value>
                <![CDATA[Please fill out this field]]>
              </value>
            </param>
          </params>
          <reporter-output>
          </reporter-output>
        </test-method> <!-- enterCredentials -->
        <test-method is-config="true" signature="tearDownTest(org.testng.ITestResult)[pri:0, instance:dsAlgoTests.RegisterTest@6743e411]" started-at="2025-02-05T03:45:50 IST" name="tearDownTest" finished-at="2025-02-05T03:45:51 IST" duration-ms="1271" status="PASS">
          <params>
            <param index="0">
              <value>
                <![CDATA[[TestResult name=enterCredentials status=SUCCESS method=RegisterTest.enterCredentials(java.lang.String,java.lang.String,java.lang.String,java.lang.String)[pri:0, instance:dsAlgoTests.RegisterTest@6743e411] output={null}]]]>
              </value>
            </param>
          </params>
          <reporter-output>
          </reporter-output>
        </test-method> <!-- tearDownTest -->
        <test-method is-config="true" signature="setup(java.lang.String)[pri:0, instance:dsAlgoTests.RegisterTest@6743e411]" started-at="2025-02-05T03:45:51 IST" name="setup" finished-at="2025-02-05T03:45:54 IST" duration-ms="2591" status="PASS">
          <params>
            <param index="0">
              <value>
                <![CDATA[]]>
              </value>
            </param>
          </params>
          <reporter-output>
          </reporter-output>
        </test-method> <!-- setup -->
        <test-method is-config="true" signature="navigateToDsAlgoApplication()[pri:0, instance:dsAlgoTests.RegisterTest@6743e411]" started-at="2025-02-05T03:45:54 IST" name="navigateToDsAlgoApplication" finished-at="2025-02-05T03:45:55 IST" duration-ms="782" status="PASS">
          <reporter-output>
          </reporter-output>
        </test-method> <!-- navigateToDsAlgoApplication -->
        <test-method signature="enterCredentials(java.lang.String,java.lang.String,java.lang.String,java.lang.String)[pri:0, instance:dsAlgoTests.RegisterTest@6743e411]" started-at="2025-02-05T03:45:55 IST" name="enterCredentials" data-provider="RegisterPageData" finished-at="2025-02-05T03:45:56 IST" duration-ms="1603" status="PASS">
          <params>
            <param index="0">
              <value>
                <![CDATA[Questers]]>
              </value>
            </param>
            <param index="1">
              <value>
                <![CDATA[test@9991]]>
              </value>
            </param>
            <param index="2">
              <value>
                <![CDATA[Tester@4441]]>
              </value>
            </param>
            <param index="3">
              <value>
                <![CDATA[password_mismatch:The two password fields didn’t match.]]>
              </value>
            </param>
          </params>
          <reporter-output>
          </reporter-output>
        </test-method> <!-- enterCredentials -->
        <test-method is-config="true" signature="tearDownTest(org.testng.ITestResult)[pri:0, instance:dsAlgoTests.RegisterTest@6743e411]" started-at="2025-02-05T03:45:56 IST" name="tearDownTest" finished-at="2025-02-05T03:45:57 IST" duration-ms="692" status="PASS">
          <params>
            <param index="0">
              <value>
                <![CDATA[[TestResult name=enterCredentials status=SUCCESS method=RegisterTest.enterCredentials(java.lang.String,java.lang.String,java.lang.String,java.lang.String)[pri:0, instance:dsAlgoTests.RegisterTest@6743e411] output={null}]]]>
              </value>
            </param>
          </params>
          <reporter-output>
          </reporter-output>
        </test-method> <!-- tearDownTest -->
        <test-method is-config="true" signature="setup(java.lang.String)[pri:0, instance:dsAlgoTests.RegisterTest@6743e411]" started-at="2025-02-05T03:45:57 IST" name="setup" finished-at="2025-02-05T03:46:00 IST" duration-ms="2388" status="PASS">
          <params>
            <param index="0">
              <value>
                <![CDATA[]]>
              </value>
            </param>
          </params>
          <reporter-output>
          </reporter-output>
        </test-method> <!-- setup -->
        <test-method is-config="true" signature="navigateToDsAlgoApplication()[pri:0, instance:dsAlgoTests.RegisterTest@6743e411]" started-at="2025-02-05T03:46:00 IST" name="navigateToDsAlgoApplication" finished-at="2025-02-05T03:46:01 IST" duration-ms="980" status="PASS">
          <reporter-output>
          </reporter-output>
        </test-method> <!-- navigateToDsAlgoApplication -->
        <test-method signature="enterCredentials(java.lang.String,java.lang.String,java.lang.String,java.lang.String)[pri:0, instance:dsAlgoTests.RegisterTest@6743e411]" started-at="2025-02-05T03:46:01 IST" name="enterCredentials" data-provider="RegisterPageData" finished-at="2025-02-05T03:46:02 IST" duration-ms="1552" status="PASS">
          <params>
            <param index="0">
              <value>
                <![CDATA[Questers]]>
              </value>
            </param>
            <param index="1">
              <value>
                <![CDATA[14953.0]]>
              </value>
            </param>
            <param index="2">
              <value>
                <![CDATA[14953.0]]>
              </value>
            </param>
            <param index="3">
              <value>
                <![CDATA[password_mismatch:The two password fields didn’t match.]]>
              </value>
            </param>
          </params>
          <reporter-output>
          </reporter-output>
        </test-method> <!-- enterCredentials -->
        <test-method is-config="true" signature="tearDownTest(org.testng.ITestResult)[pri:0, instance:dsAlgoTests.RegisterTest@6743e411]" started-at="2025-02-05T03:46:02 IST" name="tearDownTest" finished-at="2025-02-05T03:46:03 IST" duration-ms="786" status="PASS">
          <params>
            <param index="0">
              <value>
                <![CDATA[[TestResult name=enterCredentials status=SUCCESS method=RegisterTest.enterCredentials(java.lang.String,java.lang.String,java.lang.String,java.lang.String)[pri:0, instance:dsAlgoTests.RegisterTest@6743e411] output={null}]]]>
              </value>
            </param>
          </params>
          <reporter-output>
          </reporter-output>
        </test-method> <!-- tearDownTest -->
        <test-method is-config="true" signature="setup(java.lang.String)[pri:0, instance:dsAlgoTests.RegisterTest@6743e411]" started-at="2025-02-05T03:46:03 IST" name="setup" finished-at="2025-02-05T03:46:06 IST" duration-ms="2824" status="PASS">
          <params>
            <param index="0">
              <value>
                <![CDATA[]]>
              </value>
            </param>
          </params>
          <reporter-output>
          </reporter-output>
        </test-method> <!-- setup -->
        <test-method is-config="true" signature="navigateToDsAlgoApplication()[pri:0, instance:dsAlgoTests.RegisterTest@6743e411]" started-at="2025-02-05T03:46:06 IST" name="navigateToDsAlgoApplication" finished-at="2025-02-05T03:46:06 IST" duration-ms="686" status="PASS">
          <reporter-output>
          </reporter-output>
        </test-method> <!-- navigateToDsAlgoApplication -->
        <test-method signature="enterCredentials(java.lang.String,java.lang.String,java.lang.String,java.lang.String)[pri:0, instance:dsAlgoTests.RegisterTest@6743e411]" started-at="2025-02-05T03:46:06 IST" name="enterCredentials" data-provider="RegisterPageData" finished-at="2025-02-05T03:46:08 IST" duration-ms="1486" status="PASS">
          <params>
            <param index="0">
              <value>
                <![CDATA[Questers$]]>
              </value>
            </param>
            <param index="1">
              <value>
                <![CDATA[Awesome@2025]]>
              </value>
            </param>
            <param index="2">
              <value>
                <![CDATA[Awesome@2025]]>
              </value>
            </param>
            <param index="3">
              <value>
                <![CDATA[password_mismatch:The two password fields didn’t match.]]>
              </value>
            </param>
          </params>
          <reporter-output>
          </reporter-output>
        </test-method> <!-- enterCredentials -->
        <test-method is-config="true" signature="tearDownTest(org.testng.ITestResult)[pri:0, instance:dsAlgoTests.RegisterTest@6743e411]" started-at="2025-02-05T03:46:08 IST" name="tearDownTest" finished-at="2025-02-05T03:46:09 IST" duration-ms="782" status="PASS">
          <params>
            <param index="0">
              <value>
                <![CDATA[[TestResult name=enterCredentials status=SUCCESS method=RegisterTest.enterCredentials(java.lang.String,java.lang.String,java.lang.String,java.lang.String)[pri:0, instance:dsAlgoTests.RegisterTest@6743e411] output={null}]]]>
              </value>
            </param>
          </params>
          <reporter-output>
          </reporter-output>
        </test-method> <!-- tearDownTest -->
      </class> <!-- dsAlgoTests.RegisterTest -->
    </test> <!-- Default test -->
  </suite> <!-- Default suite -->
</testng-results>
