<?xml version="1.0" encoding="UTF-8"?>
<testng-results ignored="0" total="32" passed="26" failed="6" skipped="0">
  <reporter-output>
  </reporter-output>
  <suite started-at="2025-02-05T18:19:28 EST" name="TestSuite" finished-at="2025-02-05T18:23:00 EST" duration-ms="212522">
    <groups>
    </groups>
    <test started-at="2025-02-05T18:19:28 EST" name="Test" finished-at="2025-02-05T18:23:00 EST" duration-ms="212522">
      <class name="dsAlgoTests.ArrayTest">
        <test-method is-config="true" signature="setupSuite()[pri:0, instance:dsAlgoTests.ArrayTest@602e0143]" started-at="2025-02-05T18:19:28 EST" name="setupSuite" finished-at="2025-02-05T18:19:28 EST" duration-ms="6" status="PASS">
          <reporter-output>
          </reporter-output>
        </test-method> <!-- setupSuite -->
        <test-method is-config="true" signature="setup(java.lang.String)[pri:0, instance:dsAlgoTests.ArrayTest@602e0143]" started-at="2025-02-05T18:19:29 EST" name="setup" finished-at="2025-02-05T18:19:31 EST" duration-ms="2457" status="PASS">
          <params>
            <param index="0">
              <value>
                <![CDATA[chrome]]>
              </value>
            </param>
          </params>
          <reporter-output>
          </reporter-output>
        </test-method> <!-- setup -->
        <test-method is-config="true" signature="navigateToArrayPage()[pri:0, instance:dsAlgoTests.ArrayTest@602e0143]" started-at="2025-02-05T18:19:31 EST" name="navigateToArrayPage" finished-at="2025-02-05T18:19:33 EST" duration-ms="1575" status="PASS">
          <reporter-output>
          </reporter-output>
        </test-method> <!-- navigateToArrayPage -->
        <test-method signature="PracticeQuestionVaildAndInvalidDataWithRunButton(java.lang.String,java.lang.String,java.lang.String,java.lang.String)[pri:0, instance:dsAlgoTests.ArrayTest@602e0143]" started-at="2025-02-05T18:19:33 EST" name="PracticeQuestionVaildAndInvalidDataWithRunButton" data-provider="PracticeQuestionForArrayRun" finished-at="2025-02-05T18:19:34 EST" duration-ms="1511" status="PASS">
          <params>
            <param index="0">
              <value>
                <![CDATA[Arrays in Python]]>
              </value>
            </param>
            <param index="1">
              <value>
                <![CDATA[Search the array]]>
              </value>
            </param>
            <param index="2">
              <value>
                <![CDATA[def search(input_list, num): 
    if num in input_list:
        print("Element Found")
    else:
        print("Element Not Found")

search([12, 23, 45, 67, 6, 90], 12)]]>
              </value>
            </param>
            <param index="3">
              <value>
                <![CDATA[Element Found]]>
              </value>
            </param>
          </params>
          <reporter-output>
          </reporter-output>
        </test-method> <!-- PracticeQuestionVaildAndInvalidDataWithRunButton -->
        <test-method is-config="true" signature="tearDownTest(org.testng.ITestResult)[pri:0, instance:dsAlgoTests.ArrayTest@602e0143]" started-at="2025-02-05T18:19:34 EST" name="tearDownTest" finished-at="2025-02-05T18:19:34 EST" duration-ms="217" status="PASS">
          <params>
            <param index="0">
              <value>
                <![CDATA[[TestResult name=PracticeQuestionVaildAndInvalidDataWithRunButton status=SUCCESS method=ArrayTest.PracticeQuestionVaildAndInvalidDataWithRunButton(java.lang.String,java.lang.String,java.lang.String,java.lang.String)[pri:0, instance:dsAlgoTests.ArrayTest@602e0143] output={null}]]]>
              </value>
            </param>
          </params>
          <reporter-output>
          </reporter-output>
        </test-method> <!-- tearDownTest -->
        <test-method is-config="true" signature="setup(java.lang.String)[pri:0, instance:dsAlgoTests.ArrayTest@602e0143]" started-at="2025-02-05T18:19:34 EST" name="setup" finished-at="2025-02-05T18:19:38 EST" duration-ms="3521" status="PASS">
          <params>
            <param index="0">
              <value>
                <![CDATA[chrome]]>
              </value>
            </param>
          </params>
          <reporter-output>
          </reporter-output>
        </test-method> <!-- setup -->
        <test-method is-config="true" signature="navigateToArrayPage()[pri:0, instance:dsAlgoTests.ArrayTest@602e0143]" started-at="2025-02-05T18:19:38 EST" name="navigateToArrayPage" finished-at="2025-02-05T18:19:41 EST" duration-ms="2907" status="PASS">
          <reporter-output>
          </reporter-output>
        </test-method> <!-- navigateToArrayPage -->
        <test-method signature="PracticeQuestionVaildAndInvalidDataWithRunButton(java.lang.String,java.lang.String,java.lang.String,java.lang.String)[pri:0, instance:dsAlgoTests.ArrayTest@602e0143]" started-at="2025-02-05T18:19:41 EST" name="PracticeQuestionVaildAndInvalidDataWithRunButton" data-provider="PracticeQuestionForArrayRun" finished-at="2025-02-05T18:19:42 EST" duration-ms="1539" status="PASS">
          <params>
            <param index="0">
              <value>
                <![CDATA[Arrays in Python]]>
              </value>
            </param>
            <param index="1">
              <value>
                <![CDATA[Search the array]]>
              </value>
            </param>
            <param index="2">
              <value>
                <![CDATA[def search(input_list, num): 
    if num in input_list:
        print("Element Found")
    else
        print("Element Not Found")

search([12, 23, 45, 67, 6, 90], 12)]]>
              </value>
            </param>
            <param index="3">
              <value>
                <![CDATA[SyntaxError: bad input on line 4]]>
              </value>
            </param>
          </params>
          <reporter-output>
          </reporter-output>
        </test-method> <!-- PracticeQuestionVaildAndInvalidDataWithRunButton -->
        <test-method is-config="true" signature="tearDownTest(org.testng.ITestResult)[pri:0, instance:dsAlgoTests.ArrayTest@602e0143]" started-at="2025-02-05T18:19:42 EST" name="tearDownTest" finished-at="2025-02-05T18:19:43 EST" duration-ms="227" status="PASS">
          <params>
            <param index="0">
              <value>
                <![CDATA[[TestResult name=PracticeQuestionVaildAndInvalidDataWithRunButton status=SUCCESS method=ArrayTest.PracticeQuestionVaildAndInvalidDataWithRunButton(java.lang.String,java.lang.String,java.lang.String,java.lang.String)[pri:0, instance:dsAlgoTests.ArrayTest@602e0143] output={null}]]]>
              </value>
            </param>
          </params>
          <reporter-output>
          </reporter-output>
        </test-method> <!-- tearDownTest -->
        <test-method is-config="true" signature="setup(java.lang.String)[pri:0, instance:dsAlgoTests.ArrayTest@602e0143]" started-at="2025-02-05T18:19:43 EST" name="setup" finished-at="2025-02-05T18:19:44 EST" duration-ms="1896" status="PASS">
          <params>
            <param index="0">
              <value>
                <![CDATA[chrome]]>
              </value>
            </param>
          </params>
          <reporter-output>
          </reporter-output>
        </test-method> <!-- setup -->
        <test-method is-config="true" signature="navigateToArrayPage()[pri:0, instance:dsAlgoTests.ArrayTest@602e0143]" started-at="2025-02-05T18:19:44 EST" name="navigateToArrayPage" finished-at="2025-02-05T18:19:46 EST" duration-ms="1571" status="PASS">
          <reporter-output>
          </reporter-output>
        </test-method> <!-- navigateToArrayPage -->
        <test-method signature="PracticeQuestionVaildAndInvalidDataWithRunButton(java.lang.String,java.lang.String,java.lang.String,java.lang.String)[pri:0, instance:dsAlgoTests.ArrayTest@602e0143]" started-at="2025-02-05T18:19:46 EST" name="PracticeQuestionVaildAndInvalidDataWithRunButton" data-provider="PracticeQuestionForArrayRun" finished-at="2025-02-05T18:19:48 EST" duration-ms="1576" status="PASS">
          <params>
            <param index="0">
              <value>
                <![CDATA[Arrays in Python]]>
              </value>
            </param>
            <param index="1">
              <value>
                <![CDATA[Max Consecutive Ones]]>
              </value>
            </param>
            <param index="2">
              <value>
                <![CDATA[def findMaxConsecutiveOnes(nums):
    count = 0
    result = 0
    for num in nums:
        if num == 0:
            count = 0
        else:
            count += 1
            result = max(result, count)
    print(float(result))
    return float(result)

findMaxConsecutiveOnes([1, 0, 1, 1, 0, 1])]]>
              </value>
            </param>
            <param index="3">
              <value>
                <![CDATA[2.0]]>
              </value>
            </param>
          </params>
          <reporter-output>
          </reporter-output>
        </test-method> <!-- PracticeQuestionVaildAndInvalidDataWithRunButton -->
        <test-method is-config="true" signature="tearDownTest(org.testng.ITestResult)[pri:0, instance:dsAlgoTests.ArrayTest@602e0143]" started-at="2025-02-05T18:19:48 EST" name="tearDownTest" finished-at="2025-02-05T18:19:48 EST" duration-ms="247" status="PASS">
          <params>
            <param index="0">
              <value>
                <![CDATA[[TestResult name=PracticeQuestionVaildAndInvalidDataWithRunButton status=SUCCESS method=ArrayTest.PracticeQuestionVaildAndInvalidDataWithRunButton(java.lang.String,java.lang.String,java.lang.String,java.lang.String)[pri:0, instance:dsAlgoTests.ArrayTest@602e0143] output={null}]]]>
              </value>
            </param>
          </params>
          <reporter-output>
          </reporter-output>
        </test-method> <!-- tearDownTest -->
        <test-method is-config="true" signature="setup(java.lang.String)[pri:0, instance:dsAlgoTests.ArrayTest@602e0143]" started-at="2025-02-05T18:19:48 EST" name="setup" finished-at="2025-02-05T18:19:50 EST" duration-ms="2375" status="PASS">
          <params>
            <param index="0">
              <value>
                <![CDATA[chrome]]>
              </value>
            </param>
          </params>
          <reporter-output>
          </reporter-output>
        </test-method> <!-- setup -->
        <test-method is-config="true" signature="navigateToArrayPage()[pri:0, instance:dsAlgoTests.ArrayTest@602e0143]" started-at="2025-02-05T18:19:50 EST" name="navigateToArrayPage" finished-at="2025-02-05T18:19:55 EST" duration-ms="4614" status="PASS">
          <reporter-output>
          </reporter-output>
        </test-method> <!-- navigateToArrayPage -->
        <test-method signature="PracticeQuestionVaildAndInvalidDataWithRunButton(java.lang.String,java.lang.String,java.lang.String,java.lang.String)[pri:0, instance:dsAlgoTests.ArrayTest@602e0143]" started-at="2025-02-05T18:19:55 EST" name="PracticeQuestionVaildAndInvalidDataWithRunButton" data-provider="PracticeQuestionForArrayRun" finished-at="2025-02-05T18:19:56 EST" duration-ms="1433" status="PASS">
          <params>
            <param index="0">
              <value>
                <![CDATA[Arrays in Python]]>
              </value>
            </param>
            <param index="1">
              <value>
                <![CDATA[Max Consecutive Ones]]>
              </value>
            </param>
            <param index="2">
              <value>
                <![CDATA[def findMaxConsecutiveOnes(nums)
    count = 0
    result = 0
    for num in nums:
        if num == 0:
            count = 0
        else:
            count += 1
            result = max(result, count)
    print(float(result))
    return float(result)

findMaxConsecutiveOnes([1, 0, 1, 1, 0, 1])]]>
              </value>
            </param>
            <param index="3">
              <value>
                <![CDATA[SyntaxError: bad input on line 1]]>
              </value>
            </param>
          </params>
          <reporter-output>
          </reporter-output>
        </test-method> <!-- PracticeQuestionVaildAndInvalidDataWithRunButton -->
        <test-method is-config="true" signature="tearDownTest(org.testng.ITestResult)[pri:0, instance:dsAlgoTests.ArrayTest@602e0143]" started-at="2025-02-05T18:19:56 EST" name="tearDownTest" finished-at="2025-02-05T18:19:56 EST" duration-ms="250" status="PASS">
          <params>
            <param index="0">
              <value>
                <![CDATA[[TestResult name=PracticeQuestionVaildAndInvalidDataWithRunButton status=SUCCESS method=ArrayTest.PracticeQuestionVaildAndInvalidDataWithRunButton(java.lang.String,java.lang.String,java.lang.String,java.lang.String)[pri:0, instance:dsAlgoTests.ArrayTest@602e0143] output={null}]]]>
              </value>
            </param>
          </params>
          <reporter-output>
          </reporter-output>
        </test-method> <!-- tearDownTest -->
        <test-method is-config="true" signature="setup(java.lang.String)[pri:0, instance:dsAlgoTests.ArrayTest@602e0143]" started-at="2025-02-05T18:19:56 EST" name="setup" finished-at="2025-02-05T18:19:58 EST" duration-ms="1672" status="PASS">
          <params>
            <param index="0">
              <value>
                <![CDATA[chrome]]>
              </value>
            </param>
          </params>
          <reporter-output>
          </reporter-output>
        </test-method> <!-- setup -->
        <test-method is-config="true" signature="navigateToArrayPage()[pri:0, instance:dsAlgoTests.ArrayTest@602e0143]" started-at="2025-02-05T18:19:58 EST" name="navigateToArrayPage" finished-at="2025-02-05T18:20:00 EST" duration-ms="1791" status="PASS">
          <reporter-output>
          </reporter-output>
        </test-method> <!-- navigateToArrayPage -->
        <test-method signature="PracticeQuestionVaildAndInvalidDataWithRunButton(java.lang.String,java.lang.String,java.lang.String,java.lang.String)[pri:0, instance:dsAlgoTests.ArrayTest@602e0143]" started-at="2025-02-05T18:20:00 EST" name="PracticeQuestionVaildAndInvalidDataWithRunButton" data-provider="PracticeQuestionForArrayRun" finished-at="2025-02-05T18:20:01 EST" duration-ms="1439" status="PASS">
          <params>
            <param index="0">
              <value>
                <![CDATA[Arrays in Python]]>
              </value>
            </param>
            <param index="1">
              <value>
                <![CDATA[Find Numbers with Even Number]]>
              </value>
            </param>
            <param index="2">
              <value>
                <![CDATA[def findNumbers(nums):
    c = 0
    for i in nums:
        j = str(i)
        x = len(j)
        if x % 2 == 0:
            c = c + 1
    print(float(c))
    return float(c)

findNumbers([12, 345, 2, 6, 7896])]]>
              </value>
            </param>
            <param index="3">
              <value>
                <![CDATA[2.0]]>
              </value>
            </param>
          </params>
          <reporter-output>
          </reporter-output>
        </test-method> <!-- PracticeQuestionVaildAndInvalidDataWithRunButton -->
        <test-method is-config="true" signature="tearDownTest(org.testng.ITestResult)[pri:0, instance:dsAlgoTests.ArrayTest@602e0143]" started-at="2025-02-05T18:20:01 EST" name="tearDownTest" finished-at="2025-02-05T18:20:02 EST" duration-ms="271" status="PASS">
          <params>
            <param index="0">
              <value>
                <![CDATA[[TestResult name=PracticeQuestionVaildAndInvalidDataWithRunButton status=SUCCESS method=ArrayTest.PracticeQuestionVaildAndInvalidDataWithRunButton(java.lang.String,java.lang.String,java.lang.String,java.lang.String)[pri:0, instance:dsAlgoTests.ArrayTest@602e0143] output={null}]]]>
              </value>
            </param>
          </params>
          <reporter-output>
          </reporter-output>
        </test-method> <!-- tearDownTest -->
        <test-method is-config="true" signature="setup(java.lang.String)[pri:0, instance:dsAlgoTests.ArrayTest@602e0143]" started-at="2025-02-05T18:20:02 EST" name="setup" finished-at="2025-02-05T18:20:05 EST" duration-ms="2867" status="PASS">
          <params>
            <param index="0">
              <value>
                <![CDATA[chrome]]>
              </value>
            </param>
          </params>
          <reporter-output>
          </reporter-output>
        </test-method> <!-- setup -->
        <test-method is-config="true" signature="navigateToArrayPage()[pri:0, instance:dsAlgoTests.ArrayTest@602e0143]" started-at="2025-02-05T18:20:05 EST" name="navigateToArrayPage" finished-at="2025-02-05T18:20:09 EST" duration-ms="4673" status="PASS">
          <reporter-output>
          </reporter-output>
        </test-method> <!-- navigateToArrayPage -->
        <test-method signature="PracticeQuestionVaildAndInvalidDataWithRunButton(java.lang.String,java.lang.String,java.lang.String,java.lang.String)[pri:0, instance:dsAlgoTests.ArrayTest@602e0143]" started-at="2025-02-05T18:20:09 EST" name="PracticeQuestionVaildAndInvalidDataWithRunButton" data-provider="PracticeQuestionForArrayRun" finished-at="2025-02-05T18:20:11 EST" duration-ms="1365" status="PASS">
          <params>
            <param index="0">
              <value>
                <![CDATA[Arrays in Python]]>
              </value>
            </param>
            <param index="1">
              <value>
                <![CDATA[Find Numbers with Even Number]]>
              </value>
            </param>
            <param index="2">
              <value>
                <![CDATA[def findNumbers(nums)
    c = 0
    for i in nums:
        j = str(i)
        x = len(j)
        if x % 2 == 0:
            c = c + 1
    print(float(c))
    return float(c)

findNumbers([12, 345, 2, 6, 7896])
]]>
              </value>
            </param>
            <param index="3">
              <value>
                <![CDATA[SyntaxError: bad input on line 1]]>
              </value>
            </param>
          </params>
          <reporter-output>
          </reporter-output>
        </test-method> <!-- PracticeQuestionVaildAndInvalidDataWithRunButton -->
        <test-method is-config="true" signature="tearDownTest(org.testng.ITestResult)[pri:0, instance:dsAlgoTests.ArrayTest@602e0143]" started-at="2025-02-05T18:20:11 EST" name="tearDownTest" finished-at="2025-02-05T18:20:11 EST" duration-ms="407" status="PASS">
          <params>
            <param index="0">
              <value>
                <![CDATA[[TestResult name=PracticeQuestionVaildAndInvalidDataWithRunButton status=SUCCESS method=ArrayTest.PracticeQuestionVaildAndInvalidDataWithRunButton(java.lang.String,java.lang.String,java.lang.String,java.lang.String)[pri:0, instance:dsAlgoTests.ArrayTest@602e0143] output={null}]]]>
              </value>
            </param>
          </params>
          <reporter-output>
          </reporter-output>
        </test-method> <!-- tearDownTest -->
        <test-method is-config="true" signature="setup(java.lang.String)[pri:0, instance:dsAlgoTests.ArrayTest@602e0143]" started-at="2025-02-05T18:20:11 EST" name="setup" finished-at="2025-02-05T18:20:13 EST" duration-ms="1606" status="PASS">
          <params>
            <param index="0">
              <value>
                <![CDATA[chrome]]>
              </value>
            </param>
          </params>
          <reporter-output>
          </reporter-output>
        </test-method> <!-- setup -->
        <test-method is-config="true" signature="navigateToArrayPage()[pri:0, instance:dsAlgoTests.ArrayTest@602e0143]" started-at="2025-02-05T18:20:13 EST" name="navigateToArrayPage" finished-at="2025-02-05T18:20:14 EST" duration-ms="1627" status="PASS">
          <reporter-output>
          </reporter-output>
        </test-method> <!-- navigateToArrayPage -->
        <test-method signature="PracticeQuestionVaildAndInvalidDataWithRunButton(java.lang.String,java.lang.String,java.lang.String,java.lang.String)[pri:0, instance:dsAlgoTests.ArrayTest@602e0143]" started-at="2025-02-05T18:20:14 EST" name="PracticeQuestionVaildAndInvalidDataWithRunButton" data-provider="PracticeQuestionForArrayRun" finished-at="2025-02-05T18:20:16 EST" duration-ms="1378" status="PASS">
          <params>
            <param index="0">
              <value>
                <![CDATA[Arrays in Python]]>
              </value>
            </param>
            <param index="1">
              <value>
                <![CDATA[Squares of Sorted Array]]>
              </value>
            </param>
            <param index="2">
              <value>
                <![CDATA[def sortedSquares(nums):
    squares_list = []
    for i in range(len(nums)):
        square = nums[i] * nums[i]
        squares_list.append(square)
    sorted_squares_list = sorted(squares_list)
    print(sorted_squares_list)
    return sorted_squares_list

sortedSquares([-7, -3, 2, 3, 11])]]>
              </value>
            </param>
            <param index="3">
              <value>
                <![CDATA[[4, 9, 9, 49, 121]]]>
              </value>
            </param>
          </params>
          <reporter-output>
          </reporter-output>
        </test-method> <!-- PracticeQuestionVaildAndInvalidDataWithRunButton -->
        <test-method is-config="true" signature="tearDownTest(org.testng.ITestResult)[pri:0, instance:dsAlgoTests.ArrayTest@602e0143]" started-at="2025-02-05T18:20:16 EST" name="tearDownTest" finished-at="2025-02-05T18:20:16 EST" duration-ms="282" status="PASS">
          <params>
            <param index="0">
              <value>
                <![CDATA[[TestResult name=PracticeQuestionVaildAndInvalidDataWithRunButton status=SUCCESS method=ArrayTest.PracticeQuestionVaildAndInvalidDataWithRunButton(java.lang.String,java.lang.String,java.lang.String,java.lang.String)[pri:0, instance:dsAlgoTests.ArrayTest@602e0143] output={null}]]]>
              </value>
            </param>
          </params>
          <reporter-output>
          </reporter-output>
        </test-method> <!-- tearDownTest -->
        <test-method is-config="true" signature="setup(java.lang.String)[pri:0, instance:dsAlgoTests.ArrayTest@602e0143]" started-at="2025-02-05T18:20:16 EST" name="setup" finished-at="2025-02-05T18:20:17 EST" duration-ms="1576" status="PASS">
          <params>
            <param index="0">
              <value>
                <![CDATA[chrome]]>
              </value>
            </param>
          </params>
          <reporter-output>
          </reporter-output>
        </test-method> <!-- setup -->
        <test-method is-config="true" signature="navigateToArrayPage()[pri:0, instance:dsAlgoTests.ArrayTest@602e0143]" started-at="2025-02-05T18:20:17 EST" name="navigateToArrayPage" finished-at="2025-02-05T18:20:21 EST" duration-ms="3997" status="PASS">
          <reporter-output>
          </reporter-output>
        </test-method> <!-- navigateToArrayPage -->
        <test-method signature="PracticeQuestionVaildAndInvalidDataWithRunButton(java.lang.String,java.lang.String,java.lang.String,java.lang.String)[pri:0, instance:dsAlgoTests.ArrayTest@602e0143]" started-at="2025-02-05T18:20:21 EST" name="PracticeQuestionVaildAndInvalidDataWithRunButton" data-provider="PracticeQuestionForArrayRun" finished-at="2025-02-05T18:20:24 EST" duration-ms="2874" status="PASS">
          <params>
            <param index="0">
              <value>
                <![CDATA[Arrays in Python]]>
              </value>
            </param>
            <param index="1">
              <value>
                <![CDATA[Squares of Sorted Array]]>
              </value>
            </param>
            <param index="2">
              <value>
                <![CDATA[def sortedSquares(nums)
    squares_list = []
    for i in range(len(nums)):
        square = nums[i] * nums[i]
        squares_list.append(square)
    sorted_squares_list = sorted(squares_list)
    print(sorted_squares_list)
    return sorted_squares_list

sortedSquares([-7, -3, 2, 3, 11])]]>
              </value>
            </param>
            <param index="3">
              <value>
                <![CDATA[SyntaxError: bad input on line 1]]>
              </value>
            </param>
          </params>
          <reporter-output>
          </reporter-output>
        </test-method> <!-- PracticeQuestionVaildAndInvalidDataWithRunButton -->
        <test-method is-config="true" signature="tearDownTest(org.testng.ITestResult)[pri:0, instance:dsAlgoTests.ArrayTest@602e0143]" started-at="2025-02-05T18:20:24 EST" name="tearDownTest" finished-at="2025-02-05T18:20:25 EST" duration-ms="266" status="PASS">
          <params>
            <param index="0">
              <value>
                <![CDATA[[TestResult name=PracticeQuestionVaildAndInvalidDataWithRunButton status=SUCCESS method=ArrayTest.PracticeQuestionVaildAndInvalidDataWithRunButton(java.lang.String,java.lang.String,java.lang.String,java.lang.String)[pri:0, instance:dsAlgoTests.ArrayTest@602e0143] output={null}]]]>
              </value>
            </param>
          </params>
          <reporter-output>
          </reporter-output>
        </test-method> <!-- tearDownTest -->
        <test-method is-config="true" signature="setup(java.lang.String)[pri:0, instance:dsAlgoTests.ArrayTest@602e0143]" started-at="2025-02-05T18:20:25 EST" name="setup" finished-at="2025-02-05T18:20:26 EST" duration-ms="1710" status="PASS">
          <params>
            <param index="0">
              <value>
                <![CDATA[chrome]]>
              </value>
            </param>
          </params>
          <reporter-output>
          </reporter-output>
        </test-method> <!-- setup -->
        <test-method is-config="true" signature="navigateToArrayPage()[pri:0, instance:dsAlgoTests.ArrayTest@602e0143]" started-at="2025-02-05T18:20:26 EST" name="navigateToArrayPage" finished-at="2025-02-05T18:20:28 EST" duration-ms="1820" status="PASS">
          <reporter-output>
          </reporter-output>
        </test-method> <!-- navigateToArrayPage -->
        <test-method signature="PracticeQuestionVaildAndInvalidDataWithSubmitButton(java.lang.String,java.lang.String,java.lang.String,java.lang.String)[pri:0, instance:dsAlgoTests.ArrayTest@602e0143]" started-at="2025-02-05T18:20:28 EST" name="PracticeQuestionVaildAndInvalidDataWithSubmitButton" data-provider="PracticeQuestionForArraySubmit" finished-at="2025-02-05T18:20:30 EST" duration-ms="1944" status="FAIL">
          <params>
            <param index="0">
              <value>
                <![CDATA[Arrays in Python]]>
              </value>
            </param>
            <param index="1">
              <value>
                <![CDATA[Search the array]]>
              </value>
            </param>
            <param index="2">
              <value>
                <![CDATA[def search(input_list, num): 
    if num in input_list:
        print("Element Found")
    else:
        print("Element Not Found")

search([12, 23, 45, 67, 6, 90], 12)]]>
              </value>
            </param>
            <param index="3">
              <value>
                <![CDATA[Submission Successful]]>
              </value>
            </param>
          </params>
          <exception class="java.lang.AssertionError">
            <message>
              <![CDATA[Output mismatch for section: Arrays in Python expected [Submission Successful] but found [Some Tests failed. Please review code]]]>
            </message>
            <full-stacktrace>
              <![CDATA[java.lang.AssertionError: Output mismatch for section: Arrays in Python expected [Submission Successful] but found [Some Tests failed. Please review code]
at org.testng.Assert.fail(Assert.java:99)
at org.testng.Assert.failNotEquals(Assert.java:1037)
at org.testng.Assert.assertEqualsImpl(Assert.java:140)
at org.testng.Assert.assertEquals(Assert.java:122)
at org.testng.Assert.assertEquals(Assert.java:629)
at dsAlgoTests.ArrayTest.PracticeQuestionVaildAndInvalidDataWithSubmitButton(ArrayTest.java:190)
at java.base/jdk.internal.reflect.DirectMethodHandleAccessor.invoke(DirectMethodHandleAccessor.java:103)
at java.base/java.lang.reflect.Method.invoke(Method.java:580)
at org.testng.internal.MethodInvocationHelper.invokeMethod(MethodInvocationHelper.java:133)
at org.testng.internal.TestInvoker.invokeMethod(TestInvoker.java:598)
at org.testng.internal.TestInvoker.invokeTestMethod(TestInvoker.java:173)
at org.testng.internal.MethodRunner.runInSequence(MethodRunner.java:46)
at org.testng.internal.TestInvoker$MethodInvocationAgent.invoke(TestInvoker.java:824)
at org.testng.internal.TestInvoker.invokeTestMethods(TestInvoker.java:146)
at org.testng.internal.TestMethodWorker.invokeTestMethods(TestMethodWorker.java:146)
at org.testng.internal.TestMethodWorker.run(TestMethodWorker.java:128)
at java.base/java.util.ArrayList.forEach(ArrayList.java:1597)
at org.testng.TestRunner.privateRun(TestRunner.java:794)
at org.testng.TestRunner.run(TestRunner.java:596)
at org.testng.SuiteRunner.runTest(SuiteRunner.java:377)
at org.testng.SuiteRunner.access$000(SuiteRunner.java:28)
at org.testng.SuiteRunner$SuiteWorker.run(SuiteRunner.java:418)
at org.testng.internal.thread.ThreadUtil.lambda$execute$0(ThreadUtil.java:64)
at java.base/java.util.concurrent.FutureTask.run(FutureTask.java:317)
at java.base/java.util.concurrent.ThreadPoolExecutor.runWorker(ThreadPoolExecutor.java:1144)
at java.base/java.util.concurrent.ThreadPoolExecutor$Worker.run(ThreadPoolExecutor.java:642)
at java.base/java.lang.Thread.run(Thread.java:1575)
]]>
            </full-stacktrace>
          </exception> <!-- java.lang.AssertionError -->
          <reporter-output>
          </reporter-output>
        </test-method> <!-- PracticeQuestionVaildAndInvalidDataWithSubmitButton -->
        <test-method is-config="true" signature="tearDownTest(org.testng.ITestResult)[pri:0, instance:dsAlgoTests.ArrayTest@602e0143]" started-at="2025-02-05T18:20:30 EST" name="tearDownTest" finished-at="2025-02-05T18:20:31 EST" duration-ms="355" status="PASS">
          <params>
            <param index="0">
              <value>
                <![CDATA[[TestResult name=PracticeQuestionVaildAndInvalidDataWithSubmitButton status=FAILURE method=ArrayTest.PracticeQuestionVaildAndInvalidDataWithSubmitButton(java.lang.String,java.lang.String,java.lang.String,java.lang.String)[pri:0, instance:dsAlgoTests.ArrayTest@602e0143] output={null}]]]>
              </value>
            </param>
          </params>
          <reporter-output>
          </reporter-output>
        </test-method> <!-- tearDownTest -->
        <test-method is-config="true" signature="setup(java.lang.String)[pri:0, instance:dsAlgoTests.ArrayTest@602e0143]" started-at="2025-02-05T18:20:31 EST" name="setup" finished-at="2025-02-05T18:20:33 EST" duration-ms="2667" status="PASS">
          <params>
            <param index="0">
              <value>
                <![CDATA[chrome]]>
              </value>
            </param>
          </params>
          <reporter-output>
          </reporter-output>
        </test-method> <!-- setup -->
        <test-method is-config="true" signature="navigateToArrayPage()[pri:0, instance:dsAlgoTests.ArrayTest@602e0143]" started-at="2025-02-05T18:20:33 EST" name="navigateToArrayPage" finished-at="2025-02-05T18:20:37 EST" duration-ms="4209" status="PASS">
          <reporter-output>
          </reporter-output>
        </test-method> <!-- navigateToArrayPage -->
        <test-method signature="PracticeQuestionVaildAndInvalidDataWithSubmitButton(java.lang.String,java.lang.String,java.lang.String,java.lang.String)[pri:0, instance:dsAlgoTests.ArrayTest@602e0143]" started-at="2025-02-05T18:20:37 EST" name="PracticeQuestionVaildAndInvalidDataWithSubmitButton" data-provider="PracticeQuestionForArraySubmit" finished-at="2025-02-05T18:20:40 EST" duration-ms="2427" status="PASS">
          <params>
            <param index="0">
              <value>
                <![CDATA[Arrays in Python]]>
              </value>
            </param>
            <param index="1">
              <value>
                <![CDATA[Max Consecutive Ones]]>
              </value>
            </param>
            <param index="2">
              <value>
                <![CDATA[def findMaxConsecutiveOnes(nums):
    count = 0
    result = 0
    for num in nums:
        if num == 0:
            count = 0
        else:
            count += 1
            result = max(result, count)
    print(float(result))
    return float(result)

findMaxConsecutiveOnes([1, 0, 1, 1, 0, 1])]]>
              </value>
            </param>
            <param index="3">
              <value>
                <![CDATA[Submission Successful]]>
              </value>
            </param>
          </params>
          <reporter-output>
          </reporter-output>
        </test-method> <!-- PracticeQuestionVaildAndInvalidDataWithSubmitButton -->
        <test-method is-config="true" signature="tearDownTest(org.testng.ITestResult)[pri:0, instance:dsAlgoTests.ArrayTest@602e0143]" started-at="2025-02-05T18:20:40 EST" name="tearDownTest" finished-at="2025-02-05T18:20:40 EST" duration-ms="196" status="PASS">
          <params>
            <param index="0">
              <value>
                <![CDATA[[TestResult name=PracticeQuestionVaildAndInvalidDataWithSubmitButton status=SUCCESS method=ArrayTest.PracticeQuestionVaildAndInvalidDataWithSubmitButton(java.lang.String,java.lang.String,java.lang.String,java.lang.String)[pri:0, instance:dsAlgoTests.ArrayTest@602e0143] output={null}]]]>
              </value>
            </param>
          </params>
          <reporter-output>
          </reporter-output>
        </test-method> <!-- tearDownTest -->
        <test-method is-config="true" signature="setup(java.lang.String)[pri:0, instance:dsAlgoTests.ArrayTest@602e0143]" started-at="2025-02-05T18:20:40 EST" name="setup" finished-at="2025-02-05T18:20:42 EST" duration-ms="1809" status="PASS">
          <params>
            <param index="0">
              <value>
                <![CDATA[chrome]]>
              </value>
            </param>
          </params>
          <reporter-output>
          </reporter-output>
        </test-method> <!-- setup -->
        <test-method is-config="true" signature="navigateToArrayPage()[pri:0, instance:dsAlgoTests.ArrayTest@602e0143]" started-at="2025-02-05T18:20:42 EST" name="navigateToArrayPage" finished-at="2025-02-05T18:20:44 EST" duration-ms="1657" status="PASS">
          <reporter-output>
          </reporter-output>
        </test-method> <!-- navigateToArrayPage -->
        <test-method signature="PracticeQuestionVaildAndInvalidDataWithSubmitButton(java.lang.String,java.lang.String,java.lang.String,java.lang.String)[pri:0, instance:dsAlgoTests.ArrayTest@602e0143]" started-at="2025-02-05T18:20:44 EST" name="PracticeQuestionVaildAndInvalidDataWithSubmitButton" data-provider="PracticeQuestionForArraySubmit" finished-at="2025-02-05T18:20:45 EST" duration-ms="1969" status="PASS">
          <params>
            <param index="0">
              <value>
                <![CDATA[Arrays in Python]]>
              </value>
            </param>
            <param index="1">
              <value>
                <![CDATA[Find Numbers with Even Number]]>
              </value>
            </param>
            <param index="2">
              <value>
                <![CDATA[def findNumbers(nums):
    c = 0
    for i in nums:
        j = str(i)
        x = len(j)
        if x % 2 == 0:
            c = c + 1
    print(float(c))
    return float(c)

findNumbers([12, 345, 2, 6, 7896])]]>
              </value>
            </param>
            <param index="3">
              <value>
                <![CDATA[Submission Successful]]>
              </value>
            </param>
          </params>
          <reporter-output>
          </reporter-output>
        </test-method> <!-- PracticeQuestionVaildAndInvalidDataWithSubmitButton -->
        <test-method is-config="true" signature="tearDownTest(org.testng.ITestResult)[pri:0, instance:dsAlgoTests.ArrayTest@602e0143]" started-at="2025-02-05T18:20:45 EST" name="tearDownTest" finished-at="2025-02-05T18:20:46 EST" duration-ms="272" status="PASS">
          <params>
            <param index="0">
              <value>
                <![CDATA[[TestResult name=PracticeQuestionVaildAndInvalidDataWithSubmitButton status=SUCCESS method=ArrayTest.PracticeQuestionVaildAndInvalidDataWithSubmitButton(java.lang.String,java.lang.String,java.lang.String,java.lang.String)[pri:0, instance:dsAlgoTests.ArrayTest@602e0143] output={null}]]]>
              </value>
            </param>
          </params>
          <reporter-output>
          </reporter-output>
        </test-method> <!-- tearDownTest -->
        <test-method is-config="true" signature="setup(java.lang.String)[pri:0, instance:dsAlgoTests.ArrayTest@602e0143]" started-at="2025-02-05T18:20:46 EST" name="setup" finished-at="2025-02-05T18:20:49 EST" duration-ms="2987" status="PASS">
          <params>
            <param index="0">
              <value>
                <![CDATA[chrome]]>
              </value>
            </param>
          </params>
          <reporter-output>
          </reporter-output>
        </test-method> <!-- setup -->
        <test-method is-config="true" signature="navigateToArrayPage()[pri:0, instance:dsAlgoTests.ArrayTest@602e0143]" started-at="2025-02-05T18:20:49 EST" name="navigateToArrayPage" finished-at="2025-02-05T18:20:53 EST" duration-ms="3807" status="PASS">
          <reporter-output>
          </reporter-output>
        </test-method> <!-- navigateToArrayPage -->
        <test-method signature="PracticeQuestionVaildAndInvalidDataWithSubmitButton(java.lang.String,java.lang.String,java.lang.String,java.lang.String)[pri:0, instance:dsAlgoTests.ArrayTest@602e0143]" started-at="2025-02-05T18:20:53 EST" name="PracticeQuestionVaildAndInvalidDataWithSubmitButton" data-provider="PracticeQuestionForArraySubmit" finished-at="2025-02-05T18:20:53 EST" duration-ms="603" status="FAIL">
          <params>
            <param index="0">
              <value>
                <![CDATA[Arrays in Python]]>
              </value>
            </param>
            <param index="1">
              <value>
                <![CDATA[Squares of a Sorted Array]]>
              </value>
            </param>
            <param index="2">
              <value>
                <![CDATA[def sortedSquares(nums):
    squares_list = []
    for i in range(len(nums)):
        square = nums[i] * nums[i]
        squares_list.append(square)
    sorted_squares_list = sorted(squares_list)
    print(sorted_squares_list)
    return sorted_squares_list

sortedSquares([-7, -3, 2, 3, 11])]]>
              </value>
            </param>
            <param index="3">
              <value>
                <![CDATA[Submission Successful]]>
              </value>
            </param>
          </params>
          <exception class="java.lang.IllegalArgumentException">
            <message>
              <![CDATA[Invalid Practice Question: Squares of a Sorted Array]]>
            </message>
            <full-stacktrace>
              <![CDATA[java.lang.IllegalArgumentException: Invalid Practice Question: Squares of a Sorted Array
at dsAlgoPages.ArrayPage.PracticeQuestion(ArrayPage.java:187)
at dsAlgoTests.ArrayTest.PracticeQuestionVaildAndInvalidDataWithSubmitButton(ArrayTest.java:186)
at java.base/jdk.internal.reflect.DirectMethodHandleAccessor.invoke(DirectMethodHandleAccessor.java:103)
at java.base/java.lang.reflect.Method.invoke(Method.java:580)
at org.testng.internal.MethodInvocationHelper.invokeMethod(MethodInvocationHelper.java:133)
at org.testng.internal.TestInvoker.invokeMethod(TestInvoker.java:598)
at org.testng.internal.TestInvoker.invokeTestMethod(TestInvoker.java:173)
at org.testng.internal.MethodRunner.runInSequence(MethodRunner.java:46)
at org.testng.internal.TestInvoker$MethodInvocationAgent.invoke(TestInvoker.java:824)
at org.testng.internal.TestInvoker.invokeTestMethods(TestInvoker.java:146)
at org.testng.internal.TestMethodWorker.invokeTestMethods(TestMethodWorker.java:146)
at org.testng.internal.TestMethodWorker.run(TestMethodWorker.java:128)
at java.base/java.util.ArrayList.forEach(ArrayList.java:1597)
at org.testng.TestRunner.privateRun(TestRunner.java:794)
at org.testng.TestRunner.run(TestRunner.java:596)
at org.testng.SuiteRunner.runTest(SuiteRunner.java:377)
at org.testng.SuiteRunner.access$000(SuiteRunner.java:28)
at org.testng.SuiteRunner$SuiteWorker.run(SuiteRunner.java:418)
at org.testng.internal.thread.ThreadUtil.lambda$execute$0(ThreadUtil.java:64)
at java.base/java.util.concurrent.FutureTask.run(FutureTask.java:317)
at java.base/java.util.concurrent.ThreadPoolExecutor.runWorker(ThreadPoolExecutor.java:1144)
at java.base/java.util.concurrent.ThreadPoolExecutor$Worker.run(ThreadPoolExecutor.java:642)
at java.base/java.lang.Thread.run(Thread.java:1575)
]]>
            </full-stacktrace>
          </exception> <!-- java.lang.IllegalArgumentException -->
          <reporter-output>
          </reporter-output>
        </test-method> <!-- PracticeQuestionVaildAndInvalidDataWithSubmitButton -->
        <test-method is-config="true" signature="tearDownTest(org.testng.ITestResult)[pri:0, instance:dsAlgoTests.ArrayTest@602e0143]" started-at="2025-02-05T18:20:53 EST" name="tearDownTest" finished-at="2025-02-05T18:20:54 EST" duration-ms="508" status="PASS">
          <params>
            <param index="0">
              <value>
                <![CDATA[[TestResult name=PracticeQuestionVaildAndInvalidDataWithSubmitButton status=FAILURE method=ArrayTest.PracticeQuestionVaildAndInvalidDataWithSubmitButton(java.lang.String,java.lang.String,java.lang.String,java.lang.String)[pri:0, instance:dsAlgoTests.ArrayTest@602e0143] output={null}]]]>
              </value>
            </param>
          </params>
          <reporter-output>
          </reporter-output>
        </test-method> <!-- tearDownTest -->
        <test-method is-config="true" signature="setup(java.lang.String)[pri:0, instance:dsAlgoTests.ArrayTest@602e0143]" started-at="2025-02-05T18:20:54 EST" name="setup" finished-at="2025-02-05T18:20:55 EST" duration-ms="1644" status="PASS">
          <params>
            <param index="0">
              <value>
                <![CDATA[chrome]]>
              </value>
            </param>
          </params>
          <reporter-output>
          </reporter-output>
        </test-method> <!-- setup -->
        <test-method is-config="true" signature="navigateToArrayPage()[pri:0, instance:dsAlgoTests.ArrayTest@602e0143]" started-at="2025-02-05T18:20:55 EST" name="navigateToArrayPage" finished-at="2025-02-05T18:20:57 EST" duration-ms="1641" status="PASS">
          <reporter-output>
          </reporter-output>
        </test-method> <!-- navigateToArrayPage -->
        <test-method signature="checkErrorMessageWhenExecutingWithoutCodeApplicationofArrayForTryEditor()[pri:0, instance:dsAlgoTests.ArrayTest@602e0143]" started-at="2025-02-05T18:20:57 EST" name="checkErrorMessageWhenExecutingWithoutCodeApplicationofArrayForTryEditor" finished-at="2025-02-05T18:20:58 EST" duration-ms="997" status="FAIL">
          <exception class="java.lang.AssertionError">
            <message>
              <![CDATA[Test failed: Expected an error message when clicking the 'Run' button without entering code, but no message was displayed.]]>
            </message>
            <full-stacktrace>
              <![CDATA[java.lang.AssertionError: Test failed: Expected an error message when clicking the 'Run' button without entering code, but no message was displayed.
at org.testng.Assert.fail(Assert.java:99)
at dsAlgoTests.ArrayTest.checkErrorMessageWhenExecutingWithoutCodeApplicationofArrayForTryEditor(ArrayTest.java:154)
at java.base/jdk.internal.reflect.DirectMethodHandleAccessor.invoke(DirectMethodHandleAccessor.java:103)
at java.base/java.lang.reflect.Method.invoke(Method.java:580)
at org.testng.internal.MethodInvocationHelper.invokeMethod(MethodInvocationHelper.java:133)
at org.testng.internal.TestInvoker.invokeMethod(TestInvoker.java:598)
at org.testng.internal.TestInvoker.invokeTestMethod(TestInvoker.java:173)
at org.testng.internal.MethodRunner.runInSequence(MethodRunner.java:46)
at org.testng.internal.TestInvoker$MethodInvocationAgent.invoke(TestInvoker.java:824)
at org.testng.internal.TestInvoker.invokeTestMethods(TestInvoker.java:146)
at org.testng.internal.TestMethodWorker.invokeTestMethods(TestMethodWorker.java:146)
at org.testng.internal.TestMethodWorker.run(TestMethodWorker.java:128)
at java.base/java.util.ArrayList.forEach(ArrayList.java:1597)
at org.testng.TestRunner.privateRun(TestRunner.java:794)
at org.testng.TestRunner.run(TestRunner.java:596)
at org.testng.SuiteRunner.runTest(SuiteRunner.java:377)
at org.testng.SuiteRunner.access$000(SuiteRunner.java:28)
at org.testng.SuiteRunner$SuiteWorker.run(SuiteRunner.java:418)
at org.testng.internal.thread.ThreadUtil.lambda$execute$0(ThreadUtil.java:64)
at java.base/java.util.concurrent.FutureTask.run(FutureTask.java:317)
at java.base/java.util.concurrent.ThreadPoolExecutor.runWorker(ThreadPoolExecutor.java:1144)
at java.base/java.util.concurrent.ThreadPoolExecutor$Worker.run(ThreadPoolExecutor.java:642)
at java.base/java.lang.Thread.run(Thread.java:1575)
]]>
            </full-stacktrace>
          </exception> <!-- java.lang.AssertionError -->
          <reporter-output>
          </reporter-output>
        </test-method> <!-- checkErrorMessageWhenExecutingWithoutCodeApplicationofArrayForTryEditor -->
        <test-method is-config="true" signature="tearDownTest(org.testng.ITestResult)[pri:0, instance:dsAlgoTests.ArrayTest@602e0143]" started-at="2025-02-05T18:20:58 EST" name="tearDownTest" finished-at="2025-02-05T18:20:58 EST" duration-ms="363" status="PASS">
          <params>
            <param index="0">
              <value>
                <![CDATA[[TestResult name=checkErrorMessageWhenExecutingWithoutCodeApplicationofArrayForTryEditor status=FAILURE method=ArrayTest.checkErrorMessageWhenExecutingWithoutCodeApplicationofArrayForTryEditor()[pri:0, instance:dsAlgoTests.ArrayTest@602e0143] output={null}]]]>
              </value>
            </param>
          </params>
          <reporter-output>
          </reporter-output>
        </test-method> <!-- tearDownTest -->
        <test-method is-config="true" signature="setup(java.lang.String)[pri:0, instance:dsAlgoTests.ArrayTest@602e0143]" started-at="2025-02-05T18:20:58 EST" name="setup" finished-at="2025-02-05T18:21:00 EST" duration-ms="2094" status="PASS">
          <params>
            <param index="0">
              <value>
                <![CDATA[chrome]]>
              </value>
            </param>
          </params>
          <reporter-output>
          </reporter-output>
        </test-method> <!-- setup -->
        <test-method is-config="true" signature="navigateToArrayPage()[pri:0, instance:dsAlgoTests.ArrayTest@602e0143]" started-at="2025-02-05T18:21:00 EST" name="navigateToArrayPage" finished-at="2025-02-05T18:21:04 EST" duration-ms="4073" status="PASS">
          <reporter-output>
          </reporter-output>
        </test-method> <!-- navigateToArrayPage -->
        <test-method signature="checkErrorMessageWhenExecutingWithoutCodeArrayUsingListForTryEditor()[pri:0, instance:dsAlgoTests.ArrayTest@602e0143]" started-at="2025-02-05T18:21:04 EST" name="checkErrorMessageWhenExecutingWithoutCodeArrayUsingListForTryEditor" finished-at="2025-02-05T18:21:07 EST" duration-ms="2780" status="FAIL">
          <exception class="java.lang.AssertionError">
            <message>
              <![CDATA[Test failed: Expected an error message when clicking the 'Run' button without entering code, but no message was displayed.]]>
            </message>
            <full-stacktrace>
              <![CDATA[java.lang.AssertionError: Test failed: Expected an error message when clicking the 'Run' button without entering code, but no message was displayed.
at org.testng.Assert.fail(Assert.java:99)
at dsAlgoTests.ArrayTest.checkErrorMessageWhenExecutingWithoutCodeArrayUsingListForTryEditor(ArrayTest.java:134)
at java.base/jdk.internal.reflect.DirectMethodHandleAccessor.invoke(DirectMethodHandleAccessor.java:103)
at java.base/java.lang.reflect.Method.invoke(Method.java:580)
at org.testng.internal.MethodInvocationHelper.invokeMethod(MethodInvocationHelper.java:133)
at org.testng.internal.TestInvoker.invokeMethod(TestInvoker.java:598)
at org.testng.internal.TestInvoker.invokeTestMethod(TestInvoker.java:173)
at org.testng.internal.MethodRunner.runInSequence(MethodRunner.java:46)
at org.testng.internal.TestInvoker$MethodInvocationAgent.invoke(TestInvoker.java:824)
at org.testng.internal.TestInvoker.invokeTestMethods(TestInvoker.java:146)
at org.testng.internal.TestMethodWorker.invokeTestMethods(TestMethodWorker.java:146)
at org.testng.internal.TestMethodWorker.run(TestMethodWorker.java:128)
at java.base/java.util.ArrayList.forEach(ArrayList.java:1597)
at org.testng.TestRunner.privateRun(TestRunner.java:794)
at org.testng.TestRunner.run(TestRunner.java:596)
at org.testng.SuiteRunner.runTest(SuiteRunner.java:377)
at org.testng.SuiteRunner.access$000(SuiteRunner.java:28)
at org.testng.SuiteRunner$SuiteWorker.run(SuiteRunner.java:418)
at org.testng.internal.thread.ThreadUtil.lambda$execute$0(ThreadUtil.java:64)
at java.base/java.util.concurrent.FutureTask.run(FutureTask.java:317)
at java.base/java.util.concurrent.ThreadPoolExecutor.runWorker(ThreadPoolExecutor.java:1144)
at java.base/java.util.concurrent.ThreadPoolExecutor$Worker.run(ThreadPoolExecutor.java:642)
at java.base/java.lang.Thread.run(Thread.java:1575)
]]>
            </full-stacktrace>
          </exception> <!-- java.lang.AssertionError -->
          <reporter-output>
          </reporter-output>
        </test-method> <!-- checkErrorMessageWhenExecutingWithoutCodeArrayUsingListForTryEditor -->
        <test-method is-config="true" signature="tearDownTest(org.testng.ITestResult)[pri:0, instance:dsAlgoTests.ArrayTest@602e0143]" started-at="2025-02-05T18:21:07 EST" name="tearDownTest" finished-at="2025-02-05T18:21:08 EST" duration-ms="412" status="PASS">
          <params>
            <param index="0">
              <value>
                <![CDATA[[TestResult name=checkErrorMessageWhenExecutingWithoutCodeArrayUsingListForTryEditor status=FAILURE method=ArrayTest.checkErrorMessageWhenExecutingWithoutCodeArrayUsingListForTryEditor()[pri:0, instance:dsAlgoTests.ArrayTest@602e0143] output={null}]]]>
              </value>
            </param>
          </params>
          <reporter-output>
          </reporter-output>
        </test-method> <!-- tearDownTest -->
        <test-method is-config="true" signature="setup(java.lang.String)[pri:0, instance:dsAlgoTests.ArrayTest@602e0143]" started-at="2025-02-05T18:21:08 EST" name="setup" finished-at="2025-02-05T18:21:09 EST" duration-ms="1815" status="PASS">
          <params>
            <param index="0">
              <value>
                <![CDATA[chrome]]>
              </value>
            </param>
          </params>
          <reporter-output>
          </reporter-output>
        </test-method> <!-- setup -->
        <test-method is-config="true" signature="navigateToArrayPage()[pri:0, instance:dsAlgoTests.ArrayTest@602e0143]" started-at="2025-02-05T18:21:09 EST" name="navigateToArrayPage" finished-at="2025-02-05T18:21:11 EST" duration-ms="1682" status="PASS">
          <reporter-output>
          </reporter-output>
        </test-method> <!-- navigateToArrayPage -->
        <test-method signature="checkErrorMessageWhenExecutingWithoutCodeBasicOperationInListsForTryEditor()[pri:0, instance:dsAlgoTests.ArrayTest@602e0143]" started-at="2025-02-05T18:21:11 EST" name="checkErrorMessageWhenExecutingWithoutCodeBasicOperationInListsForTryEditor" finished-at="2025-02-05T18:21:12 EST" duration-ms="995" status="FAIL">
          <exception class="java.lang.AssertionError">
            <message>
              <![CDATA[Test failed: Expected an error message when clicking the 'Run' button without entering code, but no message was displayed.]]>
            </message>
            <full-stacktrace>
              <![CDATA[java.lang.AssertionError: Test failed: Expected an error message when clicking the 'Run' button without entering code, but no message was displayed.
at org.testng.Assert.fail(Assert.java:99)
at dsAlgoTests.ArrayTest.checkErrorMessageWhenExecutingWithoutCodeBasicOperationInListsForTryEditor(ArrayTest.java:144)
at java.base/jdk.internal.reflect.DirectMethodHandleAccessor.invoke(DirectMethodHandleAccessor.java:103)
at java.base/java.lang.reflect.Method.invoke(Method.java:580)
at org.testng.internal.MethodInvocationHelper.invokeMethod(MethodInvocationHelper.java:133)
at org.testng.internal.TestInvoker.invokeMethod(TestInvoker.java:598)
at org.testng.internal.TestInvoker.invokeTestMethod(TestInvoker.java:173)
at org.testng.internal.MethodRunner.runInSequence(MethodRunner.java:46)
at org.testng.internal.TestInvoker$MethodInvocationAgent.invoke(TestInvoker.java:824)
at org.testng.internal.TestInvoker.invokeTestMethods(TestInvoker.java:146)
at org.testng.internal.TestMethodWorker.invokeTestMethods(TestMethodWorker.java:146)
at org.testng.internal.TestMethodWorker.run(TestMethodWorker.java:128)
at java.base/java.util.ArrayList.forEach(ArrayList.java:1597)
at org.testng.TestRunner.privateRun(TestRunner.java:794)
at org.testng.TestRunner.run(TestRunner.java:596)
at org.testng.SuiteRunner.runTest(SuiteRunner.java:377)
at org.testng.SuiteRunner.access$000(SuiteRunner.java:28)
at org.testng.SuiteRunner$SuiteWorker.run(SuiteRunner.java:418)
at org.testng.internal.thread.ThreadUtil.lambda$execute$0(ThreadUtil.java:64)
at java.base/java.util.concurrent.FutureTask.run(FutureTask.java:317)
at java.base/java.util.concurrent.ThreadPoolExecutor.runWorker(ThreadPoolExecutor.java:1144)
at java.base/java.util.concurrent.ThreadPoolExecutor$Worker.run(ThreadPoolExecutor.java:642)
at java.base/java.lang.Thread.run(Thread.java:1575)
]]>
            </full-stacktrace>
          </exception> <!-- java.lang.AssertionError -->
          <reporter-output>
          </reporter-output>
        </test-method> <!-- checkErrorMessageWhenExecutingWithoutCodeBasicOperationInListsForTryEditor -->
        <test-method is-config="true" signature="tearDownTest(org.testng.ITestResult)[pri:0, instance:dsAlgoTests.ArrayTest@602e0143]" started-at="2025-02-05T18:21:12 EST" name="tearDownTest" finished-at="2025-02-05T18:21:13 EST" duration-ms="460" status="PASS">
          <params>
            <param index="0">
              <value>
                <![CDATA[[TestResult name=checkErrorMessageWhenExecutingWithoutCodeBasicOperationInListsForTryEditor status=FAILURE method=ArrayTest.checkErrorMessageWhenExecutingWithoutCodeBasicOperationInListsForTryEditor()[pri:0, instance:dsAlgoTests.ArrayTest@602e0143] output={null}]]]>
              </value>
            </param>
          </params>
          <reporter-output>
          </reporter-output>
        </test-method> <!-- tearDownTest -->
        <test-method is-config="true" signature="setup(java.lang.String)[pri:0, instance:dsAlgoTests.ArrayTest@602e0143]" started-at="2025-02-05T18:21:13 EST" name="setup" finished-at="2025-02-05T18:21:15 EST" duration-ms="1889" status="PASS">
          <params>
            <param index="0">
              <value>
                <![CDATA[chrome]]>
              </value>
            </param>
          </params>
          <reporter-output>
          </reporter-output>
        </test-method> <!-- setup -->
        <test-method is-config="true" signature="navigateToArrayPage()[pri:0, instance:dsAlgoTests.ArrayTest@602e0143]" started-at="2025-02-05T18:21:15 EST" name="navigateToArrayPage" finished-at="2025-02-05T18:21:18 EST" duration-ms="3358" status="PASS">
          <reporter-output>
          </reporter-output>
        </test-method> <!-- navigateToArrayPage -->
        <test-method signature="checkErrorMessageWhenExecutingWithoutCodeInArrayInPythonForTryEditor()[pri:0, instance:dsAlgoTests.ArrayTest@602e0143]" started-at="2025-02-05T18:21:18 EST" name="checkErrorMessageWhenExecutingWithoutCodeInArrayInPythonForTryEditor" finished-at="2025-02-05T18:21:22 EST" duration-ms="3861" status="FAIL">
          <exception class="java.lang.AssertionError">
            <message>
              <![CDATA[Test failed: Expected an error message when clicking the 'Run' button without entering code, but no message was displayed.]]>
            </message>
            <full-stacktrace>
              <![CDATA[java.lang.AssertionError: Test failed: Expected an error message when clicking the 'Run' button without entering code, but no message was displayed.
at org.testng.Assert.fail(Assert.java:99)
at dsAlgoTests.ArrayTest.checkErrorMessageWhenExecutingWithoutCodeInArrayInPythonForTryEditor(ArrayTest.java:124)
at java.base/jdk.internal.reflect.DirectMethodHandleAccessor.invoke(DirectMethodHandleAccessor.java:103)
at java.base/java.lang.reflect.Method.invoke(Method.java:580)
at org.testng.internal.MethodInvocationHelper.invokeMethod(MethodInvocationHelper.java:133)
at org.testng.internal.TestInvoker.invokeMethod(TestInvoker.java:598)
at org.testng.internal.TestInvoker.invokeTestMethod(TestInvoker.java:173)
at org.testng.internal.MethodRunner.runInSequence(MethodRunner.java:46)
at org.testng.internal.TestInvoker$MethodInvocationAgent.invoke(TestInvoker.java:824)
at org.testng.internal.TestInvoker.invokeTestMethods(TestInvoker.java:146)
at org.testng.internal.TestMethodWorker.invokeTestMethods(TestMethodWorker.java:146)
at org.testng.internal.TestMethodWorker.run(TestMethodWorker.java:128)
at java.base/java.util.ArrayList.forEach(ArrayList.java:1597)
at org.testng.TestRunner.privateRun(TestRunner.java:794)
at org.testng.TestRunner.run(TestRunner.java:596)
at org.testng.SuiteRunner.runTest(SuiteRunner.java:377)
at org.testng.SuiteRunner.access$000(SuiteRunner.java:28)
at org.testng.SuiteRunner$SuiteWorker.run(SuiteRunner.java:418)
at org.testng.internal.thread.ThreadUtil.lambda$execute$0(ThreadUtil.java:64)
at java.base/java.util.concurrent.FutureTask.run(FutureTask.java:317)
at java.base/java.util.concurrent.ThreadPoolExecutor.runWorker(ThreadPoolExecutor.java:1144)
at java.base/java.util.concurrent.ThreadPoolExecutor$Worker.run(ThreadPoolExecutor.java:642)
at java.base/java.lang.Thread.run(Thread.java:1575)
]]>
            </full-stacktrace>
          </exception> <!-- java.lang.AssertionError -->
          <reporter-output>
          </reporter-output>
        </test-method> <!-- checkErrorMessageWhenExecutingWithoutCodeInArrayInPythonForTryEditor -->
        <test-method is-config="true" signature="tearDownTest(org.testng.ITestResult)[pri:0, instance:dsAlgoTests.ArrayTest@602e0143]" started-at="2025-02-05T18:21:22 EST" name="tearDownTest" finished-at="2025-02-05T18:21:22 EST" duration-ms="413" status="PASS">
          <params>
            <param index="0">
              <value>
                <![CDATA[[TestResult name=checkErrorMessageWhenExecutingWithoutCodeInArrayInPythonForTryEditor status=FAILURE method=ArrayTest.checkErrorMessageWhenExecutingWithoutCodeInArrayInPythonForTryEditor()[pri:0, instance:dsAlgoTests.ArrayTest@602e0143] output={null}]]]>
              </value>
            </param>
          </params>
          <reporter-output>
          </reporter-output>
        </test-method> <!-- tearDownTest -->
        <test-method is-config="true" signature="setup(java.lang.String)[pri:0, instance:dsAlgoTests.ArrayTest@602e0143]" started-at="2025-02-05T18:21:22 EST" name="setup" finished-at="2025-02-05T18:21:24 EST" duration-ms="1684" status="PASS">
          <params>
            <param index="0">
              <value>
                <![CDATA[chrome]]>
              </value>
            </param>
          </params>
          <reporter-output>
          </reporter-output>
        </test-method> <!-- setup -->
        <test-method is-config="true" signature="navigateToArrayPage()[pri:0, instance:dsAlgoTests.ArrayTest@602e0143]" started-at="2025-02-05T18:21:24 EST" name="navigateToArrayPage" finished-at="2025-02-05T18:21:26 EST" duration-ms="1676" status="PASS">
          <reporter-output>
          </reporter-output>
        </test-method> <!-- navigateToArrayPage -->
        <test-method signature="navigateToApplicationOfArray()[pri:0, instance:dsAlgoTests.ArrayTest@602e0143]" started-at="2025-02-05T18:21:26 EST" name="navigateToApplicationOfArray" finished-at="2025-02-05T18:21:26 EST" duration-ms="283" status="PASS">
          <reporter-output>
          </reporter-output>
        </test-method> <!-- navigateToApplicationOfArray -->
        <test-method is-config="true" signature="tearDownTest(org.testng.ITestResult)[pri:0, instance:dsAlgoTests.ArrayTest@602e0143]" started-at="2025-02-05T18:21:26 EST" name="tearDownTest" finished-at="2025-02-05T18:21:26 EST" duration-ms="258" status="PASS">
          <params>
            <param index="0">
              <value>
                <![CDATA[[TestResult name=navigateToApplicationOfArray status=SUCCESS method=ArrayTest.navigateToApplicationOfArray()[pri:0, instance:dsAlgoTests.ArrayTest@602e0143] output={null}]]]>
              </value>
            </param>
          </params>
          <reporter-output>
          </reporter-output>
        </test-method> <!-- tearDownTest -->
        <test-method is-config="true" signature="setup(java.lang.String)[pri:0, instance:dsAlgoTests.ArrayTest@602e0143]" started-at="2025-02-05T18:21:26 EST" name="setup" finished-at="2025-02-05T18:21:28 EST" duration-ms="1681" status="PASS">
          <params>
            <param index="0">
              <value>
                <![CDATA[chrome]]>
              </value>
            </param>
          </params>
          <reporter-output>
          </reporter-output>
        </test-method> <!-- setup -->
        <test-method is-config="true" signature="navigateToArrayPage()[pri:0, instance:dsAlgoTests.ArrayTest@602e0143]" started-at="2025-02-05T18:21:28 EST" name="navigateToArrayPage" finished-at="2025-02-05T18:21:30 EST" duration-ms="1993" status="PASS">
          <reporter-output>
          </reporter-output>
        </test-method> <!-- navigateToArrayPage -->
        <test-method signature="navigateToApplicationOfArrayTryEditor()[pri:0, instance:dsAlgoTests.ArrayTest@602e0143]" started-at="2025-02-05T18:21:30 EST" name="navigateToApplicationOfArrayTryEditor" finished-at="2025-02-05T18:21:36 EST" duration-ms="5992" status="PASS">
          <reporter-output>
          </reporter-output>
        </test-method> <!-- navigateToApplicationOfArrayTryEditor -->
        <test-method is-config="true" signature="tearDownTest(org.testng.ITestResult)[pri:0, instance:dsAlgoTests.ArrayTest@602e0143]" started-at="2025-02-05T18:21:36 EST" name="tearDownTest" finished-at="2025-02-05T18:21:36 EST" duration-ms="293" status="PASS">
          <params>
            <param index="0">
              <value>
                <![CDATA[[TestResult name=navigateToApplicationOfArrayTryEditor status=SUCCESS method=ArrayTest.navigateToApplicationOfArrayTryEditor()[pri:0, instance:dsAlgoTests.ArrayTest@602e0143] output={null}]]]>
              </value>
            </param>
          </params>
          <reporter-output>
          </reporter-output>
        </test-method> <!-- tearDownTest -->
        <test-method is-config="true" signature="setup(java.lang.String)[pri:0, instance:dsAlgoTests.ArrayTest@602e0143]" started-at="2025-02-05T18:21:36 EST" name="setup" finished-at="2025-02-05T18:21:38 EST" duration-ms="1637" status="PASS">
          <params>
            <param index="0">
              <value>
                <![CDATA[chrome]]>
              </value>
            </param>
          </params>
          <reporter-output>
          </reporter-output>
        </test-method> <!-- setup -->
        <test-method is-config="true" signature="navigateToArrayPage()[pri:0, instance:dsAlgoTests.ArrayTest@602e0143]" started-at="2025-02-05T18:21:38 EST" name="navigateToArrayPage" finished-at="2025-02-05T18:21:39 EST" duration-ms="1648" status="PASS">
          <reporter-output>
          </reporter-output>
        </test-method> <!-- navigateToArrayPage -->
        <test-method signature="navigateToArrayInPython()[pri:0, instance:dsAlgoTests.ArrayTest@602e0143]" started-at="2025-02-05T18:21:39 EST" name="navigateToArrayInPython" finished-at="2025-02-05T18:21:40 EST" duration-ms="430" status="PASS">
          <reporter-output>
          </reporter-output>
        </test-method> <!-- navigateToArrayInPython -->
        <test-method is-config="true" signature="tearDownTest(org.testng.ITestResult)[pri:0, instance:dsAlgoTests.ArrayTest@602e0143]" started-at="2025-02-05T18:21:40 EST" name="tearDownTest" finished-at="2025-02-05T18:21:40 EST" duration-ms="271" status="PASS">
          <params>
            <param index="0">
              <value>
                <![CDATA[[TestResult name=navigateToArrayInPython status=SUCCESS method=ArrayTest.navigateToArrayInPython()[pri:0, instance:dsAlgoTests.ArrayTest@602e0143] output={null}]]]>
              </value>
            </param>
          </params>
          <reporter-output>
          </reporter-output>
        </test-method> <!-- tearDownTest -->
        <test-method is-config="true" signature="setup(java.lang.String)[pri:0, instance:dsAlgoTests.ArrayTest@602e0143]" started-at="2025-02-05T18:21:40 EST" name="setup" finished-at="2025-02-05T18:21:42 EST" duration-ms="1501" status="PASS">
          <params>
            <param index="0">
              <value>
                <![CDATA[chrome]]>
              </value>
            </param>
          </params>
          <reporter-output>
          </reporter-output>
        </test-method> <!-- setup -->
        <test-method is-config="true" signature="navigateToArrayPage()[pri:0, instance:dsAlgoTests.ArrayTest@602e0143]" started-at="2025-02-05T18:21:42 EST" name="navigateToArrayPage" finished-at="2025-02-05T18:21:43 EST" duration-ms="1554" status="PASS">
          <reporter-output>
          </reporter-output>
        </test-method> <!-- navigateToArrayPage -->
        <test-method signature="navigateToArrayInPythonTryEditor()[pri:0, instance:dsAlgoTests.ArrayTest@602e0143]" started-at="2025-02-05T18:21:43 EST" name="navigateToArrayInPythonTryEditor" finished-at="2025-02-05T18:21:47 EST" duration-ms="4031" status="PASS">
          <reporter-output>
          </reporter-output>
        </test-method> <!-- navigateToArrayInPythonTryEditor -->
        <test-method is-config="true" signature="tearDownTest(org.testng.ITestResult)[pri:0, instance:dsAlgoTests.ArrayTest@602e0143]" started-at="2025-02-05T18:21:47 EST" name="tearDownTest" finished-at="2025-02-05T18:21:47 EST" duration-ms="290" status="PASS">
          <params>
            <param index="0">
              <value>
                <![CDATA[[TestResult name=navigateToArrayInPythonTryEditor status=SUCCESS method=ArrayTest.navigateToArrayInPythonTryEditor()[pri:0, instance:dsAlgoTests.ArrayTest@602e0143] output={null}]]]>
              </value>
            </param>
          </params>
          <reporter-output>
          </reporter-output>
        </test-method> <!-- tearDownTest -->
        <test-method is-config="true" signature="setup(java.lang.String)[pri:0, instance:dsAlgoTests.ArrayTest@602e0143]" started-at="2025-02-05T18:21:47 EST" name="setup" finished-at="2025-02-05T18:21:50 EST" duration-ms="2311" status="PASS">
          <params>
            <param index="0">
              <value>
                <![CDATA[chrome]]>
              </value>
            </param>
          </params>
          <reporter-output>
          </reporter-output>
        </test-method> <!-- setup -->
        <test-method is-config="true" signature="navigateToArrayPage()[pri:0, instance:dsAlgoTests.ArrayTest@602e0143]" started-at="2025-02-05T18:21:50 EST" name="navigateToArrayPage" finished-at="2025-02-05T18:21:51 EST" duration-ms="1711" status="PASS">
          <reporter-output>
          </reporter-output>
        </test-method> <!-- navigateToArrayPage -->
        <test-method signature="navigateToArrayUsingList()[pri:0, instance:dsAlgoTests.ArrayTest@602e0143]" started-at="2025-02-05T18:21:51 EST" name="navigateToArrayUsingList" finished-at="2025-02-05T18:21:52 EST" duration-ms="307" status="PASS">
          <reporter-output>
          </reporter-output>
        </test-method> <!-- navigateToArrayUsingList -->
        <test-method is-config="true" signature="tearDownTest(org.testng.ITestResult)[pri:0, instance:dsAlgoTests.ArrayTest@602e0143]" started-at="2025-02-05T18:21:52 EST" name="tearDownTest" finished-at="2025-02-05T18:21:52 EST" duration-ms="297" status="PASS">
          <params>
            <param index="0">
              <value>
                <![CDATA[[TestResult name=navigateToArrayUsingList status=SUCCESS method=ArrayTest.navigateToArrayUsingList()[pri:0, instance:dsAlgoTests.ArrayTest@602e0143] output={null}]]]>
              </value>
            </param>
          </params>
          <reporter-output>
          </reporter-output>
        </test-method> <!-- tearDownTest -->
        <test-method is-config="true" signature="setup(java.lang.String)[pri:0, instance:dsAlgoTests.ArrayTest@602e0143]" started-at="2025-02-05T18:21:52 EST" name="setup" finished-at="2025-02-05T18:21:54 EST" duration-ms="1545" status="PASS">
          <params>
            <param index="0">
              <value>
                <![CDATA[chrome]]>
              </value>
            </param>
          </params>
          <reporter-output>
          </reporter-output>
        </test-method> <!-- setup -->
        <test-method is-config="true" signature="navigateToArrayPage()[pri:0, instance:dsAlgoTests.ArrayTest@602e0143]" started-at="2025-02-05T18:21:54 EST" name="navigateToArrayPage" finished-at="2025-02-05T18:21:55 EST" duration-ms="1527" status="PASS">
          <reporter-output>
          </reporter-output>
        </test-method> <!-- navigateToArrayPage -->
        <test-method signature="navigateToArrayUsingListTryEditor()[pri:0, instance:dsAlgoTests.ArrayTest@602e0143]" started-at="2025-02-05T18:21:55 EST" name="navigateToArrayUsingListTryEditor" finished-at="2025-02-05T18:21:56 EST" duration-ms="842" status="PASS">
          <reporter-output>
          </reporter-output>
        </test-method> <!-- navigateToArrayUsingListTryEditor -->
        <test-method is-config="true" signature="tearDownTest(org.testng.ITestResult)[pri:0, instance:dsAlgoTests.ArrayTest@602e0143]" started-at="2025-02-05T18:21:56 EST" name="tearDownTest" finished-at="2025-02-05T18:21:56 EST" duration-ms="262" status="PASS">
          <params>
            <param index="0">
              <value>
                <![CDATA[[TestResult name=navigateToArrayUsingListTryEditor status=SUCCESS method=ArrayTest.navigateToArrayUsingListTryEditor()[pri:0, instance:dsAlgoTests.ArrayTest@602e0143] output={null}]]]>
              </value>
            </param>
          </params>
          <reporter-output>
          </reporter-output>
        </test-method> <!-- tearDownTest -->
        <test-method is-config="true" signature="setup(java.lang.String)[pri:0, instance:dsAlgoTests.ArrayTest@602e0143]" started-at="2025-02-05T18:21:56 EST" name="setup" finished-at="2025-02-05T18:21:58 EST" duration-ms="1534" status="PASS">
          <params>
            <param index="0">
              <value>
                <![CDATA[chrome]]>
              </value>
            </param>
          </params>
          <reporter-output>
          </reporter-output>
        </test-method> <!-- setup -->
        <test-method is-config="true" signature="navigateToArrayPage()[pri:0, instance:dsAlgoTests.ArrayTest@602e0143]" started-at="2025-02-05T18:21:58 EST" name="navigateToArrayPage" finished-at="2025-02-05T18:22:02 EST" duration-ms="4576" status="PASS">
          <reporter-output>
          </reporter-output>
        </test-method> <!-- navigateToArrayPage -->
        <test-method signature="navigateToBasicOperationInList()[pri:0, instance:dsAlgoTests.ArrayTest@602e0143]" started-at="2025-02-05T18:22:02 EST" name="navigateToBasicOperationInList" finished-at="2025-02-05T18:22:03 EST" duration-ms="886" status="PASS">
          <reporter-output>
          </reporter-output>
        </test-method> <!-- navigateToBasicOperationInList -->
        <test-method is-config="true" signature="tearDownTest(org.testng.ITestResult)[pri:0, instance:dsAlgoTests.ArrayTest@602e0143]" started-at="2025-02-05T18:22:03 EST" name="tearDownTest" finished-at="2025-02-05T18:22:03 EST" duration-ms="221" status="PASS">
          <params>
            <param index="0">
              <value>
                <![CDATA[[TestResult name=navigateToBasicOperationInList status=SUCCESS method=ArrayTest.navigateToBasicOperationInList()[pri:0, instance:dsAlgoTests.ArrayTest@602e0143] output={null}]]]>
              </value>
            </param>
          </params>
          <reporter-output>
          </reporter-output>
        </test-method> <!-- tearDownTest -->
        <test-method is-config="true" signature="setup(java.lang.String)[pri:0, instance:dsAlgoTests.ArrayTest@602e0143]" started-at="2025-02-05T18:22:03 EST" name="setup" finished-at="2025-02-05T18:22:05 EST" duration-ms="1633" status="PASS">
          <params>
            <param index="0">
              <value>
                <![CDATA[chrome]]>
              </value>
            </param>
          </params>
          <reporter-output>
          </reporter-output>
        </test-method> <!-- setup -->
        <test-method is-config="true" signature="navigateToArrayPage()[pri:0, instance:dsAlgoTests.ArrayTest@602e0143]" started-at="2025-02-05T18:22:05 EST" name="navigateToArrayPage" finished-at="2025-02-05T18:22:07 EST" duration-ms="1800" status="PASS">
          <reporter-output>
          </reporter-output>
        </test-method> <!-- navigateToArrayPage -->
        <test-method signature="navigateToBasicOperationInListTryEditor()[pri:0, instance:dsAlgoTests.ArrayTest@602e0143]" started-at="2025-02-05T18:22:07 EST" name="navigateToBasicOperationInListTryEditor" finished-at="2025-02-05T18:22:08 EST" duration-ms="992" status="PASS">
          <reporter-output>
          </reporter-output>
        </test-method> <!-- navigateToBasicOperationInListTryEditor -->
        <test-method is-config="true" signature="tearDownTest(org.testng.ITestResult)[pri:0, instance:dsAlgoTests.ArrayTest@602e0143]" started-at="2025-02-05T18:22:08 EST" name="tearDownTest" finished-at="2025-02-05T18:22:08 EST" duration-ms="184" status="PASS">
          <params>
            <param index="0">
              <value>
                <![CDATA[[TestResult name=navigateToBasicOperationInListTryEditor status=SUCCESS method=ArrayTest.navigateToBasicOperationInListTryEditor()[pri:0, instance:dsAlgoTests.ArrayTest@602e0143] output={null}]]]>
              </value>
            </param>
          </params>
          <reporter-output>
          </reporter-output>
        </test-method> <!-- tearDownTest -->
        <test-method is-config="true" signature="setup(java.lang.String)[pri:0, instance:dsAlgoTests.ArrayTest@602e0143]" started-at="2025-02-05T18:22:08 EST" name="setup" finished-at="2025-02-05T18:22:10 EST" duration-ms="1583" status="PASS">
          <params>
            <param index="0">
              <value>
                <![CDATA[chrome]]>
              </value>
            </param>
          </params>
          <reporter-output>
          </reporter-output>
        </test-method> <!-- setup -->
        <test-method is-config="true" signature="navigateToArrayPage()[pri:0, instance:dsAlgoTests.ArrayTest@602e0143]" started-at="2025-02-05T18:22:10 EST" name="navigateToArrayPage" finished-at="2025-02-05T18:22:12 EST" duration-ms="1821" status="PASS">
          <reporter-output>
          </reporter-output>
        </test-method> <!-- navigateToArrayPage -->
        <test-method signature="verifyCodeExecutionForArraySections(java.lang.String,java.lang.String,java.lang.String)[pri:0, instance:dsAlgoTests.ArrayTest@602e0143]" started-at="2025-02-05T18:22:12 EST" name="verifyCodeExecutionForArraySections" data-provider="TryEditorDataArray" finished-at="2025-02-05T18:22:14 EST" duration-ms="2109" status="PASS">
          <params>
            <param index="0">
              <value>
                <![CDATA[Arrays in Python]]>
              </value>
            </param>
            <param index="1">
              <value>
                <![CDATA[print "hello"]]>
              </value>
            </param>
            <param index="2">
              <value>
                <![CDATA[hello]]>
              </value>
            </param>
          </params>
          <reporter-output>
          </reporter-output>
        </test-method> <!-- verifyCodeExecutionForArraySections -->
        <test-method is-config="true" signature="tearDownTest(org.testng.ITestResult)[pri:0, instance:dsAlgoTests.ArrayTest@602e0143]" started-at="2025-02-05T18:22:14 EST" name="tearDownTest" finished-at="2025-02-05T18:22:14 EST" duration-ms="237" status="PASS">
          <params>
            <param index="0">
              <value>
                <![CDATA[[TestResult name=verifyCodeExecutionForArraySections status=SUCCESS method=ArrayTest.verifyCodeExecutionForArraySections(java.lang.String,java.lang.String,java.lang.String)[pri:0, instance:dsAlgoTests.ArrayTest@602e0143] output={null}]]]>
              </value>
            </param>
          </params>
          <reporter-output>
          </reporter-output>
        </test-method> <!-- tearDownTest -->
        <test-method is-config="true" signature="setup(java.lang.String)[pri:0, instance:dsAlgoTests.ArrayTest@602e0143]" started-at="2025-02-05T18:22:14 EST" name="setup" finished-at="2025-02-05T18:22:17 EST" duration-ms="2784" status="PASS">
          <params>
            <param index="0">
              <value>
                <![CDATA[chrome]]>
              </value>
            </param>
          </params>
          <reporter-output>
          </reporter-output>
        </test-method> <!-- setup -->
        <test-method is-config="true" signature="navigateToArrayPage()[pri:0, instance:dsAlgoTests.ArrayTest@602e0143]" started-at="2025-02-05T18:22:17 EST" name="navigateToArrayPage" finished-at="2025-02-05T18:22:19 EST" duration-ms="2819" status="PASS">
          <reporter-output>
          </reporter-output>
        </test-method> <!-- navigateToArrayPage -->
        <test-method signature="verifyCodeExecutionForArraySections(java.lang.String,java.lang.String,java.lang.String)[pri:0, instance:dsAlgoTests.ArrayTest@602e0143]" started-at="2025-02-05T18:22:19 EST" name="verifyCodeExecutionForArraySections" data-provider="TryEditorDataArray" finished-at="2025-02-05T18:22:21 EST" duration-ms="1338" status="PASS">
          <params>
            <param index="0">
              <value>
                <![CDATA[Arrays in Python]]>
              </value>
            </param>
            <param index="1">
              <value>
                <![CDATA[invalid]]>
              </value>
            </param>
            <param index="2">
              <value>
                <![CDATA[NameError: name 'invalid' is not defined on line 1]]>
              </value>
            </param>
          </params>
          <reporter-output>
          </reporter-output>
        </test-method> <!-- verifyCodeExecutionForArraySections -->
        <test-method is-config="true" signature="tearDownTest(org.testng.ITestResult)[pri:0, instance:dsAlgoTests.ArrayTest@602e0143]" started-at="2025-02-05T18:22:21 EST" name="tearDownTest" finished-at="2025-02-05T18:22:21 EST" duration-ms="196" status="PASS">
          <params>
            <param index="0">
              <value>
                <![CDATA[[TestResult name=verifyCodeExecutionForArraySections status=SUCCESS method=ArrayTest.verifyCodeExecutionForArraySections(java.lang.String,java.lang.String,java.lang.String)[pri:0, instance:dsAlgoTests.ArrayTest@602e0143] output={null}]]]>
              </value>
            </param>
          </params>
          <reporter-output>
          </reporter-output>
        </test-method> <!-- tearDownTest -->
        <test-method is-config="true" signature="setup(java.lang.String)[pri:0, instance:dsAlgoTests.ArrayTest@602e0143]" started-at="2025-02-05T18:22:21 EST" name="setup" finished-at="2025-02-05T18:22:23 EST" duration-ms="1591" status="PASS">
          <params>
            <param index="0">
              <value>
                <![CDATA[chrome]]>
              </value>
            </param>
          </params>
          <reporter-output>
          </reporter-output>
        </test-method> <!-- setup -->
        <test-method is-config="true" signature="navigateToArrayPage()[pri:0, instance:dsAlgoTests.ArrayTest@602e0143]" started-at="2025-02-05T18:22:23 EST" name="navigateToArrayPage" finished-at="2025-02-05T18:22:24 EST" duration-ms="1870" status="PASS">
          <reporter-output>
          </reporter-output>
        </test-method> <!-- navigateToArrayPage -->
        <test-method signature="verifyCodeExecutionForArraySections(java.lang.String,java.lang.String,java.lang.String)[pri:0, instance:dsAlgoTests.ArrayTest@602e0143]" started-at="2025-02-05T18:22:24 EST" name="verifyCodeExecutionForArraySections" data-provider="TryEditorDataArray" finished-at="2025-02-05T18:22:26 EST" duration-ms="1236" status="PASS">
          <params>
            <param index="0">
              <value>
                <![CDATA[Arrays Using List]]>
              </value>
            </param>
            <param index="1">
              <value>
                <![CDATA[print "hello"]]>
              </value>
            </param>
            <param index="2">
              <value>
                <![CDATA[hello]]>
              </value>
            </param>
          </params>
          <reporter-output>
          </reporter-output>
        </test-method> <!-- verifyCodeExecutionForArraySections -->
        <test-method is-config="true" signature="tearDownTest(org.testng.ITestResult)[pri:0, instance:dsAlgoTests.ArrayTest@602e0143]" started-at="2025-02-05T18:22:26 EST" name="tearDownTest" finished-at="2025-02-05T18:22:26 EST" duration-ms="210" status="PASS">
          <params>
            <param index="0">
              <value>
                <![CDATA[[TestResult name=verifyCodeExecutionForArraySections status=SUCCESS method=ArrayTest.verifyCodeExecutionForArraySections(java.lang.String,java.lang.String,java.lang.String)[pri:0, instance:dsAlgoTests.ArrayTest@602e0143] output={null}]]]>
              </value>
            </param>
          </params>
          <reporter-output>
          </reporter-output>
        </test-method> <!-- tearDownTest -->
        <test-method is-config="true" signature="setup(java.lang.String)[pri:0, instance:dsAlgoTests.ArrayTest@602e0143]" started-at="2025-02-05T18:22:26 EST" name="setup" finished-at="2025-02-05T18:22:28 EST" duration-ms="2507" status="PASS">
          <params>
            <param index="0">
              <value>
                <![CDATA[chrome]]>
              </value>
            </param>
          </params>
          <reporter-output>
          </reporter-output>
        </test-method> <!-- setup -->
        <test-method is-config="true" signature="navigateToArrayPage()[pri:0, instance:dsAlgoTests.ArrayTest@602e0143]" started-at="2025-02-05T18:22:28 EST" name="navigateToArrayPage" finished-at="2025-02-05T18:22:33 EST" duration-ms="4179" status="PASS">
          <reporter-output>
          </reporter-output>
        </test-method> <!-- navigateToArrayPage -->
        <test-method signature="verifyCodeExecutionForArraySections(java.lang.String,java.lang.String,java.lang.String)[pri:0, instance:dsAlgoTests.ArrayTest@602e0143]" started-at="2025-02-05T18:22:33 EST" name="verifyCodeExecutionForArraySections" data-provider="TryEditorDataArray" finished-at="2025-02-05T18:22:34 EST" duration-ms="1194" status="PASS">
          <params>
            <param index="0">
              <value>
                <![CDATA[Arrays Using List]]>
              </value>
            </param>
            <param index="1">
              <value>
                <![CDATA[invalid]]>
              </value>
            </param>
            <param index="2">
              <value>
                <![CDATA[NameError: name 'invalid' is not defined on line 1]]>
              </value>
            </param>
          </params>
          <reporter-output>
          </reporter-output>
        </test-method> <!-- verifyCodeExecutionForArraySections -->
        <test-method is-config="true" signature="tearDownTest(org.testng.ITestResult)[pri:0, instance:dsAlgoTests.ArrayTest@602e0143]" started-at="2025-02-05T18:22:34 EST" name="tearDownTest" finished-at="2025-02-05T18:22:34 EST" duration-ms="188" status="PASS">
          <params>
            <param index="0">
              <value>
                <![CDATA[[TestResult name=verifyCodeExecutionForArraySections status=SUCCESS method=ArrayTest.verifyCodeExecutionForArraySections(java.lang.String,java.lang.String,java.lang.String)[pri:0, instance:dsAlgoTests.ArrayTest@602e0143] output={null}]]]>
              </value>
            </param>
          </params>
          <reporter-output>
          </reporter-output>
        </test-method> <!-- tearDownTest -->
        <test-method is-config="true" signature="setup(java.lang.String)[pri:0, instance:dsAlgoTests.ArrayTest@602e0143]" started-at="2025-02-05T18:22:34 EST" name="setup" finished-at="2025-02-05T18:22:36 EST" duration-ms="1545" status="PASS">
          <params>
            <param index="0">
              <value>
                <![CDATA[chrome]]>
              </value>
            </param>
          </params>
          <reporter-output>
          </reporter-output>
        </test-method> <!-- setup -->
        <test-method is-config="true" signature="navigateToArrayPage()[pri:0, instance:dsAlgoTests.ArrayTest@602e0143]" started-at="2025-02-05T18:22:36 EST" name="navigateToArrayPage" finished-at="2025-02-05T18:22:37 EST" duration-ms="1741" status="PASS">
          <reporter-output>
          </reporter-output>
        </test-method> <!-- navigateToArrayPage -->
        <test-method signature="verifyCodeExecutionForArraySections(java.lang.String,java.lang.String,java.lang.String)[pri:0, instance:dsAlgoTests.ArrayTest@602e0143]" started-at="2025-02-05T18:22:37 EST" name="verifyCodeExecutionForArraySections" data-provider="TryEditorDataArray" finished-at="2025-02-05T18:22:38 EST" duration-ms="1106" status="PASS">
          <params>
            <param index="0">
              <value>
                <![CDATA[Basic Operations in Lists]]>
              </value>
            </param>
            <param index="1">
              <value>
                <![CDATA[print "hello"]]>
              </value>
            </param>
            <param index="2">
              <value>
                <![CDATA[hello]]>
              </value>
            </param>
          </params>
          <reporter-output>
          </reporter-output>
        </test-method> <!-- verifyCodeExecutionForArraySections -->
        <test-method is-config="true" signature="tearDownTest(org.testng.ITestResult)[pri:0, instance:dsAlgoTests.ArrayTest@602e0143]" started-at="2025-02-05T18:22:38 EST" name="tearDownTest" finished-at="2025-02-05T18:22:39 EST" duration-ms="187" status="PASS">
          <params>
            <param index="0">
              <value>
                <![CDATA[[TestResult name=verifyCodeExecutionForArraySections status=SUCCESS method=ArrayTest.verifyCodeExecutionForArraySections(java.lang.String,java.lang.String,java.lang.String)[pri:0, instance:dsAlgoTests.ArrayTest@602e0143] output={null}]]]>
              </value>
            </param>
          </params>
          <reporter-output>
          </reporter-output>
        </test-method> <!-- tearDownTest -->
        <test-method is-config="true" signature="setup(java.lang.String)[pri:0, instance:dsAlgoTests.ArrayTest@602e0143]" started-at="2025-02-05T18:22:39 EST" name="setup" finished-at="2025-02-05T18:22:40 EST" duration-ms="1648" status="PASS">
          <params>
            <param index="0">
              <value>
                <![CDATA[chrome]]>
              </value>
            </param>
          </params>
          <reporter-output>
          </reporter-output>
        </test-method> <!-- setup -->
        <test-method is-config="true" signature="navigateToArrayPage()[pri:0, instance:dsAlgoTests.ArrayTest@602e0143]" started-at="2025-02-05T18:22:40 EST" name="navigateToArrayPage" finished-at="2025-02-05T18:22:43 EST" duration-ms="2572" status="PASS">
          <reporter-output>
          </reporter-output>
        </test-method> <!-- navigateToArrayPage -->
        <test-method signature="verifyCodeExecutionForArraySections(java.lang.String,java.lang.String,java.lang.String)[pri:0, instance:dsAlgoTests.ArrayTest@602e0143]" started-at="2025-02-05T18:22:43 EST" name="verifyCodeExecutionForArraySections" data-provider="TryEditorDataArray" finished-at="2025-02-05T18:22:47 EST" duration-ms="4095" status="PASS">
          <params>
            <param index="0">
              <value>
                <![CDATA[Basic Operations in Lists]]>
              </value>
            </param>
            <param index="1">
              <value>
                <![CDATA[invalid]]>
              </value>
            </param>
            <param index="2">
              <value>
                <![CDATA[NameError: name 'invalid' is not defined on line 1]]>
              </value>
            </param>
          </params>
          <reporter-output>
          </reporter-output>
        </test-method> <!-- verifyCodeExecutionForArraySections -->
        <test-method is-config="true" signature="tearDownTest(org.testng.ITestResult)[pri:0, instance:dsAlgoTests.ArrayTest@602e0143]" started-at="2025-02-05T18:22:47 EST" name="tearDownTest" finished-at="2025-02-05T18:22:47 EST" duration-ms="221" status="PASS">
          <params>
            <param index="0">
              <value>
                <![CDATA[[TestResult name=verifyCodeExecutionForArraySections status=SUCCESS method=ArrayTest.verifyCodeExecutionForArraySections(java.lang.String,java.lang.String,java.lang.String)[pri:0, instance:dsAlgoTests.ArrayTest@602e0143] output={null}]]]>
              </value>
            </param>
          </params>
          <reporter-output>
          </reporter-output>
        </test-method> <!-- tearDownTest -->
        <test-method is-config="true" signature="setup(java.lang.String)[pri:0, instance:dsAlgoTests.ArrayTest@602e0143]" started-at="2025-02-05T18:22:47 EST" name="setup" finished-at="2025-02-05T18:22:49 EST" duration-ms="1714" status="PASS">
          <params>
            <param index="0">
              <value>
                <![CDATA[chrome]]>
              </value>
            </param>
          </params>
          <reporter-output>
          </reporter-output>
        </test-method> <!-- setup -->
        <test-method is-config="true" signature="navigateToArrayPage()[pri:0, instance:dsAlgoTests.ArrayTest@602e0143]" started-at="2025-02-05T18:22:49 EST" name="navigateToArrayPage" finished-at="2025-02-05T18:22:50 EST" duration-ms="1517" status="PASS">
          <reporter-output>
          </reporter-output>
        </test-method> <!-- navigateToArrayPage -->
        <test-method signature="verifyCodeExecutionForArraySections(java.lang.String,java.lang.String,java.lang.String)[pri:0, instance:dsAlgoTests.ArrayTest@602e0143]" started-at="2025-02-05T18:22:50 EST" name="verifyCodeExecutionForArraySections" data-provider="TryEditorDataArray" finished-at="2025-02-05T18:22:51 EST" duration-ms="1095" status="PASS">
          <params>
            <param index="0">
              <value>
                <![CDATA[Applications of Array]]>
              </value>
            </param>
            <param index="1">
              <value>
                <![CDATA[print "hello"]]>
              </value>
            </param>
            <param index="2">
              <value>
                <![CDATA[hello]]>
              </value>
            </param>
          </params>
          <reporter-output>
          </reporter-output>
        </test-method> <!-- verifyCodeExecutionForArraySections -->
        <test-method is-config="true" signature="tearDownTest(org.testng.ITestResult)[pri:0, instance:dsAlgoTests.ArrayTest@602e0143]" started-at="2025-02-05T18:22:51 EST" name="tearDownTest" finished-at="2025-02-05T18:22:52 EST" duration-ms="185" status="PASS">
          <params>
            <param index="0">
              <value>
                <![CDATA[[TestResult name=verifyCodeExecutionForArraySections status=SUCCESS method=ArrayTest.verifyCodeExecutionForArraySections(java.lang.String,java.lang.String,java.lang.String)[pri:0, instance:dsAlgoTests.ArrayTest@602e0143] output={null}]]]>
              </value>
            </param>
          </params>
          <reporter-output>
          </reporter-output>
        </test-method> <!-- tearDownTest -->
        <test-method is-config="true" signature="setup(java.lang.String)[pri:0, instance:dsAlgoTests.ArrayTest@602e0143]" started-at="2025-02-05T18:22:52 EST" name="setup" finished-at="2025-02-05T18:22:53 EST" duration-ms="1637" status="PASS">
          <params>
            <param index="0">
              <value>
                <![CDATA[chrome]]>
              </value>
            </param>
          </params>
          <reporter-output>
          </reporter-output>
        </test-method> <!-- setup -->
        <test-method is-config="true" signature="navigateToArrayPage()[pri:0, instance:dsAlgoTests.ArrayTest@602e0143]" started-at="2025-02-05T18:22:53 EST" name="navigateToArrayPage" finished-at="2025-02-05T18:22:55 EST" duration-ms="1682" status="PASS">
          <reporter-output>
          </reporter-output>
        </test-method> <!-- navigateToArrayPage -->
        <test-method signature="verifyCodeExecutionForArraySections(java.lang.String,java.lang.String,java.lang.String)[pri:0, instance:dsAlgoTests.ArrayTest@602e0143]" started-at="2025-02-05T18:22:55 EST" name="verifyCodeExecutionForArraySections" data-provider="TryEditorDataArray" finished-at="2025-02-05T18:23:00 EST" duration-ms="5250" status="PASS">
          <params>
            <param index="0">
              <value>
                <![CDATA[Applications of Array]]>
              </value>
            </param>
            <param index="1">
              <value>
                <![CDATA[invalid]]>
              </value>
            </param>
            <param index="2">
              <value>
                <![CDATA[NameError: name 'invalid' is not defined on line 1]]>
              </value>
            </param>
          </params>
          <reporter-output>
          </reporter-output>
        </test-method> <!-- verifyCodeExecutionForArraySections -->
        <test-method is-config="true" signature="tearDownTest(org.testng.ITestResult)[pri:0, instance:dsAlgoTests.ArrayTest@602e0143]" started-at="2025-02-05T18:23:00 EST" name="tearDownTest" finished-at="2025-02-05T18:23:00 EST" duration-ms="209" status="PASS">
          <params>
            <param index="0">
              <value>
                <![CDATA[[TestResult name=verifyCodeExecutionForArraySections status=SUCCESS method=ArrayTest.verifyCodeExecutionForArraySections(java.lang.String,java.lang.String,java.lang.String)[pri:0, instance:dsAlgoTests.ArrayTest@602e0143] output={null}]]]>
              </value>
            </param>
          </params>
          <reporter-output>
          </reporter-output>
        </test-method> <!-- tearDownTest -->
      </class> <!-- dsAlgoTests.ArrayTest -->
    </test> <!-- Test -->
  </suite> <!-- TestSuite -->
</testng-results>
