<?xml version="1.0" encoding="UTF-8"?>
<testng-results ignored="0" total="35" passed="28" failed="7" skipped="0">
  <reporter-output>
  </reporter-output>
  <suite started-at="2025-02-05T16:59:22 CST" name="TestSuite" finished-at="2025-02-05T17:03:43 CST" duration-ms="261456">
    <groups>
    </groups>
    <test started-at="2025-02-05T16:59:22 CST" name="Test" finished-at="2025-02-05T17:03:43 CST" duration-ms="261456">
      <class name="dsAlgoTests.LinkedListTest">
        <test-method is-config="true" signature="setupSuite()[pri:0, instance:dsAlgoTests.LinkedListTest@47eaca72]" started-at="2025-02-05T16:59:22 CST" name="setupSuite" finished-at="2025-02-05T16:59:22 CST" duration-ms="10" status="PASS">
          <reporter-output>
          </reporter-output>
        </test-method> <!-- setupSuite -->
        <test-method is-config="true" signature="setup(java.lang.String)[pri:0, instance:dsAlgoTests.LinkedListTest@47eaca72]" started-at="2025-02-05T16:59:22 CST" name="setup" finished-at="2025-02-05T16:59:25 CST" duration-ms="3020" status="PASS">
          <params>
            <param index="0">
              <value>
                <![CDATA[chrome]]>
              </value>
            </param>
          </params>
          <reporter-output>
          </reporter-output>
        </test-method> <!-- setup -->
        <test-method is-config="true" signature="navigateToLinkedListPage()[pri:0, instance:dsAlgoTests.LinkedListTest@47eaca72]" started-at="2025-02-05T16:59:25 CST" name="navigateToLinkedListPage" finished-at="2025-02-05T16:59:28 CST" duration-ms="2984" status="PASS">
          <reporter-output>
          </reporter-output>
        </test-method> <!-- navigateToLinkedListPage -->
        <test-method signature="checkErrorMessageWhenExecutingWithoutCodeToDeletionTryEditor()[pri:0, instance:dsAlgoTests.LinkedListTest@47eaca72]" started-at="2025-02-05T16:59:28 CST" name="checkErrorMessageWhenExecutingWithoutCodeToDeletionTryEditor" finished-at="2025-02-05T16:59:29 CST" duration-ms="1730" status="FAIL">
          <exception class="java.lang.AssertionError">
            <message>
              <![CDATA[Test failed: Expected an error message when clicking the 'Run' button without entering code, but no message was displayed.]]>
            </message>
            <full-stacktrace>
              <![CDATA[java.lang.AssertionError: Test failed: Expected an error message when clicking the 'Run' button without entering code, but no message was displayed.
at org.testng.Assert.fail(Assert.java:99)
at dsAlgoTests.LinkedListTest.checkErrorMessageWhenExecutingWithoutCodeToDeletionTryEditor(LinkedListTest.java:171)
at java.base/jdk.internal.reflect.DirectMethodHandleAccessor.invoke(DirectMethodHandleAccessor.java:103)
at java.base/java.lang.reflect.Method.invoke(Method.java:580)
at org.testng.internal.MethodInvocationHelper.invokeMethod(MethodInvocationHelper.java:133)
at org.testng.internal.TestInvoker.invokeMethod(TestInvoker.java:598)
at org.testng.internal.TestInvoker.invokeTestMethod(TestInvoker.java:173)
at org.testng.internal.MethodRunner.runInSequence(MethodRunner.java:46)
at org.testng.internal.TestInvoker$MethodInvocationAgent.invoke(TestInvoker.java:824)
at org.testng.internal.TestInvoker.invokeTestMethods(TestInvoker.java:146)
at org.testng.internal.TestMethodWorker.invokeTestMethods(TestMethodWorker.java:146)
at org.testng.internal.TestMethodWorker.run(TestMethodWorker.java:128)
at java.base/java.util.ArrayList.forEach(ArrayList.java:1596)
at org.testng.TestRunner.privateRun(TestRunner.java:794)
at org.testng.TestRunner.run(TestRunner.java:596)
at org.testng.SuiteRunner.runTest(SuiteRunner.java:377)
at org.testng.SuiteRunner.access$000(SuiteRunner.java:28)
at org.testng.SuiteRunner$SuiteWorker.run(SuiteRunner.java:418)
at org.testng.internal.thread.ThreadUtil.lambda$execute$0(ThreadUtil.java:64)
at java.base/java.util.concurrent.FutureTask.run(FutureTask.java:317)
at java.base/java.util.concurrent.ThreadPoolExecutor.runWorker(ThreadPoolExecutor.java:1144)
at java.base/java.util.concurrent.ThreadPoolExecutor$Worker.run(ThreadPoolExecutor.java:642)
at java.base/java.lang.Thread.run(Thread.java:1583)
]]>
            </full-stacktrace>
          </exception> <!-- java.lang.AssertionError -->
          <reporter-output>
          </reporter-output>
        </test-method> <!-- checkErrorMessageWhenExecutingWithoutCodeToDeletionTryEditor -->
        <test-method is-config="true" signature="tearDownTest(org.testng.ITestResult)[pri:0, instance:dsAlgoTests.LinkedListTest@47eaca72]" started-at="2025-02-05T16:59:29 CST" name="tearDownTest" finished-at="2025-02-05T16:59:30 CST" duration-ms="488" status="PASS">
          <params>
            <param index="0">
              <value>
                <![CDATA[[TestResult name=checkErrorMessageWhenExecutingWithoutCodeToDeletionTryEditor status=FAILURE method=LinkedListTest.checkErrorMessageWhenExecutingWithoutCodeToDeletionTryEditor()[pri:0, instance:dsAlgoTests.LinkedListTest@47eaca72] output={null}]]]>
              </value>
            </param>
          </params>
          <reporter-output>
          </reporter-output>
        </test-method> <!-- tearDownTest -->
        <test-method is-config="true" signature="setup(java.lang.String)[pri:0, instance:dsAlgoTests.LinkedListTest@47eaca72]" started-at="2025-02-05T16:59:30 CST" name="setup" finished-at="2025-02-05T16:59:33 CST" duration-ms="2774" status="PASS">
          <params>
            <param index="0">
              <value>
                <![CDATA[chrome]]>
              </value>
            </param>
          </params>
          <reporter-output>
          </reporter-output>
        </test-method> <!-- setup -->
        <test-method is-config="true" signature="navigateToLinkedListPage()[pri:0, instance:dsAlgoTests.LinkedListTest@47eaca72]" started-at="2025-02-05T16:59:33 CST" name="navigateToLinkedListPage" finished-at="2025-02-05T16:59:36 CST" duration-ms="3183" status="PASS">
          <reporter-output>
          </reporter-output>
        </test-method> <!-- navigateToLinkedListPage -->
        <test-method signature="checkErrorMessageWhenExecutingWithoutCodeToInsertionTryEditor()[pri:0, instance:dsAlgoTests.LinkedListTest@47eaca72]" started-at="2025-02-05T16:59:36 CST" name="checkErrorMessageWhenExecutingWithoutCodeToInsertionTryEditor" finished-at="2025-02-05T16:59:38 CST" duration-ms="2272" status="FAIL">
          <exception class="java.lang.AssertionError">
            <message>
              <![CDATA[Test failed: Expected an error message when clicking the 'Run' button without entering code, but no message was displayed.]]>
            </message>
            <full-stacktrace>
              <![CDATA[java.lang.AssertionError: Test failed: Expected an error message when clicking the 'Run' button without entering code, but no message was displayed.
at org.testng.Assert.fail(Assert.java:99)
at dsAlgoTests.LinkedListTest.checkErrorMessageWhenExecutingWithoutCodeToInsertionTryEditor(LinkedListTest.java:163)
at java.base/jdk.internal.reflect.DirectMethodHandleAccessor.invoke(DirectMethodHandleAccessor.java:103)
at java.base/java.lang.reflect.Method.invoke(Method.java:580)
at org.testng.internal.MethodInvocationHelper.invokeMethod(MethodInvocationHelper.java:133)
at org.testng.internal.TestInvoker.invokeMethod(TestInvoker.java:598)
at org.testng.internal.TestInvoker.invokeTestMethod(TestInvoker.java:173)
at org.testng.internal.MethodRunner.runInSequence(MethodRunner.java:46)
at org.testng.internal.TestInvoker$MethodInvocationAgent.invoke(TestInvoker.java:824)
at org.testng.internal.TestInvoker.invokeTestMethods(TestInvoker.java:146)
at org.testng.internal.TestMethodWorker.invokeTestMethods(TestMethodWorker.java:146)
at org.testng.internal.TestMethodWorker.run(TestMethodWorker.java:128)
at java.base/java.util.ArrayList.forEach(ArrayList.java:1596)
at org.testng.TestRunner.privateRun(TestRunner.java:794)
at org.testng.TestRunner.run(TestRunner.java:596)
at org.testng.SuiteRunner.runTest(SuiteRunner.java:377)
at org.testng.SuiteRunner.access$000(SuiteRunner.java:28)
at org.testng.SuiteRunner$SuiteWorker.run(SuiteRunner.java:418)
at org.testng.internal.thread.ThreadUtil.lambda$execute$0(ThreadUtil.java:64)
at java.base/java.util.concurrent.FutureTask.run(FutureTask.java:317)
at java.base/java.util.concurrent.ThreadPoolExecutor.runWorker(ThreadPoolExecutor.java:1144)
at java.base/java.util.concurrent.ThreadPoolExecutor$Worker.run(ThreadPoolExecutor.java:642)
at java.base/java.lang.Thread.run(Thread.java:1583)
]]>
            </full-stacktrace>
          </exception> <!-- java.lang.AssertionError -->
          <reporter-output>
          </reporter-output>
        </test-method> <!-- checkErrorMessageWhenExecutingWithoutCodeToInsertionTryEditor -->
        <test-method is-config="true" signature="tearDownTest(org.testng.ITestResult)[pri:0, instance:dsAlgoTests.LinkedListTest@47eaca72]" started-at="2025-02-05T16:59:38 CST" name="tearDownTest" finished-at="2025-02-05T16:59:39 CST" duration-ms="395" status="PASS">
          <params>
            <param index="0">
              <value>
                <![CDATA[[TestResult name=checkErrorMessageWhenExecutingWithoutCodeToInsertionTryEditor status=FAILURE method=LinkedListTest.checkErrorMessageWhenExecutingWithoutCodeToInsertionTryEditor()[pri:0, instance:dsAlgoTests.LinkedListTest@47eaca72] output={null}]]]>
              </value>
            </param>
          </params>
          <reporter-output>
          </reporter-output>
        </test-method> <!-- tearDownTest -->
        <test-method is-config="true" signature="setup(java.lang.String)[pri:0, instance:dsAlgoTests.LinkedListTest@47eaca72]" started-at="2025-02-05T16:59:39 CST" name="setup" finished-at="2025-02-05T16:59:41 CST" duration-ms="2491" status="PASS">
          <params>
            <param index="0">
              <value>
                <![CDATA[chrome]]>
              </value>
            </param>
          </params>
          <reporter-output>
          </reporter-output>
        </test-method> <!-- setup -->
        <test-method is-config="true" signature="navigateToLinkedListPage()[pri:0, instance:dsAlgoTests.LinkedListTest@47eaca72]" started-at="2025-02-05T16:59:41 CST" name="navigateToLinkedListPage" finished-at="2025-02-05T16:59:44 CST" duration-ms="3449" status="PASS">
          <reporter-output>
          </reporter-output>
        </test-method> <!-- navigateToLinkedListPage -->
        <test-method signature="checkErrorMessageWhenExecutingWithoutCodeToIntroductionTryEditor()[pri:0, instance:dsAlgoTests.LinkedListTest@47eaca72]" started-at="2025-02-05T16:59:44 CST" name="checkErrorMessageWhenExecutingWithoutCodeToIntroductionTryEditor" finished-at="2025-02-05T16:59:47 CST" duration-ms="2439" status="FAIL">
          <exception class="java.lang.AssertionError">
            <message>
              <![CDATA[Test failed: Expected an error message when clicking the 'Run' button without entering code, but no message was displayed.]]>
            </message>
            <full-stacktrace>
              <![CDATA[java.lang.AssertionError: Test failed: Expected an error message when clicking the 'Run' button without entering code, but no message was displayed.
at org.testng.Assert.fail(Assert.java:99)
at dsAlgoTests.LinkedListTest.checkErrorMessageWhenExecutingWithoutCodeToIntroductionTryEditor(LinkedListTest.java:125)
at java.base/jdk.internal.reflect.DirectMethodHandleAccessor.invoke(DirectMethodHandleAccessor.java:103)
at java.base/java.lang.reflect.Method.invoke(Method.java:580)
at org.testng.internal.MethodInvocationHelper.invokeMethod(MethodInvocationHelper.java:133)
at org.testng.internal.TestInvoker.invokeMethod(TestInvoker.java:598)
at org.testng.internal.TestInvoker.invokeTestMethod(TestInvoker.java:173)
at org.testng.internal.MethodRunner.runInSequence(MethodRunner.java:46)
at org.testng.internal.TestInvoker$MethodInvocationAgent.invoke(TestInvoker.java:824)
at org.testng.internal.TestInvoker.invokeTestMethods(TestInvoker.java:146)
at org.testng.internal.TestMethodWorker.invokeTestMethods(TestMethodWorker.java:146)
at org.testng.internal.TestMethodWorker.run(TestMethodWorker.java:128)
at java.base/java.util.ArrayList.forEach(ArrayList.java:1596)
at org.testng.TestRunner.privateRun(TestRunner.java:794)
at org.testng.TestRunner.run(TestRunner.java:596)
at org.testng.SuiteRunner.runTest(SuiteRunner.java:377)
at org.testng.SuiteRunner.access$000(SuiteRunner.java:28)
at org.testng.SuiteRunner$SuiteWorker.run(SuiteRunner.java:418)
at org.testng.internal.thread.ThreadUtil.lambda$execute$0(ThreadUtil.java:64)
at java.base/java.util.concurrent.FutureTask.run(FutureTask.java:317)
at java.base/java.util.concurrent.ThreadPoolExecutor.runWorker(ThreadPoolExecutor.java:1144)
at java.base/java.util.concurrent.ThreadPoolExecutor$Worker.run(ThreadPoolExecutor.java:642)
at java.base/java.lang.Thread.run(Thread.java:1583)
]]>
            </full-stacktrace>
          </exception> <!-- java.lang.AssertionError -->
          <reporter-output>
          </reporter-output>
        </test-method> <!-- checkErrorMessageWhenExecutingWithoutCodeToIntroductionTryEditor -->
        <test-method is-config="true" signature="tearDownTest(org.testng.ITestResult)[pri:0, instance:dsAlgoTests.LinkedListTest@47eaca72]" started-at="2025-02-05T16:59:47 CST" name="tearDownTest" finished-at="2025-02-05T16:59:47 CST" duration-ms="487" status="PASS">
          <params>
            <param index="0">
              <value>
                <![CDATA[[TestResult name=checkErrorMessageWhenExecutingWithoutCodeToIntroductionTryEditor status=FAILURE method=LinkedListTest.checkErrorMessageWhenExecutingWithoutCodeToIntroductionTryEditor()[pri:0, instance:dsAlgoTests.LinkedListTest@47eaca72] output={null}]]]>
              </value>
            </param>
          </params>
          <reporter-output>
          </reporter-output>
        </test-method> <!-- tearDownTest -->
        <test-method is-config="true" signature="setup(java.lang.String)[pri:0, instance:dsAlgoTests.LinkedListTest@47eaca72]" started-at="2025-02-05T16:59:47 CST" name="setup" finished-at="2025-02-05T16:59:50 CST" duration-ms="2690" status="PASS">
          <params>
            <param index="0">
              <value>
                <![CDATA[chrome]]>
              </value>
            </param>
          </params>
          <reporter-output>
          </reporter-output>
        </test-method> <!-- setup -->
        <test-method is-config="true" signature="navigateToLinkedListPage()[pri:0, instance:dsAlgoTests.LinkedListTest@47eaca72]" started-at="2025-02-05T16:59:50 CST" name="navigateToLinkedListPage" finished-at="2025-02-05T16:59:53 CST" duration-ms="2923" status="PASS">
          <reporter-output>
          </reporter-output>
        </test-method> <!-- navigateToLinkedListPage -->
        <test-method signature="checkErrorMessageWhenExecutingWithoutCodeToTraversalTryEditor()[pri:0, instance:dsAlgoTests.LinkedListTest@47eaca72]" started-at="2025-02-05T16:59:53 CST" name="checkErrorMessageWhenExecutingWithoutCodeToTraversalTryEditor" finished-at="2025-02-05T16:59:54 CST" duration-ms="1442" status="FAIL">
          <exception class="java.lang.AssertionError">
            <message>
              <![CDATA[Test failed: Expected an error message when clicking the 'Run' button without entering code, but no message was displayed.]]>
            </message>
            <full-stacktrace>
              <![CDATA[java.lang.AssertionError: Test failed: Expected an error message when clicking the 'Run' button without entering code, but no message was displayed.
at org.testng.Assert.fail(Assert.java:99)
at dsAlgoTests.LinkedListTest.checkErrorMessageWhenExecutingWithoutCodeToTraversalTryEditor(LinkedListTest.java:155)
at java.base/jdk.internal.reflect.DirectMethodHandleAccessor.invoke(DirectMethodHandleAccessor.java:103)
at java.base/java.lang.reflect.Method.invoke(Method.java:580)
at org.testng.internal.MethodInvocationHelper.invokeMethod(MethodInvocationHelper.java:133)
at org.testng.internal.TestInvoker.invokeMethod(TestInvoker.java:598)
at org.testng.internal.TestInvoker.invokeTestMethod(TestInvoker.java:173)
at org.testng.internal.MethodRunner.runInSequence(MethodRunner.java:46)
at org.testng.internal.TestInvoker$MethodInvocationAgent.invoke(TestInvoker.java:824)
at org.testng.internal.TestInvoker.invokeTestMethods(TestInvoker.java:146)
at org.testng.internal.TestMethodWorker.invokeTestMethods(TestMethodWorker.java:146)
at org.testng.internal.TestMethodWorker.run(TestMethodWorker.java:128)
at java.base/java.util.ArrayList.forEach(ArrayList.java:1596)
at org.testng.TestRunner.privateRun(TestRunner.java:794)
at org.testng.TestRunner.run(TestRunner.java:596)
at org.testng.SuiteRunner.runTest(SuiteRunner.java:377)
at org.testng.SuiteRunner.access$000(SuiteRunner.java:28)
at org.testng.SuiteRunner$SuiteWorker.run(SuiteRunner.java:418)
at org.testng.internal.thread.ThreadUtil.lambda$execute$0(ThreadUtil.java:64)
at java.base/java.util.concurrent.FutureTask.run(FutureTask.java:317)
at java.base/java.util.concurrent.ThreadPoolExecutor.runWorker(ThreadPoolExecutor.java:1144)
at java.base/java.util.concurrent.ThreadPoolExecutor$Worker.run(ThreadPoolExecutor.java:642)
at java.base/java.lang.Thread.run(Thread.java:1583)
]]>
            </full-stacktrace>
          </exception> <!-- java.lang.AssertionError -->
          <reporter-output>
          </reporter-output>
        </test-method> <!-- checkErrorMessageWhenExecutingWithoutCodeToTraversalTryEditor -->
        <test-method is-config="true" signature="tearDownTest(org.testng.ITestResult)[pri:0, instance:dsAlgoTests.LinkedListTest@47eaca72]" started-at="2025-02-05T16:59:54 CST" name="tearDownTest" finished-at="2025-02-05T16:59:55 CST" duration-ms="407" status="PASS">
          <params>
            <param index="0">
              <value>
                <![CDATA[[TestResult name=checkErrorMessageWhenExecutingWithoutCodeToTraversalTryEditor status=FAILURE method=LinkedListTest.checkErrorMessageWhenExecutingWithoutCodeToTraversalTryEditor()[pri:0, instance:dsAlgoTests.LinkedListTest@47eaca72] output={null}]]]>
              </value>
            </param>
          </params>
          <reporter-output>
          </reporter-output>
        </test-method> <!-- tearDownTest -->
        <test-method is-config="true" signature="setup(java.lang.String)[pri:0, instance:dsAlgoTests.LinkedListTest@47eaca72]" started-at="2025-02-05T16:59:55 CST" name="setup" finished-at="2025-02-05T16:59:58 CST" duration-ms="2747" status="PASS">
          <params>
            <param index="0">
              <value>
                <![CDATA[chrome]]>
              </value>
            </param>
          </params>
          <reporter-output>
          </reporter-output>
        </test-method> <!-- setup -->
        <test-method is-config="true" signature="navigateToLinkedListPage()[pri:0, instance:dsAlgoTests.LinkedListTest@47eaca72]" started-at="2025-02-05T16:59:58 CST" name="navigateToLinkedListPage" finished-at="2025-02-05T17:00:01 CST" duration-ms="3833" status="PASS">
          <reporter-output>
          </reporter-output>
        </test-method> <!-- navigateToLinkedListPage -->
        <test-method signature="checkforPracticeQuestion()[pri:0, instance:dsAlgoTests.LinkedListTest@47eaca72]" started-at="2025-02-05T17:00:01 CST" name="checkforPracticeQuestion" finished-at="2025-02-05T17:00:03 CST" duration-ms="1106" status="FAIL">
          <exception class="java.lang.AssertionError">
            <message>
              <![CDATA[Test failed: Expected an error message when clicking the 'Run' button without entering code, but no message was displayed.]]>
            </message>
            <full-stacktrace>
              <![CDATA[java.lang.AssertionError: Test failed: Expected an error message when clicking the 'Run' button without entering code, but no message was displayed.
at org.testng.Assert.fail(Assert.java:99)
at dsAlgoTests.LinkedListTest.checkforPracticeQuestion(LinkedListTest.java:192)
at java.base/jdk.internal.reflect.DirectMethodHandleAccessor.invoke(DirectMethodHandleAccessor.java:103)
at java.base/java.lang.reflect.Method.invoke(Method.java:580)
at org.testng.internal.MethodInvocationHelper.invokeMethod(MethodInvocationHelper.java:133)
at org.testng.internal.TestInvoker.invokeMethod(TestInvoker.java:598)
at org.testng.internal.TestInvoker.invokeTestMethod(TestInvoker.java:173)
at org.testng.internal.MethodRunner.runInSequence(MethodRunner.java:46)
at org.testng.internal.TestInvoker$MethodInvocationAgent.invoke(TestInvoker.java:824)
at org.testng.internal.TestInvoker.invokeTestMethods(TestInvoker.java:146)
at org.testng.internal.TestMethodWorker.invokeTestMethods(TestMethodWorker.java:146)
at org.testng.internal.TestMethodWorker.run(TestMethodWorker.java:128)
at java.base/java.util.ArrayList.forEach(ArrayList.java:1596)
at org.testng.TestRunner.privateRun(TestRunner.java:794)
at org.testng.TestRunner.run(TestRunner.java:596)
at org.testng.SuiteRunner.runTest(SuiteRunner.java:377)
at org.testng.SuiteRunner.access$000(SuiteRunner.java:28)
at org.testng.SuiteRunner$SuiteWorker.run(SuiteRunner.java:418)
at org.testng.internal.thread.ThreadUtil.lambda$execute$0(ThreadUtil.java:64)
at java.base/java.util.concurrent.FutureTask.run(FutureTask.java:317)
at java.base/java.util.concurrent.ThreadPoolExecutor.runWorker(ThreadPoolExecutor.java:1144)
at java.base/java.util.concurrent.ThreadPoolExecutor$Worker.run(ThreadPoolExecutor.java:642)
at java.base/java.lang.Thread.run(Thread.java:1583)
]]>
            </full-stacktrace>
          </exception> <!-- java.lang.AssertionError -->
          <reporter-output>
          </reporter-output>
        </test-method> <!-- checkforPracticeQuestion -->
        <test-method is-config="true" signature="tearDownTest(org.testng.ITestResult)[pri:0, instance:dsAlgoTests.LinkedListTest@47eaca72]" started-at="2025-02-05T17:00:03 CST" name="tearDownTest" finished-at="2025-02-05T17:00:03 CST" duration-ms="416" status="PASS">
          <params>
            <param index="0">
              <value>
                <![CDATA[[TestResult name=checkforPracticeQuestion status=FAILURE method=LinkedListTest.checkforPracticeQuestion()[pri:0, instance:dsAlgoTests.LinkedListTest@47eaca72] output={null}]]]>
              </value>
            </param>
          </params>
          <reporter-output>
          </reporter-output>
        </test-method> <!-- tearDownTest -->
        <test-method is-config="true" signature="setup(java.lang.String)[pri:0, instance:dsAlgoTests.LinkedListTest@47eaca72]" started-at="2025-02-05T17:00:03 CST" name="setup" finished-at="2025-02-05T17:00:05 CST" duration-ms="2420" status="PASS">
          <params>
            <param index="0">
              <value>
                <![CDATA[chrome]]>
              </value>
            </param>
          </params>
          <reporter-output>
          </reporter-output>
        </test-method> <!-- setup -->
        <test-method is-config="true" signature="navigateToLinkedListPage()[pri:0, instance:dsAlgoTests.LinkedListTest@47eaca72]" started-at="2025-02-05T17:00:05 CST" name="navigateToLinkedListPage" finished-at="2025-02-05T17:00:09 CST" duration-ms="3166" status="PASS">
          <reporter-output>
          </reporter-output>
        </test-method> <!-- navigateToLinkedListPage -->
        <test-method signature="navigateDeletion()[pri:0, instance:dsAlgoTests.LinkedListTest@47eaca72]" started-at="2025-02-05T17:00:09 CST" name="navigateDeletion" finished-at="2025-02-05T17:00:09 CST" duration-ms="682" status="PASS">
          <reporter-output>
          </reporter-output>
        </test-method> <!-- navigateDeletion -->
        <test-method is-config="true" signature="tearDownTest(org.testng.ITestResult)[pri:0, instance:dsAlgoTests.LinkedListTest@47eaca72]" started-at="2025-02-05T17:00:09 CST" name="tearDownTest" finished-at="2025-02-05T17:00:10 CST" duration-ms="325" status="PASS">
          <params>
            <param index="0">
              <value>
                <![CDATA[[TestResult name=navigateDeletion status=SUCCESS method=LinkedListTest.navigateDeletion()[pri:0, instance:dsAlgoTests.LinkedListTest@47eaca72] output={null}]]]>
              </value>
            </param>
          </params>
          <reporter-output>
          </reporter-output>
        </test-method> <!-- tearDownTest -->
        <test-method is-config="true" signature="setup(java.lang.String)[pri:0, instance:dsAlgoTests.LinkedListTest@47eaca72]" started-at="2025-02-05T17:00:10 CST" name="setup" finished-at="2025-02-05T17:00:12 CST" duration-ms="2421" status="PASS">
          <params>
            <param index="0">
              <value>
                <![CDATA[chrome]]>
              </value>
            </param>
          </params>
          <reporter-output>
          </reporter-output>
        </test-method> <!-- setup -->
        <test-method is-config="true" signature="navigateToLinkedListPage()[pri:0, instance:dsAlgoTests.LinkedListTest@47eaca72]" started-at="2025-02-05T17:00:12 CST" name="navigateToLinkedListPage" finished-at="2025-02-05T17:00:15 CST" duration-ms="3315" status="PASS">
          <reporter-output>
          </reporter-output>
        </test-method> <!-- navigateToLinkedListPage -->
        <test-method signature="navigateToCreateALinkedList()[pri:0, instance:dsAlgoTests.LinkedListTest@47eaca72]" started-at="2025-02-05T17:00:15 CST" name="navigateToCreateALinkedList" finished-at="2025-02-05T17:00:16 CST" duration-ms="671" status="PASS">
          <reporter-output>
          </reporter-output>
        </test-method> <!-- navigateToCreateALinkedList -->
        <test-method is-config="true" signature="tearDownTest(org.testng.ITestResult)[pri:0, instance:dsAlgoTests.LinkedListTest@47eaca72]" started-at="2025-02-05T17:00:16 CST" name="tearDownTest" finished-at="2025-02-05T17:00:16 CST" duration-ms="476" status="PASS">
          <params>
            <param index="0">
              <value>
                <![CDATA[[TestResult name=navigateToCreateALinkedList status=SUCCESS method=LinkedListTest.navigateToCreateALinkedList()[pri:0, instance:dsAlgoTests.LinkedListTest@47eaca72] output={null}]]]>
              </value>
            </param>
          </params>
          <reporter-output>
          </reporter-output>
        </test-method> <!-- tearDownTest -->
        <test-method is-config="true" signature="setup(java.lang.String)[pri:0, instance:dsAlgoTests.LinkedListTest@47eaca72]" started-at="2025-02-05T17:00:16 CST" name="setup" finished-at="2025-02-05T17:00:19 CST" duration-ms="2648" status="PASS">
          <params>
            <param index="0">
              <value>
                <![CDATA[chrome]]>
              </value>
            </param>
          </params>
          <reporter-output>
          </reporter-output>
        </test-method> <!-- setup -->
        <test-method is-config="true" signature="navigateToLinkedListPage()[pri:0, instance:dsAlgoTests.LinkedListTest@47eaca72]" started-at="2025-02-05T17:00:19 CST" name="navigateToLinkedListPage" finished-at="2025-02-05T17:00:22 CST" duration-ms="2671" status="PASS">
          <reporter-output>
          </reporter-output>
        </test-method> <!-- navigateToLinkedListPage -->
        <test-method signature="navigateToCreateALinkedListTryEditor()[pri:0, instance:dsAlgoTests.LinkedListTest@47eaca72]" started-at="2025-02-05T17:00:22 CST" name="navigateToCreateALinkedListTryEditor" finished-at="2025-02-05T17:00:23 CST" duration-ms="1480" status="PASS">
          <reporter-output>
          </reporter-output>
        </test-method> <!-- navigateToCreateALinkedListTryEditor -->
        <test-method is-config="true" signature="tearDownTest(org.testng.ITestResult)[pri:0, instance:dsAlgoTests.LinkedListTest@47eaca72]" started-at="2025-02-05T17:00:23 CST" name="tearDownTest" finished-at="2025-02-05T17:00:24 CST" duration-ms="266" status="PASS">
          <params>
            <param index="0">
              <value>
                <![CDATA[[TestResult name=navigateToCreateALinkedListTryEditor status=SUCCESS method=LinkedListTest.navigateToCreateALinkedListTryEditor()[pri:0, instance:dsAlgoTests.LinkedListTest@47eaca72] output={null}]]]>
              </value>
            </param>
          </params>
          <reporter-output>
          </reporter-output>
        </test-method> <!-- tearDownTest -->
        <test-method is-config="true" signature="setup(java.lang.String)[pri:0, instance:dsAlgoTests.LinkedListTest@47eaca72]" started-at="2025-02-05T17:00:24 CST" name="setup" finished-at="2025-02-05T17:00:26 CST" duration-ms="2174" status="PASS">
          <params>
            <param index="0">
              <value>
                <![CDATA[chrome]]>
              </value>
            </param>
          </params>
          <reporter-output>
          </reporter-output>
        </test-method> <!-- setup -->
        <test-method is-config="true" signature="navigateToLinkedListPage()[pri:0, instance:dsAlgoTests.LinkedListTest@47eaca72]" started-at="2025-02-05T17:00:26 CST" name="navigateToLinkedListPage" finished-at="2025-02-05T17:00:29 CST" duration-ms="3013" status="PASS">
          <reporter-output>
          </reporter-output>
        </test-method> <!-- navigateToLinkedListPage -->
        <test-method signature="navigateToDeletionTryEditor()[pri:0, instance:dsAlgoTests.LinkedListTest@47eaca72]" started-at="2025-02-05T17:00:29 CST" name="navigateToDeletionTryEditor" finished-at="2025-02-05T17:00:30 CST" duration-ms="1333" status="PASS">
          <reporter-output>
          </reporter-output>
        </test-method> <!-- navigateToDeletionTryEditor -->
        <test-method is-config="true" signature="tearDownTest(org.testng.ITestResult)[pri:0, instance:dsAlgoTests.LinkedListTest@47eaca72]" started-at="2025-02-05T17:00:30 CST" name="tearDownTest" finished-at="2025-02-05T17:00:30 CST" duration-ms="271" status="PASS">
          <params>
            <param index="0">
              <value>
                <![CDATA[[TestResult name=navigateToDeletionTryEditor status=SUCCESS method=LinkedListTest.navigateToDeletionTryEditor()[pri:0, instance:dsAlgoTests.LinkedListTest@47eaca72] output={null}]]]>
              </value>
            </param>
          </params>
          <reporter-output>
          </reporter-output>
        </test-method> <!-- tearDownTest -->
        <test-method is-config="true" signature="setup(java.lang.String)[pri:0, instance:dsAlgoTests.LinkedListTest@47eaca72]" started-at="2025-02-05T17:00:30 CST" name="setup" finished-at="2025-02-05T17:00:33 CST" duration-ms="2484" status="PASS">
          <params>
            <param index="0">
              <value>
                <![CDATA[chrome]]>
              </value>
            </param>
          </params>
          <reporter-output>
          </reporter-output>
        </test-method> <!-- setup -->
        <test-method is-config="true" signature="navigateToLinkedListPage()[pri:0, instance:dsAlgoTests.LinkedListTest@47eaca72]" started-at="2025-02-05T17:00:33 CST" name="navigateToLinkedListPage" finished-at="2025-02-05T17:00:36 CST" duration-ms="2743" status="PASS">
          <reporter-output>
          </reporter-output>
        </test-method> <!-- navigateToLinkedListPage -->
        <test-method signature="navigateToImplementLinkedListInPython()[pri:0, instance:dsAlgoTests.LinkedListTest@47eaca72]" started-at="2025-02-05T17:00:36 CST" name="navigateToImplementLinkedListInPython" finished-at="2025-02-05T17:00:36 CST" duration-ms="780" status="PASS">
          <reporter-output>
          </reporter-output>
        </test-method> <!-- navigateToImplementLinkedListInPython -->
        <test-method is-config="true" signature="tearDownTest(org.testng.ITestResult)[pri:0, instance:dsAlgoTests.LinkedListTest@47eaca72]" started-at="2025-02-05T17:00:36 CST" name="tearDownTest" finished-at="2025-02-05T17:00:37 CST" duration-ms="281" status="PASS">
          <params>
            <param index="0">
              <value>
                <![CDATA[[TestResult name=navigateToImplementLinkedListInPython status=SUCCESS method=LinkedListTest.navigateToImplementLinkedListInPython()[pri:0, instance:dsAlgoTests.LinkedListTest@47eaca72] output={null}]]]>
              </value>
            </param>
          </params>
          <reporter-output>
          </reporter-output>
        </test-method> <!-- tearDownTest -->
        <test-method is-config="true" signature="setup(java.lang.String)[pri:0, instance:dsAlgoTests.LinkedListTest@47eaca72]" started-at="2025-02-05T17:00:37 CST" name="setup" finished-at="2025-02-05T17:00:39 CST" duration-ms="2464" status="PASS">
          <params>
            <param index="0">
              <value>
                <![CDATA[chrome]]>
              </value>
            </param>
          </params>
          <reporter-output>
          </reporter-output>
        </test-method> <!-- setup -->
        <test-method is-config="true" signature="navigateToLinkedListPage()[pri:0, instance:dsAlgoTests.LinkedListTest@47eaca72]" started-at="2025-02-05T17:00:39 CST" name="navigateToLinkedListPage" finished-at="2025-02-05T17:00:42 CST" duration-ms="3132" status="PASS">
          <reporter-output>
          </reporter-output>
        </test-method> <!-- navigateToLinkedListPage -->
        <test-method signature="navigateToImplementLinkedListInPythonTryEditor()[pri:0, instance:dsAlgoTests.LinkedListTest@47eaca72]" started-at="2025-02-05T17:00:42 CST" name="navigateToImplementLinkedListInPythonTryEditor" finished-at="2025-02-05T17:00:44 CST" duration-ms="1821" status="PASS">
          <reporter-output>
          </reporter-output>
        </test-method> <!-- navigateToImplementLinkedListInPythonTryEditor -->
        <test-method is-config="true" signature="tearDownTest(org.testng.ITestResult)[pri:0, instance:dsAlgoTests.LinkedListTest@47eaca72]" started-at="2025-02-05T17:00:44 CST" name="tearDownTest" finished-at="2025-02-05T17:00:44 CST" duration-ms="330" status="PASS">
          <params>
            <param index="0">
              <value>
                <![CDATA[[TestResult name=navigateToImplementLinkedListInPythonTryEditor status=SUCCESS method=LinkedListTest.navigateToImplementLinkedListInPythonTryEditor()[pri:0, instance:dsAlgoTests.LinkedListTest@47eaca72] output={null}]]]>
              </value>
            </param>
          </params>
          <reporter-output>
          </reporter-output>
        </test-method> <!-- tearDownTest -->
        <test-method is-config="true" signature="setup(java.lang.String)[pri:0, instance:dsAlgoTests.LinkedListTest@47eaca72]" started-at="2025-02-05T17:00:44 CST" name="setup" finished-at="2025-02-05T17:00:47 CST" duration-ms="2335" status="PASS">
          <params>
            <param index="0">
              <value>
                <![CDATA[chrome]]>
              </value>
            </param>
          </params>
          <reporter-output>
          </reporter-output>
        </test-method> <!-- setup -->
        <test-method is-config="true" signature="navigateToLinkedListPage()[pri:0, instance:dsAlgoTests.LinkedListTest@47eaca72]" started-at="2025-02-05T17:00:47 CST" name="navigateToLinkedListPage" finished-at="2025-02-05T17:00:50 CST" duration-ms="3002" status="PASS">
          <reporter-output>
          </reporter-output>
        </test-method> <!-- navigateToLinkedListPage -->
        <test-method signature="navigateToInsertion()[pri:0, instance:dsAlgoTests.LinkedListTest@47eaca72]" started-at="2025-02-05T17:00:50 CST" name="navigateToInsertion" finished-at="2025-02-05T17:00:50 CST" duration-ms="536" status="PASS">
          <reporter-output>
          </reporter-output>
        </test-method> <!-- navigateToInsertion -->
        <test-method is-config="true" signature="tearDownTest(org.testng.ITestResult)[pri:0, instance:dsAlgoTests.LinkedListTest@47eaca72]" started-at="2025-02-05T17:00:50 CST" name="tearDownTest" finished-at="2025-02-05T17:00:51 CST" duration-ms="317" status="PASS">
          <params>
            <param index="0">
              <value>
                <![CDATA[[TestResult name=navigateToInsertion status=SUCCESS method=LinkedListTest.navigateToInsertion()[pri:0, instance:dsAlgoTests.LinkedListTest@47eaca72] output={null}]]]>
              </value>
            </param>
          </params>
          <reporter-output>
          </reporter-output>
        </test-method> <!-- tearDownTest -->
        <test-method is-config="true" signature="setup(java.lang.String)[pri:0, instance:dsAlgoTests.LinkedListTest@47eaca72]" started-at="2025-02-05T17:00:51 CST" name="setup" finished-at="2025-02-05T17:00:53 CST" duration-ms="2285" status="PASS">
          <params>
            <param index="0">
              <value>
                <![CDATA[chrome]]>
              </value>
            </param>
          </params>
          <reporter-output>
          </reporter-output>
        </test-method> <!-- setup -->
        <test-method is-config="true" signature="navigateToLinkedListPage()[pri:0, instance:dsAlgoTests.LinkedListTest@47eaca72]" started-at="2025-02-05T17:00:53 CST" name="navigateToLinkedListPage" finished-at="2025-02-05T17:00:56 CST" duration-ms="3103" status="PASS">
          <reporter-output>
          </reporter-output>
        </test-method> <!-- navigateToLinkedListPage -->
        <test-method signature="navigateToInsertionTryEditor()[pri:0, instance:dsAlgoTests.LinkedListTest@47eaca72]" started-at="2025-02-05T17:00:56 CST" name="navigateToInsertionTryEditor" finished-at="2025-02-05T17:00:58 CST" duration-ms="1600" status="PASS">
          <reporter-output>
          </reporter-output>
        </test-method> <!-- navigateToInsertionTryEditor -->
        <test-method is-config="true" signature="tearDownTest(org.testng.ITestResult)[pri:0, instance:dsAlgoTests.LinkedListTest@47eaca72]" started-at="2025-02-05T17:00:58 CST" name="tearDownTest" finished-at="2025-02-05T17:00:58 CST" duration-ms="346" status="PASS">
          <params>
            <param index="0">
              <value>
                <![CDATA[[TestResult name=navigateToInsertionTryEditor status=SUCCESS method=LinkedListTest.navigateToInsertionTryEditor()[pri:0, instance:dsAlgoTests.LinkedListTest@47eaca72] output={null}]]]>
              </value>
            </param>
          </params>
          <reporter-output>
          </reporter-output>
        </test-method> <!-- tearDownTest -->
        <test-method is-config="true" signature="setup(java.lang.String)[pri:0, instance:dsAlgoTests.LinkedListTest@47eaca72]" started-at="2025-02-05T17:00:58 CST" name="setup" finished-at="2025-02-05T17:01:01 CST" duration-ms="2834" status="PASS">
          <params>
            <param index="0">
              <value>
                <![CDATA[chrome]]>
              </value>
            </param>
          </params>
          <reporter-output>
          </reporter-output>
        </test-method> <!-- setup -->
        <test-method is-config="true" signature="navigateToLinkedListPage()[pri:0, instance:dsAlgoTests.LinkedListTest@47eaca72]" started-at="2025-02-05T17:01:01 CST" name="navigateToLinkedListPage" finished-at="2025-02-05T17:01:04 CST" duration-ms="2763" status="PASS">
          <reporter-output>
          </reporter-output>
        </test-method> <!-- navigateToLinkedListPage -->
        <test-method signature="navigateToIntroduction()[pri:0, instance:dsAlgoTests.LinkedListTest@47eaca72]" started-at="2025-02-05T17:01:04 CST" name="navigateToIntroduction" finished-at="2025-02-05T17:01:04 CST" duration-ms="581" status="PASS">
          <reporter-output>
          </reporter-output>
        </test-method> <!-- navigateToIntroduction -->
        <test-method is-config="true" signature="tearDownTest(org.testng.ITestResult)[pri:0, instance:dsAlgoTests.LinkedListTest@47eaca72]" started-at="2025-02-05T17:01:04 CST" name="tearDownTest" finished-at="2025-02-05T17:01:04 CST" duration-ms="341" status="PASS">
          <params>
            <param index="0">
              <value>
                <![CDATA[[TestResult name=navigateToIntroduction status=SUCCESS method=LinkedListTest.navigateToIntroduction()[pri:0, instance:dsAlgoTests.LinkedListTest@47eaca72] output={null}]]]>
              </value>
            </param>
          </params>
          <reporter-output>
          </reporter-output>
        </test-method> <!-- tearDownTest -->
        <test-method is-config="true" signature="setup(java.lang.String)[pri:0, instance:dsAlgoTests.LinkedListTest@47eaca72]" started-at="2025-02-05T17:01:04 CST" name="setup" finished-at="2025-02-05T17:01:07 CST" duration-ms="2730" status="PASS">
          <params>
            <param index="0">
              <value>
                <![CDATA[chrome]]>
              </value>
            </param>
          </params>
          <reporter-output>
          </reporter-output>
        </test-method> <!-- setup -->
        <test-method is-config="true" signature="navigateToLinkedListPage()[pri:0, instance:dsAlgoTests.LinkedListTest@47eaca72]" started-at="2025-02-05T17:01:07 CST" name="navigateToLinkedListPage" finished-at="2025-02-05T17:01:10 CST" duration-ms="2749" status="PASS">
          <reporter-output>
          </reporter-output>
        </test-method> <!-- navigateToLinkedListPage -->
        <test-method signature="navigateToTraversal()[pri:0, instance:dsAlgoTests.LinkedListTest@47eaca72]" started-at="2025-02-05T17:01:10 CST" name="navigateToTraversal" finished-at="2025-02-05T17:01:10 CST" duration-ms="514" status="PASS">
          <reporter-output>
          </reporter-output>
        </test-method> <!-- navigateToTraversal -->
        <test-method is-config="true" signature="tearDownTest(org.testng.ITestResult)[pri:0, instance:dsAlgoTests.LinkedListTest@47eaca72]" started-at="2025-02-05T17:01:10 CST" name="tearDownTest" finished-at="2025-02-05T17:01:11 CST" duration-ms="286" status="PASS">
          <params>
            <param index="0">
              <value>
                <![CDATA[[TestResult name=navigateToTraversal status=SUCCESS method=LinkedListTest.navigateToTraversal()[pri:0, instance:dsAlgoTests.LinkedListTest@47eaca72] output={null}]]]>
              </value>
            </param>
          </params>
          <reporter-output>
          </reporter-output>
        </test-method> <!-- tearDownTest -->
        <test-method is-config="true" signature="setup(java.lang.String)[pri:0, instance:dsAlgoTests.LinkedListTest@47eaca72]" started-at="2025-02-05T17:01:11 CST" name="setup" finished-at="2025-02-05T17:01:13 CST" duration-ms="2277" status="PASS">
          <params>
            <param index="0">
              <value>
                <![CDATA[chrome]]>
              </value>
            </param>
          </params>
          <reporter-output>
          </reporter-output>
        </test-method> <!-- setup -->
        <test-method is-config="true" signature="navigateToLinkedListPage()[pri:0, instance:dsAlgoTests.LinkedListTest@47eaca72]" started-at="2025-02-05T17:01:13 CST" name="navigateToLinkedListPage" finished-at="2025-02-05T17:01:16 CST" duration-ms="3384" status="PASS">
          <reporter-output>
          </reporter-output>
        </test-method> <!-- navigateToLinkedListPage -->
        <test-method signature="navigateToTraversalTryEditor()[pri:0, instance:dsAlgoTests.LinkedListTest@47eaca72]" started-at="2025-02-05T17:01:16 CST" name="navigateToTraversalTryEditor" finished-at="2025-02-05T17:01:18 CST" duration-ms="1577" status="PASS">
          <reporter-output>
          </reporter-output>
        </test-method> <!-- navigateToTraversalTryEditor -->
        <test-method is-config="true" signature="tearDownTest(org.testng.ITestResult)[pri:0, instance:dsAlgoTests.LinkedListTest@47eaca72]" started-at="2025-02-05T17:01:18 CST" name="tearDownTest" finished-at="2025-02-05T17:01:18 CST" duration-ms="344" status="PASS">
          <params>
            <param index="0">
              <value>
                <![CDATA[[TestResult name=navigateToTraversalTryEditor status=SUCCESS method=LinkedListTest.navigateToTraversalTryEditor()[pri:0, instance:dsAlgoTests.LinkedListTest@47eaca72] output={null}]]]>
              </value>
            </param>
          </params>
          <reporter-output>
          </reporter-output>
        </test-method> <!-- tearDownTest -->
        <test-method is-config="true" signature="setup(java.lang.String)[pri:0, instance:dsAlgoTests.LinkedListTest@47eaca72]" started-at="2025-02-05T17:01:18 CST" name="setup" finished-at="2025-02-05T17:01:20 CST" duration-ms="2080" status="PASS">
          <params>
            <param index="0">
              <value>
                <![CDATA[chrome]]>
              </value>
            </param>
          </params>
          <reporter-output>
          </reporter-output>
        </test-method> <!-- setup -->
        <test-method is-config="true" signature="navigateToLinkedListPage()[pri:0, instance:dsAlgoTests.LinkedListTest@47eaca72]" started-at="2025-02-05T17:01:20 CST" name="navigateToLinkedListPage" finished-at="2025-02-05T17:01:23 CST" duration-ms="2411" status="PASS">
          <reporter-output>
          </reporter-output>
        </test-method> <!-- navigateToLinkedListPage -->
        <test-method signature="navigateToTypesOfLinkedList()[pri:0, instance:dsAlgoTests.LinkedListTest@47eaca72]" started-at="2025-02-05T17:01:23 CST" name="navigateToTypesOfLinkedList" finished-at="2025-02-05T17:01:24 CST" duration-ms="941" status="PASS">
          <reporter-output>
          </reporter-output>
        </test-method> <!-- navigateToTypesOfLinkedList -->
        <test-method is-config="true" signature="tearDownTest(org.testng.ITestResult)[pri:0, instance:dsAlgoTests.LinkedListTest@47eaca72]" started-at="2025-02-05T17:01:24 CST" name="tearDownTest" finished-at="2025-02-05T17:01:24 CST" duration-ms="389" status="PASS">
          <params>
            <param index="0">
              <value>
                <![CDATA[[TestResult name=navigateToTypesOfLinkedList status=SUCCESS method=LinkedListTest.navigateToTypesOfLinkedList()[pri:0, instance:dsAlgoTests.LinkedListTest@47eaca72] output={null}]]]>
              </value>
            </param>
          </params>
          <reporter-output>
          </reporter-output>
        </test-method> <!-- tearDownTest -->
        <test-method is-config="true" signature="setup(java.lang.String)[pri:0, instance:dsAlgoTests.LinkedListTest@47eaca72]" started-at="2025-02-05T17:01:24 CST" name="setup" finished-at="2025-02-05T17:01:27 CST" duration-ms="2423" status="PASS">
          <params>
            <param index="0">
              <value>
                <![CDATA[chrome]]>
              </value>
            </param>
          </params>
          <reporter-output>
          </reporter-output>
        </test-method> <!-- setup -->
        <test-method is-config="true" signature="navigateToLinkedListPage()[pri:0, instance:dsAlgoTests.LinkedListTest@47eaca72]" started-at="2025-02-05T17:01:27 CST" name="navigateToLinkedListPage" finished-at="2025-02-05T17:01:29 CST" duration-ms="2674" status="PASS">
          <reporter-output>
          </reporter-output>
        </test-method> <!-- navigateToLinkedListPage -->
        <test-method signature="navigateToTypesOfLinkedListTryEditor()[pri:0, instance:dsAlgoTests.LinkedListTest@47eaca72]" started-at="2025-02-05T17:01:29 CST" name="navigateToTypesOfLinkedListTryEditor" finished-at="2025-02-05T17:01:31 CST" duration-ms="1616" status="PASS">
          <reporter-output>
          </reporter-output>
        </test-method> <!-- navigateToTypesOfLinkedListTryEditor -->
        <test-method is-config="true" signature="tearDownTest(org.testng.ITestResult)[pri:0, instance:dsAlgoTests.LinkedListTest@47eaca72]" started-at="2025-02-05T17:01:31 CST" name="tearDownTest" finished-at="2025-02-05T17:01:31 CST" duration-ms="284" status="PASS">
          <params>
            <param index="0">
              <value>
                <![CDATA[[TestResult name=navigateToTypesOfLinkedListTryEditor status=SUCCESS method=LinkedListTest.navigateToTypesOfLinkedListTryEditor()[pri:0, instance:dsAlgoTests.LinkedListTest@47eaca72] output={null}]]]>
              </value>
            </param>
          </params>
          <reporter-output>
          </reporter-output>
        </test-method> <!-- tearDownTest -->
        <test-method is-config="true" signature="setup(java.lang.String)[pri:0, instance:dsAlgoTests.LinkedListTest@47eaca72]" started-at="2025-02-05T17:01:31 CST" name="setup" finished-at="2025-02-05T17:01:33 CST" duration-ms="2357" status="PASS">
          <params>
            <param index="0">
              <value>
                <![CDATA[chrome]]>
              </value>
            </param>
          </params>
          <reporter-output>
          </reporter-output>
        </test-method> <!-- setup -->
        <test-method is-config="true" signature="navigateToLinkedListPage()[pri:0, instance:dsAlgoTests.LinkedListTest@47eaca72]" started-at="2025-02-05T17:01:33 CST" name="navigateToLinkedListPage" finished-at="2025-02-05T17:01:37 CST" duration-ms="3005" status="PASS">
          <reporter-output>
          </reporter-output>
        </test-method> <!-- navigateToLinkedListPage -->
        <test-method signature="navigatenavigateToIntroductionTryEditor()[pri:0, instance:dsAlgoTests.LinkedListTest@47eaca72]" started-at="2025-02-05T17:01:37 CST" name="navigatenavigateToIntroductionTryEditor" finished-at="2025-02-05T17:01:38 CST" duration-ms="1653" status="PASS">
          <reporter-output>
          </reporter-output>
        </test-method> <!-- navigatenavigateToIntroductionTryEditor -->
        <test-method is-config="true" signature="tearDownTest(org.testng.ITestResult)[pri:0, instance:dsAlgoTests.LinkedListTest@47eaca72]" started-at="2025-02-05T17:01:38 CST" name="tearDownTest" finished-at="2025-02-05T17:01:39 CST" duration-ms="350" status="PASS">
          <params>
            <param index="0">
              <value>
                <![CDATA[[TestResult name=navigatenavigateToIntroductionTryEditor status=SUCCESS method=LinkedListTest.navigatenavigateToIntroductionTryEditor()[pri:0, instance:dsAlgoTests.LinkedListTest@47eaca72] output={null}]]]>
              </value>
            </param>
          </params>
          <reporter-output>
          </reporter-output>
        </test-method> <!-- tearDownTest -->
        <test-method is-config="true" signature="setup(java.lang.String)[pri:0, instance:dsAlgoTests.LinkedListTest@47eaca72]" started-at="2025-02-05T17:01:41 CST" name="setup" finished-at="2025-02-05T17:01:43 CST" duration-ms="1966" status="PASS">
          <params>
            <param index="0">
              <value>
                <![CDATA[chrome]]>
              </value>
            </param>
          </params>
          <reporter-output>
          </reporter-output>
        </test-method> <!-- setup -->
        <test-method is-config="true" signature="navigateToLinkedListPage()[pri:0, instance:dsAlgoTests.LinkedListTest@47eaca72]" started-at="2025-02-05T17:01:43 CST" name="navigateToLinkedListPage" finished-at="2025-02-05T17:01:47 CST" duration-ms="3383" status="PASS">
          <reporter-output>
          </reporter-output>
        </test-method> <!-- navigateToLinkedListPage -->
        <test-method signature="verifyCodeExecutionForLinkedList(java.lang.String,java.lang.String,java.lang.String)[pri:0, instance:dsAlgoTests.LinkedListTest@47eaca72]" started-at="2025-02-05T17:01:47 CST" name="verifyCodeExecutionForLinkedList" data-provider="TryEditorDataLinkedList" finished-at="2025-02-05T17:01:49 CST" duration-ms="2275" status="PASS">
          <params>
            <param index="0">
              <value>
                <![CDATA[Introduction]]>
              </value>
            </param>
            <param index="1">
              <value>
                <![CDATA[print "hello"]]>
              </value>
            </param>
            <param index="2">
              <value>
                <![CDATA[hello]]>
              </value>
            </param>
          </params>
          <reporter-output>
          </reporter-output>
        </test-method> <!-- verifyCodeExecutionForLinkedList -->
        <test-method is-config="true" signature="tearDownTest(org.testng.ITestResult)[pri:0, instance:dsAlgoTests.LinkedListTest@47eaca72]" started-at="2025-02-05T17:01:49 CST" name="tearDownTest" finished-at="2025-02-05T17:01:49 CST" duration-ms="287" status="PASS">
          <params>
            <param index="0">
              <value>
                <![CDATA[[TestResult name=verifyCodeExecutionForLinkedList status=SUCCESS method=LinkedListTest.verifyCodeExecutionForLinkedList(java.lang.String,java.lang.String,java.lang.String)[pri:0, instance:dsAlgoTests.LinkedListTest@47eaca72] output={null}]]]>
              </value>
            </param>
          </params>
          <reporter-output>
          </reporter-output>
        </test-method> <!-- tearDownTest -->
        <test-method is-config="true" signature="setup(java.lang.String)[pri:0, instance:dsAlgoTests.LinkedListTest@47eaca72]" started-at="2025-02-05T17:01:49 CST" name="setup" finished-at="2025-02-05T17:01:52 CST" duration-ms="2422" status="PASS">
          <params>
            <param index="0">
              <value>
                <![CDATA[chrome]]>
              </value>
            </param>
          </params>
          <reporter-output>
          </reporter-output>
        </test-method> <!-- setup -->
        <test-method is-config="true" signature="navigateToLinkedListPage()[pri:0, instance:dsAlgoTests.LinkedListTest@47eaca72]" started-at="2025-02-05T17:01:52 CST" name="navigateToLinkedListPage" finished-at="2025-02-05T17:01:55 CST" duration-ms="2845" status="PASS">
          <reporter-output>
          </reporter-output>
        </test-method> <!-- navigateToLinkedListPage -->
        <test-method signature="verifyCodeExecutionForLinkedList(java.lang.String,java.lang.String,java.lang.String)[pri:0, instance:dsAlgoTests.LinkedListTest@47eaca72]" started-at="2025-02-05T17:01:55 CST" name="verifyCodeExecutionForLinkedList" data-provider="TryEditorDataLinkedList" finished-at="2025-02-05T17:01:57 CST" duration-ms="2225" status="PASS">
          <params>
            <param index="0">
              <value>
                <![CDATA[Introduction]]>
              </value>
            </param>
            <param index="1">
              <value>
                <![CDATA[invalid]]>
              </value>
            </param>
            <param index="2">
              <value>
                <![CDATA[NameError: name 'invalid' is not defined on line 1]]>
              </value>
            </param>
          </params>
          <reporter-output>
          </reporter-output>
        </test-method> <!-- verifyCodeExecutionForLinkedList -->
        <test-method is-config="true" signature="tearDownTest(org.testng.ITestResult)[pri:0, instance:dsAlgoTests.LinkedListTest@47eaca72]" started-at="2025-02-05T17:01:57 CST" name="tearDownTest" finished-at="2025-02-05T17:01:57 CST" duration-ms="267" status="PASS">
          <params>
            <param index="0">
              <value>
                <![CDATA[[TestResult name=verifyCodeExecutionForLinkedList status=SUCCESS method=LinkedListTest.verifyCodeExecutionForLinkedList(java.lang.String,java.lang.String,java.lang.String)[pri:0, instance:dsAlgoTests.LinkedListTest@47eaca72] output={null}]]]>
              </value>
            </param>
          </params>
          <reporter-output>
          </reporter-output>
        </test-method> <!-- tearDownTest -->
        <test-method is-config="true" signature="setup(java.lang.String)[pri:0, instance:dsAlgoTests.LinkedListTest@47eaca72]" started-at="2025-02-05T17:01:57 CST" name="setup" finished-at="2025-02-05T17:02:00 CST" duration-ms="2604" status="PASS">
          <params>
            <param index="0">
              <value>
                <![CDATA[chrome]]>
              </value>
            </param>
          </params>
          <reporter-output>
          </reporter-output>
        </test-method> <!-- setup -->
        <test-method is-config="true" signature="navigateToLinkedListPage()[pri:0, instance:dsAlgoTests.LinkedListTest@47eaca72]" started-at="2025-02-05T17:02:00 CST" name="navigateToLinkedListPage" finished-at="2025-02-05T17:02:03 CST" duration-ms="3078" status="PASS">
          <reporter-output>
          </reporter-output>
        </test-method> <!-- navigateToLinkedListPage -->
        <test-method signature="verifyCodeExecutionForLinkedList(java.lang.String,java.lang.String,java.lang.String)[pri:0, instance:dsAlgoTests.LinkedListTest@47eaca72]" started-at="2025-02-05T17:02:03 CST" name="verifyCodeExecutionForLinkedList" data-provider="TryEditorDataLinkedList" finished-at="2025-02-05T17:02:05 CST" duration-ms="1990" status="PASS">
          <params>
            <param index="0">
              <value>
                <![CDATA[Creating Linked LIst]]>
              </value>
            </param>
            <param index="1">
              <value>
                <![CDATA[print "hello"]]>
              </value>
            </param>
            <param index="2">
              <value>
                <![CDATA[hello]]>
              </value>
            </param>
          </params>
          <reporter-output>
          </reporter-output>
        </test-method> <!-- verifyCodeExecutionForLinkedList -->
        <test-method is-config="true" signature="tearDownTest(org.testng.ITestResult)[pri:0, instance:dsAlgoTests.LinkedListTest@47eaca72]" started-at="2025-02-05T17:02:05 CST" name="tearDownTest" finished-at="2025-02-05T17:02:05 CST" duration-ms="324" status="PASS">
          <params>
            <param index="0">
              <value>
                <![CDATA[[TestResult name=verifyCodeExecutionForLinkedList status=SUCCESS method=LinkedListTest.verifyCodeExecutionForLinkedList(java.lang.String,java.lang.String,java.lang.String)[pri:0, instance:dsAlgoTests.LinkedListTest@47eaca72] output={null}]]]>
              </value>
            </param>
          </params>
          <reporter-output>
          </reporter-output>
        </test-method> <!-- tearDownTest -->
        <test-method is-config="true" signature="setup(java.lang.String)[pri:0, instance:dsAlgoTests.LinkedListTest@47eaca72]" started-at="2025-02-05T17:02:05 CST" name="setup" finished-at="2025-02-05T17:02:07 CST" duration-ms="2376" status="PASS">
          <params>
            <param index="0">
              <value>
                <![CDATA[chrome]]>
              </value>
            </param>
          </params>
          <reporter-output>
          </reporter-output>
        </test-method> <!-- setup -->
        <test-method is-config="true" signature="navigateToLinkedListPage()[pri:0, instance:dsAlgoTests.LinkedListTest@47eaca72]" started-at="2025-02-05T17:02:07 CST" name="navigateToLinkedListPage" finished-at="2025-02-05T17:02:11 CST" duration-ms="3065" status="PASS">
          <reporter-output>
          </reporter-output>
        </test-method> <!-- navigateToLinkedListPage -->
        <test-method signature="verifyCodeExecutionForLinkedList(java.lang.String,java.lang.String,java.lang.String)[pri:0, instance:dsAlgoTests.LinkedListTest@47eaca72]" started-at="2025-02-05T17:02:11 CST" name="verifyCodeExecutionForLinkedList" data-provider="TryEditorDataLinkedList" finished-at="2025-02-05T17:02:13 CST" duration-ms="1961" status="PASS">
          <params>
            <param index="0">
              <value>
                <![CDATA[Creating Linked LIst]]>
              </value>
            </param>
            <param index="1">
              <value>
                <![CDATA[invalid]]>
              </value>
            </param>
            <param index="2">
              <value>
                <![CDATA[NameError: name 'invalid' is not defined on line 1]]>
              </value>
            </param>
          </params>
          <reporter-output>
          </reporter-output>
        </test-method> <!-- verifyCodeExecutionForLinkedList -->
        <test-method is-config="true" signature="tearDownTest(org.testng.ITestResult)[pri:0, instance:dsAlgoTests.LinkedListTest@47eaca72]" started-at="2025-02-05T17:02:13 CST" name="tearDownTest" finished-at="2025-02-05T17:02:13 CST" duration-ms="257" status="PASS">
          <params>
            <param index="0">
              <value>
                <![CDATA[[TestResult name=verifyCodeExecutionForLinkedList status=SUCCESS method=LinkedListTest.verifyCodeExecutionForLinkedList(java.lang.String,java.lang.String,java.lang.String)[pri:0, instance:dsAlgoTests.LinkedListTest@47eaca72] output={null}]]]>
              </value>
            </param>
          </params>
          <reporter-output>
          </reporter-output>
        </test-method> <!-- tearDownTest -->
        <test-method is-config="true" signature="setup(java.lang.String)[pri:0, instance:dsAlgoTests.LinkedListTest@47eaca72]" started-at="2025-02-05T17:02:13 CST" name="setup" finished-at="2025-02-05T17:02:15 CST" duration-ms="2124" status="PASS">
          <params>
            <param index="0">
              <value>
                <![CDATA[chrome]]>
              </value>
            </param>
          </params>
          <reporter-output>
          </reporter-output>
        </test-method> <!-- setup -->
        <test-method is-config="true" signature="navigateToLinkedListPage()[pri:0, instance:dsAlgoTests.LinkedListTest@47eaca72]" started-at="2025-02-05T17:02:15 CST" name="navigateToLinkedListPage" finished-at="2025-02-05T17:02:18 CST" duration-ms="3068" status="PASS">
          <reporter-output>
          </reporter-output>
        </test-method> <!-- navigateToLinkedListPage -->
        <test-method signature="verifyCodeExecutionForLinkedList(java.lang.String,java.lang.String,java.lang.String)[pri:0, instance:dsAlgoTests.LinkedListTest@47eaca72]" started-at="2025-02-05T17:02:18 CST" name="verifyCodeExecutionForLinkedList" data-provider="TryEditorDataLinkedList" finished-at="2025-02-05T17:02:20 CST" duration-ms="2226" status="PASS">
          <params>
            <param index="0">
              <value>
                <![CDATA[Types of Linked List]]>
              </value>
            </param>
            <param index="1">
              <value>
                <![CDATA[print "hello"]]>
              </value>
            </param>
            <param index="2">
              <value>
                <![CDATA[hello]]>
              </value>
            </param>
          </params>
          <reporter-output>
          </reporter-output>
        </test-method> <!-- verifyCodeExecutionForLinkedList -->
        <test-method is-config="true" signature="tearDownTest(org.testng.ITestResult)[pri:0, instance:dsAlgoTests.LinkedListTest@47eaca72]" started-at="2025-02-05T17:02:20 CST" name="tearDownTest" finished-at="2025-02-05T17:02:20 CST" duration-ms="214" status="PASS">
          <params>
            <param index="0">
              <value>
                <![CDATA[[TestResult name=verifyCodeExecutionForLinkedList status=SUCCESS method=LinkedListTest.verifyCodeExecutionForLinkedList(java.lang.String,java.lang.String,java.lang.String)[pri:0, instance:dsAlgoTests.LinkedListTest@47eaca72] output={null}]]]>
              </value>
            </param>
          </params>
          <reporter-output>
          </reporter-output>
        </test-method> <!-- tearDownTest -->
        <test-method is-config="true" signature="setup(java.lang.String)[pri:0, instance:dsAlgoTests.LinkedListTest@47eaca72]" started-at="2025-02-05T17:02:20 CST" name="setup" finished-at="2025-02-05T17:02:22 CST" duration-ms="1955" status="PASS">
          <params>
            <param index="0">
              <value>
                <![CDATA[chrome]]>
              </value>
            </param>
          </params>
          <reporter-output>
          </reporter-output>
        </test-method> <!-- setup -->
        <test-method is-config="true" signature="navigateToLinkedListPage()[pri:0, instance:dsAlgoTests.LinkedListTest@47eaca72]" started-at="2025-02-05T17:02:22 CST" name="navigateToLinkedListPage" finished-at="2025-02-05T17:02:26 CST" duration-ms="3253" status="PASS">
          <reporter-output>
          </reporter-output>
        </test-method> <!-- navigateToLinkedListPage -->
        <test-method signature="verifyCodeExecutionForLinkedList(java.lang.String,java.lang.String,java.lang.String)[pri:0, instance:dsAlgoTests.LinkedListTest@47eaca72]" started-at="2025-02-05T17:02:26 CST" name="verifyCodeExecutionForLinkedList" data-provider="TryEditorDataLinkedList" finished-at="2025-02-05T17:02:28 CST" duration-ms="2379" status="PASS">
          <params>
            <param index="0">
              <value>
                <![CDATA[Types of Linked List]]>
              </value>
            </param>
            <param index="1">
              <value>
                <![CDATA[invalid]]>
              </value>
            </param>
            <param index="2">
              <value>
                <![CDATA[NameError: name 'invalid' is not defined on line 1]]>
              </value>
            </param>
          </params>
          <reporter-output>
          </reporter-output>
        </test-method> <!-- verifyCodeExecutionForLinkedList -->
        <test-method is-config="true" signature="tearDownTest(org.testng.ITestResult)[pri:0, instance:dsAlgoTests.LinkedListTest@47eaca72]" started-at="2025-02-05T17:02:28 CST" name="tearDownTest" finished-at="2025-02-05T17:02:28 CST" duration-ms="282" status="PASS">
          <params>
            <param index="0">
              <value>
                <![CDATA[[TestResult name=verifyCodeExecutionForLinkedList status=SUCCESS method=LinkedListTest.verifyCodeExecutionForLinkedList(java.lang.String,java.lang.String,java.lang.String)[pri:0, instance:dsAlgoTests.LinkedListTest@47eaca72] output={null}]]]>
              </value>
            </param>
          </params>
          <reporter-output>
          </reporter-output>
        </test-method> <!-- tearDownTest -->
        <test-method is-config="true" signature="setup(java.lang.String)[pri:0, instance:dsAlgoTests.LinkedListTest@47eaca72]" started-at="2025-02-05T17:02:28 CST" name="setup" finished-at="2025-02-05T17:02:31 CST" duration-ms="2368" status="PASS">
          <params>
            <param index="0">
              <value>
                <![CDATA[chrome]]>
              </value>
            </param>
          </params>
          <reporter-output>
          </reporter-output>
        </test-method> <!-- setup -->
        <test-method is-config="true" signature="navigateToLinkedListPage()[pri:0, instance:dsAlgoTests.LinkedListTest@47eaca72]" started-at="2025-02-05T17:02:31 CST" name="navigateToLinkedListPage" finished-at="2025-02-05T17:02:33 CST" duration-ms="2712" status="PASS">
          <reporter-output>
          </reporter-output>
        </test-method> <!-- navigateToLinkedListPage -->
        <test-method signature="verifyCodeExecutionForLinkedList(java.lang.String,java.lang.String,java.lang.String)[pri:0, instance:dsAlgoTests.LinkedListTest@47eaca72]" started-at="2025-02-05T17:02:33 CST" name="verifyCodeExecutionForLinkedList" data-provider="TryEditorDataLinkedList" finished-at="2025-02-05T17:02:35 CST" duration-ms="2049" status="PASS">
          <params>
            <param index="0">
              <value>
                <![CDATA[Implement Linked List in Python]]>
              </value>
            </param>
            <param index="1">
              <value>
                <![CDATA[print "hello"]]>
              </value>
            </param>
            <param index="2">
              <value>
                <![CDATA[hello]]>
              </value>
            </param>
          </params>
          <reporter-output>
          </reporter-output>
        </test-method> <!-- verifyCodeExecutionForLinkedList -->
        <test-method is-config="true" signature="tearDownTest(org.testng.ITestResult)[pri:0, instance:dsAlgoTests.LinkedListTest@47eaca72]" started-at="2025-02-05T17:02:35 CST" name="tearDownTest" finished-at="2025-02-05T17:02:36 CST" duration-ms="335" status="PASS">
          <params>
            <param index="0">
              <value>
                <![CDATA[[TestResult name=verifyCodeExecutionForLinkedList status=SUCCESS method=LinkedListTest.verifyCodeExecutionForLinkedList(java.lang.String,java.lang.String,java.lang.String)[pri:0, instance:dsAlgoTests.LinkedListTest@47eaca72] output={null}]]]>
              </value>
            </param>
          </params>
          <reporter-output>
          </reporter-output>
        </test-method> <!-- tearDownTest -->
        <test-method is-config="true" signature="setup(java.lang.String)[pri:0, instance:dsAlgoTests.LinkedListTest@47eaca72]" started-at="2025-02-05T17:02:36 CST" name="setup" finished-at="2025-02-05T17:02:38 CST" duration-ms="2387" status="PASS">
          <params>
            <param index="0">
              <value>
                <![CDATA[chrome]]>
              </value>
            </param>
          </params>
          <reporter-output>
          </reporter-output>
        </test-method> <!-- setup -->
        <test-method is-config="true" signature="navigateToLinkedListPage()[pri:0, instance:dsAlgoTests.LinkedListTest@47eaca72]" started-at="2025-02-05T17:02:38 CST" name="navigateToLinkedListPage" finished-at="2025-02-05T17:02:41 CST" duration-ms="2815" status="PASS">
          <reporter-output>
          </reporter-output>
        </test-method> <!-- navigateToLinkedListPage -->
        <test-method signature="verifyCodeExecutionForLinkedList(java.lang.String,java.lang.String,java.lang.String)[pri:0, instance:dsAlgoTests.LinkedListTest@47eaca72]" started-at="2025-02-05T17:02:41 CST" name="verifyCodeExecutionForLinkedList" data-provider="TryEditorDataLinkedList" finished-at="2025-02-05T17:02:44 CST" duration-ms="2683" status="PASS">
          <params>
            <param index="0">
              <value>
                <![CDATA[Implement Linked List in Python]]>
              </value>
            </param>
            <param index="1">
              <value>
                <![CDATA[invalid]]>
              </value>
            </param>
            <param index="2">
              <value>
                <![CDATA[NameError: name 'invalid' is not defined on line 1]]>
              </value>
            </param>
          </params>
          <reporter-output>
          </reporter-output>
        </test-method> <!-- verifyCodeExecutionForLinkedList -->
        <test-method is-config="true" signature="tearDownTest(org.testng.ITestResult)[pri:0, instance:dsAlgoTests.LinkedListTest@47eaca72]" started-at="2025-02-05T17:02:44 CST" name="tearDownTest" finished-at="2025-02-05T17:02:44 CST" duration-ms="223" status="PASS">
          <params>
            <param index="0">
              <value>
                <![CDATA[[TestResult name=verifyCodeExecutionForLinkedList status=SUCCESS method=LinkedListTest.verifyCodeExecutionForLinkedList(java.lang.String,java.lang.String,java.lang.String)[pri:0, instance:dsAlgoTests.LinkedListTest@47eaca72] output={null}]]]>
              </value>
            </param>
          </params>
          <reporter-output>
          </reporter-output>
        </test-method> <!-- tearDownTest -->
        <test-method is-config="true" signature="setup(java.lang.String)[pri:0, instance:dsAlgoTests.LinkedListTest@47eaca72]" started-at="2025-02-05T17:02:44 CST" name="setup" finished-at="2025-02-05T17:02:46 CST" duration-ms="2284" status="PASS">
          <params>
            <param index="0">
              <value>
                <![CDATA[chrome]]>
              </value>
            </param>
          </params>
          <reporter-output>
          </reporter-output>
        </test-method> <!-- setup -->
        <test-method is-config="true" signature="navigateToLinkedListPage()[pri:0, instance:dsAlgoTests.LinkedListTest@47eaca72]" started-at="2025-02-05T17:02:46 CST" name="navigateToLinkedListPage" finished-at="2025-02-05T17:02:49 CST" duration-ms="2376" status="PASS">
          <reporter-output>
          </reporter-output>
        </test-method> <!-- navigateToLinkedListPage -->
        <test-method signature="verifyCodeExecutionForLinkedList(java.lang.String,java.lang.String,java.lang.String)[pri:0, instance:dsAlgoTests.LinkedListTest@47eaca72]" started-at="2025-02-05T17:02:49 CST" name="verifyCodeExecutionForLinkedList" data-provider="TryEditorDataLinkedList" finished-at="2025-02-05T17:02:51 CST" duration-ms="2399" status="PASS">
          <params>
            <param index="0">
              <value>
                <![CDATA[Traversal]]>
              </value>
            </param>
            <param index="1">
              <value>
                <![CDATA[print "hello"]]>
              </value>
            </param>
            <param index="2">
              <value>
                <![CDATA[hello]]>
              </value>
            </param>
          </params>
          <reporter-output>
          </reporter-output>
        </test-method> <!-- verifyCodeExecutionForLinkedList -->
        <test-method is-config="true" signature="tearDownTest(org.testng.ITestResult)[pri:0, instance:dsAlgoTests.LinkedListTest@47eaca72]" started-at="2025-02-05T17:02:51 CST" name="tearDownTest" finished-at="2025-02-05T17:02:51 CST" duration-ms="487" status="PASS">
          <params>
            <param index="0">
              <value>
                <![CDATA[[TestResult name=verifyCodeExecutionForLinkedList status=SUCCESS method=LinkedListTest.verifyCodeExecutionForLinkedList(java.lang.String,java.lang.String,java.lang.String)[pri:0, instance:dsAlgoTests.LinkedListTest@47eaca72] output={null}]]]>
              </value>
            </param>
          </params>
          <reporter-output>
          </reporter-output>
        </test-method> <!-- tearDownTest -->
        <test-method is-config="true" signature="setup(java.lang.String)[pri:0, instance:dsAlgoTests.LinkedListTest@47eaca72]" started-at="2025-02-05T17:02:51 CST" name="setup" finished-at="2025-02-05T17:02:54 CST" duration-ms="2653" status="PASS">
          <params>
            <param index="0">
              <value>
                <![CDATA[chrome]]>
              </value>
            </param>
          </params>
          <reporter-output>
          </reporter-output>
        </test-method> <!-- setup -->
        <test-method is-config="true" signature="navigateToLinkedListPage()[pri:0, instance:dsAlgoTests.LinkedListTest@47eaca72]" started-at="2025-02-05T17:02:54 CST" name="navigateToLinkedListPage" finished-at="2025-02-05T17:02:57 CST" duration-ms="3008" status="PASS">
          <reporter-output>
          </reporter-output>
        </test-method> <!-- navigateToLinkedListPage -->
        <test-method signature="verifyCodeExecutionForLinkedList(java.lang.String,java.lang.String,java.lang.String)[pri:0, instance:dsAlgoTests.LinkedListTest@47eaca72]" started-at="2025-02-05T17:02:57 CST" name="verifyCodeExecutionForLinkedList" data-provider="TryEditorDataLinkedList" finished-at="2025-02-05T17:02:59 CST" duration-ms="2061" status="PASS">
          <params>
            <param index="0">
              <value>
                <![CDATA[Traversal]]>
              </value>
            </param>
            <param index="1">
              <value>
                <![CDATA[invalid]]>
              </value>
            </param>
            <param index="2">
              <value>
                <![CDATA[NameError: name 'invalid' is not defined on line 1]]>
              </value>
            </param>
          </params>
          <reporter-output>
          </reporter-output>
        </test-method> <!-- verifyCodeExecutionForLinkedList -->
        <test-method is-config="true" signature="tearDownTest(org.testng.ITestResult)[pri:0, instance:dsAlgoTests.LinkedListTest@47eaca72]" started-at="2025-02-05T17:02:59 CST" name="tearDownTest" finished-at="2025-02-05T17:02:59 CST" duration-ms="297" status="PASS">
          <params>
            <param index="0">
              <value>
                <![CDATA[[TestResult name=verifyCodeExecutionForLinkedList status=SUCCESS method=LinkedListTest.verifyCodeExecutionForLinkedList(java.lang.String,java.lang.String,java.lang.String)[pri:0, instance:dsAlgoTests.LinkedListTest@47eaca72] output={null}]]]>
              </value>
            </param>
          </params>
          <reporter-output>
          </reporter-output>
        </test-method> <!-- tearDownTest -->
        <test-method is-config="true" signature="setup(java.lang.String)[pri:0, instance:dsAlgoTests.LinkedListTest@47eaca72]" started-at="2025-02-05T17:02:59 CST" name="setup" finished-at="2025-02-05T17:03:02 CST" duration-ms="2199" status="PASS">
          <params>
            <param index="0">
              <value>
                <![CDATA[chrome]]>
              </value>
            </param>
          </params>
          <reporter-output>
          </reporter-output>
        </test-method> <!-- setup -->
        <test-method is-config="true" signature="navigateToLinkedListPage()[pri:0, instance:dsAlgoTests.LinkedListTest@47eaca72]" started-at="2025-02-05T17:03:02 CST" name="navigateToLinkedListPage" finished-at="2025-02-05T17:03:05 CST" duration-ms="2898" status="PASS">
          <reporter-output>
          </reporter-output>
        </test-method> <!-- navigateToLinkedListPage -->
        <test-method signature="verifyCodeExecutionForLinkedList(java.lang.String,java.lang.String,java.lang.String)[pri:0, instance:dsAlgoTests.LinkedListTest@47eaca72]" started-at="2025-02-05T17:03:05 CST" name="verifyCodeExecutionForLinkedList" data-provider="TryEditorDataLinkedList" finished-at="2025-02-05T17:03:07 CST" duration-ms="2358" status="PASS">
          <params>
            <param index="0">
              <value>
                <![CDATA[Insertion]]>
              </value>
            </param>
            <param index="1">
              <value>
                <![CDATA[print "hello"]]>
              </value>
            </param>
            <param index="2">
              <value>
                <![CDATA[hello]]>
              </value>
            </param>
          </params>
          <reporter-output>
          </reporter-output>
        </test-method> <!-- verifyCodeExecutionForLinkedList -->
        <test-method is-config="true" signature="tearDownTest(org.testng.ITestResult)[pri:0, instance:dsAlgoTests.LinkedListTest@47eaca72]" started-at="2025-02-05T17:03:07 CST" name="tearDownTest" finished-at="2025-02-05T17:03:07 CST" duration-ms="460" status="PASS">
          <params>
            <param index="0">
              <value>
                <![CDATA[[TestResult name=verifyCodeExecutionForLinkedList status=SUCCESS method=LinkedListTest.verifyCodeExecutionForLinkedList(java.lang.String,java.lang.String,java.lang.String)[pri:0, instance:dsAlgoTests.LinkedListTest@47eaca72] output={null}]]]>
              </value>
            </param>
          </params>
          <reporter-output>
          </reporter-output>
        </test-method> <!-- tearDownTest -->
        <test-method is-config="true" signature="setup(java.lang.String)[pri:0, instance:dsAlgoTests.LinkedListTest@47eaca72]" started-at="2025-02-05T17:03:07 CST" name="setup" finished-at="2025-02-05T17:03:10 CST" duration-ms="2633" status="PASS">
          <params>
            <param index="0">
              <value>
                <![CDATA[chrome]]>
              </value>
            </param>
          </params>
          <reporter-output>
          </reporter-output>
        </test-method> <!-- setup -->
        <test-method is-config="true" signature="navigateToLinkedListPage()[pri:0, instance:dsAlgoTests.LinkedListTest@47eaca72]" started-at="2025-02-05T17:03:10 CST" name="navigateToLinkedListPage" finished-at="2025-02-05T17:03:13 CST" duration-ms="3184" status="PASS">
          <reporter-output>
          </reporter-output>
        </test-method> <!-- navigateToLinkedListPage -->
        <test-method signature="verifyCodeExecutionForLinkedList(java.lang.String,java.lang.String,java.lang.String)[pri:0, instance:dsAlgoTests.LinkedListTest@47eaca72]" started-at="2025-02-05T17:03:13 CST" name="verifyCodeExecutionForLinkedList" data-provider="TryEditorDataLinkedList" finished-at="2025-02-05T17:03:16 CST" duration-ms="2336" status="PASS">
          <params>
            <param index="0">
              <value>
                <![CDATA[Insertion]]>
              </value>
            </param>
            <param index="1">
              <value>
                <![CDATA[invalid]]>
              </value>
            </param>
            <param index="2">
              <value>
                <![CDATA[NameError: name 'invalid' is not defined on line 1]]>
              </value>
            </param>
          </params>
          <reporter-output>
          </reporter-output>
        </test-method> <!-- verifyCodeExecutionForLinkedList -->
        <test-method is-config="true" signature="tearDownTest(org.testng.ITestResult)[pri:0, instance:dsAlgoTests.LinkedListTest@47eaca72]" started-at="2025-02-05T17:03:16 CST" name="tearDownTest" finished-at="2025-02-05T17:03:16 CST" duration-ms="231" status="PASS">
          <params>
            <param index="0">
              <value>
                <![CDATA[[TestResult name=verifyCodeExecutionForLinkedList status=SUCCESS method=LinkedListTest.verifyCodeExecutionForLinkedList(java.lang.String,java.lang.String,java.lang.String)[pri:0, instance:dsAlgoTests.LinkedListTest@47eaca72] output={null}]]]>
              </value>
            </param>
          </params>
          <reporter-output>
          </reporter-output>
        </test-method> <!-- tearDownTest -->
        <test-method is-config="true" signature="setup(java.lang.String)[pri:0, instance:dsAlgoTests.LinkedListTest@47eaca72]" started-at="2025-02-05T17:03:16 CST" name="setup" finished-at="2025-02-05T17:03:18 CST" duration-ms="2014" status="PASS">
          <params>
            <param index="0">
              <value>
                <![CDATA[chrome]]>
              </value>
            </param>
          </params>
          <reporter-output>
          </reporter-output>
        </test-method> <!-- setup -->
        <test-method is-config="true" signature="navigateToLinkedListPage()[pri:0, instance:dsAlgoTests.LinkedListTest@47eaca72]" started-at="2025-02-05T17:03:18 CST" name="navigateToLinkedListPage" finished-at="2025-02-05T17:03:21 CST" duration-ms="2826" status="PASS">
          <reporter-output>
          </reporter-output>
        </test-method> <!-- navigateToLinkedListPage -->
        <test-method signature="verifyCodeExecutionForLinkedList(java.lang.String,java.lang.String,java.lang.String)[pri:0, instance:dsAlgoTests.LinkedListTest@47eaca72]" started-at="2025-02-05T17:03:21 CST" name="verifyCodeExecutionForLinkedList" data-provider="TryEditorDataLinkedList" finished-at="2025-02-05T17:03:23 CST" duration-ms="1951" status="PASS">
          <params>
            <param index="0">
              <value>
                <![CDATA[Deletion]]>
              </value>
            </param>
            <param index="1">
              <value>
                <![CDATA[print "hello"]]>
              </value>
            </param>
            <param index="2">
              <value>
                <![CDATA[hello]]>
              </value>
            </param>
          </params>
          <reporter-output>
          </reporter-output>
        </test-method> <!-- verifyCodeExecutionForLinkedList -->
        <test-method is-config="true" signature="tearDownTest(org.testng.ITestResult)[pri:0, instance:dsAlgoTests.LinkedListTest@47eaca72]" started-at="2025-02-05T17:03:23 CST" name="tearDownTest" finished-at="2025-02-05T17:03:23 CST" duration-ms="317" status="PASS">
          <params>
            <param index="0">
              <value>
                <![CDATA[[TestResult name=verifyCodeExecutionForLinkedList status=SUCCESS method=LinkedListTest.verifyCodeExecutionForLinkedList(java.lang.String,java.lang.String,java.lang.String)[pri:0, instance:dsAlgoTests.LinkedListTest@47eaca72] output={null}]]]>
              </value>
            </param>
          </params>
          <reporter-output>
          </reporter-output>
        </test-method> <!-- tearDownTest -->
        <test-method is-config="true" signature="setup(java.lang.String)[pri:0, instance:dsAlgoTests.LinkedListTest@47eaca72]" started-at="2025-02-05T17:03:23 CST" name="setup" finished-at="2025-02-05T17:03:25 CST" duration-ms="2152" status="PASS">
          <params>
            <param index="0">
              <value>
                <![CDATA[chrome]]>
              </value>
            </param>
          </params>
          <reporter-output>
          </reporter-output>
        </test-method> <!-- setup -->
        <test-method is-config="true" signature="navigateToLinkedListPage()[pri:0, instance:dsAlgoTests.LinkedListTest@47eaca72]" started-at="2025-02-05T17:03:25 CST" name="navigateToLinkedListPage" finished-at="2025-02-05T17:03:29 CST" duration-ms="3540" status="PASS">
          <reporter-output>
          </reporter-output>
        </test-method> <!-- navigateToLinkedListPage -->
        <test-method signature="verifyCodeExecutionForLinkedList(java.lang.String,java.lang.String,java.lang.String)[pri:0, instance:dsAlgoTests.LinkedListTest@47eaca72]" started-at="2025-02-05T17:03:29 CST" name="verifyCodeExecutionForLinkedList" data-provider="TryEditorDataLinkedList" finished-at="2025-02-05T17:03:31 CST" duration-ms="2711" status="PASS">
          <params>
            <param index="0">
              <value>
                <![CDATA[Deletion]]>
              </value>
            </param>
            <param index="1">
              <value>
                <![CDATA[invalid]]>
              </value>
            </param>
            <param index="2">
              <value>
                <![CDATA[NameError: name 'invalid' is not defined on line 1]]>
              </value>
            </param>
          </params>
          <reporter-output>
          </reporter-output>
        </test-method> <!-- verifyCodeExecutionForLinkedList -->
        <test-method is-config="true" signature="tearDownTest(org.testng.ITestResult)[pri:0, instance:dsAlgoTests.LinkedListTest@47eaca72]" started-at="2025-02-05T17:03:31 CST" name="tearDownTest" finished-at="2025-02-05T17:03:32 CST" duration-ms="347" status="PASS">
          <params>
            <param index="0">
              <value>
                <![CDATA[[TestResult name=verifyCodeExecutionForLinkedList status=SUCCESS method=LinkedListTest.verifyCodeExecutionForLinkedList(java.lang.String,java.lang.String,java.lang.String)[pri:0, instance:dsAlgoTests.LinkedListTest@47eaca72] output={null}]]]>
              </value>
            </param>
          </params>
          <reporter-output>
          </reporter-output>
        </test-method> <!-- tearDownTest -->
        <test-method is-config="true" signature="setup(java.lang.String)[pri:0, instance:dsAlgoTests.LinkedListTest@47eaca72]" started-at="2025-02-05T17:03:32 CST" name="setup" finished-at="2025-02-05T17:03:34 CST" duration-ms="2325" status="PASS">
          <params>
            <param index="0">
              <value>
                <![CDATA[chrome]]>
              </value>
            </param>
          </params>
          <reporter-output>
          </reporter-output>
        </test-method> <!-- setup -->
        <test-method is-config="true" signature="navigateToLinkedListPage()[pri:0, instance:dsAlgoTests.LinkedListTest@47eaca72]" started-at="2025-02-05T17:03:34 CST" name="navigateToLinkedListPage" finished-at="2025-02-05T17:03:37 CST" duration-ms="3066" status="PASS">
          <reporter-output>
          </reporter-output>
        </test-method> <!-- navigateToLinkedListPage -->
        <test-method signature="verifyCodeExecutionForLinkedList(java.lang.String,java.lang.String,java.lang.String)[pri:0, instance:dsAlgoTests.LinkedListTest@47eaca72]" started-at="2025-02-05T17:03:37 CST" name="verifyCodeExecutionForLinkedList" data-provider="TryEditorDataLinkedList" finished-at="2025-02-05T17:03:37 CST" duration-ms="2" status="FAIL">
          <params>
            <param index="0">
              <value>
                <![CDATA[]]>
              </value>
            </param>
            <param index="1">
              <value>
                <![CDATA[]]>
              </value>
            </param>
            <param index="2">
              <value>
                <![CDATA[]]>
              </value>
            </param>
          </params>
          <exception class="java.lang.IllegalArgumentException">
            <message>
              <![CDATA[Invalid section: ]]>
            </message>
            <full-stacktrace>
              <![CDATA[java.lang.IllegalArgumentException: Invalid section: 
at dsAlgoPages.LinkedListPage.Option(LinkedListPage.java:130)
at dsAlgoTests.LinkedListTest.verifyCodeExecutionForLinkedList(LinkedListTest.java:177)
at java.base/jdk.internal.reflect.DirectMethodHandleAccessor.invoke(DirectMethodHandleAccessor.java:103)
at java.base/java.lang.reflect.Method.invoke(Method.java:580)
at org.testng.internal.MethodInvocationHelper.invokeMethod(MethodInvocationHelper.java:133)
at org.testng.internal.TestInvoker.invokeMethod(TestInvoker.java:598)
at org.testng.internal.TestInvoker.invokeTestMethod(TestInvoker.java:173)
at org.testng.internal.MethodRunner.runInSequence(MethodRunner.java:46)
at org.testng.internal.TestInvoker$MethodInvocationAgent.invoke(TestInvoker.java:824)
at org.testng.internal.TestInvoker.invokeTestMethods(TestInvoker.java:146)
at org.testng.internal.TestMethodWorker.invokeTestMethods(TestMethodWorker.java:146)
at org.testng.internal.TestMethodWorker.run(TestMethodWorker.java:128)
at java.base/java.util.ArrayList.forEach(ArrayList.java:1596)
at org.testng.TestRunner.privateRun(TestRunner.java:794)
at org.testng.TestRunner.run(TestRunner.java:596)
at org.testng.SuiteRunner.runTest(SuiteRunner.java:377)
at org.testng.SuiteRunner.access$000(SuiteRunner.java:28)
at org.testng.SuiteRunner$SuiteWorker.run(SuiteRunner.java:418)
at org.testng.internal.thread.ThreadUtil.lambda$execute$0(ThreadUtil.java:64)
at java.base/java.util.concurrent.FutureTask.run(FutureTask.java:317)
at java.base/java.util.concurrent.ThreadPoolExecutor.runWorker(ThreadPoolExecutor.java:1144)
at java.base/java.util.concurrent.ThreadPoolExecutor$Worker.run(ThreadPoolExecutor.java:642)
at java.base/java.lang.Thread.run(Thread.java:1583)
]]>
            </full-stacktrace>
          </exception> <!-- java.lang.IllegalArgumentException -->
          <reporter-output>
          </reporter-output>
        </test-method> <!-- verifyCodeExecutionForLinkedList -->
        <test-method is-config="true" signature="tearDownTest(org.testng.ITestResult)[pri:0, instance:dsAlgoTests.LinkedListTest@47eaca72]" started-at="2025-02-05T17:03:37 CST" name="tearDownTest" finished-at="2025-02-05T17:03:37 CST" duration-ms="498" status="PASS">
          <params>
            <param index="0">
              <value>
                <![CDATA[[TestResult name=verifyCodeExecutionForLinkedList status=FAILURE method=LinkedListTest.verifyCodeExecutionForLinkedList(java.lang.String,java.lang.String,java.lang.String)[pri:0, instance:dsAlgoTests.LinkedListTest@47eaca72] output={null}]]]>
              </value>
            </param>
          </params>
          <reporter-output>
          </reporter-output>
        </test-method> <!-- tearDownTest -->
        <test-method is-config="true" signature="setup(java.lang.String)[pri:0, instance:dsAlgoTests.LinkedListTest@47eaca72]" started-at="2025-02-05T17:03:37 CST" name="setup" finished-at="2025-02-05T17:03:40 CST" duration-ms="2091" status="PASS">
          <params>
            <param index="0">
              <value>
                <![CDATA[chrome]]>
              </value>
            </param>
          </params>
          <reporter-output>
          </reporter-output>
        </test-method> <!-- setup -->
        <test-method is-config="true" signature="navigateToLinkedListPage()[pri:0, instance:dsAlgoTests.LinkedListTest@47eaca72]" started-at="2025-02-05T17:03:40 CST" name="navigateToLinkedListPage" finished-at="2025-02-05T17:03:43 CST" duration-ms="3086" status="PASS">
          <reporter-output>
          </reporter-output>
        </test-method> <!-- navigateToLinkedListPage -->
        <test-method signature="verifyCodeExecutionForLinkedList(java.lang.String,java.lang.String,java.lang.String)[pri:0, instance:dsAlgoTests.LinkedListTest@47eaca72]" started-at="2025-02-05T17:03:43 CST" name="verifyCodeExecutionForLinkedList" data-provider="TryEditorDataLinkedList" finished-at="2025-02-05T17:03:43 CST" duration-ms="3" status="FAIL">
          <params>
            <param index="0">
              <value>
                <![CDATA[]]>
              </value>
            </param>
            <param index="1">
              <value>
                <![CDATA[]]>
              </value>
            </param>
            <param index="2">
              <value>
                <![CDATA[]]>
              </value>
            </param>
          </params>
          <exception class="java.lang.IllegalArgumentException">
            <message>
              <![CDATA[Invalid section: ]]>
            </message>
            <full-stacktrace>
              <![CDATA[java.lang.IllegalArgumentException: Invalid section: 
at dsAlgoPages.LinkedListPage.Option(LinkedListPage.java:130)
at dsAlgoTests.LinkedListTest.verifyCodeExecutionForLinkedList(LinkedListTest.java:177)
at java.base/jdk.internal.reflect.DirectMethodHandleAccessor.invoke(DirectMethodHandleAccessor.java:103)
at java.base/java.lang.reflect.Method.invoke(Method.java:580)
at org.testng.internal.MethodInvocationHelper.invokeMethod(MethodInvocationHelper.java:133)
at org.testng.internal.TestInvoker.invokeMethod(TestInvoker.java:598)
at org.testng.internal.TestInvoker.invokeTestMethod(TestInvoker.java:173)
at org.testng.internal.MethodRunner.runInSequence(MethodRunner.java:46)
at org.testng.internal.TestInvoker$MethodInvocationAgent.invoke(TestInvoker.java:824)
at org.testng.internal.TestInvoker.invokeTestMethods(TestInvoker.java:146)
at org.testng.internal.TestMethodWorker.invokeTestMethods(TestMethodWorker.java:146)
at org.testng.internal.TestMethodWorker.run(TestMethodWorker.java:128)
at java.base/java.util.ArrayList.forEach(ArrayList.java:1596)
at org.testng.TestRunner.privateRun(TestRunner.java:794)
at org.testng.TestRunner.run(TestRunner.java:596)
at org.testng.SuiteRunner.runTest(SuiteRunner.java:377)
at org.testng.SuiteRunner.access$000(SuiteRunner.java:28)
at org.testng.SuiteRunner$SuiteWorker.run(SuiteRunner.java:418)
at org.testng.internal.thread.ThreadUtil.lambda$execute$0(ThreadUtil.java:64)
at java.base/java.util.concurrent.FutureTask.run(FutureTask.java:317)
at java.base/java.util.concurrent.ThreadPoolExecutor.runWorker(ThreadPoolExecutor.java:1144)
at java.base/java.util.concurrent.ThreadPoolExecutor$Worker.run(ThreadPoolExecutor.java:642)
at java.base/java.lang.Thread.run(Thread.java:1583)
]]>
            </full-stacktrace>
          </exception> <!-- java.lang.IllegalArgumentException -->
          <reporter-output>
          </reporter-output>
        </test-method> <!-- verifyCodeExecutionForLinkedList -->
        <test-method is-config="true" signature="tearDownTest(org.testng.ITestResult)[pri:0, instance:dsAlgoTests.LinkedListTest@47eaca72]" started-at="2025-02-05T17:03:43 CST" name="tearDownTest" finished-at="2025-02-05T17:03:43 CST" duration-ms="432" status="PASS">
          <params>
            <param index="0">
              <value>
                <![CDATA[[TestResult name=verifyCodeExecutionForLinkedList status=FAILURE method=LinkedListTest.verifyCodeExecutionForLinkedList(java.lang.String,java.lang.String,java.lang.String)[pri:0, instance:dsAlgoTests.LinkedListTest@47eaca72] output={null}]]]>
              </value>
            </param>
          </params>
          <reporter-output>
          </reporter-output>
        </test-method> <!-- tearDownTest -->
      </class> <!-- dsAlgoTests.LinkedListTest -->
    </test> <!-- Test -->
  </suite> <!-- TestSuite -->
</testng-results>
