<?xml version="1.0" encoding="UTF-8"?>
<testng-results ignored="0" total="5" passed="3" failed="2" skipped="0">
  <reporter-output>
  </reporter-output>
  <suite started-at="2025-01-31T03:26:10 IST" name="Default suite" finished-at="2025-01-31T03:26:47 IST" duration-ms="37092">
    <groups>
    </groups>
    <test started-at="2025-01-31T03:26:10 IST" name="Default test" finished-at="2025-01-31T03:26:47 IST" duration-ms="37092">
      <class name="dsAlgoTests.SigninTest">
        <test-method is-config="true" signature="setupSuite()[pri:0, instance:dsAlgoTests.SigninTest@7d9f158f]" started-at="2025-01-31T03:26:10 IST" name="setupSuite" finished-at="2025-01-31T03:26:10 IST" duration-ms="12" status="PASS">
          <reporter-output>
          </reporter-output>
        </test-method> <!-- setupSuite -->
        <test-method is-config="true" signature="before(java.lang.String)[pri:0, instance:dsAlgoTests.SigninTest@7d9f158f]" started-at="2025-01-31T03:26:10 IST" name="before" finished-at="2025-01-31T03:26:12 IST" duration-ms="2313" status="PASS">
          <params>
            <param index="0">
              <value>
                <![CDATA[]]>
              </value>
            </param>
          </params>
          <reporter-output>
          </reporter-output>
        </test-method> <!-- before -->
        <test-method is-config="true" signature="navigateToDsAlgoApplication()[pri:0, instance:dsAlgoTests.SigninTest@7d9f158f]" started-at="2025-01-31T03:26:12 IST" name="navigateToDsAlgoApplication" finished-at="2025-01-31T03:26:13 IST" duration-ms="403" status="PASS">
          <reporter-output>
          </reporter-output>
        </test-method> <!-- navigateToDsAlgoApplication -->
        <test-method signature="navigateToLogin()[pri:0, instance:dsAlgoTests.SigninTest@7d9f158f]" started-at="2025-01-31T03:26:13 IST" name="navigateToLogin" finished-at="2025-01-31T03:26:13 IST" duration-ms="279" status="PASS">
          <reporter-output>
          </reporter-output>
        </test-method> <!-- navigateToLogin -->
        <test-method is-config="true" signature="tearDownTest(org.testng.ITestResult)[pri:0, instance:dsAlgoTests.SigninTest@7d9f158f]" started-at="2025-01-31T03:26:13 IST" name="tearDownTest" finished-at="2025-01-31T03:26:13 IST" duration-ms="162" status="PASS">
          <params>
            <param index="0">
              <value>
                <![CDATA[[TestResult name=navigateToLogin status=SUCCESS method=SigninTest.navigateToLogin()[pri:0, instance:dsAlgoTests.SigninTest@7d9f158f] output={null}]]]>
              </value>
            </param>
          </params>
          <reporter-output>
          </reporter-output>
        </test-method> <!-- tearDownTest -->
        <test-method is-config="true" signature="before(java.lang.String)[pri:0, instance:dsAlgoTests.SigninTest@7d9f158f]" started-at="2025-01-31T03:26:14 IST" name="before" finished-at="2025-01-31T03:26:16 IST" duration-ms="1611" status="PASS">
          <params>
            <param index="0">
              <value>
                <![CDATA[]]>
              </value>
            </param>
          </params>
          <reporter-output>
          </reporter-output>
        </test-method> <!-- before -->
        <test-method is-config="true" signature="navigateToDsAlgoApplication()[pri:0, instance:dsAlgoTests.SigninTest@7d9f158f]" started-at="2025-01-31T03:26:16 IST" name="navigateToDsAlgoApplication" finished-at="2025-01-31T03:26:16 IST" duration-ms="460" status="PASS">
          <reporter-output>
          </reporter-output>
        </test-method> <!-- navigateToDsAlgoApplication -->
        <test-method signature="verifyLoginWithInValidUsernameValidPassword(java.lang.String,java.lang.String)[pri:0, instance:dsAlgoTests.SigninTest@7d9f158f]" started-at="2025-01-31T03:26:16 IST" name="verifyLoginWithInValidUsernameValidPassword" data-provider="Credtionals" finished-at="2025-01-31T03:26:27 IST" duration-ms="10970" status="FAIL">
          <params>
            <param index="0">
              <value>
                <![CDATA[Questers]]>
              </value>
            </param>
            <param index="1">
              <value>
                <![CDATA[Awesome@2025]]>
              </value>
            </param>
          </params>
          <exception class="org.openqa.selenium.NoSuchElementException">
            <message>
              <![CDATA[no such element: Unable to locate element: {"method":"xpath","selector":"//div[contains(text(),'Invalid Username and Password')]"}
  (Session info: chrome=132.0.6834.111)
For documentation on this error, please visit: https://www.selenium.dev/documentation/webdriver/troubleshooting/errors#no-such-element-exception
Build info: version: '4.17.0', revision: 'e52b1be057*'
System info: os.name: 'Windows 11', os.arch: 'amd64', os.version: '10.0', java.version: '23.0.1'
Driver info: org.openqa.selenium.chrome.ChromeDriver
Command: [3757e46711700640f8c196f760375dd8, findElement {using=xpath, value=//div[contains(text(),'Invalid Username and Password')]}]
Capabilities {acceptInsecureCerts: false, browserName: chrome, browserVersion: 132.0.6834.111, chrome: {chromedriverVersion: 132.0.6834.159 (2d77d3fc445..., userDataDir: C:\Users\shaal\AppData\Loca...}, fedcm:accounts: true, goog:chromeOptions: {debuggerAddress: localhost:54823}, networkConnectionEnabled: false, pageLoadStrategy: normal, platformName: windows, proxy: Proxy(), se:cdp: ws://localhost:54823/devtoo..., se:cdpVersion: 132.0.6834.111, setWindowRect: true, strictFileInteractability: false, timeouts: {implicit: 0, pageLoad: 300000, script: 30000}, unhandledPromptBehavior: dismiss and notify, webauthn:extension:credBlob: true, webauthn:extension:largeBlob: true, webauthn:extension:minPinLength: true, webauthn:extension:prf: true, webauthn:virtualAuthenticators: true}
Session ID: 3757e46711700640f8c196f760375dd8]]>
            </message>
            <full-stacktrace>
              <![CDATA[org.openqa.selenium.NoSuchElementException: no such element: Unable to locate element: {"method":"xpath","selector":"//div[contains(text(),'Invalid Username and Password')]"}
  (Session info: chrome=132.0.6834.111)
For documentation on this error, please visit: https://www.selenium.dev/documentation/webdriver/troubleshooting/errors#no-such-element-exception
Build info: version: '4.17.0', revision: 'e52b1be057*'
System info: os.name: 'Windows 11', os.arch: 'amd64', os.version: '10.0', java.version: '23.0.1'
Driver info: org.openqa.selenium.chrome.ChromeDriver
Command: [3757e46711700640f8c196f760375dd8, findElement {using=xpath, value=//div[contains(text(),'Invalid Username and Password')]}]
Capabilities {acceptInsecureCerts: false, browserName: chrome, browserVersion: 132.0.6834.111, chrome: {chromedriverVersion: 132.0.6834.159 (2d77d3fc445..., userDataDir: C:\Users\shaal\AppData\Loca...}, fedcm:accounts: true, goog:chromeOptions: {debuggerAddress: localhost:54823}, networkConnectionEnabled: false, pageLoadStrategy: normal, platformName: windows, proxy: Proxy(), se:cdp: ws://localhost:54823/devtoo..., se:cdpVersion: 132.0.6834.111, setWindowRect: true, strictFileInteractability: false, timeouts: {implicit: 0, pageLoad: 300000, script: 30000}, unhandledPromptBehavior: dismiss and notify, webauthn:extension:credBlob: true, webauthn:extension:largeBlob: true, webauthn:extension:minPinLength: true, webauthn:extension:prf: true, webauthn:virtualAuthenticators: true}
Session ID: 3757e46711700640f8c196f760375dd8
at java.base/jdk.internal.reflect.DirectConstructorHandleAccessor.newInstance(DirectConstructorHandleAccessor.java:62)
at java.base/java.lang.reflect.Constructor.newInstanceWithCaller(Constructor.java:501)
at java.base/java.lang.reflect.Constructor.newInstance(Constructor.java:485)
at org.openqa.selenium.remote.codec.w3c.W3CHttpResponseCodec.createException(W3CHttpResponseCodec.java:185)
at org.openqa.selenium.remote.codec.w3c.W3CHttpResponseCodec.decode(W3CHttpResponseCodec.java:134)
at org.openqa.selenium.remote.codec.w3c.W3CHttpResponseCodec.decode(W3CHttpResponseCodec.java:51)
at org.openqa.selenium.remote.HttpCommandExecutor.execute(HttpCommandExecutor.java:190)
at org.openqa.selenium.remote.service.DriverCommandExecutor.invokeExecute(DriverCommandExecutor.java:216)
at org.openqa.selenium.remote.service.DriverCommandExecutor.execute(DriverCommandExecutor.java:174)
at org.openqa.selenium.remote.RemoteWebDriver.execute(RemoteWebDriver.java:519)
at org.openqa.selenium.remote.ElementLocation$ElementFinder$2.findElement(ElementLocation.java:165)
at org.openqa.selenium.remote.ElementLocation.findElement(ElementLocation.java:59)
at org.openqa.selenium.remote.RemoteWebDriver.findElement(RemoteWebDriver.java:356)
at org.openqa.selenium.remote.RemoteWebDriver.findElement(RemoteWebDriver.java:350)
at org.openqa.selenium.support.pagefactory.DefaultElementLocator.findElement(DefaultElementLocator.java:68)
at org.openqa.selenium.support.pagefactory.internal.LocatingElementHandler.invoke(LocatingElementHandler.java:38)
at jdk.proxy2/jdk.proxy2.$Proxy18.getText(Unknown Source)
at dsAlgoPages.SigninPage.errormessage(SigninPage.java:101)
at dsAlgoTests.SigninTest.verifyLoginWithInValidUsernameValidPassword(SigninTest.java:76)
at java.base/jdk.internal.reflect.DirectMethodHandleAccessor.invoke(DirectMethodHandleAccessor.java:103)
at java.base/java.lang.reflect.Method.invoke(Method.java:580)
at org.testng.internal.MethodInvocationHelper.invokeMethod(MethodInvocationHelper.java:133)
at org.testng.internal.TestInvoker.invokeMethod(TestInvoker.java:598)
at org.testng.internal.TestInvoker.invokeTestMethod(TestInvoker.java:173)
at org.testng.internal.MethodRunner.runInSequence(MethodRunner.java:46)
at org.testng.internal.TestInvoker$MethodInvocationAgent.invoke(TestInvoker.java:824)
at org.testng.internal.TestInvoker.invokeTestMethods(TestInvoker.java:146)
at org.testng.internal.TestMethodWorker.invokeTestMethods(TestMethodWorker.java:146)
at org.testng.internal.TestMethodWorker.run(TestMethodWorker.java:128)
at java.base/java.util.ArrayList.forEach(ArrayList.java:1597)
at org.testng.TestRunner.privateRun(TestRunner.java:794)
at org.testng.TestRunner.run(TestRunner.java:596)
at org.testng.SuiteRunner.runTest(SuiteRunner.java:377)
at org.testng.SuiteRunner.runSequentially(SuiteRunner.java:371)
at org.testng.SuiteRunner.privateRun(SuiteRunner.java:332)
at org.testng.SuiteRunner.run(SuiteRunner.java:276)
at org.testng.SuiteRunnerWorker.runSuite(SuiteRunnerWorker.java:53)
at org.testng.SuiteRunnerWorker.run(SuiteRunnerWorker.java:96)
at org.testng.TestNG.runSuitesSequentially(TestNG.java:1212)
at org.testng.TestNG.runSuitesLocally(TestNG.java:1134)
at org.testng.TestNG.runSuites(TestNG.java:1063)
at org.testng.TestNG.run(TestNG.java:1031)
at org.testng.remote.AbstractRemoteTestNG.run(AbstractRemoteTestNG.java:115)
at org.testng.remote.RemoteTestNG.initAndRun(RemoteTestNG.java:293)
at org.testng.remote.RemoteTestNG.main(RemoteTestNG.java:91)
]]>
            </full-stacktrace>
          </exception> <!-- org.openqa.selenium.NoSuchElementException -->
          <reporter-output>
          </reporter-output>
        </test-method> <!-- verifyLoginWithInValidUsernameValidPassword -->
        <test-method is-config="true" signature="tearDownTest(org.testng.ITestResult)[pri:0, instance:dsAlgoTests.SigninTest@7d9f158f]" started-at="2025-01-31T03:26:27 IST" name="tearDownTest" finished-at="2025-01-31T03:26:27 IST" duration-ms="339" status="PASS">
          <params>
            <param index="0">
              <value>
                <![CDATA[[TestResult name=verifyLoginWithInValidUsernameValidPassword status=FAILURE method=SigninTest.verifyLoginWithInValidUsernameValidPassword(java.lang.String,java.lang.String)[pri:0, instance:dsAlgoTests.SigninTest@7d9f158f] output={null}]]]>
              </value>
            </param>
          </params>
          <reporter-output>
          </reporter-output>
        </test-method> <!-- tearDownTest -->
        <test-method is-config="true" signature="before(java.lang.String)[pri:0, instance:dsAlgoTests.SigninTest@7d9f158f]" started-at="2025-01-31T03:26:27 IST" name="before" finished-at="2025-01-31T03:26:29 IST" duration-ms="1706" status="PASS">
          <params>
            <param index="0">
              <value>
                <![CDATA[]]>
              </value>
            </param>
          </params>
          <reporter-output>
          </reporter-output>
        </test-method> <!-- before -->
        <test-method is-config="true" signature="navigateToDsAlgoApplication()[pri:0, instance:dsAlgoTests.SigninTest@7d9f158f]" started-at="2025-01-31T03:26:29 IST" name="navigateToDsAlgoApplication" finished-at="2025-01-31T03:26:30 IST" duration-ms="446" status="PASS">
          <reporter-output>
          </reporter-output>
        </test-method> <!-- navigateToDsAlgoApplication -->
        <test-method signature="verifyLoginWithInValidUsernameValidPassword(java.lang.String,java.lang.String)[pri:0, instance:dsAlgoTests.SigninTest@7d9f158f]" started-at="2025-01-31T03:26:30 IST" name="verifyLoginWithInValidUsernameValidPassword" data-provider="Credtionals" finished-at="2025-01-31T03:26:30 IST" duration-ms="714" status="PASS">
          <params>
            <param index="0">
              <value>
                <![CDATA[qquesters]]>
              </value>
            </param>
            <param index="1">
              <value>
                <![CDATA[Awesome@2025]]>
              </value>
            </param>
          </params>
          <reporter-output>
          </reporter-output>
        </test-method> <!-- verifyLoginWithInValidUsernameValidPassword -->
        <test-method is-config="true" signature="tearDownTest(org.testng.ITestResult)[pri:0, instance:dsAlgoTests.SigninTest@7d9f158f]" started-at="2025-01-31T03:26:30 IST" name="tearDownTest" finished-at="2025-01-31T03:26:31 IST" duration-ms="183" status="PASS">
          <params>
            <param index="0">
              <value>
                <![CDATA[[TestResult name=verifyLoginWithInValidUsernameValidPassword status=SUCCESS method=SigninTest.verifyLoginWithInValidUsernameValidPassword(java.lang.String,java.lang.String)[pri:0, instance:dsAlgoTests.SigninTest@7d9f158f] output={null}]]]>
              </value>
            </param>
          </params>
          <reporter-output>
          </reporter-output>
        </test-method> <!-- tearDownTest -->
        <test-method is-config="true" signature="before(java.lang.String)[pri:0, instance:dsAlgoTests.SigninTest@7d9f158f]" started-at="2025-01-31T03:26:31 IST" name="before" finished-at="2025-01-31T03:26:32 IST" duration-ms="1721" status="PASS">
          <params>
            <param index="0">
              <value>
                <![CDATA[]]>
              </value>
            </param>
          </params>
          <reporter-output>
          </reporter-output>
        </test-method> <!-- before -->
        <test-method is-config="true" signature="navigateToDsAlgoApplication()[pri:0, instance:dsAlgoTests.SigninTest@7d9f158f]" started-at="2025-01-31T03:26:32 IST" name="navigateToDsAlgoApplication" finished-at="2025-01-31T03:26:33 IST" duration-ms="397" status="PASS">
          <reporter-output>
          </reporter-output>
        </test-method> <!-- navigateToDsAlgoApplication -->
        <test-method signature="verifyLoginWithValidcreditionals(java.lang.String,java.lang.String)[pri:0, instance:dsAlgoTests.SigninTest@7d9f158f]" started-at="2025-01-31T03:26:33 IST" name="verifyLoginWithValidcreditionals" data-provider="Credtionals" finished-at="2025-01-31T03:26:34 IST" duration-ms="911" status="PASS">
          <params>
            <param index="0">
              <value>
                <![CDATA[Questers]]>
              </value>
            </param>
            <param index="1">
              <value>
                <![CDATA[Awesome@2025]]>
              </value>
            </param>
          </params>
          <reporter-output>
          </reporter-output>
        </test-method> <!-- verifyLoginWithValidcreditionals -->
        <test-method is-config="true" signature="tearDownTest(org.testng.ITestResult)[pri:0, instance:dsAlgoTests.SigninTest@7d9f158f]" started-at="2025-01-31T03:26:34 IST" name="tearDownTest" finished-at="2025-01-31T03:26:34 IST" duration-ms="196" status="PASS">
          <params>
            <param index="0">
              <value>
                <![CDATA[[TestResult name=verifyLoginWithValidcreditionals status=SUCCESS method=SigninTest.verifyLoginWithValidcreditionals(java.lang.String,java.lang.String)[pri:0, instance:dsAlgoTests.SigninTest@7d9f158f] output={null}]]]>
              </value>
            </param>
          </params>
          <reporter-output>
          </reporter-output>
        </test-method> <!-- tearDownTest -->
        <test-method is-config="true" signature="before(java.lang.String)[pri:0, instance:dsAlgoTests.SigninTest@7d9f158f]" started-at="2025-01-31T03:26:34 IST" name="before" finished-at="2025-01-31T03:26:35 IST" duration-ms="1587" status="PASS">
          <params>
            <param index="0">
              <value>
                <![CDATA[]]>
              </value>
            </param>
          </params>
          <reporter-output>
          </reporter-output>
        </test-method> <!-- before -->
        <test-method is-config="true" signature="navigateToDsAlgoApplication()[pri:0, instance:dsAlgoTests.SigninTest@7d9f158f]" started-at="2025-01-31T03:26:35 IST" name="navigateToDsAlgoApplication" finished-at="2025-01-31T03:26:36 IST" duration-ms="424" status="PASS">
          <reporter-output>
          </reporter-output>
        </test-method> <!-- navigateToDsAlgoApplication -->
        <test-method signature="verifyLoginWithValidcreditionals(java.lang.String,java.lang.String)[pri:0, instance:dsAlgoTests.SigninTest@7d9f158f]" started-at="2025-01-31T03:26:36 IST" name="verifyLoginWithValidcreditionals" data-provider="Credtionals" finished-at="2025-01-31T03:26:47 IST" duration-ms="10680" status="FAIL">
          <params>
            <param index="0">
              <value>
                <![CDATA[qquesters]]>
              </value>
            </param>
            <param index="1">
              <value>
                <![CDATA[Awesome@2025]]>
              </value>
            </param>
          </params>
          <exception class="org.openqa.selenium.NoSuchElementException">
            <message>
              <![CDATA[no such element: Unable to locate element: {"method":"xpath","selector":"//div[contains(text(),'You are logged in')]"}
  (Session info: chrome=132.0.6834.111)
For documentation on this error, please visit: https://www.selenium.dev/documentation/webdriver/troubleshooting/errors#no-such-element-exception
Build info: version: '4.17.0', revision: 'e52b1be057*'
System info: os.name: 'Windows 11', os.arch: 'amd64', os.version: '10.0', java.version: '23.0.1'
Driver info: org.openqa.selenium.chrome.ChromeDriver
Command: [0a72be42c13568c2849f4a180b43bf94, findElement {using=xpath, value=//div[contains(text(),'You are logged in')]}]
Capabilities {acceptInsecureCerts: false, browserName: chrome, browserVersion: 132.0.6834.111, chrome: {chromedriverVersion: 132.0.6834.159 (2d77d3fc445..., userDataDir: C:\Users\shaal\AppData\Loca...}, fedcm:accounts: true, goog:chromeOptions: {debuggerAddress: localhost:54905}, networkConnectionEnabled: false, pageLoadStrategy: normal, platformName: windows, proxy: Proxy(), se:cdp: ws://localhost:54905/devtoo..., se:cdpVersion: 132.0.6834.111, setWindowRect: true, strictFileInteractability: false, timeouts: {implicit: 0, pageLoad: 300000, script: 30000}, unhandledPromptBehavior: dismiss and notify, webauthn:extension:credBlob: true, webauthn:extension:largeBlob: true, webauthn:extension:minPinLength: true, webauthn:extension:prf: true, webauthn:virtualAuthenticators: true}
Session ID: 0a72be42c13568c2849f4a180b43bf94]]>
            </message>
            <full-stacktrace>
              <![CDATA[org.openqa.selenium.NoSuchElementException: no such element: Unable to locate element: {"method":"xpath","selector":"//div[contains(text(),'You are logged in')]"}
  (Session info: chrome=132.0.6834.111)
For documentation on this error, please visit: https://www.selenium.dev/documentation/webdriver/troubleshooting/errors#no-such-element-exception
Build info: version: '4.17.0', revision: 'e52b1be057*'
System info: os.name: 'Windows 11', os.arch: 'amd64', os.version: '10.0', java.version: '23.0.1'
Driver info: org.openqa.selenium.chrome.ChromeDriver
Command: [0a72be42c13568c2849f4a180b43bf94, findElement {using=xpath, value=//div[contains(text(),'You are logged in')]}]
Capabilities {acceptInsecureCerts: false, browserName: chrome, browserVersion: 132.0.6834.111, chrome: {chromedriverVersion: 132.0.6834.159 (2d77d3fc445..., userDataDir: C:\Users\shaal\AppData\Loca...}, fedcm:accounts: true, goog:chromeOptions: {debuggerAddress: localhost:54905}, networkConnectionEnabled: false, pageLoadStrategy: normal, platformName: windows, proxy: Proxy(), se:cdp: ws://localhost:54905/devtoo..., se:cdpVersion: 132.0.6834.111, setWindowRect: true, strictFileInteractability: false, timeouts: {implicit: 0, pageLoad: 300000, script: 30000}, unhandledPromptBehavior: dismiss and notify, webauthn:extension:credBlob: true, webauthn:extension:largeBlob: true, webauthn:extension:minPinLength: true, webauthn:extension:prf: true, webauthn:virtualAuthenticators: true}
Session ID: 0a72be42c13568c2849f4a180b43bf94
at java.base/jdk.internal.reflect.DirectConstructorHandleAccessor.newInstance(DirectConstructorHandleAccessor.java:62)
at java.base/java.lang.reflect.Constructor.newInstanceWithCaller(Constructor.java:501)
at java.base/java.lang.reflect.Constructor.newInstance(Constructor.java:485)
at org.openqa.selenium.remote.codec.w3c.W3CHttpResponseCodec.createException(W3CHttpResponseCodec.java:185)
at org.openqa.selenium.remote.codec.w3c.W3CHttpResponseCodec.decode(W3CHttpResponseCodec.java:134)
at org.openqa.selenium.remote.codec.w3c.W3CHttpResponseCodec.decode(W3CHttpResponseCodec.java:51)
at org.openqa.selenium.remote.HttpCommandExecutor.execute(HttpCommandExecutor.java:190)
at org.openqa.selenium.remote.service.DriverCommandExecutor.invokeExecute(DriverCommandExecutor.java:216)
at org.openqa.selenium.remote.service.DriverCommandExecutor.execute(DriverCommandExecutor.java:174)
at org.openqa.selenium.remote.RemoteWebDriver.execute(RemoteWebDriver.java:519)
at org.openqa.selenium.remote.ElementLocation$ElementFinder$2.findElement(ElementLocation.java:165)
at org.openqa.selenium.remote.ElementLocation.findElement(ElementLocation.java:59)
at org.openqa.selenium.remote.RemoteWebDriver.findElement(RemoteWebDriver.java:356)
at org.openqa.selenium.remote.RemoteWebDriver.findElement(RemoteWebDriver.java:350)
at org.openqa.selenium.support.pagefactory.DefaultElementLocator.findElement(DefaultElementLocator.java:68)
at org.openqa.selenium.support.pagefactory.internal.LocatingElementHandler.invoke(LocatingElementHandler.java:38)
at jdk.proxy2/jdk.proxy2.$Proxy18.getText(Unknown Source)
at dsAlgoPages.SigninPage.loggedinmessage(SigninPage.java:105)
at dsAlgoTests.SigninTest.verifyLoginWithValidcreditionals(SigninTest.java:51)
at java.base/jdk.internal.reflect.DirectMethodHandleAccessor.invoke(DirectMethodHandleAccessor.java:103)
at java.base/java.lang.reflect.Method.invoke(Method.java:580)
at org.testng.internal.MethodInvocationHelper.invokeMethod(MethodInvocationHelper.java:133)
at org.testng.internal.TestInvoker.invokeMethod(TestInvoker.java:598)
at org.testng.internal.TestInvoker.invokeTestMethod(TestInvoker.java:173)
at org.testng.internal.MethodRunner.runInSequence(MethodRunner.java:46)
at org.testng.internal.TestInvoker$MethodInvocationAgent.invoke(TestInvoker.java:824)
at org.testng.internal.TestInvoker.invokeTestMethods(TestInvoker.java:146)
at org.testng.internal.TestMethodWorker.invokeTestMethods(TestMethodWorker.java:146)
at org.testng.internal.TestMethodWorker.run(TestMethodWorker.java:128)
at java.base/java.util.ArrayList.forEach(ArrayList.java:1597)
at org.testng.TestRunner.privateRun(TestRunner.java:794)
at org.testng.TestRunner.run(TestRunner.java:596)
at org.testng.SuiteRunner.runTest(SuiteRunner.java:377)
at org.testng.SuiteRunner.runSequentially(SuiteRunner.java:371)
at org.testng.SuiteRunner.privateRun(SuiteRunner.java:332)
at org.testng.SuiteRunner.run(SuiteRunner.java:276)
at org.testng.SuiteRunnerWorker.runSuite(SuiteRunnerWorker.java:53)
at org.testng.SuiteRunnerWorker.run(SuiteRunnerWorker.java:96)
at org.testng.TestNG.runSuitesSequentially(TestNG.java:1212)
at org.testng.TestNG.runSuitesLocally(TestNG.java:1134)
at org.testng.TestNG.runSuites(TestNG.java:1063)
at org.testng.TestNG.run(TestNG.java:1031)
at org.testng.remote.AbstractRemoteTestNG.run(AbstractRemoteTestNG.java:115)
at org.testng.remote.RemoteTestNG.initAndRun(RemoteTestNG.java:293)
at org.testng.remote.RemoteTestNG.main(RemoteTestNG.java:91)
]]>
            </full-stacktrace>
          </exception> <!-- org.openqa.selenium.NoSuchElementException -->
          <reporter-output>
          </reporter-output>
        </test-method> <!-- verifyLoginWithValidcreditionals -->
        <test-method is-config="true" signature="tearDownTest(org.testng.ITestResult)[pri:0, instance:dsAlgoTests.SigninTest@7d9f158f]" started-at="2025-01-31T03:26:47 IST" name="tearDownTest" finished-at="2025-01-31T03:26:47 IST" duration-ms="361" status="PASS">
          <params>
            <param index="0">
              <value>
                <![CDATA[[TestResult name=verifyLoginWithValidcreditionals status=FAILURE method=SigninTest.verifyLoginWithValidcreditionals(java.lang.String,java.lang.String)[pri:0, instance:dsAlgoTests.SigninTest@7d9f158f] output={null}]]]>
              </value>
            </param>
          </params>
          <reporter-output>
          </reporter-output>
        </test-method> <!-- tearDownTest -->
        <test-method is-config="true" signature="tearDownSuite()[pri:0, instance:dsAlgoTests.SigninTest@7d9f158f]" started-at="2025-01-31T03:26:47 IST" name="tearDownSuite" finished-at="2025-01-31T03:26:47 IST" duration-ms="0" status="PASS">
          <reporter-output>
          </reporter-output>
        </test-method> <!-- tearDownSuite -->
      </class> <!-- dsAlgoTests.SigninTest -->
    </test> <!-- Default test -->
  </suite> <!-- Default suite -->
</testng-results>
