<?xml version="1.0" encoding="UTF-8"?>
<testng-results ignored="0" total="7" passed="5" failed="2" skipped="0">
  <reporter-output>
  </reporter-output>
  <suite started-at="2025-02-04T00:10:12 IST" name="TestSuite" finished-at="2025-02-04T00:10:43 IST" duration-ms="30730">
    <groups>
    </groups>
    <test started-at="2025-02-04T00:10:12 IST" name="Test" finished-at="2025-02-04T00:10:43 IST" duration-ms="30730">
      <class name="dsAlgoTests.DataStructureTest">
        <test-method is-config="true" signature="setupSuite()[pri:0, instance:dsAlgoTests.DataStructureTest@14a50707]" started-at="2025-02-04T00:10:12 IST" name="setupSuite" finished-at="2025-02-04T00:10:12 IST" duration-ms="15" status="PASS">
          <reporter-output>
          </reporter-output>
        </test-method> <!-- setupSuite -->
        <test-method is-config="true" signature="before(java.lang.String)[pri:0, instance:dsAlgoTests.DataStructureTest@14a50707]" started-at="2025-02-04T00:10:12 IST" name="before" finished-at="2025-02-04T00:10:14 IST" duration-ms="2142" status="PASS">
          <params>
            <param index="0">
              <value>
                <![CDATA[]]>
              </value>
            </param>
          </params>
          <reporter-output>
          </reporter-output>
        </test-method> <!-- before -->
        <test-method is-config="true" signature="DataStructureIntroductionPage()[pri:0, instance:dsAlgoTests.DataStructureTest@14a50707]" started-at="2025-02-04T00:10:14 IST" name="DataStructureIntroductionPage" finished-at="2025-02-04T00:10:15 IST" duration-ms="1415" status="PASS">
          <reporter-output>
          </reporter-output>
        </test-method> <!-- DataStructureIntroductionPage -->
        <test-method signature="checkErrorMessageWhenExecutingWithoutCodeInDataStructureIntroductionPage()[pri:0, instance:dsAlgoTests.DataStructureTest@14a50707]" started-at="2025-02-04T00:10:16 IST" name="checkErrorMessageWhenExecutingWithoutCodeInDataStructureIntroductionPage" finished-at="2025-02-04T00:10:17 IST" duration-ms="1011" status="FAIL">
          <exception class="java.lang.AssertionError">
            <message>
              <![CDATA[Test failed: Expected an error message when clicking the 'Run' button without entering code, but no message was displayed.]]>
            </message>
            <full-stacktrace>
              <![CDATA[java.lang.AssertionError: Test failed: Expected an error message when clicking the 'Run' button without entering code, but no message was displayed.
at org.testng.Assert.fail(Assert.java:99)
at dsAlgoTests.DataStructureTest.checkErrorMessageWhenExecutingWithoutCodeInDataStructureIntroductionPage(DataStructureTest.java:83)
at java.base/jdk.internal.reflect.DirectMethodHandleAccessor.invoke(DirectMethodHandleAccessor.java:103)
at java.base/java.lang.reflect.Method.invoke(Method.java:580)
at org.testng.internal.MethodInvocationHelper.invokeMethod(MethodInvocationHelper.java:133)
at org.testng.internal.TestInvoker.invokeMethod(TestInvoker.java:598)
at org.testng.internal.TestInvoker.invokeTestMethod(TestInvoker.java:173)
at org.testng.internal.MethodRunner.runInSequence(MethodRunner.java:46)
at org.testng.internal.TestInvoker$MethodInvocationAgent.invoke(TestInvoker.java:824)
at org.testng.internal.TestInvoker.invokeTestMethods(TestInvoker.java:146)
at org.testng.internal.TestMethodWorker.invokeTestMethods(TestMethodWorker.java:146)
at org.testng.internal.TestMethodWorker.run(TestMethodWorker.java:128)
at java.base/java.util.ArrayList.forEach(ArrayList.java:1597)
at org.testng.TestRunner.privateRun(TestRunner.java:794)
at org.testng.TestRunner.run(TestRunner.java:596)
at org.testng.SuiteRunner.runTest(SuiteRunner.java:377)
at org.testng.SuiteRunner.runSequentially(SuiteRunner.java:371)
at org.testng.SuiteRunner.privateRun(SuiteRunner.java:332)
at org.testng.SuiteRunner.run(SuiteRunner.java:276)
at org.testng.SuiteRunnerWorker.runSuite(SuiteRunnerWorker.java:53)
at org.testng.SuiteRunnerWorker.run(SuiteRunnerWorker.java:96)
at org.testng.TestNG.runSuitesSequentially(TestNG.java:1212)
at org.testng.TestNG.runSuitesLocally(TestNG.java:1134)
at org.testng.TestNG.runSuites(TestNG.java:1063)
at org.testng.TestNG.run(TestNG.java:1031)
at org.testng.remote.AbstractRemoteTestNG.run(AbstractRemoteTestNG.java:115)
at org.testng.remote.RemoteTestNG.initAndRun(RemoteTestNG.java:293)
at org.testng.remote.RemoteTestNG.main(RemoteTestNG.java:91)
]]>
            </full-stacktrace>
          </exception> <!-- java.lang.AssertionError -->
          <reporter-output>
          </reporter-output>
        </test-method> <!-- checkErrorMessageWhenExecutingWithoutCodeInDataStructureIntroductionPage -->
        <test-method is-config="true" signature="tearDownTest(org.testng.ITestResult)[pri:0, instance:dsAlgoTests.DataStructureTest@14a50707]" started-at="2025-02-04T00:10:17 IST" name="tearDownTest" finished-at="2025-02-04T00:10:17 IST" duration-ms="273" status="PASS">
          <params>
            <param index="0">
              <value>
                <![CDATA[[TestResult name=checkErrorMessageWhenExecutingWithoutCodeInDataStructureIntroductionPage status=FAILURE method=DataStructureTest.checkErrorMessageWhenExecutingWithoutCodeInDataStructureIntroductionPage()[pri:0, instance:dsAlgoTests.DataStructureTest@14a50707] output={null}]]]>
              </value>
            </param>
          </params>
          <reporter-output>
          </reporter-output>
        </test-method> <!-- tearDownTest -->
        <test-method is-config="true" signature="before(java.lang.String)[pri:0, instance:dsAlgoTests.DataStructureTest@14a50707]" started-at="2025-02-04T00:10:17 IST" name="before" finished-at="2025-02-04T00:10:18 IST" duration-ms="1676" status="PASS">
          <params>
            <param index="0">
              <value>
                <![CDATA[]]>
              </value>
            </param>
          </params>
          <reporter-output>
          </reporter-output>
        </test-method> <!-- before -->
        <test-method is-config="true" signature="DataStructureIntroductionPage()[pri:0, instance:dsAlgoTests.DataStructureTest@14a50707]" started-at="2025-02-04T00:10:18 IST" name="DataStructureIntroductionPage" finished-at="2025-02-04T00:10:20 IST" duration-ms="1575" status="PASS">
          <reporter-output>
          </reporter-output>
        </test-method> <!-- DataStructureIntroductionPage -->
        <test-method signature="navigateToDataStructureIntroductionPagePracticeQuestions()[pri:0, instance:dsAlgoTests.DataStructureTest@14a50707]" started-at="2025-02-04T00:10:20 IST" name="navigateToDataStructureIntroductionPagePracticeQuestions" finished-at="2025-02-04T00:10:21 IST" duration-ms="524" status="PASS">
          <reporter-output>
          </reporter-output>
        </test-method> <!-- navigateToDataStructureIntroductionPagePracticeQuestions -->
        <test-method is-config="true" signature="tearDownTest(org.testng.ITestResult)[pri:0, instance:dsAlgoTests.DataStructureTest@14a50707]" started-at="2025-02-04T00:10:21 IST" name="tearDownTest" finished-at="2025-02-04T00:10:21 IST" duration-ms="156" status="PASS">
          <params>
            <param index="0">
              <value>
                <![CDATA[[TestResult name=navigateToDataStructureIntroductionPagePracticeQuestions status=SUCCESS method=DataStructureTest.navigateToDataStructureIntroductionPagePracticeQuestions()[pri:0, instance:dsAlgoTests.DataStructureTest@14a50707] output={null}]]]>
              </value>
            </param>
          </params>
          <reporter-output>
          </reporter-output>
        </test-method> <!-- tearDownTest -->
        <test-method is-config="true" signature="before(java.lang.String)[pri:0, instance:dsAlgoTests.DataStructureTest@14a50707]" started-at="2025-02-04T00:10:21 IST" name="before" finished-at="2025-02-04T00:10:22 IST" duration-ms="1538" status="PASS">
          <params>
            <param index="0">
              <value>
                <![CDATA[]]>
              </value>
            </param>
          </params>
          <reporter-output>
          </reporter-output>
        </test-method> <!-- before -->
        <test-method is-config="true" signature="DataStructureIntroductionPage()[pri:0, instance:dsAlgoTests.DataStructureTest@14a50707]" started-at="2025-02-04T00:10:22 IST" name="DataStructureIntroductionPage" finished-at="2025-02-04T00:10:24 IST" duration-ms="1670" status="PASS">
          <reporter-output>
          </reporter-output>
        </test-method> <!-- DataStructureIntroductionPage -->
        <test-method signature="navigatetoTimeComplexityModule()[pri:0, instance:dsAlgoTests.DataStructureTest@14a50707]" started-at="2025-02-04T00:10:24 IST" name="navigatetoTimeComplexityModule" finished-at="2025-02-04T00:10:24 IST" duration-ms="295" status="PASS">
          <reporter-output>
          </reporter-output>
        </test-method> <!-- navigatetoTimeComplexityModule -->
        <test-method is-config="true" signature="tearDownTest(org.testng.ITestResult)[pri:0, instance:dsAlgoTests.DataStructureTest@14a50707]" started-at="2025-02-04T00:10:24 IST" name="tearDownTest" finished-at="2025-02-04T00:10:24 IST" duration-ms="152" status="PASS">
          <params>
            <param index="0">
              <value>
                <![CDATA[[TestResult name=navigatetoTimeComplexityModule status=SUCCESS method=DataStructureTest.navigatetoTimeComplexityModule()[pri:0, instance:dsAlgoTests.DataStructureTest@14a50707] output={null}]]]>
              </value>
            </param>
          </params>
          <reporter-output>
          </reporter-output>
        </test-method> <!-- tearDownTest -->
        <test-method is-config="true" signature="before(java.lang.String)[pri:0, instance:dsAlgoTests.DataStructureTest@14a50707]" started-at="2025-02-04T00:10:24 IST" name="before" finished-at="2025-02-04T00:10:26 IST" duration-ms="1656" status="PASS">
          <params>
            <param index="0">
              <value>
                <![CDATA[]]>
              </value>
            </param>
          </params>
          <reporter-output>
          </reporter-output>
        </test-method> <!-- before -->
        <test-method is-config="true" signature="DataStructureIntroductionPage()[pri:0, instance:dsAlgoTests.DataStructureTest@14a50707]" started-at="2025-02-04T00:10:26 IST" name="DataStructureIntroductionPage" finished-at="2025-02-04T00:10:28 IST" duration-ms="1647" status="PASS">
          <reporter-output>
          </reporter-output>
        </test-method> <!-- DataStructureIntroductionPage -->
        <test-method signature="navigatetoTimeComplexitytryeditor()[pri:0, instance:dsAlgoTests.DataStructureTest@14a50707]" started-at="2025-02-04T00:10:28 IST" name="navigatetoTimeComplexitytryeditor" finished-at="2025-02-04T00:10:28 IST" duration-ms="702" status="PASS">
          <reporter-output>
          </reporter-output>
        </test-method> <!-- navigatetoTimeComplexitytryeditor -->
        <test-method is-config="true" signature="tearDownTest(org.testng.ITestResult)[pri:0, instance:dsAlgoTests.DataStructureTest@14a50707]" started-at="2025-02-04T00:10:28 IST" name="tearDownTest" finished-at="2025-02-04T00:10:29 IST" duration-ms="157" status="PASS">
          <params>
            <param index="0">
              <value>
                <![CDATA[[TestResult name=navigatetoTimeComplexitytryeditor status=SUCCESS method=DataStructureTest.navigatetoTimeComplexitytryeditor()[pri:0, instance:dsAlgoTests.DataStructureTest@14a50707] output={null}]]]>
              </value>
            </param>
          </params>
          <reporter-output>
          </reporter-output>
        </test-method> <!-- tearDownTest -->
        <test-method is-config="true" signature="before(java.lang.String)[pri:0, instance:dsAlgoTests.DataStructureTest@14a50707]" started-at="2025-02-04T00:10:29 IST" name="before" finished-at="2025-02-04T00:10:30 IST" duration-ms="1627" status="PASS">
          <params>
            <param index="0">
              <value>
                <![CDATA[]]>
              </value>
            </param>
          </params>
          <reporter-output>
          </reporter-output>
        </test-method> <!-- before -->
        <test-method is-config="true" signature="DataStructureIntroductionPage()[pri:0, instance:dsAlgoTests.DataStructureTest@14a50707]" started-at="2025-02-04T00:10:30 IST" name="DataStructureIntroductionPage" finished-at="2025-02-04T00:10:32 IST" duration-ms="1612" status="PASS">
          <reporter-output>
          </reporter-output>
        </test-method> <!-- DataStructureIntroductionPage -->
        <test-method signature="seeListOfPracticeQuestionsonDataStructureIntroductionPage()[pri:0, instance:dsAlgoTests.DataStructureTest@14a50707]" started-at="2025-02-04T00:10:32 IST" name="seeListOfPracticeQuestionsonDataStructureIntroductionPage" finished-at="2025-02-04T00:10:32 IST" duration-ms="508" status="FAIL">
          <exception class="java.lang.AssertionError">
            <message>
              <![CDATA[No practice questions found on the Practice Questions Page!]]>
            </message>
            <full-stacktrace>
              <![CDATA[java.lang.AssertionError: No practice questions found on the Practice Questions Page!
at org.testng.Assert.fail(Assert.java:99)
at dsAlgoTests.DataStructureTest.seeListOfPracticeQuestionsonDataStructureIntroductionPage(DataStructureTest.java:74)
at java.base/jdk.internal.reflect.DirectMethodHandleAccessor.invoke(DirectMethodHandleAccessor.java:103)
at java.base/java.lang.reflect.Method.invoke(Method.java:580)
at org.testng.internal.MethodInvocationHelper.invokeMethod(MethodInvocationHelper.java:133)
at org.testng.internal.TestInvoker.invokeMethod(TestInvoker.java:598)
at org.testng.internal.TestInvoker.invokeTestMethod(TestInvoker.java:173)
at org.testng.internal.MethodRunner.runInSequence(MethodRunner.java:46)
at org.testng.internal.TestInvoker$MethodInvocationAgent.invoke(TestInvoker.java:824)
at org.testng.internal.TestInvoker.invokeTestMethods(TestInvoker.java:146)
at org.testng.internal.TestMethodWorker.invokeTestMethods(TestMethodWorker.java:146)
at org.testng.internal.TestMethodWorker.run(TestMethodWorker.java:128)
at java.base/java.util.ArrayList.forEach(ArrayList.java:1597)
at org.testng.TestRunner.privateRun(TestRunner.java:794)
at org.testng.TestRunner.run(TestRunner.java:596)
at org.testng.SuiteRunner.runTest(SuiteRunner.java:377)
at org.testng.SuiteRunner.runSequentially(SuiteRunner.java:371)
at org.testng.SuiteRunner.privateRun(SuiteRunner.java:332)
at org.testng.SuiteRunner.run(SuiteRunner.java:276)
at org.testng.SuiteRunnerWorker.runSuite(SuiteRunnerWorker.java:53)
at org.testng.SuiteRunnerWorker.run(SuiteRunnerWorker.java:96)
at org.testng.TestNG.runSuitesSequentially(TestNG.java:1212)
at org.testng.TestNG.runSuitesLocally(TestNG.java:1134)
at org.testng.TestNG.runSuites(TestNG.java:1063)
at org.testng.TestNG.run(TestNG.java:1031)
at org.testng.remote.AbstractRemoteTestNG.run(AbstractRemoteTestNG.java:115)
at org.testng.remote.RemoteTestNG.initAndRun(RemoteTestNG.java:293)
at org.testng.remote.RemoteTestNG.main(RemoteTestNG.java:91)
]]>
            </full-stacktrace>
          </exception> <!-- java.lang.AssertionError -->
          <reporter-output>
          </reporter-output>
        </test-method> <!-- seeListOfPracticeQuestionsonDataStructureIntroductionPage -->
        <test-method is-config="true" signature="tearDownTest(org.testng.ITestResult)[pri:0, instance:dsAlgoTests.DataStructureTest@14a50707]" started-at="2025-02-04T00:10:32 IST" name="tearDownTest" finished-at="2025-02-04T00:10:33 IST" duration-ms="317" status="PASS">
          <params>
            <param index="0">
              <value>
                <![CDATA[[TestResult name=seeListOfPracticeQuestionsonDataStructureIntroductionPage status=FAILURE method=DataStructureTest.seeListOfPracticeQuestionsonDataStructureIntroductionPage()[pri:0, instance:dsAlgoTests.DataStructureTest@14a50707] output={null}]]]>
              </value>
            </param>
          </params>
          <reporter-output>
          </reporter-output>
        </test-method> <!-- tearDownTest -->
        <test-method is-config="true" signature="before(java.lang.String)[pri:0, instance:dsAlgoTests.DataStructureTest@14a50707]" started-at="2025-02-04T00:10:34 IST" name="before" finished-at="2025-02-04T00:10:35 IST" duration-ms="1582" status="PASS">
          <params>
            <param index="0">
              <value>
                <![CDATA[]]>
              </value>
            </param>
          </params>
          <reporter-output>
          </reporter-output>
        </test-method> <!-- before -->
        <test-method is-config="true" signature="DataStructureIntroductionPage()[pri:0, instance:dsAlgoTests.DataStructureTest@14a50707]" started-at="2025-02-04T00:10:35 IST" name="DataStructureIntroductionPage" finished-at="2025-02-04T00:10:37 IST" duration-ms="1542" status="PASS">
          <reporter-output>
          </reporter-output>
        </test-method> <!-- DataStructureIntroductionPage -->
        <test-method signature="verifyCodeExecutionforDataStructureIntroductionPage(java.lang.String,java.lang.String)[pri:0, instance:dsAlgoTests.DataStructureTest@14a50707]" started-at="2025-02-04T00:10:37 IST" name="verifyCodeExecutionforDataStructureIntroductionPage" data-provider="codeExecutionData" finished-at="2025-02-04T00:10:38 IST" duration-ms="1166" status="PASS">
          <params>
            <param index="0">
              <value>
                <![CDATA[print "hello"]]>
              </value>
            </param>
            <param index="1">
              <value>
                <![CDATA[hello]]>
              </value>
            </param>
          </params>
          <reporter-output>
          </reporter-output>
        </test-method> <!-- verifyCodeExecutionforDataStructureIntroductionPage -->
        <test-method is-config="true" signature="tearDownTest(org.testng.ITestResult)[pri:0, instance:dsAlgoTests.DataStructureTest@14a50707]" started-at="2025-02-04T00:10:38 IST" name="tearDownTest" finished-at="2025-02-04T00:10:38 IST" duration-ms="158" status="PASS">
          <params>
            <param index="0">
              <value>
                <![CDATA[[TestResult name=verifyCodeExecutionforDataStructureIntroductionPage status=SUCCESS method=DataStructureTest.verifyCodeExecutionforDataStructureIntroductionPage(java.lang.String,java.lang.String)[pri:0, instance:dsAlgoTests.DataStructureTest@14a50707] output={null}]]]>
              </value>
            </param>
          </params>
          <reporter-output>
          </reporter-output>
        </test-method> <!-- tearDownTest -->
        <test-method is-config="true" signature="before(java.lang.String)[pri:0, instance:dsAlgoTests.DataStructureTest@14a50707]" started-at="2025-02-04T00:10:38 IST" name="before" finished-at="2025-02-04T00:10:40 IST" duration-ms="1652" status="PASS">
          <params>
            <param index="0">
              <value>
                <![CDATA[]]>
              </value>
            </param>
          </params>
          <reporter-output>
          </reporter-output>
        </test-method> <!-- before -->
        <test-method is-config="true" signature="DataStructureIntroductionPage()[pri:0, instance:dsAlgoTests.DataStructureTest@14a50707]" started-at="2025-02-04T00:10:40 IST" name="DataStructureIntroductionPage" finished-at="2025-02-04T00:10:41 IST" duration-ms="1430" status="PASS">
          <reporter-output>
          </reporter-output>
        </test-method> <!-- DataStructureIntroductionPage -->
        <test-method signature="verifyCodeExecutionforDataStructureIntroductionPage(java.lang.String,java.lang.String)[pri:0, instance:dsAlgoTests.DataStructureTest@14a50707]" started-at="2025-02-04T00:10:41 IST" name="verifyCodeExecutionforDataStructureIntroductionPage" data-provider="codeExecutionData" finished-at="2025-02-04T00:10:42 IST" duration-ms="1193" status="PASS">
          <params>
            <param index="0">
              <value>
                <![CDATA[invalid]]>
              </value>
            </param>
            <param index="1">
              <value>
                <![CDATA[NameError: name 'invalid' is not defined on line 1]]>
              </value>
            </param>
          </params>
          <reporter-output>
          </reporter-output>
        </test-method> <!-- verifyCodeExecutionforDataStructureIntroductionPage -->
        <test-method is-config="true" signature="tearDownTest(org.testng.ITestResult)[pri:0, instance:dsAlgoTests.DataStructureTest@14a50707]" started-at="2025-02-04T00:10:42 IST" name="tearDownTest" finished-at="2025-02-04T00:10:43 IST" duration-ms="191" status="PASS">
          <params>
            <param index="0">
              <value>
                <![CDATA[[TestResult name=verifyCodeExecutionforDataStructureIntroductionPage status=SUCCESS method=DataStructureTest.verifyCodeExecutionforDataStructureIntroductionPage(java.lang.String,java.lang.String)[pri:0, instance:dsAlgoTests.DataStructureTest@14a50707] output={null}]]]>
              </value>
            </param>
          </params>
          <reporter-output>
          </reporter-output>
        </test-method> <!-- tearDownTest -->
        <test-method is-config="true" signature="tearDownSuite()[pri:0, instance:dsAlgoTests.DataStructureTest@14a50707]" started-at="2025-02-04T00:10:43 IST" name="tearDownSuite" finished-at="2025-02-04T00:10:43 IST" duration-ms="0" status="PASS">
          <reporter-output>
          </reporter-output>
        </test-method> <!-- tearDownSuite -->
      </class> <!-- dsAlgoTests.DataStructureTest -->
    </test> <!-- Test -->
  </suite> <!-- TestSuite -->
</testng-results>
