<?xml version="1.0" encoding="UTF-8"?>
<testng-results retried="6" ignored="0" total="13" passed="5" failed="2" skipped="0">
  <reporter-output>
  </reporter-output>
  <suite started-at="2025-02-13T14:38:46 EST" name="CrossBrowserSuite" finished-at="2025-02-13T14:40:03 EST" duration-ms="77653">
    <groups>
    </groups>
    <test started-at="2025-02-13T14:38:46 EST" name="ChromeTest" finished-at="2025-02-13T14:40:03 EST" duration-ms="77653">
      <class name="dsAlgoTests.DataStructureTest">
        <test-method is-config="true" signature="setupSuite()[pri:0, instance:dsAlgoTests.DataStructureTest@463fd068]" started-at="2025-02-13T14:38:46 EST" name="setupSuite" finished-at="2025-02-13T14:38:46 EST" duration-ms="17" status="PASS">
          <reporter-output>
          </reporter-output>
        </test-method> <!-- setupSuite -->
        <test-method is-config="true" signature="setup(java.lang.String)[pri:0, instance:dsAlgoTests.DataStructureTest@463fd068]" started-at="2025-02-13T14:38:46 EST" name="setup" finished-at="2025-02-13T14:38:52 EST" duration-ms="5766" status="PASS">
          <params>
            <param index="0">
              <value>
                <![CDATA[chrome]]>
              </value>
            </param>
          </params>
          <reporter-output>
          </reporter-output>
        </test-method> <!-- setup -->
        <test-method is-config="true" signature="DataStructureIntroductionPage()[pri:0, instance:dsAlgoTests.DataStructureTest@463fd068]" started-at="2025-02-13T14:38:52 EST" name="DataStructureIntroductionPage" finished-at="2025-02-13T14:38:53 EST" duration-ms="1566" status="PASS">
          <reporter-output>
          </reporter-output>
        </test-method> <!-- DataStructureIntroductionPage -->
        <test-method retried="true" signature="checkErrorMessageWhenExecutingWithoutCodeInDataStructureIntroductionPage()[pri:0, instance:dsAlgoTests.DataStructureTest@463fd068]" started-at="2025-02-13T14:38:53 EST" name="checkErrorMessageWhenExecutingWithoutCodeInDataStructureIntroductionPage" finished-at="2025-02-13T14:38:55 EST" duration-ms="1359" status="SKIP">
          <exception class="java.lang.AssertionError">
            <message>
              <![CDATA[Test failed: Expected an error message when clicking the 'Run' button without entering code, but no message was displayed.]]>
            </message>
            <full-stacktrace>
              <![CDATA[java.lang.AssertionError: Test failed: Expected an error message when clicking the 'Run' button without entering code, but no message was displayed.
at org.testng.Assert.fail(Assert.java:99)
at dsAlgoTests.DataStructureTest.checkErrorMessageWhenExecutingWithoutCodeInDataStructureIntroductionPage(DataStructureTest.java:85)
at java.base/jdk.internal.reflect.DirectMethodHandleAccessor.invoke(DirectMethodHandleAccessor.java:103)
at java.base/java.lang.reflect.Method.invoke(Method.java:580)
at org.testng.internal.MethodInvocationHelper.invokeMethod(MethodInvocationHelper.java:133)
at org.testng.internal.TestInvoker.invokeMethod(TestInvoker.java:598)
at org.testng.internal.TestInvoker.invokeTestMethod(TestInvoker.java:173)
at org.testng.internal.MethodRunner.runInSequence(MethodRunner.java:46)
at org.testng.internal.TestInvoker$MethodInvocationAgent.invoke(TestInvoker.java:824)
at org.testng.internal.TestInvoker.invokeTestMethods(TestInvoker.java:146)
at org.testng.internal.TestMethodWorker.invokeTestMethods(TestMethodWorker.java:146)
at org.testng.internal.TestMethodWorker.run(TestMethodWorker.java:128)
at java.base/java.util.ArrayList.forEach(ArrayList.java:1597)
at org.testng.TestRunner.privateRun(TestRunner.java:794)
at org.testng.TestRunner.run(TestRunner.java:596)
at org.testng.SuiteRunner.runTest(SuiteRunner.java:377)
at org.testng.SuiteRunner.access$000(SuiteRunner.java:28)
at org.testng.SuiteRunner$SuiteWorker.run(SuiteRunner.java:418)
at org.testng.internal.thread.ThreadUtil.lambda$execute$0(ThreadUtil.java:64)
at java.base/java.util.concurrent.FutureTask.run(FutureTask.java:317)
at java.base/java.util.concurrent.ThreadPoolExecutor.runWorker(ThreadPoolExecutor.java:1144)
at java.base/java.util.concurrent.ThreadPoolExecutor$Worker.run(ThreadPoolExecutor.java:642)
at java.base/java.lang.Thread.run(Thread.java:1575)
]]>
            </full-stacktrace>
          </exception> <!-- java.lang.AssertionError -->
          <reporter-output>
          </reporter-output>
        </test-method> <!-- checkErrorMessageWhenExecutingWithoutCodeInDataStructureIntroductionPage -->
        <test-method is-config="true" signature="tearDownTest(org.testng.ITestResult)[pri:0, instance:dsAlgoTests.DataStructureTest@463fd068]" started-at="2025-02-13T14:38:55 EST" name="tearDownTest" finished-at="2025-02-13T14:38:55 EST" duration-ms="172" status="PASS">
          <params>
            <param index="0">
              <value>
                <![CDATA[[TestResult name=checkErrorMessageWhenExecutingWithoutCodeInDataStructureIntroductionPage status=SKIP method=DataStructureTest.checkErrorMessageWhenExecutingWithoutCodeInDataStructureIntroductionPage()[pri:0, instance:dsAlgoTests.DataStructureTest@463fd068] output={null}]]]>
              </value>
            </param>
          </params>
          <reporter-output>
          </reporter-output>
        </test-method> <!-- tearDownTest -->
        <test-method is-config="true" signature="setup(java.lang.String)[pri:0, instance:dsAlgoTests.DataStructureTest@463fd068]" started-at="2025-02-13T14:38:55 EST" name="setup" finished-at="2025-02-13T14:38:57 EST" duration-ms="2669" status="PASS">
          <params>
            <param index="0">
              <value>
                <![CDATA[chrome]]>
              </value>
            </param>
          </params>
          <reporter-output>
          </reporter-output>
        </test-method> <!-- setup -->
        <test-method is-config="true" signature="DataStructureIntroductionPage()[pri:0, instance:dsAlgoTests.DataStructureTest@463fd068]" started-at="2025-02-13T14:38:57 EST" name="DataStructureIntroductionPage" finished-at="2025-02-13T14:39:01 EST" duration-ms="3709" status="PASS">
          <reporter-output>
          </reporter-output>
        </test-method> <!-- DataStructureIntroductionPage -->
        <test-method retried="true" signature="checkErrorMessageWhenExecutingWithoutCodeInDataStructureIntroductionPage()[pri:0, instance:dsAlgoTests.DataStructureTest@463fd068]" started-at="2025-02-13T14:39:01 EST" name="checkErrorMessageWhenExecutingWithoutCodeInDataStructureIntroductionPage" finished-at="2025-02-13T14:39:03 EST" duration-ms="1512" status="SKIP">
          <exception class="java.lang.AssertionError">
            <message>
              <![CDATA[Test failed: Expected an error message when clicking the 'Run' button without entering code, but no message was displayed.]]>
            </message>
            <full-stacktrace>
              <![CDATA[java.lang.AssertionError: Test failed: Expected an error message when clicking the 'Run' button without entering code, but no message was displayed.
at org.testng.Assert.fail(Assert.java:99)
at dsAlgoTests.DataStructureTest.checkErrorMessageWhenExecutingWithoutCodeInDataStructureIntroductionPage(DataStructureTest.java:85)
at java.base/jdk.internal.reflect.DirectMethodHandleAccessor.invoke(DirectMethodHandleAccessor.java:103)
at java.base/java.lang.reflect.Method.invoke(Method.java:580)
at org.testng.internal.MethodInvocationHelper.invokeMethod(MethodInvocationHelper.java:133)
at org.testng.internal.TestInvoker.invokeMethod(TestInvoker.java:598)
at org.testng.internal.TestInvoker.retryFailed(TestInvoker.java:213)
at org.testng.internal.MethodRunner.runInSequence(MethodRunner.java:58)
at org.testng.internal.TestInvoker$MethodInvocationAgent.invoke(TestInvoker.java:824)
at org.testng.internal.TestInvoker.invokeTestMethods(TestInvoker.java:146)
at org.testng.internal.TestMethodWorker.invokeTestMethods(TestMethodWorker.java:146)
at org.testng.internal.TestMethodWorker.run(TestMethodWorker.java:128)
at java.base/java.util.ArrayList.forEach(ArrayList.java:1597)
at org.testng.TestRunner.privateRun(TestRunner.java:794)
at org.testng.TestRunner.run(TestRunner.java:596)
at org.testng.SuiteRunner.runTest(SuiteRunner.java:377)
at org.testng.SuiteRunner.access$000(SuiteRunner.java:28)
at org.testng.SuiteRunner$SuiteWorker.run(SuiteRunner.java:418)
at org.testng.internal.thread.ThreadUtil.lambda$execute$0(ThreadUtil.java:64)
at java.base/java.util.concurrent.FutureTask.run(FutureTask.java:317)
at java.base/java.util.concurrent.ThreadPoolExecutor.runWorker(ThreadPoolExecutor.java:1144)
at java.base/java.util.concurrent.ThreadPoolExecutor$Worker.run(ThreadPoolExecutor.java:642)
at java.base/java.lang.Thread.run(Thread.java:1575)
]]>
            </full-stacktrace>
          </exception> <!-- java.lang.AssertionError -->
          <reporter-output>
          </reporter-output>
        </test-method> <!-- checkErrorMessageWhenExecutingWithoutCodeInDataStructureIntroductionPage -->
        <test-method is-config="true" signature="tearDownTest(org.testng.ITestResult)[pri:0, instance:dsAlgoTests.DataStructureTest@463fd068]" started-at="2025-02-13T14:39:03 EST" name="tearDownTest" finished-at="2025-02-13T14:39:03 EST" duration-ms="165" status="PASS">
          <params>
            <param index="0">
              <value>
                <![CDATA[[TestResult name=checkErrorMessageWhenExecutingWithoutCodeInDataStructureIntroductionPage status=SKIP method=DataStructureTest.checkErrorMessageWhenExecutingWithoutCodeInDataStructureIntroductionPage()[pri:0, instance:dsAlgoTests.DataStructureTest@463fd068] output={null}]]]>
              </value>
            </param>
          </params>
          <reporter-output>
          </reporter-output>
        </test-method> <!-- tearDownTest -->
        <test-method is-config="true" signature="setup(java.lang.String)[pri:0, instance:dsAlgoTests.DataStructureTest@463fd068]" started-at="2025-02-13T14:39:03 EST" name="setup" finished-at="2025-02-13T14:39:04 EST" duration-ms="1588" status="PASS">
          <params>
            <param index="0">
              <value>
                <![CDATA[chrome]]>
              </value>
            </param>
          </params>
          <reporter-output>
          </reporter-output>
        </test-method> <!-- setup -->
        <test-method is-config="true" signature="DataStructureIntroductionPage()[pri:0, instance:dsAlgoTests.DataStructureTest@463fd068]" started-at="2025-02-13T14:39:04 EST" name="DataStructureIntroductionPage" finished-at="2025-02-13T14:39:06 EST" duration-ms="1310" status="PASS">
          <reporter-output>
          </reporter-output>
        </test-method> <!-- DataStructureIntroductionPage -->
        <test-method retried="true" signature="checkErrorMessageWhenExecutingWithoutCodeInDataStructureIntroductionPage()[pri:0, instance:dsAlgoTests.DataStructureTest@463fd068]" started-at="2025-02-13T14:39:06 EST" name="checkErrorMessageWhenExecutingWithoutCodeInDataStructureIntroductionPage" finished-at="2025-02-13T14:39:07 EST" duration-ms="949" status="SKIP">
          <exception class="java.lang.AssertionError">
            <message>
              <![CDATA[Test failed: Expected an error message when clicking the 'Run' button without entering code, but no message was displayed.]]>
            </message>
            <full-stacktrace>
              <![CDATA[java.lang.AssertionError: Test failed: Expected an error message when clicking the 'Run' button without entering code, but no message was displayed.
at org.testng.Assert.fail(Assert.java:99)
at dsAlgoTests.DataStructureTest.checkErrorMessageWhenExecutingWithoutCodeInDataStructureIntroductionPage(DataStructureTest.java:85)
at java.base/jdk.internal.reflect.DirectMethodHandleAccessor.invoke(DirectMethodHandleAccessor.java:103)
at java.base/java.lang.reflect.Method.invoke(Method.java:580)
at org.testng.internal.MethodInvocationHelper.invokeMethod(MethodInvocationHelper.java:133)
at org.testng.internal.TestInvoker.invokeMethod(TestInvoker.java:598)
at org.testng.internal.TestInvoker.retryFailed(TestInvoker.java:213)
at org.testng.internal.MethodRunner.runInSequence(MethodRunner.java:58)
at org.testng.internal.TestInvoker$MethodInvocationAgent.invoke(TestInvoker.java:824)
at org.testng.internal.TestInvoker.invokeTestMethods(TestInvoker.java:146)
at org.testng.internal.TestMethodWorker.invokeTestMethods(TestMethodWorker.java:146)
at org.testng.internal.TestMethodWorker.run(TestMethodWorker.java:128)
at java.base/java.util.ArrayList.forEach(ArrayList.java:1597)
at org.testng.TestRunner.privateRun(TestRunner.java:794)
at org.testng.TestRunner.run(TestRunner.java:596)
at org.testng.SuiteRunner.runTest(SuiteRunner.java:377)
at org.testng.SuiteRunner.access$000(SuiteRunner.java:28)
at org.testng.SuiteRunner$SuiteWorker.run(SuiteRunner.java:418)
at org.testng.internal.thread.ThreadUtil.lambda$execute$0(ThreadUtil.java:64)
at java.base/java.util.concurrent.FutureTask.run(FutureTask.java:317)
at java.base/java.util.concurrent.ThreadPoolExecutor.runWorker(ThreadPoolExecutor.java:1144)
at java.base/java.util.concurrent.ThreadPoolExecutor$Worker.run(ThreadPoolExecutor.java:642)
at java.base/java.lang.Thread.run(Thread.java:1575)
]]>
            </full-stacktrace>
          </exception> <!-- java.lang.AssertionError -->
          <reporter-output>
          </reporter-output>
        </test-method> <!-- checkErrorMessageWhenExecutingWithoutCodeInDataStructureIntroductionPage -->
        <test-method is-config="true" signature="tearDownTest(org.testng.ITestResult)[pri:0, instance:dsAlgoTests.DataStructureTest@463fd068]" started-at="2025-02-13T14:39:07 EST" name="tearDownTest" finished-at="2025-02-13T14:39:07 EST" duration-ms="264" status="PASS">
          <params>
            <param index="0">
              <value>
                <![CDATA[[TestResult name=checkErrorMessageWhenExecutingWithoutCodeInDataStructureIntroductionPage status=SKIP method=DataStructureTest.checkErrorMessageWhenExecutingWithoutCodeInDataStructureIntroductionPage()[pri:0, instance:dsAlgoTests.DataStructureTest@463fd068] output={null}]]]>
              </value>
            </param>
          </params>
          <reporter-output>
          </reporter-output>
        </test-method> <!-- tearDownTest -->
        <test-method is-config="true" signature="setup(java.lang.String)[pri:0, instance:dsAlgoTests.DataStructureTest@463fd068]" started-at="2025-02-13T14:39:07 EST" name="setup" finished-at="2025-02-13T14:39:09 EST" duration-ms="1839" status="PASS">
          <params>
            <param index="0">
              <value>
                <![CDATA[chrome]]>
              </value>
            </param>
          </params>
          <reporter-output>
          </reporter-output>
        </test-method> <!-- setup -->
        <test-method is-config="true" signature="DataStructureIntroductionPage()[pri:0, instance:dsAlgoTests.DataStructureTest@463fd068]" started-at="2025-02-13T14:39:09 EST" name="DataStructureIntroductionPage" finished-at="2025-02-13T14:39:10 EST" duration-ms="1450" status="PASS">
          <reporter-output>
          </reporter-output>
        </test-method> <!-- DataStructureIntroductionPage -->
        <test-method signature="checkErrorMessageWhenExecutingWithoutCodeInDataStructureIntroductionPage()[pri:0, instance:dsAlgoTests.DataStructureTest@463fd068]" started-at="2025-02-13T14:39:10 EST" name="checkErrorMessageWhenExecutingWithoutCodeInDataStructureIntroductionPage" finished-at="2025-02-13T14:39:15 EST" duration-ms="4435" status="FAIL">
          <exception class="java.lang.AssertionError">
            <message>
              <![CDATA[Test failed: Expected an error message when clicking the 'Run' button without entering code, but no message was displayed.]]>
            </message>
            <full-stacktrace>
              <![CDATA[java.lang.AssertionError: Test failed: Expected an error message when clicking the 'Run' button without entering code, but no message was displayed.
at org.testng.Assert.fail(Assert.java:99)
at dsAlgoTests.DataStructureTest.checkErrorMessageWhenExecutingWithoutCodeInDataStructureIntroductionPage(DataStructureTest.java:85)
at java.base/jdk.internal.reflect.DirectMethodHandleAccessor.invoke(DirectMethodHandleAccessor.java:103)
at java.base/java.lang.reflect.Method.invoke(Method.java:580)
at org.testng.internal.MethodInvocationHelper.invokeMethod(MethodInvocationHelper.java:133)
at org.testng.internal.TestInvoker.invokeMethod(TestInvoker.java:598)
at org.testng.internal.TestInvoker.retryFailed(TestInvoker.java:213)
at org.testng.internal.MethodRunner.runInSequence(MethodRunner.java:58)
at org.testng.internal.TestInvoker$MethodInvocationAgent.invoke(TestInvoker.java:824)
at org.testng.internal.TestInvoker.invokeTestMethods(TestInvoker.java:146)
at org.testng.internal.TestMethodWorker.invokeTestMethods(TestMethodWorker.java:146)
at org.testng.internal.TestMethodWorker.run(TestMethodWorker.java:128)
at java.base/java.util.ArrayList.forEach(ArrayList.java:1597)
at org.testng.TestRunner.privateRun(TestRunner.java:794)
at org.testng.TestRunner.run(TestRunner.java:596)
at org.testng.SuiteRunner.runTest(SuiteRunner.java:377)
at org.testng.SuiteRunner.access$000(SuiteRunner.java:28)
at org.testng.SuiteRunner$SuiteWorker.run(SuiteRunner.java:418)
at org.testng.internal.thread.ThreadUtil.lambda$execute$0(ThreadUtil.java:64)
at java.base/java.util.concurrent.FutureTask.run(FutureTask.java:317)
at java.base/java.util.concurrent.ThreadPoolExecutor.runWorker(ThreadPoolExecutor.java:1144)
at java.base/java.util.concurrent.ThreadPoolExecutor$Worker.run(ThreadPoolExecutor.java:642)
at java.base/java.lang.Thread.run(Thread.java:1575)
]]>
            </full-stacktrace>
          </exception> <!-- java.lang.AssertionError -->
          <reporter-output>
          </reporter-output>
        </test-method> <!-- checkErrorMessageWhenExecutingWithoutCodeInDataStructureIntroductionPage -->
        <test-method is-config="true" signature="tearDownTest(org.testng.ITestResult)[pri:0, instance:dsAlgoTests.DataStructureTest@463fd068]" started-at="2025-02-13T14:39:15 EST" name="tearDownTest" finished-at="2025-02-13T14:39:15 EST" duration-ms="216" status="PASS">
          <params>
            <param index="0">
              <value>
                <![CDATA[[TestResult name=checkErrorMessageWhenExecutingWithoutCodeInDataStructureIntroductionPage status=FAILURE method=DataStructureTest.checkErrorMessageWhenExecutingWithoutCodeInDataStructureIntroductionPage()[pri:0, instance:dsAlgoTests.DataStructureTest@463fd068] output={null}]]]>
              </value>
            </param>
          </params>
          <reporter-output>
          </reporter-output>
        </test-method> <!-- tearDownTest -->
        <test-method is-config="true" signature="setup(java.lang.String)[pri:0, instance:dsAlgoTests.DataStructureTest@463fd068]" started-at="2025-02-13T14:39:15 EST" name="setup" finished-at="2025-02-13T14:39:17 EST" duration-ms="1673" status="PASS">
          <params>
            <param index="0">
              <value>
                <![CDATA[chrome]]>
              </value>
            </param>
          </params>
          <reporter-output>
          </reporter-output>
        </test-method> <!-- setup -->
        <test-method is-config="true" signature="DataStructureIntroductionPage()[pri:0, instance:dsAlgoTests.DataStructureTest@463fd068]" started-at="2025-02-13T14:39:17 EST" name="DataStructureIntroductionPage" finished-at="2025-02-13T14:39:19 EST" duration-ms="1603" status="PASS">
          <reporter-output>
          </reporter-output>
        </test-method> <!-- DataStructureIntroductionPage -->
        <test-method signature="navigateToDataStructureIntroductionPagePracticeQuestions()[pri:0, instance:dsAlgoTests.DataStructureTest@463fd068]" started-at="2025-02-13T14:39:19 EST" name="navigateToDataStructureIntroductionPagePracticeQuestions" finished-at="2025-02-13T14:39:19 EST" duration-ms="505" status="PASS">
          <reporter-output>
          </reporter-output>
        </test-method> <!-- navigateToDataStructureIntroductionPagePracticeQuestions -->
        <test-method is-config="true" signature="tearDownTest(org.testng.ITestResult)[pri:0, instance:dsAlgoTests.DataStructureTest@463fd068]" started-at="2025-02-13T14:39:19 EST" name="tearDownTest" finished-at="2025-02-13T14:39:19 EST" duration-ms="181" status="PASS">
          <params>
            <param index="0">
              <value>
                <![CDATA[[TestResult name=navigateToDataStructureIntroductionPagePracticeQuestions status=SUCCESS method=DataStructureTest.navigateToDataStructureIntroductionPagePracticeQuestions()[pri:0, instance:dsAlgoTests.DataStructureTest@463fd068] output={null}]]]>
              </value>
            </param>
          </params>
          <reporter-output>
          </reporter-output>
        </test-method> <!-- tearDownTest -->
        <test-method is-config="true" signature="setup(java.lang.String)[pri:0, instance:dsAlgoTests.DataStructureTest@463fd068]" started-at="2025-02-13T14:39:19 EST" name="setup" finished-at="2025-02-13T14:39:21 EST" duration-ms="1478" status="PASS">
          <params>
            <param index="0">
              <value>
                <![CDATA[chrome]]>
              </value>
            </param>
          </params>
          <reporter-output>
          </reporter-output>
        </test-method> <!-- setup -->
        <test-method is-config="true" signature="DataStructureIntroductionPage()[pri:0, instance:dsAlgoTests.DataStructureTest@463fd068]" started-at="2025-02-13T14:39:21 EST" name="DataStructureIntroductionPage" finished-at="2025-02-13T14:39:22 EST" duration-ms="1345" status="PASS">
          <reporter-output>
          </reporter-output>
        </test-method> <!-- DataStructureIntroductionPage -->
        <test-method signature="navigatetoTimeComplexityModule()[pri:0, instance:dsAlgoTests.DataStructureTest@463fd068]" started-at="2025-02-13T14:39:22 EST" name="navigatetoTimeComplexityModule" finished-at="2025-02-13T14:39:22 EST" duration-ms="301" status="PASS">
          <reporter-output>
          </reporter-output>
        </test-method> <!-- navigatetoTimeComplexityModule -->
        <test-method is-config="true" signature="tearDownTest(org.testng.ITestResult)[pri:0, instance:dsAlgoTests.DataStructureTest@463fd068]" started-at="2025-02-13T14:39:22 EST" name="tearDownTest" finished-at="2025-02-13T14:39:23 EST" duration-ms="197" status="PASS">
          <params>
            <param index="0">
              <value>
                <![CDATA[[TestResult name=navigatetoTimeComplexityModule status=SUCCESS method=DataStructureTest.navigatetoTimeComplexityModule()[pri:0, instance:dsAlgoTests.DataStructureTest@463fd068] output={null}]]]>
              </value>
            </param>
          </params>
          <reporter-output>
          </reporter-output>
        </test-method> <!-- tearDownTest -->
        <test-method is-config="true" signature="setup(java.lang.String)[pri:0, instance:dsAlgoTests.DataStructureTest@463fd068]" started-at="2025-02-13T14:39:23 EST" name="setup" finished-at="2025-02-13T14:39:24 EST" duration-ms="1656" status="PASS">
          <params>
            <param index="0">
              <value>
                <![CDATA[chrome]]>
              </value>
            </param>
          </params>
          <reporter-output>
          </reporter-output>
        </test-method> <!-- setup -->
        <test-method is-config="true" signature="DataStructureIntroductionPage()[pri:0, instance:dsAlgoTests.DataStructureTest@463fd068]" started-at="2025-02-13T14:39:24 EST" name="DataStructureIntroductionPage" finished-at="2025-02-13T14:39:27 EST" duration-ms="2771" status="PASS">
          <reporter-output>
          </reporter-output>
        </test-method> <!-- DataStructureIntroductionPage -->
        <test-method signature="navigatetoTimeComplexitytryeditor()[pri:0, instance:dsAlgoTests.DataStructureTest@463fd068]" started-at="2025-02-13T14:39:27 EST" name="navigatetoTimeComplexitytryeditor" finished-at="2025-02-13T14:39:31 EST" duration-ms="3569" status="PASS">
          <reporter-output>
          </reporter-output>
        </test-method> <!-- navigatetoTimeComplexitytryeditor -->
        <test-method is-config="true" signature="tearDownTest(org.testng.ITestResult)[pri:0, instance:dsAlgoTests.DataStructureTest@463fd068]" started-at="2025-02-13T14:39:31 EST" name="tearDownTest" finished-at="2025-02-13T14:39:31 EST" duration-ms="192" status="PASS">
          <params>
            <param index="0">
              <value>
                <![CDATA[[TestResult name=navigatetoTimeComplexitytryeditor status=SUCCESS method=DataStructureTest.navigatetoTimeComplexitytryeditor()[pri:0, instance:dsAlgoTests.DataStructureTest@463fd068] output={null}]]]>
              </value>
            </param>
          </params>
          <reporter-output>
          </reporter-output>
        </test-method> <!-- tearDownTest -->
        <test-method is-config="true" signature="setup(java.lang.String)[pri:0, instance:dsAlgoTests.DataStructureTest@463fd068]" started-at="2025-02-13T14:39:31 EST" name="setup" finished-at="2025-02-13T14:39:32 EST" duration-ms="1470" status="PASS">
          <params>
            <param index="0">
              <value>
                <![CDATA[chrome]]>
              </value>
            </param>
          </params>
          <reporter-output>
          </reporter-output>
        </test-method> <!-- setup -->
        <test-method is-config="true" signature="DataStructureIntroductionPage()[pri:0, instance:dsAlgoTests.DataStructureTest@463fd068]" started-at="2025-02-13T14:39:32 EST" name="DataStructureIntroductionPage" finished-at="2025-02-13T14:39:34 EST" duration-ms="1305" status="PASS">
          <reporter-output>
          </reporter-output>
        </test-method> <!-- DataStructureIntroductionPage -->
        <test-method retried="true" signature="seeListOfPracticeQuestionsonDataStructureIntroductionPage()[pri:0, instance:dsAlgoTests.DataStructureTest@463fd068]" started-at="2025-02-13T14:39:34 EST" name="seeListOfPracticeQuestionsonDataStructureIntroductionPage" finished-at="2025-02-13T14:39:34 EST" duration-ms="514" status="SKIP">
          <exception class="java.lang.AssertionError">
            <message>
              <![CDATA[No practice questions found on the Practice Questions Page!]]>
            </message>
            <full-stacktrace>
              <![CDATA[java.lang.AssertionError: No practice questions found on the Practice Questions Page!
at org.testng.Assert.fail(Assert.java:99)
at dsAlgoTests.DataStructureTest.seeListOfPracticeQuestionsonDataStructureIntroductionPage(DataStructureTest.java:75)
at java.base/jdk.internal.reflect.DirectMethodHandleAccessor.invoke(DirectMethodHandleAccessor.java:103)
at java.base/java.lang.reflect.Method.invoke(Method.java:580)
at org.testng.internal.MethodInvocationHelper.invokeMethod(MethodInvocationHelper.java:133)
at org.testng.internal.TestInvoker.invokeMethod(TestInvoker.java:598)
at org.testng.internal.TestInvoker.invokeTestMethod(TestInvoker.java:173)
at org.testng.internal.MethodRunner.runInSequence(MethodRunner.java:46)
at org.testng.internal.TestInvoker$MethodInvocationAgent.invoke(TestInvoker.java:824)
at org.testng.internal.TestInvoker.invokeTestMethods(TestInvoker.java:146)
at org.testng.internal.TestMethodWorker.invokeTestMethods(TestMethodWorker.java:146)
at org.testng.internal.TestMethodWorker.run(TestMethodWorker.java:128)
at java.base/java.util.ArrayList.forEach(ArrayList.java:1597)
at org.testng.TestRunner.privateRun(TestRunner.java:794)
at org.testng.TestRunner.run(TestRunner.java:596)
at org.testng.SuiteRunner.runTest(SuiteRunner.java:377)
at org.testng.SuiteRunner.access$000(SuiteRunner.java:28)
at org.testng.SuiteRunner$SuiteWorker.run(SuiteRunner.java:418)
at org.testng.internal.thread.ThreadUtil.lambda$execute$0(ThreadUtil.java:64)
at java.base/java.util.concurrent.FutureTask.run(FutureTask.java:317)
at java.base/java.util.concurrent.ThreadPoolExecutor.runWorker(ThreadPoolExecutor.java:1144)
at java.base/java.util.concurrent.ThreadPoolExecutor$Worker.run(ThreadPoolExecutor.java:642)
at java.base/java.lang.Thread.run(Thread.java:1575)
]]>
            </full-stacktrace>
          </exception> <!-- java.lang.AssertionError -->
          <reporter-output>
          </reporter-output>
        </test-method> <!-- seeListOfPracticeQuestionsonDataStructureIntroductionPage -->
        <test-method is-config="true" signature="tearDownTest(org.testng.ITestResult)[pri:0, instance:dsAlgoTests.DataStructureTest@463fd068]" started-at="2025-02-13T14:39:34 EST" name="tearDownTest" finished-at="2025-02-13T14:39:34 EST" duration-ms="137" status="PASS">
          <params>
            <param index="0">
              <value>
                <![CDATA[[TestResult name=seeListOfPracticeQuestionsonDataStructureIntroductionPage status=SKIP method=DataStructureTest.seeListOfPracticeQuestionsonDataStructureIntroductionPage()[pri:0, instance:dsAlgoTests.DataStructureTest@463fd068] output={null}]]]>
              </value>
            </param>
          </params>
          <reporter-output>
          </reporter-output>
        </test-method> <!-- tearDownTest -->
        <test-method is-config="true" signature="setup(java.lang.String)[pri:0, instance:dsAlgoTests.DataStructureTest@463fd068]" started-at="2025-02-13T14:39:34 EST" name="setup" finished-at="2025-02-13T14:39:36 EST" duration-ms="1404" status="PASS">
          <params>
            <param index="0">
              <value>
                <![CDATA[chrome]]>
              </value>
            </param>
          </params>
          <reporter-output>
          </reporter-output>
        </test-method> <!-- setup -->
        <test-method is-config="true" signature="DataStructureIntroductionPage()[pri:0, instance:dsAlgoTests.DataStructureTest@463fd068]" started-at="2025-02-13T14:39:36 EST" name="DataStructureIntroductionPage" finished-at="2025-02-13T14:39:37 EST" duration-ms="1328" status="PASS">
          <reporter-output>
          </reporter-output>
        </test-method> <!-- DataStructureIntroductionPage -->
        <test-method retried="true" signature="seeListOfPracticeQuestionsonDataStructureIntroductionPage()[pri:0, instance:dsAlgoTests.DataStructureTest@463fd068]" started-at="2025-02-13T14:39:37 EST" name="seeListOfPracticeQuestionsonDataStructureIntroductionPage" finished-at="2025-02-13T14:39:38 EST" duration-ms="438" status="SKIP">
          <exception class="java.lang.AssertionError">
            <message>
              <![CDATA[No practice questions found on the Practice Questions Page!]]>
            </message>
            <full-stacktrace>
              <![CDATA[java.lang.AssertionError: No practice questions found on the Practice Questions Page!
at org.testng.Assert.fail(Assert.java:99)
at dsAlgoTests.DataStructureTest.seeListOfPracticeQuestionsonDataStructureIntroductionPage(DataStructureTest.java:75)
at java.base/jdk.internal.reflect.DirectMethodHandleAccessor.invoke(DirectMethodHandleAccessor.java:103)
at java.base/java.lang.reflect.Method.invoke(Method.java:580)
at org.testng.internal.MethodInvocationHelper.invokeMethod(MethodInvocationHelper.java:133)
at org.testng.internal.TestInvoker.invokeMethod(TestInvoker.java:598)
at org.testng.internal.TestInvoker.retryFailed(TestInvoker.java:213)
at org.testng.internal.MethodRunner.runInSequence(MethodRunner.java:58)
at org.testng.internal.TestInvoker$MethodInvocationAgent.invoke(TestInvoker.java:824)
at org.testng.internal.TestInvoker.invokeTestMethods(TestInvoker.java:146)
at org.testng.internal.TestMethodWorker.invokeTestMethods(TestMethodWorker.java:146)
at org.testng.internal.TestMethodWorker.run(TestMethodWorker.java:128)
at java.base/java.util.ArrayList.forEach(ArrayList.java:1597)
at org.testng.TestRunner.privateRun(TestRunner.java:794)
at org.testng.TestRunner.run(TestRunner.java:596)
at org.testng.SuiteRunner.runTest(SuiteRunner.java:377)
at org.testng.SuiteRunner.access$000(SuiteRunner.java:28)
at org.testng.SuiteRunner$SuiteWorker.run(SuiteRunner.java:418)
at org.testng.internal.thread.ThreadUtil.lambda$execute$0(ThreadUtil.java:64)
at java.base/java.util.concurrent.FutureTask.run(FutureTask.java:317)
at java.base/java.util.concurrent.ThreadPoolExecutor.runWorker(ThreadPoolExecutor.java:1144)
at java.base/java.util.concurrent.ThreadPoolExecutor$Worker.run(ThreadPoolExecutor.java:642)
at java.base/java.lang.Thread.run(Thread.java:1575)
]]>
            </full-stacktrace>
          </exception> <!-- java.lang.AssertionError -->
          <reporter-output>
          </reporter-output>
        </test-method> <!-- seeListOfPracticeQuestionsonDataStructureIntroductionPage -->
        <test-method is-config="true" signature="tearDownTest(org.testng.ITestResult)[pri:0, instance:dsAlgoTests.DataStructureTest@463fd068]" started-at="2025-02-13T14:39:38 EST" name="tearDownTest" finished-at="2025-02-13T14:39:38 EST" duration-ms="188" status="PASS">
          <params>
            <param index="0">
              <value>
                <![CDATA[[TestResult name=seeListOfPracticeQuestionsonDataStructureIntroductionPage status=SKIP method=DataStructureTest.seeListOfPracticeQuestionsonDataStructureIntroductionPage()[pri:0, instance:dsAlgoTests.DataStructureTest@463fd068] output={null}]]]>
              </value>
            </param>
          </params>
          <reporter-output>
          </reporter-output>
        </test-method> <!-- tearDownTest -->
        <test-method is-config="true" signature="setup(java.lang.String)[pri:0, instance:dsAlgoTests.DataStructureTest@463fd068]" started-at="2025-02-13T14:39:38 EST" name="setup" finished-at="2025-02-13T14:39:41 EST" duration-ms="2833" status="PASS">
          <params>
            <param index="0">
              <value>
                <![CDATA[chrome]]>
              </value>
            </param>
          </params>
          <reporter-output>
          </reporter-output>
        </test-method> <!-- setup -->
        <test-method is-config="true" signature="DataStructureIntroductionPage()[pri:0, instance:dsAlgoTests.DataStructureTest@463fd068]" started-at="2025-02-13T14:39:41 EST" name="DataStructureIntroductionPage" finished-at="2025-02-13T14:39:44 EST" duration-ms="3296" status="PASS">
          <reporter-output>
          </reporter-output>
        </test-method> <!-- DataStructureIntroductionPage -->
        <test-method retried="true" signature="seeListOfPracticeQuestionsonDataStructureIntroductionPage()[pri:0, instance:dsAlgoTests.DataStructureTest@463fd068]" started-at="2025-02-13T14:39:44 EST" name="seeListOfPracticeQuestionsonDataStructureIntroductionPage" finished-at="2025-02-13T14:39:45 EST" duration-ms="1109" status="SKIP">
          <exception class="java.lang.AssertionError">
            <message>
              <![CDATA[No practice questions found on the Practice Questions Page!]]>
            </message>
            <full-stacktrace>
              <![CDATA[java.lang.AssertionError: No practice questions found on the Practice Questions Page!
at org.testng.Assert.fail(Assert.java:99)
at dsAlgoTests.DataStructureTest.seeListOfPracticeQuestionsonDataStructureIntroductionPage(DataStructureTest.java:75)
at java.base/jdk.internal.reflect.DirectMethodHandleAccessor.invoke(DirectMethodHandleAccessor.java:103)
at java.base/java.lang.reflect.Method.invoke(Method.java:580)
at org.testng.internal.MethodInvocationHelper.invokeMethod(MethodInvocationHelper.java:133)
at org.testng.internal.TestInvoker.invokeMethod(TestInvoker.java:598)
at org.testng.internal.TestInvoker.retryFailed(TestInvoker.java:213)
at org.testng.internal.MethodRunner.runInSequence(MethodRunner.java:58)
at org.testng.internal.TestInvoker$MethodInvocationAgent.invoke(TestInvoker.java:824)
at org.testng.internal.TestInvoker.invokeTestMethods(TestInvoker.java:146)
at org.testng.internal.TestMethodWorker.invokeTestMethods(TestMethodWorker.java:146)
at org.testng.internal.TestMethodWorker.run(TestMethodWorker.java:128)
at java.base/java.util.ArrayList.forEach(ArrayList.java:1597)
at org.testng.TestRunner.privateRun(TestRunner.java:794)
at org.testng.TestRunner.run(TestRunner.java:596)
at org.testng.SuiteRunner.runTest(SuiteRunner.java:377)
at org.testng.SuiteRunner.access$000(SuiteRunner.java:28)
at org.testng.SuiteRunner$SuiteWorker.run(SuiteRunner.java:418)
at org.testng.internal.thread.ThreadUtil.lambda$execute$0(ThreadUtil.java:64)
at java.base/java.util.concurrent.FutureTask.run(FutureTask.java:317)
at java.base/java.util.concurrent.ThreadPoolExecutor.runWorker(ThreadPoolExecutor.java:1144)
at java.base/java.util.concurrent.ThreadPoolExecutor$Worker.run(ThreadPoolExecutor.java:642)
at java.base/java.lang.Thread.run(Thread.java:1575)
]]>
            </full-stacktrace>
          </exception> <!-- java.lang.AssertionError -->
          <reporter-output>
          </reporter-output>
        </test-method> <!-- seeListOfPracticeQuestionsonDataStructureIntroductionPage -->
        <test-method is-config="true" signature="tearDownTest(org.testng.ITestResult)[pri:0, instance:dsAlgoTests.DataStructureTest@463fd068]" started-at="2025-02-13T14:39:45 EST" name="tearDownTest" finished-at="2025-02-13T14:39:45 EST" duration-ms="184" status="PASS">
          <params>
            <param index="0">
              <value>
                <![CDATA[[TestResult name=seeListOfPracticeQuestionsonDataStructureIntroductionPage status=SKIP method=DataStructureTest.seeListOfPracticeQuestionsonDataStructureIntroductionPage()[pri:0, instance:dsAlgoTests.DataStructureTest@463fd068] output={null}]]]>
              </value>
            </param>
          </params>
          <reporter-output>
          </reporter-output>
        </test-method> <!-- tearDownTest -->
        <test-method is-config="true" signature="setup(java.lang.String)[pri:0, instance:dsAlgoTests.DataStructureTest@463fd068]" started-at="2025-02-13T14:39:45 EST" name="setup" finished-at="2025-02-13T14:39:47 EST" duration-ms="1543" status="PASS">
          <params>
            <param index="0">
              <value>
                <![CDATA[chrome]]>
              </value>
            </param>
          </params>
          <reporter-output>
          </reporter-output>
        </test-method> <!-- setup -->
        <test-method is-config="true" signature="DataStructureIntroductionPage()[pri:0, instance:dsAlgoTests.DataStructureTest@463fd068]" started-at="2025-02-13T14:39:47 EST" name="DataStructureIntroductionPage" finished-at="2025-02-13T14:39:48 EST" duration-ms="1306" status="PASS">
          <reporter-output>
          </reporter-output>
        </test-method> <!-- DataStructureIntroductionPage -->
        <test-method signature="seeListOfPracticeQuestionsonDataStructureIntroductionPage()[pri:0, instance:dsAlgoTests.DataStructureTest@463fd068]" started-at="2025-02-13T14:39:48 EST" name="seeListOfPracticeQuestionsonDataStructureIntroductionPage" finished-at="2025-02-13T14:39:49 EST" duration-ms="473" status="FAIL">
          <exception class="java.lang.AssertionError">
            <message>
              <![CDATA[No practice questions found on the Practice Questions Page!]]>
            </message>
            <full-stacktrace>
              <![CDATA[java.lang.AssertionError: No practice questions found on the Practice Questions Page!
at org.testng.Assert.fail(Assert.java:99)
at dsAlgoTests.DataStructureTest.seeListOfPracticeQuestionsonDataStructureIntroductionPage(DataStructureTest.java:75)
at java.base/jdk.internal.reflect.DirectMethodHandleAccessor.invoke(DirectMethodHandleAccessor.java:103)
at java.base/java.lang.reflect.Method.invoke(Method.java:580)
at org.testng.internal.MethodInvocationHelper.invokeMethod(MethodInvocationHelper.java:133)
at org.testng.internal.TestInvoker.invokeMethod(TestInvoker.java:598)
at org.testng.internal.TestInvoker.retryFailed(TestInvoker.java:213)
at org.testng.internal.MethodRunner.runInSequence(MethodRunner.java:58)
at org.testng.internal.TestInvoker$MethodInvocationAgent.invoke(TestInvoker.java:824)
at org.testng.internal.TestInvoker.invokeTestMethods(TestInvoker.java:146)
at org.testng.internal.TestMethodWorker.invokeTestMethods(TestMethodWorker.java:146)
at org.testng.internal.TestMethodWorker.run(TestMethodWorker.java:128)
at java.base/java.util.ArrayList.forEach(ArrayList.java:1597)
at org.testng.TestRunner.privateRun(TestRunner.java:794)
at org.testng.TestRunner.run(TestRunner.java:596)
at org.testng.SuiteRunner.runTest(SuiteRunner.java:377)
at org.testng.SuiteRunner.access$000(SuiteRunner.java:28)
at org.testng.SuiteRunner$SuiteWorker.run(SuiteRunner.java:418)
at org.testng.internal.thread.ThreadUtil.lambda$execute$0(ThreadUtil.java:64)
at java.base/java.util.concurrent.FutureTask.run(FutureTask.java:317)
at java.base/java.util.concurrent.ThreadPoolExecutor.runWorker(ThreadPoolExecutor.java:1144)
at java.base/java.util.concurrent.ThreadPoolExecutor$Worker.run(ThreadPoolExecutor.java:642)
at java.base/java.lang.Thread.run(Thread.java:1575)
]]>
            </full-stacktrace>
          </exception> <!-- java.lang.AssertionError -->
          <reporter-output>
          </reporter-output>
        </test-method> <!-- seeListOfPracticeQuestionsonDataStructureIntroductionPage -->
        <test-method is-config="true" signature="tearDownTest(org.testng.ITestResult)[pri:0, instance:dsAlgoTests.DataStructureTest@463fd068]" started-at="2025-02-13T14:39:49 EST" name="tearDownTest" finished-at="2025-02-13T14:39:49 EST" duration-ms="150" status="PASS">
          <params>
            <param index="0">
              <value>
                <![CDATA[[TestResult name=seeListOfPracticeQuestionsonDataStructureIntroductionPage status=FAILURE method=DataStructureTest.seeListOfPracticeQuestionsonDataStructureIntroductionPage()[pri:0, instance:dsAlgoTests.DataStructureTest@463fd068] output={null}]]]>
              </value>
            </param>
          </params>
          <reporter-output>
          </reporter-output>
        </test-method> <!-- tearDownTest -->
        <test-method is-config="true" signature="setup(java.lang.String)[pri:0, instance:dsAlgoTests.DataStructureTest@463fd068]" started-at="2025-02-13T14:39:50 EST" name="setup" finished-at="2025-02-13T14:39:52 EST" duration-ms="1437" status="PASS">
          <params>
            <param index="0">
              <value>
                <![CDATA[chrome]]>
              </value>
            </param>
          </params>
          <reporter-output>
          </reporter-output>
        </test-method> <!-- setup -->
        <test-method is-config="true" signature="DataStructureIntroductionPage()[pri:0, instance:dsAlgoTests.DataStructureTest@463fd068]" started-at="2025-02-13T14:39:52 EST" name="DataStructureIntroductionPage" finished-at="2025-02-13T14:39:53 EST" duration-ms="1347" status="PASS">
          <reporter-output>
          </reporter-output>
        </test-method> <!-- DataStructureIntroductionPage -->
        <test-method signature="verifyCodeExecutionforDataStructureIntroductionPage(java.lang.String,java.lang.String)[pri:0, instance:dsAlgoTests.DataStructureTest@463fd068]" started-at="2025-02-13T14:39:53 EST" name="verifyCodeExecutionforDataStructureIntroductionPage" data-provider="codeExecutionData" finished-at="2025-02-13T14:39:59 EST" duration-ms="6273" status="PASS">
          <params>
            <param index="0">
              <value>
                <![CDATA[print  "hello"]]>
              </value>
            </param>
            <param index="1">
              <value>
                <![CDATA[hello]]>
              </value>
            </param>
          </params>
          <reporter-output>
          </reporter-output>
        </test-method> <!-- verifyCodeExecutionforDataStructureIntroductionPage -->
        <test-method is-config="true" signature="tearDownTest(org.testng.ITestResult)[pri:0, instance:dsAlgoTests.DataStructureTest@463fd068]" started-at="2025-02-13T14:39:59 EST" name="tearDownTest" finished-at="2025-02-13T14:39:59 EST" duration-ms="164" status="PASS">
          <params>
            <param index="0">
              <value>
                <![CDATA[[TestResult name=verifyCodeExecutionforDataStructureIntroductionPage status=SUCCESS method=DataStructureTest.verifyCodeExecutionforDataStructureIntroductionPage(java.lang.String,java.lang.String)[pri:0, instance:dsAlgoTests.DataStructureTest@463fd068] output={null}]]]>
              </value>
            </param>
          </params>
          <reporter-output>
          </reporter-output>
        </test-method> <!-- tearDownTest -->
        <test-method is-config="true" signature="setup(java.lang.String)[pri:0, instance:dsAlgoTests.DataStructureTest@463fd068]" started-at="2025-02-13T14:39:59 EST" name="setup" finished-at="2025-02-13T14:40:01 EST" duration-ms="1379" status="PASS">
          <params>
            <param index="0">
              <value>
                <![CDATA[chrome]]>
              </value>
            </param>
          </params>
          <reporter-output>
          </reporter-output>
        </test-method> <!-- setup -->
        <test-method is-config="true" signature="DataStructureIntroductionPage()[pri:0, instance:dsAlgoTests.DataStructureTest@463fd068]" started-at="2025-02-13T14:40:01 EST" name="DataStructureIntroductionPage" finished-at="2025-02-13T14:40:02 EST" duration-ms="1328" status="PASS">
          <reporter-output>
          </reporter-output>
        </test-method> <!-- DataStructureIntroductionPage -->
        <test-method signature="verifyCodeExecutionforDataStructureIntroductionPage(java.lang.String,java.lang.String)[pri:0, instance:dsAlgoTests.DataStructureTest@463fd068]" started-at="2025-02-13T14:40:02 EST" name="verifyCodeExecutionforDataStructureIntroductionPage" data-provider="codeExecutionData" finished-at="2025-02-13T14:40:03 EST" duration-ms="1172" status="PASS">
          <params>
            <param index="0">
              <value>
                <![CDATA[invalid]]>
              </value>
            </param>
            <param index="1">
              <value>
                <![CDATA[NameError: name 'invalid' is not defined on line 1]]>
              </value>
            </param>
          </params>
          <reporter-output>
          </reporter-output>
        </test-method> <!-- verifyCodeExecutionforDataStructureIntroductionPage -->
        <test-method is-config="true" signature="tearDownTest(org.testng.ITestResult)[pri:0, instance:dsAlgoTests.DataStructureTest@463fd068]" started-at="2025-02-13T14:40:03 EST" name="tearDownTest" finished-at="2025-02-13T14:40:03 EST" duration-ms="160" status="PASS">
          <params>
            <param index="0">
              <value>
                <![CDATA[[TestResult name=verifyCodeExecutionforDataStructureIntroductionPage status=SUCCESS method=DataStructureTest.verifyCodeExecutionforDataStructureIntroductionPage(java.lang.String,java.lang.String)[pri:0, instance:dsAlgoTests.DataStructureTest@463fd068] output={null}]]]>
              </value>
            </param>
          </params>
          <reporter-output>
          </reporter-output>
        </test-method> <!-- tearDownTest -->
      </class> <!-- dsAlgoTests.DataStructureTest -->
    </test> <!-- ChromeTest -->
  </suite> <!-- CrossBrowserSuite -->
</testng-results>
