<?xml version="1.0" encoding="UTF-8"?>
<testng-results ignored="10" total="12" passed="2" failed="0" skipped="0">
  <reporter-output>
  </reporter-output>
  <suite started-at="2025-02-18T14:46:32 CST" name="Default suite" finished-at="2025-02-18T14:46:41 CST" duration-ms="8867">
    <groups>
    </groups>
    <test started-at="2025-02-18T14:46:32 CST" name="Default test" finished-at="2025-02-18T14:46:41 CST" duration-ms="8867">
      <class name="dsAlgoTests.GraphTest">
        <test-method is-config="true" signature="setupSuite()[pri:0, instance:dsAlgoTests.GraphTest@5c86dbc5]" started-at="2025-02-18T14:46:32 CST" name="setupSuite" finished-at="2025-02-18T14:46:32 CST" duration-ms="9" status="PASS">
          <reporter-output>
          </reporter-output>
        </test-method> <!-- setupSuite -->
        <test-method is-config="true" signature="setup(java.lang.String)[pri:0, instance:dsAlgoTests.GraphTest@5c86dbc5]" started-at="2025-02-18T14:46:32 CST" name="setup" finished-at="2025-02-18T14:46:34 CST" duration-ms="1901" status="PASS">
          <params>
            <param index="0">
              <value>
                <![CDATA[]]>
              </value>
            </param>
          </params>
          <reporter-output>
          </reporter-output>
        </test-method> <!-- setup -->
        <test-method is-config="true" signature="navigateGraphPage()[pri:0, instance:dsAlgoTests.GraphTest@5c86dbc5]" started-at="2025-02-18T14:46:34 CST" name="navigateGraphPage" finished-at="2025-02-18T14:46:35 CST" duration-ms="1499" status="PASS">
          <reporter-output>
          </reporter-output>
        </test-method> <!-- navigateGraphPage -->
        <test-method signature="navigatetoGraphModule()[pri:1, instance:dsAlgoTests.GraphTest@5c86dbc5]" started-at="2025-02-18T14:46:35 CST" name="navigatetoGraphModule" finished-at="2025-02-18T14:46:36 CST" duration-ms="526" status="PASS">
          <reporter-output>
          </reporter-output>
        </test-method> <!-- navigatetoGraphModule -->
        <test-method is-config="true" signature="tearDownTest(org.testng.ITestResult)[pri:0, instance:dsAlgoTests.GraphTest@5c86dbc5]" started-at="2025-02-18T14:46:36 CST" name="tearDownTest" finished-at="2025-02-18T14:46:36 CST" duration-ms="188" status="PASS">
          <params>
            <param index="0">
              <value>
                <![CDATA[[TestResult name=navigatetoGraphModule status=SUCCESS method=GraphTest.navigatetoGraphModule()[pri:1, instance:dsAlgoTests.GraphTest@5c86dbc5] output={null}]]]>
              </value>
            </param>
          </params>
          <reporter-output>
          </reporter-output>
        </test-method> <!-- tearDownTest -->
        <test-method is-config="true" signature="setup(java.lang.String)[pri:0, instance:dsAlgoTests.GraphTest@5c86dbc5]" started-at="2025-02-18T14:46:36 CST" name="setup" finished-at="2025-02-18T14:46:38 CST" duration-ms="1654" status="PASS">
          <params>
            <param index="0">
              <value>
                <![CDATA[]]>
              </value>
            </param>
          </params>
          <reporter-output>
          </reporter-output>
        </test-method> <!-- setup -->
        <test-method is-config="true" signature="navigateGraphPage()[pri:0, instance:dsAlgoTests.GraphTest@5c86dbc5]" started-at="2025-02-18T14:46:38 CST" name="navigateGraphPage" finished-at="2025-02-18T14:46:39 CST" duration-ms="1597" status="PASS">
          <reporter-output>
          </reporter-output>
        </test-method> <!-- navigateGraphPage -->
        <test-method signature="navigatetoGraphModuletryeditor()[pri:3, instance:dsAlgoTests.GraphTest@5c86dbc5]" started-at="2025-02-18T14:46:39 CST" name="navigatetoGraphModuletryeditor" finished-at="2025-02-18T14:46:41 CST" depends-on-methods="dsAlgoTests.GraphTest.navigatetoGraphModule" duration-ms="1147" status="PASS">
          <reporter-output>
          </reporter-output>
        </test-method> <!-- navigatetoGraphModuletryeditor -->
        <test-method is-config="true" signature="tearDownTest(org.testng.ITestResult)[pri:0, instance:dsAlgoTests.GraphTest@5c86dbc5]" started-at="2025-02-18T14:46:41 CST" name="tearDownTest" finished-at="2025-02-18T14:46:41 CST" duration-ms="212" status="PASS">
          <params>
            <param index="0">
              <value>
                <![CDATA[[TestResult name=navigatetoGraphModuletryeditor status=SUCCESS method=GraphTest.navigatetoGraphModuletryeditor()[pri:3, instance:dsAlgoTests.GraphTest@5c86dbc5] output={null}]]]>
              </value>
            </param>
          </params>
          <reporter-output>
          </reporter-output>
        </test-method> <!-- tearDownTest -->
      </class> <!-- dsAlgoTests.GraphTest -->
    </test> <!-- Default test -->
  </suite> <!-- Default suite -->
</testng-results>
