<?xml version="1.0" encoding="UTF-8"?>
<testng-results retried="6" ignored="0" total="13" passed="5" failed="2" skipped="0">
  <reporter-output>
  </reporter-output>
  <suite started-at="2025-02-13T14:47:01 EST" name="CrossBrowserSuite" finished-at="2025-02-13T14:48:03 EST" duration-ms="62124">
    <groups>
    </groups>
    <test started-at="2025-02-13T14:47:01 EST" name="ChromeTest" finished-at="2025-02-13T14:48:03 EST" duration-ms="62124">
      <class name="dsAlgoTests.DataStructureTest">
        <test-method is-config="true" signature="setupSuite()[pri:0, instance:dsAlgoTests.DataStructureTest@463fd068]" started-at="2025-02-13T14:47:00 EST" name="setupSuite" finished-at="2025-02-13T14:47:01 EST" duration-ms="19" status="PASS">
          <reporter-output>
          </reporter-output>
        </test-method> <!-- setupSuite -->
        <test-method is-config="true" signature="setup(java.lang.String)[pri:0, instance:dsAlgoTests.DataStructureTest@463fd068]" started-at="2025-02-13T14:47:01 EST" name="setup" finished-at="2025-02-13T14:47:03 EST" duration-ms="2668" status="PASS">
          <params>
            <param index="0">
              <value>
                <![CDATA[chrome]]>
              </value>
            </param>
          </params>
          <reporter-output>
          </reporter-output>
        </test-method> <!-- setup -->
        <test-method is-config="true" signature="DataStructureIntroductionPage()[pri:0, instance:dsAlgoTests.DataStructureTest@463fd068]" started-at="2025-02-13T14:47:03 EST" name="DataStructureIntroductionPage" finished-at="2025-02-13T14:47:05 EST" duration-ms="1602" status="PASS">
          <reporter-output>
          </reporter-output>
        </test-method> <!-- DataStructureIntroductionPage -->
        <test-method retried="true" signature="checkErrorMessageWhenExecutingWithoutCodeInDataStructureIntroductionPage()[pri:0, instance:dsAlgoTests.DataStructureTest@463fd068]" started-at="2025-02-13T14:47:05 EST" name="checkErrorMessageWhenExecutingWithoutCodeInDataStructureIntroductionPage" finished-at="2025-02-13T14:47:06 EST" duration-ms="1212" status="SKIP">
          <exception class="java.lang.AssertionError">
            <message>
              <![CDATA[Test failed: Expected an error message when clicking the 'Run' button without entering code, but no message was displayed.]]>
            </message>
            <full-stacktrace>
              <![CDATA[java.lang.AssertionError: Test failed: Expected an error message when clicking the 'Run' button without entering code, but no message was displayed.
at org.testng.Assert.fail(Assert.java:99)
at dsAlgoTests.DataStructureTest.checkErrorMessageWhenExecutingWithoutCodeInDataStructureIntroductionPage(DataStructureTest.java:85)
at java.base/jdk.internal.reflect.DirectMethodHandleAccessor.invoke(DirectMethodHandleAccessor.java:103)
at java.base/java.lang.reflect.Method.invoke(Method.java:580)
at org.testng.internal.MethodInvocationHelper.invokeMethod(MethodInvocationHelper.java:133)
at org.testng.internal.TestInvoker.invokeMethod(TestInvoker.java:598)
at org.testng.internal.TestInvoker.invokeTestMethod(TestInvoker.java:173)
at org.testng.internal.MethodRunner.runInSequence(MethodRunner.java:46)
at org.testng.internal.TestInvoker$MethodInvocationAgent.invoke(TestInvoker.java:824)
at org.testng.internal.TestInvoker.invokeTestMethods(TestInvoker.java:146)
at org.testng.internal.TestMethodWorker.invokeTestMethods(TestMethodWorker.java:146)
at org.testng.internal.TestMethodWorker.run(TestMethodWorker.java:128)
at java.base/java.util.ArrayList.forEach(ArrayList.java:1597)
at org.testng.TestRunner.privateRun(TestRunner.java:794)
at org.testng.TestRunner.run(TestRunner.java:596)
at org.testng.SuiteRunner.runTest(SuiteRunner.java:377)
at org.testng.SuiteRunner.access$000(SuiteRunner.java:28)
at org.testng.SuiteRunner$SuiteWorker.run(SuiteRunner.java:418)
at org.testng.internal.thread.ThreadUtil.lambda$execute$0(ThreadUtil.java:64)
at java.base/java.util.concurrent.FutureTask.run(FutureTask.java:317)
at java.base/java.util.concurrent.ThreadPoolExecutor.runWorker(ThreadPoolExecutor.java:1144)
at java.base/java.util.concurrent.ThreadPoolExecutor$Worker.run(ThreadPoolExecutor.java:642)
at java.base/java.lang.Thread.run(Thread.java:1575)
]]>
            </full-stacktrace>
          </exception> <!-- java.lang.AssertionError -->
          <reporter-output>
          </reporter-output>
        </test-method> <!-- checkErrorMessageWhenExecutingWithoutCodeInDataStructureIntroductionPage -->
        <test-method is-config="true" signature="tearDownTest(org.testng.ITestResult)[pri:0, instance:dsAlgoTests.DataStructureTest@463fd068]" started-at="2025-02-13T14:47:06 EST" name="tearDownTest" finished-at="2025-02-13T14:47:06 EST" duration-ms="259" status="PASS">
          <params>
            <param index="0">
              <value>
                <![CDATA[[TestResult name=checkErrorMessageWhenExecutingWithoutCodeInDataStructureIntroductionPage status=SKIP method=DataStructureTest.checkErrorMessageWhenExecutingWithoutCodeInDataStructureIntroductionPage()[pri:0, instance:dsAlgoTests.DataStructureTest@463fd068] output={null}]]]>
              </value>
            </param>
          </params>
          <reporter-output>
          </reporter-output>
        </test-method> <!-- tearDownTest -->
        <test-method is-config="true" signature="setup(java.lang.String)[pri:0, instance:dsAlgoTests.DataStructureTest@463fd068]" started-at="2025-02-13T14:47:06 EST" name="setup" finished-at="2025-02-13T14:47:08 EST" duration-ms="1751" status="PASS">
          <params>
            <param index="0">
              <value>
                <![CDATA[chrome]]>
              </value>
            </param>
          </params>
          <reporter-output>
          </reporter-output>
        </test-method> <!-- setup -->
        <test-method is-config="true" signature="DataStructureIntroductionPage()[pri:0, instance:dsAlgoTests.DataStructureTest@463fd068]" started-at="2025-02-13T14:47:08 EST" name="DataStructureIntroductionPage" finished-at="2025-02-13T14:47:10 EST" duration-ms="1625" status="PASS">
          <reporter-output>
          </reporter-output>
        </test-method> <!-- DataStructureIntroductionPage -->
        <test-method retried="true" signature="checkErrorMessageWhenExecutingWithoutCodeInDataStructureIntroductionPage()[pri:0, instance:dsAlgoTests.DataStructureTest@463fd068]" started-at="2025-02-13T14:47:10 EST" name="checkErrorMessageWhenExecutingWithoutCodeInDataStructureIntroductionPage" finished-at="2025-02-13T14:47:11 EST" duration-ms="1061" status="SKIP">
          <exception class="java.lang.AssertionError">
            <message>
              <![CDATA[Test failed: Expected an error message when clicking the 'Run' button without entering code, but no message was displayed.]]>
            </message>
            <full-stacktrace>
              <![CDATA[java.lang.AssertionError: Test failed: Expected an error message when clicking the 'Run' button without entering code, but no message was displayed.
at org.testng.Assert.fail(Assert.java:99)
at dsAlgoTests.DataStructureTest.checkErrorMessageWhenExecutingWithoutCodeInDataStructureIntroductionPage(DataStructureTest.java:85)
at java.base/jdk.internal.reflect.DirectMethodHandleAccessor.invoke(DirectMethodHandleAccessor.java:103)
at java.base/java.lang.reflect.Method.invoke(Method.java:580)
at org.testng.internal.MethodInvocationHelper.invokeMethod(MethodInvocationHelper.java:133)
at org.testng.internal.TestInvoker.invokeMethod(TestInvoker.java:598)
at org.testng.internal.TestInvoker.retryFailed(TestInvoker.java:213)
at org.testng.internal.MethodRunner.runInSequence(MethodRunner.java:58)
at org.testng.internal.TestInvoker$MethodInvocationAgent.invoke(TestInvoker.java:824)
at org.testng.internal.TestInvoker.invokeTestMethods(TestInvoker.java:146)
at org.testng.internal.TestMethodWorker.invokeTestMethods(TestMethodWorker.java:146)
at org.testng.internal.TestMethodWorker.run(TestMethodWorker.java:128)
at java.base/java.util.ArrayList.forEach(ArrayList.java:1597)
at org.testng.TestRunner.privateRun(TestRunner.java:794)
at org.testng.TestRunner.run(TestRunner.java:596)
at org.testng.SuiteRunner.runTest(SuiteRunner.java:377)
at org.testng.SuiteRunner.access$000(SuiteRunner.java:28)
at org.testng.SuiteRunner$SuiteWorker.run(SuiteRunner.java:418)
at org.testng.internal.thread.ThreadUtil.lambda$execute$0(ThreadUtil.java:64)
at java.base/java.util.concurrent.FutureTask.run(FutureTask.java:317)
at java.base/java.util.concurrent.ThreadPoolExecutor.runWorker(ThreadPoolExecutor.java:1144)
at java.base/java.util.concurrent.ThreadPoolExecutor$Worker.run(ThreadPoolExecutor.java:642)
at java.base/java.lang.Thread.run(Thread.java:1575)
]]>
            </full-stacktrace>
          </exception> <!-- java.lang.AssertionError -->
          <reporter-output>
          </reporter-output>
        </test-method> <!-- checkErrorMessageWhenExecutingWithoutCodeInDataStructureIntroductionPage -->
        <test-method is-config="true" signature="tearDownTest(org.testng.ITestResult)[pri:0, instance:dsAlgoTests.DataStructureTest@463fd068]" started-at="2025-02-13T14:47:11 EST" name="tearDownTest" finished-at="2025-02-13T14:47:11 EST" duration-ms="322" status="PASS">
          <params>
            <param index="0">
              <value>
                <![CDATA[[TestResult name=checkErrorMessageWhenExecutingWithoutCodeInDataStructureIntroductionPage status=SKIP method=DataStructureTest.checkErrorMessageWhenExecutingWithoutCodeInDataStructureIntroductionPage()[pri:0, instance:dsAlgoTests.DataStructureTest@463fd068] output={null}]]]>
              </value>
            </param>
          </params>
          <reporter-output>
          </reporter-output>
        </test-method> <!-- tearDownTest -->
        <test-method is-config="true" signature="setup(java.lang.String)[pri:0, instance:dsAlgoTests.DataStructureTest@463fd068]" started-at="2025-02-13T14:47:11 EST" name="setup" finished-at="2025-02-13T14:47:13 EST" duration-ms="1713" status="PASS">
          <params>
            <param index="0">
              <value>
                <![CDATA[chrome]]>
              </value>
            </param>
          </params>
          <reporter-output>
          </reporter-output>
        </test-method> <!-- setup -->
        <test-method is-config="true" signature="DataStructureIntroductionPage()[pri:0, instance:dsAlgoTests.DataStructureTest@463fd068]" started-at="2025-02-13T14:47:13 EST" name="DataStructureIntroductionPage" finished-at="2025-02-13T14:47:15 EST" duration-ms="1794" status="PASS">
          <reporter-output>
          </reporter-output>
        </test-method> <!-- DataStructureIntroductionPage -->
        <test-method retried="true" signature="checkErrorMessageWhenExecutingWithoutCodeInDataStructureIntroductionPage()[pri:0, instance:dsAlgoTests.DataStructureTest@463fd068]" started-at="2025-02-13T14:47:15 EST" name="checkErrorMessageWhenExecutingWithoutCodeInDataStructureIntroductionPage" finished-at="2025-02-13T14:47:16 EST" duration-ms="1184" status="SKIP">
          <exception class="java.lang.AssertionError">
            <message>
              <![CDATA[Test failed: Expected an error message when clicking the 'Run' button without entering code, but no message was displayed.]]>
            </message>
            <full-stacktrace>
              <![CDATA[java.lang.AssertionError: Test failed: Expected an error message when clicking the 'Run' button without entering code, but no message was displayed.
at org.testng.Assert.fail(Assert.java:99)
at dsAlgoTests.DataStructureTest.checkErrorMessageWhenExecutingWithoutCodeInDataStructureIntroductionPage(DataStructureTest.java:85)
at java.base/jdk.internal.reflect.DirectMethodHandleAccessor.invoke(DirectMethodHandleAccessor.java:103)
at java.base/java.lang.reflect.Method.invoke(Method.java:580)
at org.testng.internal.MethodInvocationHelper.invokeMethod(MethodInvocationHelper.java:133)
at org.testng.internal.TestInvoker.invokeMethod(TestInvoker.java:598)
at org.testng.internal.TestInvoker.retryFailed(TestInvoker.java:213)
at org.testng.internal.MethodRunner.runInSequence(MethodRunner.java:58)
at org.testng.internal.TestInvoker$MethodInvocationAgent.invoke(TestInvoker.java:824)
at org.testng.internal.TestInvoker.invokeTestMethods(TestInvoker.java:146)
at org.testng.internal.TestMethodWorker.invokeTestMethods(TestMethodWorker.java:146)
at org.testng.internal.TestMethodWorker.run(TestMethodWorker.java:128)
at java.base/java.util.ArrayList.forEach(ArrayList.java:1597)
at org.testng.TestRunner.privateRun(TestRunner.java:794)
at org.testng.TestRunner.run(TestRunner.java:596)
at org.testng.SuiteRunner.runTest(SuiteRunner.java:377)
at org.testng.SuiteRunner.access$000(SuiteRunner.java:28)
at org.testng.SuiteRunner$SuiteWorker.run(SuiteRunner.java:418)
at org.testng.internal.thread.ThreadUtil.lambda$execute$0(ThreadUtil.java:64)
at java.base/java.util.concurrent.FutureTask.run(FutureTask.java:317)
at java.base/java.util.concurrent.ThreadPoolExecutor.runWorker(ThreadPoolExecutor.java:1144)
at java.base/java.util.concurrent.ThreadPoolExecutor$Worker.run(ThreadPoolExecutor.java:642)
at java.base/java.lang.Thread.run(Thread.java:1575)
]]>
            </full-stacktrace>
          </exception> <!-- java.lang.AssertionError -->
          <reporter-output>
          </reporter-output>
        </test-method> <!-- checkErrorMessageWhenExecutingWithoutCodeInDataStructureIntroductionPage -->
        <test-method is-config="true" signature="tearDownTest(org.testng.ITestResult)[pri:0, instance:dsAlgoTests.DataStructureTest@463fd068]" started-at="2025-02-13T14:47:16 EST" name="tearDownTest" finished-at="2025-02-13T14:47:16 EST" duration-ms="407" status="PASS">
          <params>
            <param index="0">
              <value>
                <![CDATA[[TestResult name=checkErrorMessageWhenExecutingWithoutCodeInDataStructureIntroductionPage status=SKIP method=DataStructureTest.checkErrorMessageWhenExecutingWithoutCodeInDataStructureIntroductionPage()[pri:0, instance:dsAlgoTests.DataStructureTest@463fd068] output={null}]]]>
              </value>
            </param>
          </params>
          <reporter-output>
          </reporter-output>
        </test-method> <!-- tearDownTest -->
        <test-method is-config="true" signature="setup(java.lang.String)[pri:0, instance:dsAlgoTests.DataStructureTest@463fd068]" started-at="2025-02-13T14:47:16 EST" name="setup" finished-at="2025-02-13T14:47:18 EST" duration-ms="1825" status="PASS">
          <params>
            <param index="0">
              <value>
                <![CDATA[chrome]]>
              </value>
            </param>
          </params>
          <reporter-output>
          </reporter-output>
        </test-method> <!-- setup -->
        <test-method is-config="true" signature="DataStructureIntroductionPage()[pri:0, instance:dsAlgoTests.DataStructureTest@463fd068]" started-at="2025-02-13T14:47:18 EST" name="DataStructureIntroductionPage" finished-at="2025-02-13T14:47:20 EST" duration-ms="1570" status="PASS">
          <reporter-output>
          </reporter-output>
        </test-method> <!-- DataStructureIntroductionPage -->
        <test-method signature="checkErrorMessageWhenExecutingWithoutCodeInDataStructureIntroductionPage()[pri:0, instance:dsAlgoTests.DataStructureTest@463fd068]" started-at="2025-02-13T14:47:20 EST" name="checkErrorMessageWhenExecutingWithoutCodeInDataStructureIntroductionPage" finished-at="2025-02-13T14:47:21 EST" duration-ms="1112" status="FAIL">
          <exception class="java.lang.AssertionError">
            <message>
              <![CDATA[Test failed: Expected an error message when clicking the 'Run' button without entering code, but no message was displayed.]]>
            </message>
            <full-stacktrace>
              <![CDATA[java.lang.AssertionError: Test failed: Expected an error message when clicking the 'Run' button without entering code, but no message was displayed.
at org.testng.Assert.fail(Assert.java:99)
at dsAlgoTests.DataStructureTest.checkErrorMessageWhenExecutingWithoutCodeInDataStructureIntroductionPage(DataStructureTest.java:85)
at java.base/jdk.internal.reflect.DirectMethodHandleAccessor.invoke(DirectMethodHandleAccessor.java:103)
at java.base/java.lang.reflect.Method.invoke(Method.java:580)
at org.testng.internal.MethodInvocationHelper.invokeMethod(MethodInvocationHelper.java:133)
at org.testng.internal.TestInvoker.invokeMethod(TestInvoker.java:598)
at org.testng.internal.TestInvoker.retryFailed(TestInvoker.java:213)
at org.testng.internal.MethodRunner.runInSequence(MethodRunner.java:58)
at org.testng.internal.TestInvoker$MethodInvocationAgent.invoke(TestInvoker.java:824)
at org.testng.internal.TestInvoker.invokeTestMethods(TestInvoker.java:146)
at org.testng.internal.TestMethodWorker.invokeTestMethods(TestMethodWorker.java:146)
at org.testng.internal.TestMethodWorker.run(TestMethodWorker.java:128)
at java.base/java.util.ArrayList.forEach(ArrayList.java:1597)
at org.testng.TestRunner.privateRun(TestRunner.java:794)
at org.testng.TestRunner.run(TestRunner.java:596)
at org.testng.SuiteRunner.runTest(SuiteRunner.java:377)
at org.testng.SuiteRunner.access$000(SuiteRunner.java:28)
at org.testng.SuiteRunner$SuiteWorker.run(SuiteRunner.java:418)
at org.testng.internal.thread.ThreadUtil.lambda$execute$0(ThreadUtil.java:64)
at java.base/java.util.concurrent.FutureTask.run(FutureTask.java:317)
at java.base/java.util.concurrent.ThreadPoolExecutor.runWorker(ThreadPoolExecutor.java:1144)
at java.base/java.util.concurrent.ThreadPoolExecutor$Worker.run(ThreadPoolExecutor.java:642)
at java.base/java.lang.Thread.run(Thread.java:1575)
]]>
            </full-stacktrace>
          </exception> <!-- java.lang.AssertionError -->
          <reporter-output>
          </reporter-output>
        </test-method> <!-- checkErrorMessageWhenExecutingWithoutCodeInDataStructureIntroductionPage -->
        <test-method is-config="true" signature="tearDownTest(org.testng.ITestResult)[pri:0, instance:dsAlgoTests.DataStructureTest@463fd068]" started-at="2025-02-13T14:47:21 EST" name="tearDownTest" finished-at="2025-02-13T14:47:21 EST" duration-ms="295" status="PASS">
          <params>
            <param index="0">
              <value>
                <![CDATA[[TestResult name=checkErrorMessageWhenExecutingWithoutCodeInDataStructureIntroductionPage status=FAILURE method=DataStructureTest.checkErrorMessageWhenExecutingWithoutCodeInDataStructureIntroductionPage()[pri:0, instance:dsAlgoTests.DataStructureTest@463fd068] output={null}]]]>
              </value>
            </param>
          </params>
          <reporter-output>
          </reporter-output>
        </test-method> <!-- tearDownTest -->
        <test-method is-config="true" signature="setup(java.lang.String)[pri:0, instance:dsAlgoTests.DataStructureTest@463fd068]" started-at="2025-02-13T14:47:21 EST" name="setup" finished-at="2025-02-13T14:47:23 EST" duration-ms="1755" status="PASS">
          <params>
            <param index="0">
              <value>
                <![CDATA[chrome]]>
              </value>
            </param>
          </params>
          <reporter-output>
          </reporter-output>
        </test-method> <!-- setup -->
        <test-method is-config="true" signature="DataStructureIntroductionPage()[pri:0, instance:dsAlgoTests.DataStructureTest@463fd068]" started-at="2025-02-13T14:47:23 EST" name="DataStructureIntroductionPage" finished-at="2025-02-13T14:47:25 EST" duration-ms="1651" status="PASS">
          <reporter-output>
          </reporter-output>
        </test-method> <!-- DataStructureIntroductionPage -->
        <test-method signature="navigateToDataStructureIntroductionPagePracticeQuestions()[pri:0, instance:dsAlgoTests.DataStructureTest@463fd068]" started-at="2025-02-13T14:47:25 EST" name="navigateToDataStructureIntroductionPagePracticeQuestions" finished-at="2025-02-13T14:47:25 EST" duration-ms="616" status="PASS">
          <reporter-output>
          </reporter-output>
        </test-method> <!-- navigateToDataStructureIntroductionPagePracticeQuestions -->
        <test-method is-config="true" signature="tearDownTest(org.testng.ITestResult)[pri:0, instance:dsAlgoTests.DataStructureTest@463fd068]" started-at="2025-02-13T14:47:25 EST" name="tearDownTest" finished-at="2025-02-13T14:47:26 EST" duration-ms="187" status="PASS">
          <params>
            <param index="0">
              <value>
                <![CDATA[[TestResult name=navigateToDataStructureIntroductionPagePracticeQuestions status=SUCCESS method=DataStructureTest.navigateToDataStructureIntroductionPagePracticeQuestions()[pri:0, instance:dsAlgoTests.DataStructureTest@463fd068] output={null}]]]>
              </value>
            </param>
          </params>
          <reporter-output>
          </reporter-output>
        </test-method> <!-- tearDownTest -->
        <test-method is-config="true" signature="setup(java.lang.String)[pri:0, instance:dsAlgoTests.DataStructureTest@463fd068]" started-at="2025-02-13T14:47:26 EST" name="setup" finished-at="2025-02-13T14:47:27 EST" duration-ms="1643" status="PASS">
          <params>
            <param index="0">
              <value>
                <![CDATA[chrome]]>
              </value>
            </param>
          </params>
          <reporter-output>
          </reporter-output>
        </test-method> <!-- setup -->
        <test-method is-config="true" signature="DataStructureIntroductionPage()[pri:0, instance:dsAlgoTests.DataStructureTest@463fd068]" started-at="2025-02-13T14:47:27 EST" name="DataStructureIntroductionPage" finished-at="2025-02-13T14:47:29 EST" duration-ms="1517" status="PASS">
          <reporter-output>
          </reporter-output>
        </test-method> <!-- DataStructureIntroductionPage -->
        <test-method signature="navigatetoTimeComplexityModule()[pri:0, instance:dsAlgoTests.DataStructureTest@463fd068]" started-at="2025-02-13T14:47:29 EST" name="navigatetoTimeComplexityModule" finished-at="2025-02-13T14:47:29 EST" duration-ms="390" status="PASS">
          <reporter-output>
          </reporter-output>
        </test-method> <!-- navigatetoTimeComplexityModule -->
        <test-method is-config="true" signature="tearDownTest(org.testng.ITestResult)[pri:0, instance:dsAlgoTests.DataStructureTest@463fd068]" started-at="2025-02-13T14:47:29 EST" name="tearDownTest" finished-at="2025-02-13T14:47:29 EST" duration-ms="192" status="PASS">
          <params>
            <param index="0">
              <value>
                <![CDATA[[TestResult name=navigatetoTimeComplexityModule status=SUCCESS method=DataStructureTest.navigatetoTimeComplexityModule()[pri:0, instance:dsAlgoTests.DataStructureTest@463fd068] output={null}]]]>
              </value>
            </param>
          </params>
          <reporter-output>
          </reporter-output>
        </test-method> <!-- tearDownTest -->
        <test-method is-config="true" signature="setup(java.lang.String)[pri:0, instance:dsAlgoTests.DataStructureTest@463fd068]" started-at="2025-02-13T14:47:29 EST" name="setup" finished-at="2025-02-13T14:47:31 EST" duration-ms="1736" status="PASS">
          <params>
            <param index="0">
              <value>
                <![CDATA[chrome]]>
              </value>
            </param>
          </params>
          <reporter-output>
          </reporter-output>
        </test-method> <!-- setup -->
        <test-method is-config="true" signature="DataStructureIntroductionPage()[pri:0, instance:dsAlgoTests.DataStructureTest@463fd068]" started-at="2025-02-13T14:47:31 EST" name="DataStructureIntroductionPage" finished-at="2025-02-13T14:47:33 EST" duration-ms="1627" status="PASS">
          <reporter-output>
          </reporter-output>
        </test-method> <!-- DataStructureIntroductionPage -->
        <test-method signature="navigatetoTimeComplexitytryeditor()[pri:0, instance:dsAlgoTests.DataStructureTest@463fd068]" started-at="2025-02-13T14:47:33 EST" name="navigatetoTimeComplexitytryeditor" finished-at="2025-02-13T14:47:34 EST" duration-ms="864" status="PASS">
          <reporter-output>
          </reporter-output>
        </test-method> <!-- navigatetoTimeComplexitytryeditor -->
        <test-method is-config="true" signature="tearDownTest(org.testng.ITestResult)[pri:0, instance:dsAlgoTests.DataStructureTest@463fd068]" started-at="2025-02-13T14:47:34 EST" name="tearDownTest" finished-at="2025-02-13T14:47:34 EST" duration-ms="194" status="PASS">
          <params>
            <param index="0">
              <value>
                <![CDATA[[TestResult name=navigatetoTimeComplexitytryeditor status=SUCCESS method=DataStructureTest.navigatetoTimeComplexitytryeditor()[pri:0, instance:dsAlgoTests.DataStructureTest@463fd068] output={null}]]]>
              </value>
            </param>
          </params>
          <reporter-output>
          </reporter-output>
        </test-method> <!-- tearDownTest -->
        <test-method is-config="true" signature="setup(java.lang.String)[pri:0, instance:dsAlgoTests.DataStructureTest@463fd068]" started-at="2025-02-13T14:47:34 EST" name="setup" finished-at="2025-02-13T14:47:35 EST" duration-ms="1671" status="PASS">
          <params>
            <param index="0">
              <value>
                <![CDATA[chrome]]>
              </value>
            </param>
          </params>
          <reporter-output>
          </reporter-output>
        </test-method> <!-- setup -->
        <test-method is-config="true" signature="DataStructureIntroductionPage()[pri:0, instance:dsAlgoTests.DataStructureTest@463fd068]" started-at="2025-02-13T14:47:35 EST" name="DataStructureIntroductionPage" finished-at="2025-02-13T14:47:37 EST" duration-ms="1560" status="PASS">
          <reporter-output>
          </reporter-output>
        </test-method> <!-- DataStructureIntroductionPage -->
        <test-method retried="true" signature="seeListOfPracticeQuestionsonDataStructureIntroductionPage()[pri:0, instance:dsAlgoTests.DataStructureTest@463fd068]" started-at="2025-02-13T14:47:37 EST" name="seeListOfPracticeQuestionsonDataStructureIntroductionPage" finished-at="2025-02-13T14:47:38 EST" duration-ms="626" status="SKIP">
          <exception class="java.lang.AssertionError">
            <message>
              <![CDATA[No practice questions found on the Practice Questions Page!]]>
            </message>
            <full-stacktrace>
              <![CDATA[java.lang.AssertionError: No practice questions found on the Practice Questions Page!
at org.testng.Assert.fail(Assert.java:99)
at dsAlgoTests.DataStructureTest.seeListOfPracticeQuestionsonDataStructureIntroductionPage(DataStructureTest.java:75)
at java.base/jdk.internal.reflect.DirectMethodHandleAccessor.invoke(DirectMethodHandleAccessor.java:103)
at java.base/java.lang.reflect.Method.invoke(Method.java:580)
at org.testng.internal.MethodInvocationHelper.invokeMethod(MethodInvocationHelper.java:133)
at org.testng.internal.TestInvoker.invokeMethod(TestInvoker.java:598)
at org.testng.internal.TestInvoker.invokeTestMethod(TestInvoker.java:173)
at org.testng.internal.MethodRunner.runInSequence(MethodRunner.java:46)
at org.testng.internal.TestInvoker$MethodInvocationAgent.invoke(TestInvoker.java:824)
at org.testng.internal.TestInvoker.invokeTestMethods(TestInvoker.java:146)
at org.testng.internal.TestMethodWorker.invokeTestMethods(TestMethodWorker.java:146)
at org.testng.internal.TestMethodWorker.run(TestMethodWorker.java:128)
at java.base/java.util.ArrayList.forEach(ArrayList.java:1597)
at org.testng.TestRunner.privateRun(TestRunner.java:794)
at org.testng.TestRunner.run(TestRunner.java:596)
at org.testng.SuiteRunner.runTest(SuiteRunner.java:377)
at org.testng.SuiteRunner.access$000(SuiteRunner.java:28)
at org.testng.SuiteRunner$SuiteWorker.run(SuiteRunner.java:418)
at org.testng.internal.thread.ThreadUtil.lambda$execute$0(ThreadUtil.java:64)
at java.base/java.util.concurrent.FutureTask.run(FutureTask.java:317)
at java.base/java.util.concurrent.ThreadPoolExecutor.runWorker(ThreadPoolExecutor.java:1144)
at java.base/java.util.concurrent.ThreadPoolExecutor$Worker.run(ThreadPoolExecutor.java:642)
at java.base/java.lang.Thread.run(Thread.java:1575)
]]>
            </full-stacktrace>
          </exception> <!-- java.lang.AssertionError -->
          <reporter-output>
          </reporter-output>
        </test-method> <!-- seeListOfPracticeQuestionsonDataStructureIntroductionPage -->
        <test-method is-config="true" signature="tearDownTest(org.testng.ITestResult)[pri:0, instance:dsAlgoTests.DataStructureTest@463fd068]" started-at="2025-02-13T14:47:38 EST" name="tearDownTest" finished-at="2025-02-13T14:47:38 EST" duration-ms="222" status="PASS">
          <params>
            <param index="0">
              <value>
                <![CDATA[[TestResult name=seeListOfPracticeQuestionsonDataStructureIntroductionPage status=SKIP method=DataStructureTest.seeListOfPracticeQuestionsonDataStructureIntroductionPage()[pri:0, instance:dsAlgoTests.DataStructureTest@463fd068] output={null}]]]>
              </value>
            </param>
          </params>
          <reporter-output>
          </reporter-output>
        </test-method> <!-- tearDownTest -->
        <test-method is-config="true" signature="setup(java.lang.String)[pri:0, instance:dsAlgoTests.DataStructureTest@463fd068]" started-at="2025-02-13T14:47:38 EST" name="setup" finished-at="2025-02-13T14:47:40 EST" duration-ms="1761" status="PASS">
          <params>
            <param index="0">
              <value>
                <![CDATA[chrome]]>
              </value>
            </param>
          </params>
          <reporter-output>
          </reporter-output>
        </test-method> <!-- setup -->
        <test-method is-config="true" signature="DataStructureIntroductionPage()[pri:0, instance:dsAlgoTests.DataStructureTest@463fd068]" started-at="2025-02-13T14:47:40 EST" name="DataStructureIntroductionPage" finished-at="2025-02-13T14:47:41 EST" duration-ms="1710" status="PASS">
          <reporter-output>
          </reporter-output>
        </test-method> <!-- DataStructureIntroductionPage -->
        <test-method retried="true" signature="seeListOfPracticeQuestionsonDataStructureIntroductionPage()[pri:0, instance:dsAlgoTests.DataStructureTest@463fd068]" started-at="2025-02-13T14:47:41 EST" name="seeListOfPracticeQuestionsonDataStructureIntroductionPage" finished-at="2025-02-13T14:47:42 EST" duration-ms="751" status="SKIP">
          <exception class="java.lang.AssertionError">
            <message>
              <![CDATA[No practice questions found on the Practice Questions Page!]]>
            </message>
            <full-stacktrace>
              <![CDATA[java.lang.AssertionError: No practice questions found on the Practice Questions Page!
at org.testng.Assert.fail(Assert.java:99)
at dsAlgoTests.DataStructureTest.seeListOfPracticeQuestionsonDataStructureIntroductionPage(DataStructureTest.java:75)
at java.base/jdk.internal.reflect.DirectMethodHandleAccessor.invoke(DirectMethodHandleAccessor.java:103)
at java.base/java.lang.reflect.Method.invoke(Method.java:580)
at org.testng.internal.MethodInvocationHelper.invokeMethod(MethodInvocationHelper.java:133)
at org.testng.internal.TestInvoker.invokeMethod(TestInvoker.java:598)
at org.testng.internal.TestInvoker.retryFailed(TestInvoker.java:213)
at org.testng.internal.MethodRunner.runInSequence(MethodRunner.java:58)
at org.testng.internal.TestInvoker$MethodInvocationAgent.invoke(TestInvoker.java:824)
at org.testng.internal.TestInvoker.invokeTestMethods(TestInvoker.java:146)
at org.testng.internal.TestMethodWorker.invokeTestMethods(TestMethodWorker.java:146)
at org.testng.internal.TestMethodWorker.run(TestMethodWorker.java:128)
at java.base/java.util.ArrayList.forEach(ArrayList.java:1597)
at org.testng.TestRunner.privateRun(TestRunner.java:794)
at org.testng.TestRunner.run(TestRunner.java:596)
at org.testng.SuiteRunner.runTest(SuiteRunner.java:377)
at org.testng.SuiteRunner.access$000(SuiteRunner.java:28)
at org.testng.SuiteRunner$SuiteWorker.run(SuiteRunner.java:418)
at org.testng.internal.thread.ThreadUtil.lambda$execute$0(ThreadUtil.java:64)
at java.base/java.util.concurrent.FutureTask.run(FutureTask.java:317)
at java.base/java.util.concurrent.ThreadPoolExecutor.runWorker(ThreadPoolExecutor.java:1144)
at java.base/java.util.concurrent.ThreadPoolExecutor$Worker.run(ThreadPoolExecutor.java:642)
at java.base/java.lang.Thread.run(Thread.java:1575)
]]>
            </full-stacktrace>
          </exception> <!-- java.lang.AssertionError -->
          <reporter-output>
          </reporter-output>
        </test-method> <!-- seeListOfPracticeQuestionsonDataStructureIntroductionPage -->
        <test-method is-config="true" signature="tearDownTest(org.testng.ITestResult)[pri:0, instance:dsAlgoTests.DataStructureTest@463fd068]" started-at="2025-02-13T14:47:42 EST" name="tearDownTest" finished-at="2025-02-13T14:47:42 EST" duration-ms="200" status="PASS">
          <params>
            <param index="0">
              <value>
                <![CDATA[[TestResult name=seeListOfPracticeQuestionsonDataStructureIntroductionPage status=SKIP method=DataStructureTest.seeListOfPracticeQuestionsonDataStructureIntroductionPage()[pri:0, instance:dsAlgoTests.DataStructureTest@463fd068] output={null}]]]>
              </value>
            </param>
          </params>
          <reporter-output>
          </reporter-output>
        </test-method> <!-- tearDownTest -->
        <test-method is-config="true" signature="setup(java.lang.String)[pri:0, instance:dsAlgoTests.DataStructureTest@463fd068]" started-at="2025-02-13T14:47:42 EST" name="setup" finished-at="2025-02-13T14:47:44 EST" duration-ms="1785" status="PASS">
          <params>
            <param index="0">
              <value>
                <![CDATA[chrome]]>
              </value>
            </param>
          </params>
          <reporter-output>
          </reporter-output>
        </test-method> <!-- setup -->
        <test-method is-config="true" signature="DataStructureIntroductionPage()[pri:0, instance:dsAlgoTests.DataStructureTest@463fd068]" started-at="2025-02-13T14:47:44 EST" name="DataStructureIntroductionPage" finished-at="2025-02-13T14:47:46 EST" duration-ms="1568" status="PASS">
          <reporter-output>
          </reporter-output>
        </test-method> <!-- DataStructureIntroductionPage -->
        <test-method retried="true" signature="seeListOfPracticeQuestionsonDataStructureIntroductionPage()[pri:0, instance:dsAlgoTests.DataStructureTest@463fd068]" started-at="2025-02-13T14:47:46 EST" name="seeListOfPracticeQuestionsonDataStructureIntroductionPage" finished-at="2025-02-13T14:47:46 EST" duration-ms="643" status="SKIP">
          <exception class="java.lang.AssertionError">
            <message>
              <![CDATA[No practice questions found on the Practice Questions Page!]]>
            </message>
            <full-stacktrace>
              <![CDATA[java.lang.AssertionError: No practice questions found on the Practice Questions Page!
at org.testng.Assert.fail(Assert.java:99)
at dsAlgoTests.DataStructureTest.seeListOfPracticeQuestionsonDataStructureIntroductionPage(DataStructureTest.java:75)
at java.base/jdk.internal.reflect.DirectMethodHandleAccessor.invoke(DirectMethodHandleAccessor.java:103)
at java.base/java.lang.reflect.Method.invoke(Method.java:580)
at org.testng.internal.MethodInvocationHelper.invokeMethod(MethodInvocationHelper.java:133)
at org.testng.internal.TestInvoker.invokeMethod(TestInvoker.java:598)
at org.testng.internal.TestInvoker.retryFailed(TestInvoker.java:213)
at org.testng.internal.MethodRunner.runInSequence(MethodRunner.java:58)
at org.testng.internal.TestInvoker$MethodInvocationAgent.invoke(TestInvoker.java:824)
at org.testng.internal.TestInvoker.invokeTestMethods(TestInvoker.java:146)
at org.testng.internal.TestMethodWorker.invokeTestMethods(TestMethodWorker.java:146)
at org.testng.internal.TestMethodWorker.run(TestMethodWorker.java:128)
at java.base/java.util.ArrayList.forEach(ArrayList.java:1597)
at org.testng.TestRunner.privateRun(TestRunner.java:794)
at org.testng.TestRunner.run(TestRunner.java:596)
at org.testng.SuiteRunner.runTest(SuiteRunner.java:377)
at org.testng.SuiteRunner.access$000(SuiteRunner.java:28)
at org.testng.SuiteRunner$SuiteWorker.run(SuiteRunner.java:418)
at org.testng.internal.thread.ThreadUtil.lambda$execute$0(ThreadUtil.java:64)
at java.base/java.util.concurrent.FutureTask.run(FutureTask.java:317)
at java.base/java.util.concurrent.ThreadPoolExecutor.runWorker(ThreadPoolExecutor.java:1144)
at java.base/java.util.concurrent.ThreadPoolExecutor$Worker.run(ThreadPoolExecutor.java:642)
at java.base/java.lang.Thread.run(Thread.java:1575)
]]>
            </full-stacktrace>
          </exception> <!-- java.lang.AssertionError -->
          <reporter-output>
          </reporter-output>
        </test-method> <!-- seeListOfPracticeQuestionsonDataStructureIntroductionPage -->
        <test-method is-config="true" signature="tearDownTest(org.testng.ITestResult)[pri:0, instance:dsAlgoTests.DataStructureTest@463fd068]" started-at="2025-02-13T14:47:46 EST" name="tearDownTest" finished-at="2025-02-13T14:47:47 EST" duration-ms="245" status="PASS">
          <params>
            <param index="0">
              <value>
                <![CDATA[[TestResult name=seeListOfPracticeQuestionsonDataStructureIntroductionPage status=SKIP method=DataStructureTest.seeListOfPracticeQuestionsonDataStructureIntroductionPage()[pri:0, instance:dsAlgoTests.DataStructureTest@463fd068] output={null}]]]>
              </value>
            </param>
          </params>
          <reporter-output>
          </reporter-output>
        </test-method> <!-- tearDownTest -->
        <test-method is-config="true" signature="setup(java.lang.String)[pri:0, instance:dsAlgoTests.DataStructureTest@463fd068]" started-at="2025-02-13T14:47:47 EST" name="setup" finished-at="2025-02-13T14:47:48 EST" duration-ms="1750" status="PASS">
          <params>
            <param index="0">
              <value>
                <![CDATA[chrome]]>
              </value>
            </param>
          </params>
          <reporter-output>
          </reporter-output>
        </test-method> <!-- setup -->
        <test-method is-config="true" signature="DataStructureIntroductionPage()[pri:0, instance:dsAlgoTests.DataStructureTest@463fd068]" started-at="2025-02-13T14:47:48 EST" name="DataStructureIntroductionPage" finished-at="2025-02-13T14:47:50 EST" duration-ms="1687" status="PASS">
          <reporter-output>
          </reporter-output>
        </test-method> <!-- DataStructureIntroductionPage -->
        <test-method signature="seeListOfPracticeQuestionsonDataStructureIntroductionPage()[pri:0, instance:dsAlgoTests.DataStructureTest@463fd068]" started-at="2025-02-13T14:47:50 EST" name="seeListOfPracticeQuestionsonDataStructureIntroductionPage" finished-at="2025-02-13T14:47:51 EST" duration-ms="654" status="FAIL">
          <exception class="java.lang.AssertionError">
            <message>
              <![CDATA[No practice questions found on the Practice Questions Page!]]>
            </message>
            <full-stacktrace>
              <![CDATA[java.lang.AssertionError: No practice questions found on the Practice Questions Page!
at org.testng.Assert.fail(Assert.java:99)
at dsAlgoTests.DataStructureTest.seeListOfPracticeQuestionsonDataStructureIntroductionPage(DataStructureTest.java:75)
at java.base/jdk.internal.reflect.DirectMethodHandleAccessor.invoke(DirectMethodHandleAccessor.java:103)
at java.base/java.lang.reflect.Method.invoke(Method.java:580)
at org.testng.internal.MethodInvocationHelper.invokeMethod(MethodInvocationHelper.java:133)
at org.testng.internal.TestInvoker.invokeMethod(TestInvoker.java:598)
at org.testng.internal.TestInvoker.retryFailed(TestInvoker.java:213)
at org.testng.internal.MethodRunner.runInSequence(MethodRunner.java:58)
at org.testng.internal.TestInvoker$MethodInvocationAgent.invoke(TestInvoker.java:824)
at org.testng.internal.TestInvoker.invokeTestMethods(TestInvoker.java:146)
at org.testng.internal.TestMethodWorker.invokeTestMethods(TestMethodWorker.java:146)
at org.testng.internal.TestMethodWorker.run(TestMethodWorker.java:128)
at java.base/java.util.ArrayList.forEach(ArrayList.java:1597)
at org.testng.TestRunner.privateRun(TestRunner.java:794)
at org.testng.TestRunner.run(TestRunner.java:596)
at org.testng.SuiteRunner.runTest(SuiteRunner.java:377)
at org.testng.SuiteRunner.access$000(SuiteRunner.java:28)
at org.testng.SuiteRunner$SuiteWorker.run(SuiteRunner.java:418)
at org.testng.internal.thread.ThreadUtil.lambda$execute$0(ThreadUtil.java:64)
at java.base/java.util.concurrent.FutureTask.run(FutureTask.java:317)
at java.base/java.util.concurrent.ThreadPoolExecutor.runWorker(ThreadPoolExecutor.java:1144)
at java.base/java.util.concurrent.ThreadPoolExecutor$Worker.run(ThreadPoolExecutor.java:642)
at java.base/java.lang.Thread.run(Thread.java:1575)
]]>
            </full-stacktrace>
          </exception> <!-- java.lang.AssertionError -->
          <reporter-output>
          </reporter-output>
        </test-method> <!-- seeListOfPracticeQuestionsonDataStructureIntroductionPage -->
        <test-method is-config="true" signature="tearDownTest(org.testng.ITestResult)[pri:0, instance:dsAlgoTests.DataStructureTest@463fd068]" started-at="2025-02-13T14:47:51 EST" name="tearDownTest" finished-at="2025-02-13T14:47:51 EST" duration-ms="194" status="PASS">
          <params>
            <param index="0">
              <value>
                <![CDATA[[TestResult name=seeListOfPracticeQuestionsonDataStructureIntroductionPage status=FAILURE method=DataStructureTest.seeListOfPracticeQuestionsonDataStructureIntroductionPage()[pri:0, instance:dsAlgoTests.DataStructureTest@463fd068] output={null}]]]>
              </value>
            </param>
          </params>
          <reporter-output>
          </reporter-output>
        </test-method> <!-- tearDownTest -->
        <test-method is-config="true" signature="setup(java.lang.String)[pri:0, instance:dsAlgoTests.DataStructureTest@463fd068]" started-at="2025-02-13T14:47:52 EST" name="setup" finished-at="2025-02-13T14:47:54 EST" duration-ms="1649" status="PASS">
          <params>
            <param index="0">
              <value>
                <![CDATA[chrome]]>
              </value>
            </param>
          </params>
          <reporter-output>
          </reporter-output>
        </test-method> <!-- setup -->
        <test-method is-config="true" signature="DataStructureIntroductionPage()[pri:0, instance:dsAlgoTests.DataStructureTest@463fd068]" started-at="2025-02-13T14:47:54 EST" name="DataStructureIntroductionPage" finished-at="2025-02-13T14:47:56 EST" duration-ms="1536" status="PASS">
          <reporter-output>
          </reporter-output>
        </test-method> <!-- DataStructureIntroductionPage -->
        <test-method signature="verifyCodeExecutionforDataStructureIntroductionPage(java.lang.String,java.lang.String)[pri:0, instance:dsAlgoTests.DataStructureTest@463fd068]" started-at="2025-02-13T14:47:56 EST" name="verifyCodeExecutionforDataStructureIntroductionPage" data-provider="codeExecutionData" finished-at="2025-02-13T14:47:57 EST" duration-ms="1414" status="PASS">
          <params>
            <param index="0">
              <value>
                <![CDATA[print  "hello"]]>
              </value>
            </param>
            <param index="1">
              <value>
                <![CDATA[hello]]>
              </value>
            </param>
          </params>
          <reporter-output>
          </reporter-output>
        </test-method> <!-- verifyCodeExecutionforDataStructureIntroductionPage -->
        <test-method is-config="true" signature="tearDownTest(org.testng.ITestResult)[pri:0, instance:dsAlgoTests.DataStructureTest@463fd068]" started-at="2025-02-13T14:47:57 EST" name="tearDownTest" finished-at="2025-02-13T14:47:57 EST" duration-ms="257" status="PASS">
          <params>
            <param index="0">
              <value>
                <![CDATA[[TestResult name=verifyCodeExecutionforDataStructureIntroductionPage status=SUCCESS method=DataStructureTest.verifyCodeExecutionforDataStructureIntroductionPage(java.lang.String,java.lang.String)[pri:0, instance:dsAlgoTests.DataStructureTest@463fd068] output={null}]]]>
              </value>
            </param>
          </params>
          <reporter-output>
          </reporter-output>
        </test-method> <!-- tearDownTest -->
        <test-method is-config="true" signature="setup(java.lang.String)[pri:0, instance:dsAlgoTests.DataStructureTest@463fd068]" started-at="2025-02-13T14:47:57 EST" name="setup" finished-at="2025-02-13T14:47:59 EST" duration-ms="1741" status="PASS">
          <params>
            <param index="0">
              <value>
                <![CDATA[chrome]]>
              </value>
            </param>
          </params>
          <reporter-output>
          </reporter-output>
        </test-method> <!-- setup -->
        <test-method is-config="true" signature="DataStructureIntroductionPage()[pri:0, instance:dsAlgoTests.DataStructureTest@463fd068]" started-at="2025-02-13T14:47:59 EST" name="DataStructureIntroductionPage" finished-at="2025-02-13T14:48:01 EST" duration-ms="1670" status="PASS">
          <reporter-output>
          </reporter-output>
        </test-method> <!-- DataStructureIntroductionPage -->
        <test-method signature="verifyCodeExecutionforDataStructureIntroductionPage(java.lang.String,java.lang.String)[pri:0, instance:dsAlgoTests.DataStructureTest@463fd068]" started-at="2025-02-13T14:48:01 EST" name="verifyCodeExecutionforDataStructureIntroductionPage" data-provider="codeExecutionData" finished-at="2025-02-13T14:48:02 EST" duration-ms="1631" status="PASS">
          <params>
            <param index="0">
              <value>
                <![CDATA[invalid]]>
              </value>
            </param>
            <param index="1">
              <value>
                <![CDATA[NameError: name 'invalid' is not defined on line 1]]>
              </value>
            </param>
          </params>
          <reporter-output>
          </reporter-output>
        </test-method> <!-- verifyCodeExecutionforDataStructureIntroductionPage -->
        <test-method is-config="true" signature="tearDownTest(org.testng.ITestResult)[pri:0, instance:dsAlgoTests.DataStructureTest@463fd068]" started-at="2025-02-13T14:48:02 EST" name="tearDownTest" finished-at="2025-02-13T14:48:03 EST" duration-ms="198" status="PASS">
          <params>
            <param index="0">
              <value>
                <![CDATA[[TestResult name=verifyCodeExecutionforDataStructureIntroductionPage status=SUCCESS method=DataStructureTest.verifyCodeExecutionforDataStructureIntroductionPage(java.lang.String,java.lang.String)[pri:0, instance:dsAlgoTests.DataStructureTest@463fd068] output={null}]]]>
              </value>
            </param>
          </params>
          <reporter-output>
          </reporter-output>
        </test-method> <!-- tearDownTest -->
      </class> <!-- dsAlgoTests.DataStructureTest -->
    </test> <!-- ChromeTest -->
  </suite> <!-- CrossBrowserSuite -->
</testng-results>
