<?xml version="1.0" encoding="UTF-8"?>
<testng-results ignored="0" total="7" passed="5" failed="2" skipped="0">
  <reporter-output>
  </reporter-output>
  <suite started-at="2025-02-04T20:47:12 IST" name="Default suite" finished-at="2025-02-04T20:47:50 IST" duration-ms="38030">
    <groups>
    </groups>
    <test started-at="2025-02-04T20:47:12 IST" name="Default test" finished-at="2025-02-04T20:47:50 IST" duration-ms="38030">
      <class name="dsAlgoTests.DataStructureTest">
        <test-method is-config="true" signature="setupSuite()[pri:0, instance:dsAlgoTests.DataStructureTest@fa36558]" started-at="2025-02-04T20:47:12 IST" name="setupSuite" finished-at="2025-02-04T20:47:12 IST" duration-ms="6" status="PASS">
          <reporter-output>
          </reporter-output>
        </test-method> <!-- setupSuite -->
        <test-method is-config="true" signature="setup(java.lang.String)[pri:0, instance:dsAlgoTests.DataStructureTest@fa36558]" started-at="2025-02-04T20:47:12 IST" name="setup" finished-at="2025-02-04T20:47:15 IST" duration-ms="3063" status="PASS">
          <params>
            <param index="0">
              <value>
                <![CDATA[]]>
              </value>
            </param>
          </params>
          <reporter-output>
          </reporter-output>
        </test-method> <!-- setup -->
        <test-method is-config="true" signature="DataStructureIntroductionPage()[pri:0, instance:dsAlgoTests.DataStructureTest@fa36558]" started-at="2025-02-04T20:47:15 IST" name="DataStructureIntroductionPage" finished-at="2025-02-04T20:47:17 IST" duration-ms="2028" status="PASS">
          <reporter-output>
          </reporter-output>
        </test-method> <!-- DataStructureIntroductionPage -->
        <test-method signature="checkErrorMessageWhenExecutingWithoutCodeInDataStructureIntroductionPage()[pri:0, instance:dsAlgoTests.DataStructureTest@fa36558]" started-at="2025-02-04T20:47:17 IST" name="checkErrorMessageWhenExecutingWithoutCodeInDataStructureIntroductionPage" finished-at="2025-02-04T20:47:19 IST" duration-ms="1057" status="FAIL">
          <exception class="java.lang.AssertionError">
            <message>
              <![CDATA[Test failed: Expected an error message when clicking the 'Run' button without entering code, but no message was displayed.]]>
            </message>
            <full-stacktrace>
              <![CDATA[java.lang.AssertionError: Test failed: Expected an error message when clicking the 'Run' button without entering code, but no message was displayed.
at org.testng.Assert.fail(Assert.java:99)
at dsAlgoTests.DataStructureTest.checkErrorMessageWhenExecutingWithoutCodeInDataStructureIntroductionPage(DataStructureTest.java:78)
at java.base/jdk.internal.reflect.DirectMethodHandleAccessor.invoke(DirectMethodHandleAccessor.java:103)
at java.base/java.lang.reflect.Method.invoke(Method.java:580)
at org.testng.internal.MethodInvocationHelper.invokeMethod(MethodInvocationHelper.java:133)
at org.testng.internal.TestInvoker.invokeMethod(TestInvoker.java:598)
at org.testng.internal.TestInvoker.invokeTestMethod(TestInvoker.java:173)
at org.testng.internal.MethodRunner.runInSequence(MethodRunner.java:46)
at org.testng.internal.TestInvoker$MethodInvocationAgent.invoke(TestInvoker.java:824)
at org.testng.internal.TestInvoker.invokeTestMethods(TestInvoker.java:146)
at org.testng.internal.TestMethodWorker.invokeTestMethods(TestMethodWorker.java:146)
at org.testng.internal.TestMethodWorker.run(TestMethodWorker.java:128)
at java.base/java.util.ArrayList.forEach(ArrayList.java:1597)
at org.testng.TestRunner.privateRun(TestRunner.java:794)
at org.testng.TestRunner.run(TestRunner.java:596)
at org.testng.SuiteRunner.runTest(SuiteRunner.java:377)
at org.testng.SuiteRunner.runSequentially(SuiteRunner.java:371)
at org.testng.SuiteRunner.privateRun(SuiteRunner.java:332)
at org.testng.SuiteRunner.run(SuiteRunner.java:276)
at org.testng.SuiteRunnerWorker.runSuite(SuiteRunnerWorker.java:53)
at org.testng.SuiteRunnerWorker.run(SuiteRunnerWorker.java:96)
at org.testng.TestNG.runSuitesSequentially(TestNG.java:1212)
at org.testng.TestNG.runSuitesLocally(TestNG.java:1134)
at org.testng.TestNG.runSuites(TestNG.java:1063)
at org.testng.TestNG.run(TestNG.java:1031)
at org.testng.remote.AbstractRemoteTestNG.run(AbstractRemoteTestNG.java:115)
at org.testng.remote.RemoteTestNG.initAndRun(RemoteTestNG.java:293)
at org.testng.remote.RemoteTestNG.main(RemoteTestNG.java:91)
]]>
            </full-stacktrace>
          </exception> <!-- java.lang.AssertionError -->
          <reporter-output>
          </reporter-output>
        </test-method> <!-- checkErrorMessageWhenExecutingWithoutCodeInDataStructureIntroductionPage -->
        <test-method is-config="true" signature="tearDownTest(org.testng.ITestResult)[pri:0, instance:dsAlgoTests.DataStructureTest@fa36558]" started-at="2025-02-04T20:47:19 IST" name="tearDownTest" finished-at="2025-02-04T20:47:19 IST" duration-ms="365" status="PASS">
          <params>
            <param index="0">
              <value>
                <![CDATA[[TestResult name=checkErrorMessageWhenExecutingWithoutCodeInDataStructureIntroductionPage status=FAILURE method=DataStructureTest.checkErrorMessageWhenExecutingWithoutCodeInDataStructureIntroductionPage()[pri:0, instance:dsAlgoTests.DataStructureTest@fa36558] output={null}]]]>
              </value>
            </param>
          </params>
          <reporter-output>
          </reporter-output>
        </test-method> <!-- tearDownTest -->
        <test-method is-config="true" signature="setup(java.lang.String)[pri:0, instance:dsAlgoTests.DataStructureTest@fa36558]" started-at="2025-02-04T20:47:19 IST" name="setup" finished-at="2025-02-04T20:47:21 IST" duration-ms="1847" status="PASS">
          <params>
            <param index="0">
              <value>
                <![CDATA[]]>
              </value>
            </param>
          </params>
          <reporter-output>
          </reporter-output>
        </test-method> <!-- setup -->
        <test-method is-config="true" signature="DataStructureIntroductionPage()[pri:0, instance:dsAlgoTests.DataStructureTest@fa36558]" started-at="2025-02-04T20:47:21 IST" name="DataStructureIntroductionPage" finished-at="2025-02-04T20:47:23 IST" duration-ms="1990" status="PASS">
          <reporter-output>
          </reporter-output>
        </test-method> <!-- DataStructureIntroductionPage -->
        <test-method signature="navigateToDataStructureIntroductionPagePracticeQuestions()[pri:0, instance:dsAlgoTests.DataStructureTest@fa36558]" started-at="2025-02-04T20:47:23 IST" name="navigateToDataStructureIntroductionPagePracticeQuestions" finished-at="2025-02-04T20:47:23 IST" duration-ms="617" status="PASS">
          <reporter-output>
          </reporter-output>
        </test-method> <!-- navigateToDataStructureIntroductionPagePracticeQuestions -->
        <test-method is-config="true" signature="tearDownTest(org.testng.ITestResult)[pri:0, instance:dsAlgoTests.DataStructureTest@fa36558]" started-at="2025-02-04T20:47:23 IST" name="tearDownTest" finished-at="2025-02-04T20:47:24 IST" duration-ms="200" status="PASS">
          <params>
            <param index="0">
              <value>
                <![CDATA[[TestResult name=navigateToDataStructureIntroductionPagePracticeQuestions status=SUCCESS method=DataStructureTest.navigateToDataStructureIntroductionPagePracticeQuestions()[pri:0, instance:dsAlgoTests.DataStructureTest@fa36558] output={null}]]]>
              </value>
            </param>
          </params>
          <reporter-output>
          </reporter-output>
        </test-method> <!-- tearDownTest -->
        <test-method is-config="true" signature="setup(java.lang.String)[pri:0, instance:dsAlgoTests.DataStructureTest@fa36558]" started-at="2025-02-04T20:47:24 IST" name="setup" finished-at="2025-02-04T20:47:25 IST" duration-ms="1465" status="PASS">
          <params>
            <param index="0">
              <value>
                <![CDATA[]]>
              </value>
            </param>
          </params>
          <reporter-output>
          </reporter-output>
        </test-method> <!-- setup -->
        <test-method is-config="true" signature="DataStructureIntroductionPage()[pri:0, instance:dsAlgoTests.DataStructureTest@fa36558]" started-at="2025-02-04T20:47:25 IST" name="DataStructureIntroductionPage" finished-at="2025-02-04T20:47:27 IST" duration-ms="1830" status="PASS">
          <reporter-output>
          </reporter-output>
        </test-method> <!-- DataStructureIntroductionPage -->
        <test-method signature="navigatetoTimeComplexityModule()[pri:0, instance:dsAlgoTests.DataStructureTest@fa36558]" started-at="2025-02-04T20:47:27 IST" name="navigatetoTimeComplexityModule" finished-at="2025-02-04T20:47:27 IST" duration-ms="328" status="PASS">
          <reporter-output>
          </reporter-output>
        </test-method> <!-- navigatetoTimeComplexityModule -->
        <test-method is-config="true" signature="tearDownTest(org.testng.ITestResult)[pri:0, instance:dsAlgoTests.DataStructureTest@fa36558]" started-at="2025-02-04T20:47:27 IST" name="tearDownTest" finished-at="2025-02-04T20:47:27 IST" duration-ms="195" status="PASS">
          <params>
            <param index="0">
              <value>
                <![CDATA[[TestResult name=navigatetoTimeComplexityModule status=SUCCESS method=DataStructureTest.navigatetoTimeComplexityModule()[pri:0, instance:dsAlgoTests.DataStructureTest@fa36558] output={null}]]]>
              </value>
            </param>
          </params>
          <reporter-output>
          </reporter-output>
        </test-method> <!-- tearDownTest -->
        <test-method is-config="true" signature="setup(java.lang.String)[pri:0, instance:dsAlgoTests.DataStructureTest@fa36558]" started-at="2025-02-04T20:47:27 IST" name="setup" finished-at="2025-02-04T20:47:29 IST" duration-ms="1360" status="PASS">
          <params>
            <param index="0">
              <value>
                <![CDATA[]]>
              </value>
            </param>
          </params>
          <reporter-output>
          </reporter-output>
        </test-method> <!-- setup -->
        <test-method is-config="true" signature="DataStructureIntroductionPage()[pri:0, instance:dsAlgoTests.DataStructureTest@fa36558]" started-at="2025-02-04T20:47:29 IST" name="DataStructureIntroductionPage" finished-at="2025-02-04T20:47:31 IST" duration-ms="1826" status="PASS">
          <reporter-output>
          </reporter-output>
        </test-method> <!-- DataStructureIntroductionPage -->
        <test-method signature="navigatetoTimeComplexitytryeditor()[pri:0, instance:dsAlgoTests.DataStructureTest@fa36558]" started-at="2025-02-04T20:47:31 IST" name="navigatetoTimeComplexitytryeditor" finished-at="2025-02-04T20:47:31 IST" duration-ms="793" status="PASS">
          <reporter-output>
          </reporter-output>
        </test-method> <!-- navigatetoTimeComplexitytryeditor -->
        <test-method is-config="true" signature="tearDownTest(org.testng.ITestResult)[pri:0, instance:dsAlgoTests.DataStructureTest@fa36558]" started-at="2025-02-04T20:47:31 IST" name="tearDownTest" finished-at="2025-02-04T20:47:32 IST" duration-ms="211" status="PASS">
          <params>
            <param index="0">
              <value>
                <![CDATA[[TestResult name=navigatetoTimeComplexitytryeditor status=SUCCESS method=DataStructureTest.navigatetoTimeComplexitytryeditor()[pri:0, instance:dsAlgoTests.DataStructureTest@fa36558] output={null}]]]>
              </value>
            </param>
          </params>
          <reporter-output>
          </reporter-output>
        </test-method> <!-- tearDownTest -->
        <test-method is-config="true" signature="setup(java.lang.String)[pri:0, instance:dsAlgoTests.DataStructureTest@fa36558]" started-at="2025-02-04T20:47:32 IST" name="setup" finished-at="2025-02-04T20:47:33 IST" duration-ms="1426" status="PASS">
          <params>
            <param index="0">
              <value>
                <![CDATA[]]>
              </value>
            </param>
          </params>
          <reporter-output>
          </reporter-output>
        </test-method> <!-- setup -->
        <test-method is-config="true" signature="DataStructureIntroductionPage()[pri:0, instance:dsAlgoTests.DataStructureTest@fa36558]" started-at="2025-02-04T20:47:33 IST" name="DataStructureIntroductionPage" finished-at="2025-02-04T20:47:35 IST" duration-ms="1846" status="PASS">
          <reporter-output>
          </reporter-output>
        </test-method> <!-- DataStructureIntroductionPage -->
        <test-method signature="seeListOfPracticeQuestionsonDataStructureIntroductionPage()[pri:0, instance:dsAlgoTests.DataStructureTest@fa36558]" started-at="2025-02-04T20:47:35 IST" name="seeListOfPracticeQuestionsonDataStructureIntroductionPage" finished-at="2025-02-04T20:47:35 IST" duration-ms="583" status="FAIL">
          <exception class="java.lang.AssertionError">
            <message>
              <![CDATA[No practice questions found on the Practice Questions Page!]]>
            </message>
            <full-stacktrace>
              <![CDATA[java.lang.AssertionError: No practice questions found on the Practice Questions Page!
at org.testng.Assert.fail(Assert.java:99)
at dsAlgoTests.DataStructureTest.seeListOfPracticeQuestionsonDataStructureIntroductionPage(DataStructureTest.java:69)
at java.base/jdk.internal.reflect.DirectMethodHandleAccessor.invoke(DirectMethodHandleAccessor.java:103)
at java.base/java.lang.reflect.Method.invoke(Method.java:580)
at org.testng.internal.MethodInvocationHelper.invokeMethod(MethodInvocationHelper.java:133)
at org.testng.internal.TestInvoker.invokeMethod(TestInvoker.java:598)
at org.testng.internal.TestInvoker.invokeTestMethod(TestInvoker.java:173)
at org.testng.internal.MethodRunner.runInSequence(MethodRunner.java:46)
at org.testng.internal.TestInvoker$MethodInvocationAgent.invoke(TestInvoker.java:824)
at org.testng.internal.TestInvoker.invokeTestMethods(TestInvoker.java:146)
at org.testng.internal.TestMethodWorker.invokeTestMethods(TestMethodWorker.java:146)
at org.testng.internal.TestMethodWorker.run(TestMethodWorker.java:128)
at java.base/java.util.ArrayList.forEach(ArrayList.java:1597)
at org.testng.TestRunner.privateRun(TestRunner.java:794)
at org.testng.TestRunner.run(TestRunner.java:596)
at org.testng.SuiteRunner.runTest(SuiteRunner.java:377)
at org.testng.SuiteRunner.runSequentially(SuiteRunner.java:371)
at org.testng.SuiteRunner.privateRun(SuiteRunner.java:332)
at org.testng.SuiteRunner.run(SuiteRunner.java:276)
at org.testng.SuiteRunnerWorker.runSuite(SuiteRunnerWorker.java:53)
at org.testng.SuiteRunnerWorker.run(SuiteRunnerWorker.java:96)
at org.testng.TestNG.runSuitesSequentially(TestNG.java:1212)
at org.testng.TestNG.runSuitesLocally(TestNG.java:1134)
at org.testng.TestNG.runSuites(TestNG.java:1063)
at org.testng.TestNG.run(TestNG.java:1031)
at org.testng.remote.AbstractRemoteTestNG.run(AbstractRemoteTestNG.java:115)
at org.testng.remote.RemoteTestNG.initAndRun(RemoteTestNG.java:293)
at org.testng.remote.RemoteTestNG.main(RemoteTestNG.java:91)
]]>
            </full-stacktrace>
          </exception> <!-- java.lang.AssertionError -->
          <reporter-output>
          </reporter-output>
        </test-method> <!-- seeListOfPracticeQuestionsonDataStructureIntroductionPage -->
        <test-method is-config="true" signature="tearDownTest(org.testng.ITestResult)[pri:0, instance:dsAlgoTests.DataStructureTest@fa36558]" started-at="2025-02-04T20:47:35 IST" name="tearDownTest" finished-at="2025-02-04T20:47:36 IST" duration-ms="312" status="PASS">
          <params>
            <param index="0">
              <value>
                <![CDATA[[TestResult name=seeListOfPracticeQuestionsonDataStructureIntroductionPage status=FAILURE method=DataStructureTest.seeListOfPracticeQuestionsonDataStructureIntroductionPage()[pri:0, instance:dsAlgoTests.DataStructureTest@fa36558] output={null}]]]>
              </value>
            </param>
          </params>
          <reporter-output>
          </reporter-output>
        </test-method> <!-- tearDownTest -->
        <test-method is-config="true" signature="setup(java.lang.String)[pri:0, instance:dsAlgoTests.DataStructureTest@fa36558]" started-at="2025-02-04T20:47:37 IST" name="setup" finished-at="2025-02-04T20:47:40 IST" duration-ms="3397" status="PASS">
          <params>
            <param index="0">
              <value>
                <![CDATA[]]>
              </value>
            </param>
          </params>
          <reporter-output>
          </reporter-output>
        </test-method> <!-- setup -->
        <test-method is-config="true" signature="DataStructureIntroductionPage()[pri:0, instance:dsAlgoTests.DataStructureTest@fa36558]" started-at="2025-02-04T20:47:40 IST" name="DataStructureIntroductionPage" finished-at="2025-02-04T20:47:42 IST" duration-ms="1873" status="PASS">
          <reporter-output>
          </reporter-output>
        </test-method> <!-- DataStructureIntroductionPage -->
        <test-method signature="verifyCodeExecutionforDataStructureIntroductionPage(java.lang.String,java.lang.String)[pri:0, instance:dsAlgoTests.DataStructureTest@fa36558]" started-at="2025-02-04T20:47:42 IST" name="verifyCodeExecutionforDataStructureIntroductionPage" data-provider="codeExecutionData" finished-at="2025-02-04T20:47:44 IST" duration-ms="1304" status="PASS">
          <params>
            <param index="0">
              <value>
                <![CDATA[print "hello"]]>
              </value>
            </param>
            <param index="1">
              <value>
                <![CDATA[hello]]>
              </value>
            </param>
          </params>
          <reporter-output>
          </reporter-output>
        </test-method> <!-- verifyCodeExecutionforDataStructureIntroductionPage -->
        <test-method is-config="true" signature="tearDownTest(org.testng.ITestResult)[pri:0, instance:dsAlgoTests.DataStructureTest@fa36558]" started-at="2025-02-04T20:47:44 IST" name="tearDownTest" finished-at="2025-02-04T20:47:44 IST" duration-ms="258" status="PASS">
          <params>
            <param index="0">
              <value>
                <![CDATA[[TestResult name=verifyCodeExecutionforDataStructureIntroductionPage status=SUCCESS method=DataStructureTest.verifyCodeExecutionforDataStructureIntroductionPage(java.lang.String,java.lang.String)[pri:0, instance:dsAlgoTests.DataStructureTest@fa36558] output={null}]]]>
              </value>
            </param>
          </params>
          <reporter-output>
          </reporter-output>
        </test-method> <!-- tearDownTest -->
        <test-method is-config="true" signature="setup(java.lang.String)[pri:0, instance:dsAlgoTests.DataStructureTest@fa36558]" started-at="2025-02-04T20:47:44 IST" name="setup" finished-at="2025-02-04T20:47:47 IST" duration-ms="3378" status="PASS">
          <params>
            <param index="0">
              <value>
                <![CDATA[]]>
              </value>
            </param>
          </params>
          <reporter-output>
          </reporter-output>
        </test-method> <!-- setup -->
        <test-method is-config="true" signature="DataStructureIntroductionPage()[pri:0, instance:dsAlgoTests.DataStructureTest@fa36558]" started-at="2025-02-04T20:47:47 IST" name="DataStructureIntroductionPage" finished-at="2025-02-04T20:47:49 IST" duration-ms="1765" status="PASS">
          <reporter-output>
          </reporter-output>
        </test-method> <!-- DataStructureIntroductionPage -->
        <test-method signature="verifyCodeExecutionforDataStructureIntroductionPage(java.lang.String,java.lang.String)[pri:0, instance:dsAlgoTests.DataStructureTest@fa36558]" started-at="2025-02-04T20:47:49 IST" name="verifyCodeExecutionforDataStructureIntroductionPage" data-provider="codeExecutionData" finished-at="2025-02-04T20:47:50 IST" duration-ms="1204" status="PASS">
          <params>
            <param index="0">
              <value>
                <![CDATA[invalid]]>
              </value>
            </param>
            <param index="1">
              <value>
                <![CDATA[NameError: name 'invalid' is not defined on line 1]]>
              </value>
            </param>
          </params>
          <reporter-output>
          </reporter-output>
        </test-method> <!-- verifyCodeExecutionforDataStructureIntroductionPage -->
        <test-method is-config="true" signature="tearDownTest(org.testng.ITestResult)[pri:0, instance:dsAlgoTests.DataStructureTest@fa36558]" started-at="2025-02-04T20:47:50 IST" name="tearDownTest" finished-at="2025-02-04T20:47:50 IST" duration-ms="209" status="PASS">
          <params>
            <param index="0">
              <value>
                <![CDATA[[TestResult name=verifyCodeExecutionforDataStructureIntroductionPage status=SUCCESS method=DataStructureTest.verifyCodeExecutionforDataStructureIntroductionPage(java.lang.String,java.lang.String)[pri:0, instance:dsAlgoTests.DataStructureTest@fa36558] output={null}]]]>
              </value>
            </param>
          </params>
          <reporter-output>
          </reporter-output>
        </test-method> <!-- tearDownTest -->
      </class> <!-- dsAlgoTests.DataStructureTest -->
    </test> <!-- Default test -->
  </suite> <!-- Default suite -->
</testng-results>
