<?xml version="1.0" encoding="UTF-8"?>
<!-- Generated by org.testng.reporters.JUnitXMLReporter -->
<testsuite ignored="0" hostname="DESKTOP-SF0QLDR" failures="0" tests="7" name="EdgeTest" time="10.375" errors="0" timestamp="2025-02-06T23:55:03 EST">
  <testcase classname="dsAlgoTests.DataStructureTest" name="@BeforeMethod DataStructureIntroductionPage" time="0.007">
    <failure type="java.lang.NullPointerException" message="Cannot invoke &amp;quot;org.openqa.selenium.SearchContext.findElement(org.openqa.selenium.By)&amp;quot; because &amp;quot;this.searchContext&amp;quot; is null">
      <![CDATA[java.lang.NullPointerException: Cannot invoke "org.openqa.selenium.SearchContext.findElement(org.openqa.selenium.By)" because "this.searchContext" is null
at org.openqa.selenium.support.pagefactory.DefaultElementLocator.findElement(DefaultElementLocator.java:68)
at org.openqa.selenium.support.pagefactory.internal.LocatingElementHandler.invoke(LocatingElementHandler.java:38)
at jdk.proxy2/jdk.proxy2.$Proxy14.click(Unknown Source)
at dsAlgoPages.HomePage.clickLaunchPageGetstartedbutton(HomePage.java:62)
at dsAlgoTests.DataStructureTest.DataStructureIntroductionPage(DataStructureTest.java:34)
at java.base/java.util.concurrent.ThreadPoolExecutor.runWorker(ThreadPoolExecutor.java:1144)
at java.base/java.util.concurrent.ThreadPoolExecutor$Worker.run(ThreadPoolExecutor.java:642)
at java.base/java.lang.Thread.run(Thread.java:1575)
... Removed 14 stack frames]]>
    </failure>
  </testcase> <!-- @BeforeMethod DataStructureIntroductionPage -->
  <testcase classname="dsAlgoHooks.Hooks" name="@AfterMethod tearDownTest" time="-1.738904100145E9">
    <skipped/>
  </testcase> <!-- @AfterMethod tearDownTest -->
  <testcase classname="dsAlgoHooks.Hooks" name="@BeforeMethod setup" time="-1.738904100149E9">
    <skipped/>
  </testcase> <!-- @BeforeMethod setup -->
  <testcase classname="dsAlgoTests.DataStructureTest" name="@BeforeMethod DataStructureIntroductionPage" time="-1.738904100155E9">
    <skipped/>
  </testcase> <!-- @BeforeMethod DataStructureIntroductionPage -->
  <testcase classname="dsAlgoHooks.Hooks" name="@AfterMethod tearDownTest" time="-1.738904100163E9">
    <skipped/>
  </testcase> <!-- @AfterMethod tearDownTest -->
  <testcase classname="dsAlgoHooks.Hooks" name="@BeforeMethod setup" time="-1.738904100164E9">
    <skipped/>
  </testcase> <!-- @BeforeMethod setup -->
  <testcase classname="dsAlgoTests.DataStructureTest" name="@BeforeMethod DataStructureIntroductionPage" time="-1.738904100165E9">
    <skipped/>
  </testcase> <!-- @BeforeMethod DataStructureIntroductionPage -->
  <testcase classname="dsAlgoHooks.Hooks" name="@AfterMethod tearDownTest" time="-1.738904100165E9">
    <skipped/>
  </testcase> <!-- @AfterMethod tearDownTest -->
  <testcase classname="dsAlgoTests.DataStructureTest" name="@BeforeMethod DataStructureIntroductionPage" time="-1.738904102419E9">
    <skipped/>
  </testcase> <!-- @BeforeMethod DataStructureIntroductionPage -->
  <testcase classname="dsAlgoHooks.Hooks" name="@AfterMethod tearDownTest" time="-1.738904102422E9">
    <skipped/>
  </testcase> <!-- @AfterMethod tearDownTest -->
  <testcase classname="dsAlgoHooks.Hooks" name="@BeforeMethod setup" time="-1.73890410378E9">
    <skipped/>
  </testcase> <!-- @BeforeMethod setup -->
  <testcase classname="dsAlgoTests.DataStructureTest" name="@BeforeMethod DataStructureIntroductionPage" time="-1.738904103784E9">
    <skipped/>
  </testcase> <!-- @BeforeMethod DataStructureIntroductionPage -->
  <testcase classname="dsAlgoHooks.Hooks" name="@AfterMethod tearDownTest" time="-1.73890410379E9">
    <skipped/>
  </testcase> <!-- @AfterMethod tearDownTest -->
  <testcase classname="dsAlgoHooks.Hooks" name="@BeforeMethod setup" time="-1.738904103791E9">
    <skipped/>
  </testcase> <!-- @BeforeMethod setup -->
  <testcase classname="dsAlgoTests.DataStructureTest" name="@BeforeMethod DataStructureIntroductionPage" time="-1.738904103792E9">
    <skipped/>
  </testcase> <!-- @BeforeMethod DataStructureIntroductionPage -->
  <testcase classname="dsAlgoHooks.Hooks" name="@AfterMethod tearDownTest" time="-1.738904103804E9">
    <skipped/>
  </testcase> <!-- @AfterMethod tearDownTest -->
  <testcase classname="dsAlgoTests.DataStructureTest" name="@BeforeMethod DataStructureIntroductionPage" time="-1.73890410386E9">
    <skipped/>
  </testcase> <!-- @BeforeMethod DataStructureIntroductionPage -->
  <testcase classname="dsAlgoHooks.Hooks" name="@AfterMethod tearDownTest" time="-1.738904103863E9">
    <skipped/>
  </testcase> <!-- @AfterMethod tearDownTest -->
  <testcase classname="dsAlgoTests.DataStructureTest" name="checkErrorMessageWhenExecutingWithoutCodeInDataStructureIntroductionPage" time="0.0">
    <skipped/>
  </testcase> <!-- checkErrorMessageWhenExecutingWithoutCodeInDataStructureIntroductionPage -->
  <testcase classname="dsAlgoTests.DataStructureTest" name="navigatetoTimeComplexitytryeditor" time="0.0">
    <skipped/>
  </testcase> <!-- navigatetoTimeComplexitytryeditor -->
  <testcase classname="dsAlgoTests.DataStructureTest" name="seeListOfPracticeQuestionsonDataStructureIntroductionPage" time="0.0">
    <skipped/>
  </testcase> <!-- seeListOfPracticeQuestionsonDataStructureIntroductionPage -->
  <testcase classname="dsAlgoTests.DataStructureTest" name="navigatetoTimeComplexityModule" time="0.0">
    <skipped/>
  </testcase> <!-- navigatetoTimeComplexityModule -->
  <testcase classname="dsAlgoTests.DataStructureTest" name="verifyCodeExecutionforDataStructureIntroductionPage" time="0.0">
    <skipped/>
  </testcase> <!-- verifyCodeExecutionforDataStructureIntroductionPage -->
  <testcase classname="dsAlgoTests.DataStructureTest" name="verifyCodeExecutionforDataStructureIntroductionPage" time="0.0">
    <skipped/>
  </testcase> <!-- verifyCodeExecutionforDataStructureIntroductionPage -->
  <testcase classname="dsAlgoTests.DataStructureTest" name="navigateToDataStructureIntroductionPagePracticeQuestions" time="0.0">
    <skipped/>
  </testcase> <!-- navigateToDataStructureIntroductionPagePracticeQuestions -->
</testsuite> <!-- EdgeTest -->
