<?xml version="1.0" encoding="UTF-8"?>
<!-- Generated by org.testng.reporters.JUnitXMLReporter -->
<testsuite ignored="0" hostname="Vaibhav" failures="0" tests="6" name="Test" time="125.547" errors="0" timestamp="2025-02-04T23:44:50 IST">
  <testcase classname="dsAlgoTests.SigninTest" name="enterCredentials" time="1.11"/>
  <testcase classname="dsAlgoTests.SigninTest" name="enterCredentials" time="20.891"/>
  <testcase classname="dsAlgoTests.SigninTest" name="enterCredentials" time="20.889"/>
  <testcase classname="dsAlgoTests.SigninTest" name="enterCredentials" time="20.849"/>
  <testcase classname="dsAlgoTests.SigninTest" name="enterCredentials" time="20.713"/>
  <testcase classname="dsAlgoTests.SigninTest" name="enterCredentials" time="20.74"/>
</testsuite> <!-- Test -->
