<?xml version="1.0" encoding="UTF-8"?>
<!-- Generated by org.testng.reporters.JUnitXMLReporter -->
<testsuite ignored="0" hostname="sukeerthsahana" failures="1" tests="15" name="Test" time="19.87" errors="0" timestamp="2025-02-05T20:44:35 CST">
  <testcase classname="dsAlgoTests.DataStructureTest" name="@BeforeMethod DataStructureIntroductionPage" time="0.452">
    <failure type="org.openqa.selenium.StaleElementReferenceException" message="stale element reference: stale element not found
  (Session info: chrome=133.0.6943.53)
For documentation on this error, please visit: https://www.selenium.dev/documentation/webdriver/troubleshooting/errors#stale-element-reference-exception
Build info: version: &amp;apos;4.17.0&amp;apos;, revision: &amp;apos;e52b1be057*&amp;apos;
System info: os.name: &amp;apos;Windows 11&amp;apos;, os.arch: &amp;apos;amd64&amp;apos;, os.version: &amp;apos;10.0&amp;apos;, java.version: &amp;apos;21.0.3&amp;apos;
Driver info: org.openqa.selenium.chrome.ChromeDriver
Command: [825a05f87f3add90c4e553140db8f4f4, clickElement {id=f.921E4B87CB7413B3D8F1A085720908AF.d.4D80BC385B3A4E2915A89896B41E98DA.e.7}]
Capabilities {acceptInsecureCerts: false, browserName: chrome, browserVersion: 133.0.6943.53, chrome: {chromedriverVersion: 133.0.6943.53 (9a80935019b0..., userDataDir: C:\Users\sahan\AppData\Loca...}, fedcm:accounts: true, goog:chromeOptions: {debuggerAddress: localhost:62781}, networkConnectionEnabled: false, pageLoadStrategy: normal, platformName: windows, proxy: Proxy(), se:cdp: ws://localhost:62781/devtoo..., se:cdpVersion: 133.0.6943.53, setWindowRect: true, strictFileInteractability: false, timeouts: {implicit: 0, pageLoad: 300000, script: 30000}, unhandledPromptBehavior: dismiss and notify, webauthn:extension:credBlob: true, webauthn:extension:largeBlob: true, webauthn:extension:minPinLength: true, webauthn:extension:prf: true, webauthn:virtualAuthenticators: true}
Element: [[ChromeDriver: chrome on windows (825a05f87f3add90c4e553140db8f4f4)] -&amp;gt; xpath: //button[@class=&amp;apos;btn&amp;apos;]]
Session ID: 825a05f87f3add90c4e553140db8f4f4">
      <![CDATA[org.openqa.selenium.StaleElementReferenceException: stale element reference: stale element not found
  (Session info: chrome=133.0.6943.53)
For documentation on this error, please visit: https://www.selenium.dev/documentation/webdriver/troubleshooting/errors#stale-element-reference-exception
Build info: version: '4.17.0', revision: 'e52b1be057*'
System info: os.name: 'Windows 11', os.arch: 'amd64', os.version: '10.0', java.version: '21.0.3'
Driver info: org.openqa.selenium.chrome.ChromeDriver
Command: [825a05f87f3add90c4e553140db8f4f4, clickElement {id=f.921E4B87CB7413B3D8F1A085720908AF.d.4D80BC385B3A4E2915A89896B41E98DA.e.7}]
Capabilities {acceptInsecureCerts: false, browserName: chrome, browserVersion: 133.0.6943.53, chrome: {chromedriverVersion: 133.0.6943.53 (9a80935019b0..., userDataDir: C:\Users\sahan\AppData\Loca...}, fedcm:accounts: true, goog:chromeOptions: {debuggerAddress: localhost:62781}, networkConnectionEnabled: false, pageLoadStrategy: normal, platformName: windows, proxy: Proxy(), se:cdp: ws://localhost:62781/devtoo..., se:cdpVersion: 133.0.6943.53, setWindowRect: true, strictFileInteractability: false, timeouts: {implicit: 0, pageLoad: 300000, script: 30000}, unhandledPromptBehavior: dismiss and notify, webauthn:extension:credBlob: true, webauthn:extension:largeBlob: true, webauthn:extension:minPinLength: true, webauthn:extension:prf: true, webauthn:virtualAuthenticators: true}
Element: [[ChromeDriver: chrome on windows (825a05f87f3add90c4e553140db8f4f4)] -> xpath: //button[@class='btn']]
Session ID: 825a05f87f3add90c4e553140db8f4f4
at org.openqa.selenium.remote.codec.w3c.W3CHttpResponseCodec.createException(W3CHttpResponseCodec.java:185)
at org.openqa.selenium.remote.codec.w3c.W3CHttpResponseCodec.decode(W3CHttpResponseCodec.java:134)
at org.openqa.selenium.remote.codec.w3c.W3CHttpResponseCodec.decode(W3CHttpResponseCodec.java:51)
at org.openqa.selenium.remote.HttpCommandExecutor.execute(HttpCommandExecutor.java:190)
at org.openqa.selenium.remote.service.DriverCommandExecutor.invokeExecute(DriverCommandExecutor.java:216)
at org.openqa.selenium.remote.service.DriverCommandExecutor.execute(DriverCommandExecutor.java:174)
at org.openqa.selenium.remote.RemoteWebDriver.execute(RemoteWebDriver.java:519)
at org.openqa.selenium.remote.RemoteWebElement.execute(RemoteWebElement.java:223)
at org.openqa.selenium.remote.RemoteWebElement.click(RemoteWebElement.java:76)
at org.openqa.selenium.support.pagefactory.internal.LocatingElementHandler.invoke(LocatingElementHandler.java:51)
at jdk.proxy2/jdk.proxy2.$Proxy14.click(Unknown Source)
at dsAlgoPages.HomePage.clickLaunchPageGetstartedbutton(HomePage.java:62)
at dsAlgoTests.DataStructureTest.DataStructureIntroductionPage(DataStructureTest.java:34)
at java.base/java.util.concurrent.ThreadPoolExecutor.runWorker(ThreadPoolExecutor.java:1144)
at java.base/java.util.concurrent.ThreadPoolExecutor$Worker.run(ThreadPoolExecutor.java:642)
at java.base/java.lang.Thread.run(Thread.java:1583)
... Removed 19 stack frames]]>
    </failure>
  </testcase> <!-- @BeforeMethod DataStructureIntroductionPage -->
  <testcase classname="dsAlgoHooks.Hooks" name="@AfterMethod tearDownTest" time="-1.738809858098E9">
    <skipped/>
  </testcase> <!-- @AfterMethod tearDownTest -->
  <testcase classname="dsAlgoHooks.Hooks" name="@BeforeMethod setup" time="-1.738809858101E9">
    <skipped/>
  </testcase> <!-- @BeforeMethod setup -->
  <testcase classname="dsAlgoTests.DataStructureTest" name="@BeforeMethod DataStructureIntroductionPage" time="-1.738809858103E9">
    <skipped/>
  </testcase> <!-- @BeforeMethod DataStructureIntroductionPage -->
  <testcase classname="dsAlgoHooks.Hooks" name="@AfterMethod tearDownTest" time="-1.738809858109E9">
    <skipped/>
  </testcase> <!-- @AfterMethod tearDownTest -->
  <testcase classname="dsAlgoHooks.Hooks" name="@BeforeMethod setup" time="-1.738809858111E9">
    <skipped/>
  </testcase> <!-- @BeforeMethod setup -->
  <testcase classname="dsAlgoTests.DataStructureTest" name="@BeforeMethod DataStructureIntroductionPage" time="-1.738809858113E9">
    <skipped/>
  </testcase> <!-- @BeforeMethod DataStructureIntroductionPage -->
  <testcase classname="dsAlgoHooks.Hooks" name="@AfterMethod tearDownTest" time="-1.738809858118E9">
    <skipped/>
  </testcase> <!-- @AfterMethod tearDownTest -->
  <testcase classname="dsAlgoHooks.Hooks" name="@BeforeMethod setup" time="-1.738809858121E9">
    <skipped/>
  </testcase> <!-- @BeforeMethod setup -->
  <testcase classname="dsAlgoTests.DataStructureTest" name="@BeforeMethod DataStructureIntroductionPage" time="-1.738809858125E9">
    <skipped/>
  </testcase> <!-- @BeforeMethod DataStructureIntroductionPage -->
  <testcase classname="dsAlgoHooks.Hooks" name="@AfterMethod tearDownTest" time="-1.738809858131E9">
    <skipped/>
  </testcase> <!-- @AfterMethod tearDownTest -->
  <testcase classname="dsAlgoHooks.Hooks" name="@BeforeMethod setup" time="-1.738809858134E9">
    <skipped/>
  </testcase> <!-- @BeforeMethod setup -->
  <testcase classname="dsAlgoTests.DataStructureTest" name="@BeforeMethod DataStructureIntroductionPage" time="-1.738809858136E9">
    <skipped/>
  </testcase> <!-- @BeforeMethod DataStructureIntroductionPage -->
  <testcase classname="dsAlgoHooks.Hooks" name="@AfterMethod tearDownTest" time="-1.738809858141E9">
    <skipped/>
  </testcase> <!-- @AfterMethod tearDownTest -->
  <testcase classname="dsAlgoHooks.Hooks" name="@BeforeMethod setup" time="-1.738809859689E9">
    <skipped/>
  </testcase> <!-- @BeforeMethod setup -->
  <testcase classname="dsAlgoTests.DataStructureTest" name="@BeforeMethod DataStructureIntroductionPage" time="-1.738809859691E9">
    <skipped/>
  </testcase> <!-- @BeforeMethod DataStructureIntroductionPage -->
  <testcase classname="dsAlgoHooks.Hooks" name="@AfterMethod tearDownTest" time="-1.738809859696E9">
    <skipped/>
  </testcase> <!-- @AfterMethod tearDownTest -->
  <testcase classname="dsAlgoHooks.Hooks" name="@BeforeMethod setup" time="-1.738809859698E9">
    <skipped/>
  </testcase> <!-- @BeforeMethod setup -->
  <testcase classname="dsAlgoTests.DataStructureTest" name="@BeforeMethod DataStructureIntroductionPage" time="-1.738809859698E9">
    <skipped/>
  </testcase> <!-- @BeforeMethod DataStructureIntroductionPage -->
  <testcase classname="dsAlgoHooks.Hooks" name="@AfterMethod tearDownTest" time="-1.738809859703E9">
    <skipped/>
  </testcase> <!-- @AfterMethod tearDownTest -->
  <testcase classname="dsAlgoHooks.Hooks" name="@AfterMethod tearDownTest" time="0.007">
    <failure type="org.openqa.selenium.remote.UnreachableBrowserException" message="Error communicating with the remote browser. It may have died.
Build info: version: &amp;apos;4.17.0&amp;apos;, revision: &amp;apos;e52b1be057*&amp;apos;
System info: os.name: &amp;apos;Windows 11&amp;apos;, os.arch: &amp;apos;amd64&amp;apos;, os.version: &amp;apos;10.0&amp;apos;, java.version: &amp;apos;21.0.3&amp;apos;
Driver info: org.openqa.selenium.chrome.ChromeDriver
Command: [01765cfccb49ab7792b413910281eaeb, screenshot []]
Capabilities {acceptInsecureCerts: false, browserName: chrome, browserVersion: 133.0.6943.53, chrome: {chromedriverVersion: 133.0.6943.53 (9a80935019b0..., userDataDir: C:\Users\sahan\AppData\Loca...}, fedcm:accounts: true, goog:chromeOptions: {debuggerAddress: localhost:62919}, networkConnectionEnabled: false, pageLoadStrategy: normal, platformName: windows, proxy: Proxy(), se:cdp: ws://localhost:62919/devtoo..., se:cdpVersion: 133.0.6943.53, setWindowRect: true, strictFileInteractability: false, timeouts: {implicit: 0, pageLoad: 300000, script: 30000}, unhandledPromptBehavior: dismiss and notify, webauthn:extension:credBlob: true, webauthn:extension:largeBlob: true, webauthn:extension:minPinLength: true, webauthn:extension:prf: true, webauthn:virtualAuthenticators: true}
Session ID: 01765cfccb49ab7792b413910281eaeb">
      <![CDATA[org.openqa.selenium.remote.UnreachableBrowserException: Error communicating with the remote browser. It may have died.
Build info: version: '4.17.0', revision: 'e52b1be057*'
System info: os.name: 'Windows 11', os.arch: 'amd64', os.version: '10.0', java.version: '21.0.3'
Driver info: org.openqa.selenium.chrome.ChromeDriver
Command: [01765cfccb49ab7792b413910281eaeb, screenshot []]
Capabilities {acceptInsecureCerts: false, browserName: chrome, browserVersion: 133.0.6943.53, chrome: {chromedriverVersion: 133.0.6943.53 (9a80935019b0..., userDataDir: C:\Users\sahan\AppData\Loca...}, fedcm:accounts: true, goog:chromeOptions: {debuggerAddress: localhost:62919}, networkConnectionEnabled: false, pageLoadStrategy: normal, platformName: windows, proxy: Proxy(), se:cdp: ws://localhost:62919/devtoo..., se:cdpVersion: 133.0.6943.53, setWindowRect: true, strictFileInteractability: false, timeouts: {implicit: 0, pageLoad: 300000, script: 30000}, unhandledPromptBehavior: dismiss and notify, webauthn:extension:credBlob: true, webauthn:extension:largeBlob: true, webauthn:extension:minPinLength: true, webauthn:extension:prf: true, webauthn:virtualAuthenticators: true}
Session ID: 01765cfccb49ab7792b413910281eaeb
at org.openqa.selenium.remote.RemoteWebDriver.execute(RemoteWebDriver.java:546)
at org.openqa.selenium.remote.RemoteWebDriver.execute(RemoteWebDriver.java:592)
at org.openqa.selenium.remote.RemoteWebDriver.execute(RemoteWebDriver.java:596)
at org.openqa.selenium.remote.RemoteWebDriver.getScreenshotAs(RemoteWebDriver.java:322)
at dsAlgoHooks.Hooks.tearDownTest(Hooks.java:46)
at java.base/java.util.concurrent.ThreadPoolExecutor.runWorker(ThreadPoolExecutor.java:1144)
at java.base/java.util.concurrent.ThreadPoolExecutor$Worker.run(ThreadPoolExecutor.java:642)
at java.base/java.lang.Thread.run(Thread.java:1583)
Caused by: java.io.UncheckedIOException: java.net.ConnectException
at org.openqa.selenium.remote.http.jdk.JdkHttpClient.execute0(JdkHttpClient.java:442)
at org.openqa.selenium.remote.http.AddSeleniumUserAgent.lambda$apply$0(AddSeleniumUserAgent.java:42)
at org.openqa.selenium.remote.http.Filter.lambda$andFinally$1(Filter.java:55)
at org.openqa.selenium.remote.http.jdk.JdkHttpClient.execute(JdkHttpClient.java:358)
at org.openqa.selenium.remote.HttpCommandExecutor.execute(HttpCommandExecutor.java:187)
at org.openqa.selenium.remote.service.DriverCommandExecutor.invokeExecute(DriverCommandExecutor.java:216)
at org.openqa.selenium.remote.service.DriverCommandExecutor.execute(DriverCommandExecutor.java:174)
at org.openqa.selenium.remote.RemoteWebDriver.execute(RemoteWebDriver.java:519)
... 22 more
Caused by: java.net.ConnectException
at java.net.http/jdk.internal.net.http.common.Utils.toConnectException(Utils.java:1028)
at java.net.http/jdk.internal.net.http.PlainHttpConnection.connectAsync(PlainHttpConnection.java:227)
at java.net.http/jdk.internal.net.http.PlainHttpConnection.checkRetryConnect(PlainHttpConnection.java:280)
at java.net.http/jdk.internal.net.http.PlainHttpConnection.lambda$connectAsync$2(PlainHttpConnection.java:238)
at java.base/java.util.concurrent.CompletableFuture.uniHandle(CompletableFuture.java:934)
at java.base/java.util.concurrent.CompletableFuture$UniHandle.tryFire(CompletableFuture.java:911)
at java.base/java.util.concurrent.CompletableFuture.postComplete(CompletableFuture.java:510)
at java.base/java.util.concurrent.CompletableFuture$AsyncSupply.run(CompletableFuture.java:1773)
... 3 more
Caused by: java.nio.channels.ClosedChannelException
at java.base/sun.nio.ch.SocketChannelImpl.ensureOpen(SocketChannelImpl.java:202)
at java.base/sun.nio.ch.SocketChannelImpl.beginConnect(SocketChannelImpl.java:786)
at java.base/sun.nio.ch.SocketChannelImpl.connect(SocketChannelImpl.java:874)
at java.net.http/jdk.internal.net.http.PlainHttpConnection.lambda$connectAsync$1(PlainHttpConnection.java:210)
at java.base/java.security.AccessController.doPrivileged(AccessController.java:571)
at java.net.http/jdk.internal.net.http.PlainHttpConnection.connectAsync(PlainHttpConnection.java:212)
... 9 more
... Removed 15 stack frames]]>
    </failure>
  </testcase> <!-- @AfterMethod tearDownTest -->
  <testcase classname="dsAlgoHooks.Hooks" name="@BeforeMethod setup" time="-1.738809875314E9">
    <skipped/>
  </testcase> <!-- @BeforeMethod setup -->
  <testcase classname="dsAlgoTests.HomeTest" name="@BeforeMethod navigateToDsAlgoApplication" time="-1.738809875315E9">
    <skipped/>
  </testcase> <!-- @BeforeMethod navigateToDsAlgoApplication -->
  <testcase classname="dsAlgoHooks.Hooks" name="@AfterMethod tearDownTest" time="-1.738809875318E9">
    <skipped/>
  </testcase> <!-- @AfterMethod tearDownTest -->
  <testcase classname="dsAlgoHooks.Hooks" name="@BeforeMethod setup" time="-1.738809875319E9">
    <skipped/>
  </testcase> <!-- @BeforeMethod setup -->
  <testcase classname="dsAlgoTests.HomeTest" name="@BeforeMethod navigateToDsAlgoApplication" time="-1.738809875319E9">
    <skipped/>
  </testcase> <!-- @BeforeMethod navigateToDsAlgoApplication -->
  <testcase classname="dsAlgoHooks.Hooks" name="@AfterMethod tearDownTest" time="-1.73880987532E9">
    <skipped/>
  </testcase> <!-- @AfterMethod tearDownTest -->
  <testcase classname="dsAlgoHooks.Hooks" name="@BeforeMethod setup" time="-1.73880987532E9">
    <skipped/>
  </testcase> <!-- @BeforeMethod setup -->
  <testcase classname="dsAlgoTests.HomeTest" name="@BeforeMethod navigateToDsAlgoApplication" time="-1.73880987532E9">
    <skipped/>
  </testcase> <!-- @BeforeMethod navigateToDsAlgoApplication -->
  <testcase classname="dsAlgoHooks.Hooks" name="@AfterMethod tearDownTest" time="-1.738809875323E9">
    <skipped/>
  </testcase> <!-- @AfterMethod tearDownTest -->
  <testcase classname="dsAlgoHooks.Hooks" name="@BeforeMethod setup" time="-1.738809875325E9">
    <skipped/>
  </testcase> <!-- @BeforeMethod setup -->
  <testcase classname="dsAlgoTests.HomeTest" name="@BeforeMethod navigateToDsAlgoApplication" time="-1.738809875326E9">
    <skipped/>
  </testcase> <!-- @BeforeMethod navigateToDsAlgoApplication -->
  <testcase classname="dsAlgoHooks.Hooks" name="@AfterMethod tearDownTest" time="-1.73880987533E9">
    <skipped/>
  </testcase> <!-- @AfterMethod tearDownTest -->
  <testcase classname="dsAlgoHooks.Hooks" name="@BeforeMethod setup" time="-1.738809875332E9">
    <skipped/>
  </testcase> <!-- @BeforeMethod setup -->
  <testcase classname="dsAlgoTests.HomeTest" name="@BeforeMethod navigateToDsAlgoApplication" time="-1.738809875333E9">
    <skipped/>
  </testcase> <!-- @BeforeMethod navigateToDsAlgoApplication -->
  <testcase classname="dsAlgoHooks.Hooks" name="@AfterMethod tearDownTest" time="-1.738809875338E9">
    <skipped/>
  </testcase> <!-- @AfterMethod tearDownTest -->
  <testcase classname="dsAlgoHooks.Hooks" name="@BeforeMethod setup" time="-1.738809875339E9">
    <skipped/>
  </testcase> <!-- @BeforeMethod setup -->
  <testcase classname="dsAlgoTests.HomeTest" name="@BeforeMethod navigateToDsAlgoApplication" time="-1.73880987534E9">
    <skipped/>
  </testcase> <!-- @BeforeMethod navigateToDsAlgoApplication -->
  <testcase classname="dsAlgoHooks.Hooks" name="@AfterMethod tearDownTest" time="-1.738809875344E9">
    <skipped/>
  </testcase> <!-- @AfterMethod tearDownTest -->
  <testcase classname="dsAlgoHooks.Hooks" name="@BeforeMethod setup" time="-1.738809875347E9">
    <skipped/>
  </testcase> <!-- @BeforeMethod setup -->
  <testcase classname="dsAlgoTests.HomeTest" name="@BeforeMethod navigateToDsAlgoApplication" time="-1.738809875348E9">
    <skipped/>
  </testcase> <!-- @BeforeMethod navigateToDsAlgoApplication -->
  <testcase classname="dsAlgoHooks.Hooks" name="@AfterMethod tearDownTest" time="-1.738809875354E9">
    <skipped/>
  </testcase> <!-- @AfterMethod tearDownTest -->
  <testcase classname="dsAlgoHooks.Hooks" name="@BeforeMethod setup" time="-1.738809875355E9">
    <skipped/>
  </testcase> <!-- @BeforeMethod setup -->
  <testcase classname="dsAlgoTests.HomeTest" name="@BeforeMethod navigateToDsAlgoApplication" time="-1.738809875356E9">
    <skipped/>
  </testcase> <!-- @BeforeMethod navigateToDsAlgoApplication -->
  <testcase classname="dsAlgoHooks.Hooks" name="@AfterMethod tearDownTest" time="-1.738809875358E9">
    <skipped/>
  </testcase> <!-- @AfterMethod tearDownTest -->
  <testcase classname="dsAlgoHooks.Hooks" name="@BeforeMethod setup" time="-1.738809875359E9">
    <skipped/>
  </testcase> <!-- @BeforeMethod setup -->
  <testcase classname="dsAlgoTests.HomeTest" name="@BeforeMethod navigateToDsAlgoApplication" time="-1.73880987536E9">
    <skipped/>
  </testcase> <!-- @BeforeMethod navigateToDsAlgoApplication -->
  <testcase classname="dsAlgoHooks.Hooks" name="@AfterMethod tearDownTest" time="-1.738809875364E9">
    <skipped/>
  </testcase> <!-- @AfterMethod tearDownTest -->
  <testcase classname="dsAlgoTests.HomeTest" name="GetstartedArrayerrorBeforeSignin" time="0.486"/>
  <testcase classname="dsAlgoTests.HomeTest" name="GetstartedGrapherrorBeforeSignin" time="0.435"/>
  <testcase classname="dsAlgoTests.HomeTest" name="GetstartedLinkedListerrorBeforeSignin" time="0.343"/>
  <testcase classname="dsAlgoTests.HomeTest" name="GetstartedQueueerrorBeforeSignin" time="0.367"/>
  <testcase classname="dsAlgoTests.HomeTest" name="GetstartedStackerrorBeforeSignin" time="0.398"/>
  <testcase classname="dsAlgoTests.HomeTest" name="GetstartedTreeerrorBeforeSignin" time="4.439">
    <failure type="org.openqa.selenium.remote.UnreachableBrowserException" message="Error communicating with the remote browser. It may have died.
Build info: version: &amp;apos;4.17.0&amp;apos;, revision: &amp;apos;e52b1be057*&amp;apos;
System info: os.name: &amp;apos;Windows 11&amp;apos;, os.arch: &amp;apos;amd64&amp;apos;, os.version: &amp;apos;10.0&amp;apos;, java.version: &amp;apos;21.0.3&amp;apos;
Driver info: org.openqa.selenium.chrome.ChromeDriver
Command: [01765cfccb49ab7792b413910281eaeb, findElement [using, value]]
Capabilities {acceptInsecureCerts: false, browserName: chrome, browserVersion: 133.0.6943.53, chrome: {chromedriverVersion: 133.0.6943.53 (9a80935019b0..., userDataDir: C:\Users\sahan\AppData\Loca...}, fedcm:accounts: true, goog:chromeOptions: {debuggerAddress: localhost:62919}, networkConnectionEnabled: false, pageLoadStrategy: normal, platformName: windows, proxy: Proxy(), se:cdp: ws://localhost:62919/devtoo..., se:cdpVersion: 133.0.6943.53, setWindowRect: true, strictFileInteractability: false, timeouts: {implicit: 0, pageLoad: 300000, script: 30000}, unhandledPromptBehavior: dismiss and notify, webauthn:extension:credBlob: true, webauthn:extension:largeBlob: true, webauthn:extension:minPinLength: true, webauthn:extension:prf: true, webauthn:virtualAuthenticators: true}
Session ID: 01765cfccb49ab7792b413910281eaeb">
      <![CDATA[org.openqa.selenium.remote.UnreachableBrowserException: Error communicating with the remote browser. It may have died.
Build info: version: '4.17.0', revision: 'e52b1be057*'
System info: os.name: 'Windows 11', os.arch: 'amd64', os.version: '10.0', java.version: '21.0.3'
Driver info: org.openqa.selenium.chrome.ChromeDriver
Command: [01765cfccb49ab7792b413910281eaeb, findElement [using, value]]
Capabilities {acceptInsecureCerts: false, browserName: chrome, browserVersion: 133.0.6943.53, chrome: {chromedriverVersion: 133.0.6943.53 (9a80935019b0..., userDataDir: C:\Users\sahan\AppData\Loca...}, fedcm:accounts: true, goog:chromeOptions: {debuggerAddress: localhost:62919}, networkConnectionEnabled: false, pageLoadStrategy: normal, platformName: windows, proxy: Proxy(), se:cdp: ws://localhost:62919/devtoo..., se:cdpVersion: 133.0.6943.53, setWindowRect: true, strictFileInteractability: false, timeouts: {implicit: 0, pageLoad: 300000, script: 30000}, unhandledPromptBehavior: dismiss and notify, webauthn:extension:credBlob: true, webauthn:extension:largeBlob: true, webauthn:extension:minPinLength: true, webauthn:extension:prf: true, webauthn:virtualAuthenticators: true}
Session ID: 01765cfccb49ab7792b413910281eaeb
at org.openqa.selenium.remote.RemoteWebDriver.execute(RemoteWebDriver.java:546)
at org.openqa.selenium.remote.ElementLocation$ElementFinder$2.findElement(ElementLocation.java:165)
at org.openqa.selenium.remote.ElementLocation.findElement(ElementLocation.java:59)
at org.openqa.selenium.remote.RemoteWebDriver.findElement(RemoteWebDriver.java:356)
at org.openqa.selenium.remote.RemoteWebDriver.findElement(RemoteWebDriver.java:350)
at org.openqa.selenium.support.ui.ExpectedConditions$7.apply(ExpectedConditions.java:194)
at org.openqa.selenium.support.ui.ExpectedConditions$7.apply(ExpectedConditions.java:190)
at org.openqa.selenium.support.ui.FluentWait.until(FluentWait.java:203)
at dsAlgoPages.HomePage.errorMessageGetStarted(HomePage.java:88)
at dsAlgoTests.HomeTest.GetstartedTreeerrorBeforeSignin(HomeTest.java:104)
at java.base/java.util.concurrent.ThreadPoolExecutor.runWorker(ThreadPoolExecutor.java:1144)
at java.base/java.util.concurrent.ThreadPoolExecutor$Worker.run(ThreadPoolExecutor.java:642)
at java.base/java.lang.Thread.run(Thread.java:1583)
Caused by: java.io.UncheckedIOException: java.io.IOException: HTTP/1.1 header parser received no bytes
at org.openqa.selenium.remote.http.jdk.JdkHttpClient.execute0(JdkHttpClient.java:442)
at org.openqa.selenium.remote.http.AddSeleniumUserAgent.lambda$apply$0(AddSeleniumUserAgent.java:42)
at org.openqa.selenium.remote.http.Filter.lambda$andFinally$1(Filter.java:55)
at org.openqa.selenium.remote.http.jdk.JdkHttpClient.execute(JdkHttpClient.java:358)
at org.openqa.selenium.remote.HttpCommandExecutor.execute(HttpCommandExecutor.java:187)
at org.openqa.selenium.remote.service.DriverCommandExecutor.invokeExecute(DriverCommandExecutor.java:216)
at org.openqa.selenium.remote.service.DriverCommandExecutor.execute(DriverCommandExecutor.java:174)
at org.openqa.selenium.remote.RemoteWebDriver.execute(RemoteWebDriver.java:519)
... 22 more
Caused by: java.io.IOException: HTTP/1.1 header parser received no bytes
at java.net.http/jdk.internal.net.http.common.Utils.wrapWithExtraDetail(Utils.java:388)
at java.net.http/jdk.internal.net.http.Http1Response$HeadersReader.onReadError(Http1Response.java:590)
at java.net.http/jdk.internal.net.http.Http1AsyncReceiver.checkForErrors(Http1AsyncReceiver.java:302)
at java.net.http/jdk.internal.net.http.Http1AsyncReceiver.flush(Http1AsyncReceiver.java:268)
at java.net.http/jdk.internal.net.http.common.SequentialScheduler$LockingRestartableTask.run(SequentialScheduler.java:182)
at java.net.http/jdk.internal.net.http.common.SequentialScheduler$CompleteRestartableTask.run(SequentialScheduler.java:149)
at java.net.http/jdk.internal.net.http.common.SequentialScheduler$SchedulableTask.run(SequentialScheduler.java:207)
... 3 more
Caused by: java.net.SocketException: Connection reset
at java.base/sun.nio.ch.SocketChannelImpl.throwConnectionReset(SocketChannelImpl.java:401)
at java.base/sun.nio.ch.SocketChannelImpl.read(SocketChannelImpl.java:434)
at java.net.http/jdk.internal.net.http.SocketTube.readAvailable(SocketTube.java:1178)
at java.net.http/jdk.internal.net.http.SocketTube$InternalReadPublisher$InternalReadSubscription.read(SocketTube.java:841)
at java.net.http/jdk.internal.net.http.SocketTube$SocketFlowTask.run(SocketTube.java:181)
at java.net.http/jdk.internal.net.http.common.SequentialScheduler$SchedulableTask.run(SequentialScheduler.java:207)
at java.net.http/jdk.internal.net.http.common.SequentialScheduler.runOrSchedule(SequentialScheduler.java:280)
at java.net.http/jdk.internal.net.http.common.SequentialScheduler.runOrSchedule(SequentialScheduler.java:233)
at java.net.http/jdk.internal.net.http.SocketTube$InternalReadPublisher$InternalReadSubscription.signalReadable(SocketTube.java:782)
at java.net.http/jdk.internal.net.http.SocketTube$InternalReadPublisher$ReadEvent.signalEvent(SocketTube.java:965)
at java.net.http/jdk.internal.net.http.SocketTube$SocketFlowEvent.handle(SocketTube.java:253)
at java.net.http/jdk.internal.net.http.HttpClientImpl$SelectorManager.handleEvent(HttpClientImpl.java:1467)
at java.net.http/jdk.internal.net.http.HttpClientImpl$SelectorManager.lambda$run$3(HttpClientImpl.java:1412)
at java.base/java.util.ArrayList.forEach(ArrayList.java:1596)
at java.net.http/jdk.internal.net.http.HttpClientImpl$SelectorManager.run(HttpClientImpl.java:1412)
... Removed 10 stack frames]]>
    </failure>
  </testcase> <!-- GetstartedTreeerrorBeforeSignin -->
  <testcase classname="dsAlgoTests.HomeTest" name="dropdownoptionArrayserrorBeforeSignin" time="0.0">
    <skipped/>
  </testcase> <!-- dropdownoptionArrayserrorBeforeSignin -->
  <testcase classname="dsAlgoTests.HomeTest" name="dropdownoptionGrapherrorBeforeSignin" time="0.0">
    <skipped/>
  </testcase> <!-- dropdownoptionGrapherrorBeforeSignin -->
  <testcase classname="dsAlgoTests.HomeTest" name="dropdownoptionLinkedListerrorBeforeSignin" time="0.0">
    <skipped/>
  </testcase> <!-- dropdownoptionLinkedListerrorBeforeSignin -->
  <testcase classname="dsAlgoTests.HomeTest" name="dropdownoptionQueueerrorBeforeSignin" time="0.0">
    <skipped/>
  </testcase> <!-- dropdownoptionQueueerrorBeforeSignin -->
  <testcase classname="dsAlgoTests.HomeTest" name="dropdownoptionStackerrorBeforeSignin" time="0.0">
    <skipped/>
  </testcase> <!-- dropdownoptionStackerrorBeforeSignin -->
  <testcase classname="dsAlgoTests.HomeTest" name="dropdownoptionTreeerrorBeforeSignin" time="0.0">
    <skipped/>
  </testcase> <!-- dropdownoptionTreeerrorBeforeSignin -->
  <testcase classname="dsAlgoTests.HomeTest" name="errorMessageWhenClickedOnDataStructureBeforeSignin" time="0.0">
    <skipped/>
  </testcase> <!-- errorMessageWhenClickedOnDataStructureBeforeSignin -->
  <testcase classname="dsAlgoTests.HomeTest" name="navigateToLogin" time="0.0">
    <skipped/>
  </testcase> <!-- navigateToLogin -->
  <testcase classname="dsAlgoTests.HomeTest" name="navigateToRegister" time="0.0">
    <skipped/>
  </testcase> <!-- navigateToRegister -->
</testsuite> <!-- Test -->
